This is pdfTeX, Version 3.14159265-2.6-1.40.20 (TeX Live 2019/Debian) (preloaded format=pdflatex 2020.9.20)  23 FEB 2021 21:27
entering extended mode
 restricted \write18 enabled.
 %&-line parsing enabled.
**"Analyse de la fr√©quence des rimes √† l‚Äôoeil et sonores de la langue fran√
ßaise.tex"

(./Analyse de la fr√©quence des rimes √† l‚Äôoeil et sonores de la langue fran√
ßaise.tex
LaTeX2e <2020-02-02> patch level 2
L3 programming layer <2020-02-14>
(/usr/share/texlive/texmf-dist/tex/latex/base/article.cls
Document Class: article 2019/12/20 v1.4l Standard LaTeX document class
(/usr/share/texlive/texmf-dist/tex/latex/base/size10.clo
File: size10.clo 2019/12/20 v1.4l Standard LaTeX file (size option)
)
\c@part=\count167
\c@section=\count168
\c@subsection=\count169
\c@subsubsection=\count170
\c@paragraph=\count171
\c@subparagraph=\count172
\c@figure=\count173
\c@table=\count174
\abovecaptionskip=\skip47
\belowcaptionskip=\skip48
\bibindent=\dimen134
)
(/usr/share/texlive/texmf-dist/tex/latex/base/inputenc.sty
Package: inputenc 2018/08/11 v1.3c Input encoding file
\inpenc@prehook=\toks14
\inpenc@posthook=\toks15
)
(/usr/share/texmf/tex/latex/tipa/tipa.sty
Package: tipa 2002/08/08 TIPA version 1.1

(/usr/share/texlive/texmf-dist/tex/latex/base/fontenc.sty
Package: fontenc 2020/02/11 v2.0o Standard LaTeX package

(/usr/share/texmf/tex/latex/tipa/t3enc.def
File: t3enc.def 2001/12/31 T3 encoding
Now handling font encoding T3 ...
... no UTF-8 mapping file for font encoding T3
)))
(/usr/share/texlive/texmf-dist/tex/latex/base/fontenc.sty
Package: fontenc 2020/02/11 v2.0o Standard LaTeX package
)
(/usr/share/texmf/tex/latex/lm/lmodern.sty
Package: lmodern 2009/10/30 v1.6 Latin Modern Fonts
LaTeX Font Info:    Overwriting symbol font `operators' in version `normal'
(Font)                  OT1/cmr/m/n --> OT1/lmr/m/n on input line 22.
LaTeX Font Info:    Overwriting symbol font `letters' in version `normal'
(Font)                  OML/cmm/m/it --> OML/lmm/m/it on input line 23.
LaTeX Font Info:    Overwriting symbol font `symbols' in version `normal'
(Font)                  OMS/cmsy/m/n --> OMS/lmsy/m/n on input line 24.
LaTeX Font Info:    Overwriting symbol font `largesymbols' in version `normal'
(Font)                  OMX/cmex/m/n --> OMX/lmex/m/n on input line 25.
LaTeX Font Info:    Overwriting symbol font `operators' in version `bold'
(Font)                  OT1/cmr/bx/n --> OT1/lmr/bx/n on input line 26.
LaTeX Font Info:    Overwriting symbol font `letters' in version `bold'
(Font)                  OML/cmm/b/it --> OML/lmm/b/it on input line 27.
LaTeX Font Info:    Overwriting symbol font `symbols' in version `bold'
(Font)                  OMS/cmsy/b/n --> OMS/lmsy/b/n on input line 28.
LaTeX Font Info:    Overwriting symbol font `largesymbols' in version `bold'
(Font)                  OMX/cmex/m/n --> OMX/lmex/m/n on input line 29.
LaTeX Font Info:    Overwriting math alphabet `\mathbf' in version `normal'
(Font)                  OT1/cmr/bx/n --> OT1/lmr/bx/n on input line 31.
LaTeX Font Info:    Overwriting math alphabet `\mathsf' in version `normal'
(Font)                  OT1/cmss/m/n --> OT1/lmss/m/n on input line 32.
LaTeX Font Info:    Overwriting math alphabet `\mathit' in version `normal'
(Font)                  OT1/cmr/m/it --> OT1/lmr/m/it on input line 33.
LaTeX Font Info:    Overwriting math alphabet `\mathtt' in version `normal'
(Font)                  OT1/cmtt/m/n --> OT1/lmtt/m/n on input line 34.
LaTeX Font Info:    Overwriting math alphabet `\mathbf' in version `bold'
(Font)                  OT1/cmr/bx/n --> OT1/lmr/bx/n on input line 35.
LaTeX Font Info:    Overwriting math alphabet `\mathsf' in version `bold'
(Font)                  OT1/cmss/bx/n --> OT1/lmss/bx/n on input line 36.
LaTeX Font Info:    Overwriting math alphabet `\mathit' in version `bold'
(Font)                  OT1/cmr/bx/it --> OT1/lmr/bx/it on input line 37.
LaTeX Font Info:    Overwriting math alphabet `\mathtt' in version `bold'
(Font)                  OT1/cmtt/m/n --> OT1/lmtt/m/n on input line 38.
)
(/usr/share/texlive/texmf-dist/tex/generic/babel/babel.sty
Package: babel 2020/02/14 3.40 The Babel package

(/usr/share/texlive/texmf-dist/tex/generic/babel/switch.def
File: switch.def 2020/02/14 3.40 Babel switching mechanism
)
(/usr/share/texlive/texmf-dist/tex/generic/babel-french/french.ldf
Language: french 2020/01/30 v3.5g French support from the babel system

(/usr/share/texlive/texmf-dist/tex/generic/babel/babel.def
File: babel.def 2020/02/14 3.40 Babel common definitions
\babel@savecnt=\count175
\U@D=\dimen135

(/usr/share/texlive/texmf-dist/tex/generic/babel/txtbabel.def)
\bbl@readstream=\read2
\bbl@dirlevel=\count176
)
Package babel Info: \l@acadian = using hyphenrules for french
(babel)             (\language3) on input line 91.
Package babel Info: \l@canadien = using hyphenrules for french
(babel)             (\language3) on input line 92.
\FB@nonchar=\count177
Package babel Info: Making : an active character on input line 419.
Package babel Info: Making ; an active character on input line 420.
Package babel Info: Making ! an active character on input line 421.
Package babel Info: Making ? an active character on input line 422.
\FBguill@level=\count178
\FBold@everypar=\toks16
\FB@Mht=\dimen136
\mc@charclass=\count179
\mc@charfam=\count180
\mc@charslot=\count181
\std@mcc=\count182
\dec@mcc=\count183
\c@FBcaption@count=\count184
\listindentFB=\dimen137
\descindentFB=\dimen138
\labelindentFB=\dimen139
\labelwidthFB=\dimen140
\leftmarginFB=\dimen141
\parindentFFN=\dimen142
\FBfnindent=\dimen143
))
(/usr/share/texlive/texmf-dist/tex/latex/carlisle/scalefnt.sty)
(/usr/share/texlive/texmf-dist/tex/latex/graphics/keyval.sty
Package: keyval 2014/10/28 v1.15 key=value parser (DPC)
\KV@toks@=\toks17
)
(/usr/share/texlive/texmf-dist/tex/latex/geometry/geometry.sty
Package: geometry 2020/01/02 v5.9 Page Geometry

(/usr/share/texlive/texmf-dist/tex/generic/iftex/ifvtex.sty
Package: ifvtex 2019/10/25 v1.7 ifvtex legacy package. Use iftex instead.

(/usr/share/texlive/texmf-dist/tex/generic/iftex/iftex.sty
Package: iftex 2019/11/07 v1.0c TeX engine tests
))
\Gm@cnth=\count185
\Gm@cntv=\count186
\c@Gm@tempcnt=\count187
\Gm@bindingoffset=\dimen144
\Gm@wd@mp=\dimen145
\Gm@odd@mp=\dimen146
\Gm@even@mp=\dimen147
\Gm@layoutwidth=\dimen148
\Gm@layoutheight=\dimen149
\Gm@layouthoffset=\dimen150
\Gm@layoutvoffset=\dimen151
\Gm@dimlist=\toks18
)
(/usr/share/texlive/texmf-dist/tex/latex/graphics/graphicx.sty
Package: graphicx 2019/11/30 v1.2a Enhanced LaTeX Graphics (DPC,SPQR)

(/usr/share/texlive/texmf-dist/tex/latex/graphics/graphics.sty
Package: graphics 2019/11/30 v1.4a Standard LaTeX Graphics (DPC,SPQR)

(/usr/share/texlive/texmf-dist/tex/latex/graphics/trig.sty
Package: trig 2016/01/03 v1.10 sin cos tan (DPC)
)
(/usr/share/texlive/texmf-dist/tex/latex/graphics-cfg/graphics.cfg
File: graphics.cfg 2016/06/04 v1.11 sample graphics configuration
)
Package graphics Info: Driver file: pdftex.def on input line 105.

(/usr/share/texlive/texmf-dist/tex/latex/graphics-def/pdftex.def
File: pdftex.def 2018/01/08 v1.0l Graphics/color driver for pdftex
))
\Gin@req@height=\dimen152
\Gin@req@width=\dimen153
)
(/usr/share/texlive/texmf-dist/tex/latex/float/float.sty
Package: float 2001/11/08 v1.3d Float enhancements (AL)
\c@float@type=\count188
\float@exts=\toks19
\float@box=\box45
\@float@everytoks=\toks20
\@floatcapt=\box46
)
(/usr/share/texlive/texmf-dist/tex/latex/xcolor/xcolor.sty
Package: xcolor 2016/05/11 v2.12 LaTeX color extensions (UK)

(/usr/share/texlive/texmf-dist/tex/latex/graphics-cfg/color.cfg
File: color.cfg 2016/01/02 v1.6 sample color configuration
)
Package xcolor Info: Driver file: pdftex.def on input line 225.
Package xcolor Info: Model `cmy' substituted by `cmy0' on input line 1348.
Package xcolor Info: Model `hsb' substituted by `rgb' on input line 1352.
Package xcolor Info: Model `RGB' extended on input line 1364.
Package xcolor Info: Model `HTML' substituted by `rgb' on input line 1366.
Package xcolor Info: Model `Hsb' substituted by `hsb' on input line 1367.
Package xcolor Info: Model `tHsb' substituted by `hsb' on input line 1368.
Package xcolor Info: Model `HSB' substituted by `hsb' on input line 1369.
Package xcolor Info: Model `Gray' substituted by `gray' on input line 1370.
Package xcolor Info: Model `wave' substituted by `hsb' on input line 1371.
)
(/usr/share/texlive/texmf-dist/tex/latex/hyperref/hyperref.sty
Package: hyperref 2020/01/14 v7.00d Hypertext links for LaTeX

(/usr/share/texlive/texmf-dist/tex/generic/ltxcmds/ltxcmds.sty
Package: ltxcmds 2019/12/15 v1.24 LaTeX kernel commands for general use (HO)
)
(/usr/share/texlive/texmf-dist/tex/latex/pdftexcmds/pdftexcmds.sty
Package: pdftexcmds 2019/11/24 v0.31 Utility functions of pdfTeX for LuaTeX (HO
)

(/usr/share/texlive/texmf-dist/tex/generic/infwarerr/infwarerr.sty
Package: infwarerr 2019/12/03 v1.5 Providing info/warning/error messages (HO)
)
Package pdftexcmds Info: \pdf@primitive is available.
Package pdftexcmds Info: \pdf@ifprimitive is available.
Package pdftexcmds Info: \pdfdraftmode found.
)
(/usr/share/texlive/texmf-dist/tex/generic/kvsetkeys/kvsetkeys.sty
Package: kvsetkeys 2019/12/15 v1.18 Key value parser (HO)
)
(/usr/share/texlive/texmf-dist/tex/generic/kvdefinekeys/kvdefinekeys.sty
Package: kvdefinekeys 2019-12-19 v1.6 Define keys (HO)
)
(/usr/share/texlive/texmf-dist/tex/generic/pdfescape/pdfescape.sty
Package: pdfescape 2019/12/09 v1.15 Implements pdfTeX's escape features (HO)
)
(/usr/share/texlive/texmf-dist/tex/latex/hycolor/hycolor.sty
Package: hycolor 2020-01-27 v1.10 Color options for hyperref/bookmark (HO)
)
(/usr/share/texlive/texmf-dist/tex/latex/letltxmacro/letltxmacro.sty
Package: letltxmacro 2019/12/03 v1.6 Let assignment for LaTeX macros (HO)
)
(/usr/share/texlive/texmf-dist/tex/latex/auxhook/auxhook.sty
Package: auxhook 2019-12-17 v1.6 Hooks for auxiliary files (HO)
)
(/usr/share/texlive/texmf-dist/tex/latex/kvoptions/kvoptions.sty
Package: kvoptions 2019/11/29 v3.13 Key value format for package options (HO)
)
\@linkdim=\dimen154
\Hy@linkcounter=\count189
\Hy@pagecounter=\count190

(/usr/share/texlive/texmf-dist/tex/latex/hyperref/pd1enc.def
File: pd1enc.def 2020/01/14 v7.00d Hyperref: PDFDocEncoding definition (HO)
Now handling font encoding PD1 ...
... no UTF-8 mapping file for font encoding PD1
)
(/usr/share/texlive/texmf-dist/tex/generic/intcalc/intcalc.sty
Package: intcalc 2019/12/15 v1.3 Expandable calculations with integers (HO)
)
(/usr/share/texlive/texmf-dist/tex/generic/etexcmds/etexcmds.sty
Package: etexcmds 2019/12/15 v1.7 Avoid name clashes with e-TeX commands (HO)
)
\Hy@SavedSpaceFactor=\count191
\pdfmajorversion=\count192
Package hyperref Info: Hyper figures OFF on input line 4547.
Package hyperref Info: Link nesting OFF on input line 4552.
Package hyperref Info: Hyper index ON on input line 4555.
Package hyperref Info: Plain pages OFF on input line 4562.
Package hyperref Info: Backreferencing OFF on input line 4567.
Package hyperref Info: Implicit mode ON; LaTeX internals redefined.
Package hyperref Info: Bookmarks ON on input line 4800.
\c@Hy@tempcnt=\count193

(/usr/share/texlive/texmf-dist/tex/latex/url/url.sty
\Urlmuskip=\muskip16
Package: url 2013/09/16  ver 3.4  Verb mode for urls, etc.
)
LaTeX Info: Redefining \url on input line 5159.
\XeTeXLinkMargin=\dimen155

(/usr/share/texlive/texmf-dist/tex/generic/bitset/bitset.sty
Package: bitset 2019/12/09 v1.3 Handle bit-vector datatype (HO)

(/usr/share/texlive/texmf-dist/tex/generic/bigintcalc/bigintcalc.sty
Package: bigintcalc 2019/12/15 v1.5 Expandable calculations on big integers (HO
)
))
\Fld@menulength=\count194
\Field@Width=\dimen156
\Fld@charsize=\dimen157
Package hyperref Info: Hyper figures OFF on input line 6430.
Package hyperref Info: Link nesting OFF on input line 6435.
Package hyperref Info: Hyper index ON on input line 6438.
Package hyperref Info: backreferencing OFF on input line 6445.
Package hyperref Info: Link coloring OFF on input line 6450.
Package hyperref Info: Link coloring with OCG OFF on input line 6455.
Package hyperref Info: PDF/A mode OFF on input line 6460.
LaTeX Info: Redefining \ref on input line 6500.
LaTeX Info: Redefining \pageref on input line 6504.

(/usr/share/texlive/texmf-dist/tex/generic/atbegshi/atbegshi.sty
Package: atbegshi 2019/12/05 v1.19 At begin shipout hook (HO)
)
\Hy@abspage=\count195
\c@Item=\count196
\c@Hfootnote=\count197
)
Package hyperref Info: Driver (autodetected): hpdftex.

(/usr/share/texlive/texmf-dist/tex/latex/hyperref/hpdftex.def
File: hpdftex.def 2020/01/14 v7.00d Hyperref driver for pdfTeX

(/usr/share/texlive/texmf-dist/tex/latex/atveryend/atveryend.sty
Package: atveryend 2019-12-11 v1.11 Hooks at the very end of document (HO)
Package atveryend Info: \enddocument detected (standard20110627).
)
\Fld@listcount=\count198
\c@bookmark@seq@number=\count199

(/usr/share/texlive/texmf-dist/tex/latex/rerunfilecheck/rerunfilecheck.sty
Package: rerunfilecheck 2019/12/05 v1.9 Rerun checks for auxiliary files (HO)

(/usr/share/texlive/texmf-dist/tex/generic/uniquecounter/uniquecounter.sty
Package: uniquecounter 2019/12/15 v1.4 Provide unlimited unique counter (HO)
)
Package uniquecounter Info: New unique counter `rerunfilecheck' on input line 2
86.
)
\Hy@SectionHShift=\skip49
)
Package hyperref Info: Option `colorlinks' set `true' on input line 17.

(/usr/share/texlive/texmf-dist/tex/latex/appendix/appendix.sty
Package: appendix 2020/02/08 v1.2c extra appendix facilities
\c@@pps=\count266
\c@@ppsavesec=\count267
\c@@ppsaveapp=\count268
)
(/usr/share/texlive/texmf-dist/tex/latex/l3backend/l3backend-pdfmode.def
File: l3backend-pdfmode.def 2020-02-03 L3 backend support: PDF mode
\l__kernel_color_stack_int=\count269
\l__pdf_internal_box=\box47
)
(./Analyse de la fr√©quence des rimes √† l‚Äôoeil et sonores de la langue fran√
ßaise.aux)
\openout1 = `"Analyse de la fr√©quence des rimes √† l‚Äôoeil et sonores de la l
angue fran√ßaise.aux"'.

LaTeX Font Info:    Checking defaults for OML/cmm/m/it on input line 26.
LaTeX Font Info:    ... okay on input line 26.
LaTeX Font Info:    Checking defaults for OMS/cmsy/m/n on input line 26.
LaTeX Font Info:    ... okay on input line 26.
LaTeX Font Info:    Checking defaults for OT1/cmr/m/n on input line 26.
LaTeX Font Info:    ... okay on input line 26.
LaTeX Font Info:    Checking defaults for T1/cmr/m/n on input line 26.
LaTeX Font Info:    ... okay on input line 26.
LaTeX Font Info:    Checking defaults for TS1/cmr/m/n on input line 26.
LaTeX Font Info:    ... okay on input line 26.
LaTeX Font Info:    Checking defaults for OMX/cmex/m/n on input line 26.
LaTeX Font Info:    ... okay on input line 26.
LaTeX Font Info:    Checking defaults for U/cmr/m/n on input line 26.
LaTeX Font Info:    ... okay on input line 26.
LaTeX Font Info:    Checking defaults for T3/cmr/m/n on input line 26.
LaTeX Font Info:    Trying to load font information for T3+cmr on input line 26
.
 (/usr/share/texmf/tex/latex/tipa/t3cmr.fd
File: t3cmr.fd 2001/12/31 TIPA font definitions
)
LaTeX Font Info:    ... okay on input line 26.
LaTeX Font Info:    Checking defaults for PD1/pdf/m/n on input line 26.
LaTeX Font Info:    ... okay on input line 26.
LaTeX Font Info:    Trying to load font information for T1+lmr on input line 26
.

(/usr/share/texmf/tex/latex/lm/t1lmr.fd
File: t1lmr.fd 2009/10/30 v1.6 Font defs for Latin Modern
)
LaTeX Info: Redefining \degres on input line 26.
LaTeX Info: Redefining \dots on input line 26.
LaTeX Info: Redefining \up on input line 26.

*geometry* driver: auto-detecting
*geometry* detected driver: pdftex
*geometry* verbose mode - [ preamble ] result:
* driver: pdftex
* paper: <default>
* layout: <same size as paper>
* layoutoffset:(h,v)=(0.0pt,0.0pt)
* modes: 
* h-part:(L,W,R)=(85.35826pt, 443.57848pt, 85.35826pt)
* v-part:(T,H,B)=(42.67912pt, 709.61174pt, 42.67912pt)
* \paperwidth=614.295pt
* \paperheight=794.96999pt
* \textwidth=443.57848pt
* \textheight=709.61174pt
* \oddsidemargin=13.08827pt
* \evensidemargin=13.08827pt
* \topmargin=-66.59087pt
* \headheight=12.0pt
* \headsep=25.0pt
* \topskip=10.0pt
* \footskip=30.0pt
* \marginparwidth=65.0pt
* \marginparsep=11.0pt
* \columnsep=10.0pt
* \skip\footins=9.0pt plus 4.0pt minus 2.0pt
* \hoffset=0.0pt
* \voffset=0.0pt
* \mag=1000
* \@twocolumnfalse
* \@twosidefalse
* \@mparswitchfalse
* \@reversemarginfalse
* (1in=72.27pt=25.4mm, 1cm=28.453pt)

(/usr/share/texlive/texmf-dist/tex/context/base/mkii/supp-pdf.mkii
[Loading MPS to PDF converter (version 2006.09.02).]
\scratchcounter=\count270
\scratchdimen=\dimen158
\scratchbox=\box48
\nofMPsegments=\count271
\nofMParguments=\count272
\everyMPshowfont=\toks21
\MPscratchCnt=\count273
\MPscratchDim=\dimen159
\MPnumerator=\count274
\makeMPintoPDFobject=\count275
\everyMPtoPDFconversion=\toks22
) (/usr/share/texlive/texmf-dist/tex/latex/epstopdf-pkg/epstopdf-base.sty
Package: epstopdf-base 2020-01-24 v2.11 Base part for package epstopdf
Package epstopdf-base Info: Redefining graphics rule for `.eps' on input line 4
85.

(/usr/share/texlive/texmf-dist/tex/latex/latexconfig/epstopdf-sys.cfg
File: epstopdf-sys.cfg 2010/07/13 v1.3 Configuration of (r)epstopdf for TeX Liv
e
))
\AtBeginShipoutBox=\box49
Package hyperref Info: Link coloring ON on input line 26.

(/usr/share/texlive/texmf-dist/tex/latex/hyperref/nameref.sty
Package: nameref 2019/09/16 v2.46 Cross-referencing by name of section

(/usr/share/texlive/texmf-dist/tex/latex/refcount/refcount.sty
Package: refcount 2019/12/15 v3.6 Data extraction from label references (HO)
)
(/usr/share/texlive/texmf-dist/tex/generic/gettitlestring/gettitlestring.sty
Package: gettitlestring 2019/12/15 v1.6 Cleanup title references (HO)
)
\c@section@level=\count276
)
LaTeX Info: Redefining \ref on input line 26.
LaTeX Info: Redefining \pageref on input line 26.
LaTeX Info: Redefining \nameref on input line 26.

(./Analyse de la fr√©quence des rimes √† l‚Äôoeil et sonores de la langue fran√
ßaise.out)
(./Analyse de la fr√©quence des rimes √† l‚Äôoeil et sonores de la langue fran√
ßaise.out)
\@outlinefile=\write3
\openout3 = `"Analyse de la fr√©quence des rimes √† l‚Äôoeil et sonores de la l
angue fran√ßaise.out"'.

LaTeX Font Info:    Trying to load font information for OT1+lmr on input line 2
8.
 (/usr/share/texmf/tex/latex/lm/ot1lmr.fd
File: ot1lmr.fd 2009/10/30 v1.6 Font defs for Latin Modern
)
LaTeX Font Info:    Trying to load font information for OML+lmm on input line 2
8.

(/usr/share/texmf/tex/latex/lm/omllmm.fd
File: omllmm.fd 2009/10/30 v1.6 Font defs for Latin Modern
)
LaTeX Font Info:    Trying to load font information for OMS+lmsy on input line 
28.

(/usr/share/texmf/tex/latex/lm/omslmsy.fd
File: omslmsy.fd 2009/10/30 v1.6 Font defs for Latin Modern
)
LaTeX Font Info:    Trying to load font information for OMX+lmex on input line 
28.

(/usr/share/texmf/tex/latex/lm/omxlmex.fd
File: omxlmex.fd 2009/10/30 v1.6 Font defs for Latin Modern
)
LaTeX Font Info:    External font `lmex10' loaded for size
(Font)              <12> on input line 28.
LaTeX Font Info:    External font `lmex10' loaded for size
(Font)              <8> on input line 28.
LaTeX Font Info:    External font `lmex10' loaded for size
(Font)              <6> on input line 28.

(./Analyse de la fr√©quence des rimes √† l‚Äôoeil et sonores de la langue fran√
ßaise.toc
LaTeX Font Info:    External font `lmex10' loaded for size
(Font)              <10> on input line 7.
LaTeX Font Info:    External font `lmex10' loaded for size
(Font)              <7> on input line 7.
LaTeX Font Info:    External font `lmex10' loaded for size
(Font)              <5> on input line 7.
 [1

{/var/lib/texmf/fonts/map/pdftex/updmap/pdftex.map}])
\tf@toc=\write4
\openout4 = `"Analyse de la fr√©quence des rimes √† l‚Äôoeil et sonores de la l
angue fran√ßaise.toc"'.

 [2]
Underfull \hbox (badness 10000) in paragraph at lines 35--39

 []


Underfull \hbox (badness 10000) in paragraph at lines 35--39

 []


Underfull \hbox (badness 10000) in paragraph at lines 35--39

 []


Underfull \hbox (badness 10000) in paragraph at lines 40--42

 []


Underfull \hbox (badness 10000) in paragraph at lines 40--42

 []


Underfull \hbox (badness 10000) in paragraph at lines 43--44

 []


Underfull \hbox (badness 10000) in paragraph at lines 45--51

 []


Underfull \hbox (badness 10000) in paragraph at lines 45--51

 []

[3]
Underfull \hbox (badness 10000) in paragraph at lines 53--60

 []


Underfull \hbox (badness 10000) in paragraph at lines 53--60

 []


Underfull \hbox (badness 10000) in paragraph at lines 53--60

 []


Underfull \hbox (badness 10000) in paragraph at lines 53--60

 []


Underfull \hbox (badness 10000) in paragraph at lines 64--68

 []


Overfull \hbox (21.0599pt too wide) in paragraph at lines 74--76
[][][][][][] 
 []


Underfull \hbox (badness 10000) in paragraph at lines 74--76

 []

[4]
Underfull \hbox (badness 10000) in paragraph at lines 84--89

 []

LaTeX Font Info:    Trying to load font information for T1+lmtt on input line 9
5.
(/usr/share/texmf/tex/latex/lm/t1lmtt.fd
File: t1lmtt.fd 2009/10/30 v1.6 Font defs for Latin Modern
)
Underfull \hbox (badness 10000) in paragraph at lines 91--115

 []


Underfull \hbox (badness 10000) in paragraph at lines 91--115

 []


Underfull \hbox (badness 10000) in paragraph at lines 91--115

 []


Underfull \hbox (badness 10000) in paragraph at lines 91--115

 []


Underfull \hbox (badness 10000) in paragraph at lines 91--115

 []


Underfull \hbox (badness 10000) in paragraph at lines 91--115

 []

[5]
Underfull \hbox (badness 10000) in paragraph at lines 117--144

 []


Underfull \hbox (badness 10000) in paragraph at lines 117--144

 []


Underfull \hbox (badness 10000) in paragraph at lines 117--144

 []


Underfull \hbox (badness 10000) in paragraph at lines 117--144

 []


Underfull \hbox (badness 10000) in paragraph at lines 117--144

 []


Underfull \hbox (badness 10000) in paragraph at lines 117--144

 []


Underfull \hbox (badness 10000) in paragraph at lines 117--144

 []


Underfull \hbox (badness 10000) in paragraph at lines 117--144

 []


Underfull \hbox (badness 10000) in paragraph at lines 117--144

 []


Underfull \hbox (badness 10000) in paragraph at lines 117--144

 []


Underfull \hbox (badness 10000) in paragraph at lines 117--144

 []


Underfull \hbox (badness 10000) in paragraph at lines 117--144

 []


Underfull \hbox (badness 10000) in paragraph at lines 117--144

 []


Underfull \hbox (badness 10000) in paragraph at lines 145--146

 []

[6]
Underfull \hbox (badness 10000) in paragraph at lines 148--161

 []


Underfull \hbox (badness 10000) in paragraph at lines 148--161

 []


Underfull \hbox (badness 10000) in paragraph at lines 148--161

 []


Underfull \hbox (badness 10000) in paragraph at lines 148--161

 []


Underfull \hbox (badness 10000) in paragraph at lines 148--161

 []


Underfull \hbox (badness 10000) in paragraph at lines 148--161

 []


Underfull \hbox (badness 10000) in paragraph at lines 148--161

 []

[7]
</home/olivier/Encfs/Priv√©/ENCRYPTED/Langages/developpement/poetry_analyze/fre
nch/gnuplot/1.png, id=211, 6022.5pt x 3011.25pt>
File: /home/olivier/Encfs/Priv√©/ENCRYPTED/Langages/developpement/poetry_analyz
e/french/gnuplot/1.png Graphic file (type png)
<use /home/olivier/Encfs/Priv√©/ENCRYPTED/Langages/developpement/poetry_analyze
/french/gnuplot/1.png>
Package pdftex.def Info: /home/olivier/Encfs/Priv√©/ENCRYPTED/Langages/developp
ement/poetry_analyze/french/gnuplot/1.png  used on input line 165.
(pdftex.def)             Requested size: 443.57848pt x 221.74464pt.

Overfull \hbox (15.0pt too wide) in paragraph at lines 165--167
[][] 
 []


Underfull \hbox (badness 10000) in paragraph at lines 165--167

 []

LaTeX Font Info:    Font shape `T1/lmtt/bx/n' in size <10> not available
(Font)              Font shape `T1/lmtt/b/n' tried instead on input line 168.

Underfull \hbox (badness 10000) in paragraph at lines 168--170

 []


Underfull \hbox (badness 10000) in paragraph at lines 168--170

 []


Underfull \hbox (badness 10000) in paragraph at lines 171--173

 []


Underfull \hbox (badness 10000) in paragraph at lines 171--173

 []


Underfull \hbox (badness 10000) in paragraph at lines 174--176

 []

[8 </home/olivier/Encfs/Priv√©/ENCRYPTED/Langages/developpement/poetry_analyze/
french/gnuplot/1.png>]
</home/olivier/Encfs/Priv√©/ENCRYPTED/Langages/developpement/poetry_analyze/fre
nch/gnuplot/4.png, id=221, 6022.5pt x 3011.25pt>
File: /home/olivier/Encfs/Priv√©/ENCRYPTED/Langages/developpement/poetry_analyz
e/french/gnuplot/4.png Graphic file (type png)
<use /home/olivier/Encfs/Priv√©/ENCRYPTED/Langages/developpement/poetry_analyze
/french/gnuplot/4.png>
Package pdftex.def Info: /home/olivier/Encfs/Priv√©/ENCRYPTED/Langages/developp
ement/poetry_analyze/french/gnuplot/4.png  used on input line 177.
(pdftex.def)             Requested size: 443.57848pt x 221.74464pt.

Overfull \hbox (15.0pt too wide) in paragraph at lines 177--179
[][] 
 []


Underfull \hbox (badness 10000) in paragraph at lines 177--179

 []


Underfull \hbox (badness 10000) in paragraph at lines 180--182

 []


Underfull \hbox (badness 10000) in paragraph at lines 183--184

 []


Underfull \hbox (badness 10000) in paragraph at lines 185--186

 []

[9 </home/olivier/Encfs/Priv√©/ENCRYPTED/Langages/developpement/poetry_analyze/
french/gnuplot/4.png>]
</home/olivier/Encfs/Priv√©/ENCRYPTED/Langages/developpement/poetry_analyze/fre
nch/gnuplot/5.png, id=231, 6022.5pt x 3011.25pt>
File: /home/olivier/Encfs/Priv√©/ENCRYPTED/Langages/developpement/poetry_analyz
e/french/gnuplot/5.png Graphic file (type png)
<use /home/olivier/Encfs/Priv√©/ENCRYPTED/Langages/developpement/poetry_analyze
/french/gnuplot/5.png>
Package pdftex.def Info: /home/olivier/Encfs/Priv√©/ENCRYPTED/Langages/developp
ement/poetry_analyze/french/gnuplot/5.png  used on input line 187.
(pdftex.def)             Requested size: 443.57848pt x 221.74464pt.

Overfull \hbox (15.0pt too wide) in paragraph at lines 187--189
[][] 
 []


Underfull \hbox (badness 10000) in paragraph at lines 187--189

 []


Underfull \hbox (badness 10000) in paragraph at lines 190--191

 []


Underfull \hbox (badness 10000) in paragraph at lines 192--193

 []


Overfull \hbox (84.6701pt too wide) in paragraph at lines 194--195
[] [][][][][][]\T1/lmtt/m/n/10 ;dÈ[][][][][][];in[][][][][][];photo[][][][][][]
;hyper[][][][][][] 
 []


Underfull \hbox (badness 10000) in paragraph at lines 194--195

 []

[10 </home/olivier/Encfs/Priv√©/ENCRYPTED/Langages/developpement/poetry_analyze
/french/gnuplot/5.png>]
</home/olivier/Encfs/Priv√©/ENCRYPTED/Langages/developpement/poetry_analyze/fre
nch/gnuplot/2.png, id=240, 6022.5pt x 3011.25pt>
File: /home/olivier/Encfs/Priv√©/ENCRYPTED/Langages/developpement/poetry_analyz
e/french/gnuplot/2.png Graphic file (type png)
<use /home/olivier/Encfs/Priv√©/ENCRYPTED/Langages/developpement/poetry_analyze
/french/gnuplot/2.png>
Package pdftex.def Info: /home/olivier/Encfs/Priv√©/ENCRYPTED/Langages/developp
ement/poetry_analyze/french/gnuplot/2.png  used on input line 198.
(pdftex.def)             Requested size: 443.57848pt x 221.74464pt.

Overfull \hbox (15.0pt too wide) in paragraph at lines 198--200
[][] 
 []


Underfull \hbox (badness 10000) in paragraph at lines 198--200

 []


Underfull \hbox (badness 10000) in paragraph at lines 201--202

 []


Underfull \hbox (badness 10000) in paragraph at lines 203--204

 []


Underfull \hbox (badness 10000) in paragraph at lines 205--206

 []

[11 </home/olivier/Encfs/Priv√©/ENCRYPTED/Langages/developpement/poetry_analyze
/french/gnuplot/2.png>]
</home/olivier/Encfs/Priv√©/ENCRYPTED/Langages/developpement/poetry_analyze/fre
nch/gnuplot/3.png, id=249, 6022.5pt x 3011.25pt>
File: /home/olivier/Encfs/Priv√©/ENCRYPTED/Langages/developpement/poetry_analyz
e/french/gnuplot/3.png Graphic file (type png)
<use /home/olivier/Encfs/Priv√©/ENCRYPTED/Langages/developpement/poetry_analyze
/french/gnuplot/3.png>
Package pdftex.def Info: /home/olivier/Encfs/Priv√©/ENCRYPTED/Langages/developp
ement/poetry_analyze/french/gnuplot/3.png  used on input line 207.
(pdftex.def)             Requested size: 443.57848pt x 221.74464pt.

Overfull \hbox (15.0pt too wide) in paragraph at lines 207--209
[][] 
 []


Underfull \hbox (badness 10000) in paragraph at lines 207--209

 []


Overfull \hbox (2.17038pt too wide) in paragraph at lines 210--212
[] [][][][][][]\T1/lmtt/m/n/10 ;[][][][][][]ation;[][][][][][]htone;[][][][][][
]ution;[][][][][][]ataire;[][][][][][]atrice;[][][][][][]utaire; 
 []


Underfull \hbox (badness 10000) in paragraph at lines 210--212

 []


Underfull \hbox (badness 10000) in paragraph at lines 213--214

 []

[12 </home/olivier/Encfs/Priv√©/ENCRYPTED/Langages/developpement/poetry_analyze
/french/gnuplot/3.png>]
</home/olivier/Encfs/Priv√©/ENCRYPTED/Langages/developpement/poetry_analyze/fre
nch/gnuplot/6.png, id=257, 6022.5pt x 3011.25pt>
File: /home/olivier/Encfs/Priv√©/ENCRYPTED/Langages/developpement/poetry_analyz
e/french/gnuplot/6.png Graphic file (type png)
<use /home/olivier/Encfs/Priv√©/ENCRYPTED/Langages/developpement/poetry_analyze
/french/gnuplot/6.png>
Package pdftex.def Info: /home/olivier/Encfs/Priv√©/ENCRYPTED/Langages/developp
ement/poetry_analyze/french/gnuplot/6.png  used on input line 215.
(pdftex.def)             Requested size: 443.57848pt x 221.74464pt.

Overfull \hbox (15.0pt too wide) in paragraph at lines 215--217
[][] 
 []


Underfull \hbox (badness 10000) in paragraph at lines 215--217

 []


Underfull \hbox (badness 10000) in paragraph at lines 218--219

 []

[13 </home/olivier/Encfs/Priv√©/ENCRYPTED/Langages/developpement/poetry_analyze
/french/gnuplot/6.png>]
Overfull \hbox (134.92003pt too wide) in paragraph at lines 225--226
[] [][][][][][]\T1/lmtt/m/n/10 ignement;a[][][][][][]ncement;ar[][][][][][]nter
ie;con[][][][][][]lable;abio[][][][][][]nËse;amÈna[][][][][][]use;astrin[][][][
][][]nt;affoura[][][][][][]r;accrocha[][][][][][] 
 []

</home/olivier/Encfs/Priv√©/ENCRYPTED/Langages/developpement/poetry_analyze/fre
nch/gnuplot/7.png, id=265, 6022.5pt x 3011.25pt>
File: /home/olivier/Encfs/Priv√©/ENCRYPTED/Langages/developpement/poetry_analyz
e/french/gnuplot/7.png Graphic file (type png)
<use /home/olivier/Encfs/Priv√©/ENCRYPTED/Langages/developpement/poetry_analyze
/french/gnuplot/7.png>
Package pdftex.def Info: /home/olivier/Encfs/Priv√©/ENCRYPTED/Langages/developp
ement/poetry_analyze/french/gnuplot/7.png  used on input line 229.
(pdftex.def)             Requested size: 443.57848pt x 221.74464pt.

Underfull \hbox (badness 10000) in paragraph at lines 227--236

 []


Underfull \hbox (badness 10000) in paragraph at lines 227--236

 []


Underfull \hbox (badness 10000) in paragraph at lines 227--236

 []


Underfull \hbox (badness 10000) in paragraph at lines 227--236

 []


Underfull \hbox (badness 10000) in paragraph at lines 227--236

 []


Underfull \hbox (badness 10000) in paragraph at lines 227--236

 []


Underfull \hbox (badness 10000) in paragraph at lines 227--236

 []

</home/olivier/Encfs/Priv√©/ENCRYPTED/Langages/developpement/poetry_analyze/fre
nch_with_prononc/gnuplot/pron.1.freq.png, id=266, 5646.09375pt x 4140.46875pt>
File: /home/olivier/Encfs/Priv√©/ENCRYPTED/Langages/developpement/poetry_analyz
e/french_with_prononc/gnuplot/pron.1.freq.png Graphic file (type png)
<use /home/olivier/Encfs/Priv√©/ENCRYPTED/Langages/developpement/poetry_analyze
/french_with_prononc/gnuplot/pron.1.freq.png>
Package pdftex.def Info: /home/olivier/Encfs/Priv√©/ENCRYPTED/Langages/developp
ement/poetry_analyze/french_with_prononc/gnuplot/pron.1.freq.png  used on input
 line 237.
(pdftex.def)             Requested size: 443.57848pt x 325.24232pt.

Overfull \hbox (15.0pt too wide) in paragraph at lines 237--243
[][]
 []


Underfull \hbox (badness 10000) in paragraph at lines 237--243

 []


Underfull \hbox (badness 10000) in paragraph at lines 237--243

 []


Underfull \hbox (badness 10000) in paragraph at lines 237--243

 []

[14 </home/olivier/Encfs/Priv√©/ENCRYPTED/Langages/developpement/poetry_analyze
/french/gnuplot/7.png>]
Underfull \hbox (badness 10000) in paragraph at lines 249--256

 []


Underfull \hbox (badness 10000) in paragraph at lines 249--256

 []


Underfull \hbox (badness 10000) in paragraph at lines 249--256

 []

LaTeX Font Info:    Trying to load font information for T3+lmtt on input line 2
57.
LaTeX Font Info:    No file T3lmtt.fd. on input line 257.

LaTeX Font Warning: Font shape `T3/lmtt/m/n' undefined
(Font)              using `T3/cmr/m/n' instead on input line 257.


Underfull \hbox (badness 10000) in paragraph at lines 257--258

 []


Overfull \hbox (33.61476pt too wide) in paragraph at lines 259--262
[] \T1/lmtt/m/n/10 [[][][][][][]] : [][][][][][]cidie,[][][][][][]cidiose,[][][
][][][]cinelle,[][][][][][]cobacille,[][][][][][]cygienne,[][][][][][]hlÈe,[][]
[][][][]ney, 
 []


Overfull \hbox (77.67017pt too wide) in paragraph at lines 259--262
[][][][][][]\T1/lmtt/m/n/10 pit,[][][][][][]tail,[][][][][][]tion,[][][][][][]c
igrue,[][][][][][]let,[][][][][][]lucheuse,[][][][][][]luche,[][][][][][]uemar,
[][][][][][]ron, 
 []


Underfull \hbox (badness 10000) in paragraph at lines 259--262

 []

[15 </home/olivier/Encfs/Priv√©/ENCRYPTED/Langages/developpement/poetry_analyze
/french_with_prononc/gnuplot/pron.1.freq.png>]
</home/olivier/Encfs/Priv√©/ENCRYPTED/Langages/developpement/poetry_analyze/fre
nch_with_prononc/gnuplot/pron.fin.1.freq.png, id=287, 5646.09375pt x 4140.46875
pt>
File: /home/olivier/Encfs/Priv√©/ENCRYPTED/Langages/developpement/poetry_analyz
e/french_with_prononc/gnuplot/pron.fin.1.freq.png Graphic file (type png)
<use /home/olivier/Encfs/Priv√©/ENCRYPTED/Langages/developpement/poetry_analyze
/french_with_prononc/gnuplot/pron.fin.1.freq.png>
Package pdftex.def Info: /home/olivier/Encfs/Priv√©/ENCRYPTED/Langages/developp
ement/poetry_analyze/french_with_prononc/gnuplot/pron.fin.1.freq.png  used on i
nput line 263.
(pdftex.def)             Requested size: 443.57848pt x 325.24232pt.

Overfull \hbox (15.0pt too wide) in paragraph at lines 263--269
[][]
 []


Underfull \hbox (badness 10000) in paragraph at lines 263--269

 []


Underfull \hbox (badness 10000) in paragraph at lines 263--269

 []


Underfull \hbox (badness 10000) in paragraph at lines 263--269

 []


Underfull \hbox (badness 10000) in paragraph at lines 277--278

 []


Underfull \hbox (badness 10000) in paragraph at lines 279--280

 []

[16 </home/olivier/Encfs/Priv√©/ENCRYPTED/Langages/developpement/poetry_analyze
/french_with_prononc/gnuplot/pron.fin.1.freq.png>]
</home/olivier/Encfs/Priv√©/ENCRYPTED/Langages/developpement/expressions_analys
e/gnuplot/fr√©quence_de_r√©partition_des_345_mots_uniques_de_4_lettres_dans_296
4_expressions_francaises_les_contenant.png, id=296, 5646.09375pt x 4140.46875pt
>
File: /home/olivier/Encfs/Priv√©/ENCRYPTED/Langages/developpement/expressions_a
nalyse/gnuplot/fr√©quence_de_r√©partition_des_345_mots_uniques_de_4_lettres_dan
s_2964_expressions_francaises_les_contenant.png Graphic file (type png)
<use /home/olivier/Encfs/Priv√©/ENCRYPTED/Langages/developpement/expressions_an
alyse/gnuplot/fr√©quence_de_r√©partition_des_345_mots_uniques_de_4_lettres_dans
_2964_expressions_francaises_les_contenant.png>
Package pdftex.def Info: /home/olivier/Encfs/Priv√©/ENCRYPTED/Langages/developp
ement/expressions_analyse/gnuplot/fr√©quence_de_r√©partition_des_345_mots_uniqu
es_de_4_lettres_dans_2964_expressions_francaises_les_contenant.png  used on inp
ut line 289.
(pdftex.def)             Requested size: 443.57848pt x 325.24232pt.

Underfull \hbox (badness 10000) in paragraph at lines 282--290

 []


Underfull \hbox (badness 10000) in paragraph at lines 282--290

 []


Underfull \hbox (badness 10000) in paragraph at lines 282--290

 []


Underfull \hbox (badness 10000) in paragraph at lines 282--290

 []

[17 </home/olivier/Encfs/Priv√©/ENCRYPTED/Langages/developpement/expressions_an
alyse/gnuplot/fr√©quence_de_r√©partition_des_345_mots_uniques_de_4_lettres_dans
_2964_expressions_francaises_les_contenant.png>]
</home/olivier/Encfs/Priv√©/ENCRYPTED/Langages/developpement/expressions_analys
e/gnuplot/fr√©quence_de_r√©partition_des_2763_mots_uniques_de_4_lettres_ou_plus
_contenus_dans_2964_expressions_francaises_les_contenant.png, id=303, 5646.0937
5pt x 4140.46875pt>
File: /home/olivier/Encfs/Priv√©/ENCRYPTED/Langages/developpement/expressions_a
nalyse/gnuplot/fr√©quence_de_r√©partition_des_2763_mots_uniques_de_4_lettres_ou
_plus_contenus_dans_2964_expressions_francaises_les_contenant.png Graphic file 
(type png)
<use /home/olivier/Encfs/Priv√©/ENCRYPTED/Langages/developpement/expressions_an
alyse/gnuplot/fr√©quence_de_r√©partition_des_2763_mots_uniques_de_4_lettres_ou_
plus_contenus_dans_2964_expressions_francaises_les_contenant.png>
Package pdftex.def Info: /home/olivier/Encfs/Priv√©/ENCRYPTED/Langages/developp
ement/expressions_analyse/gnuplot/fr√©quence_de_r√©partition_des_2763_mots_uniq
ues_de_4_lettres_ou_plus_contenus_dans_2964_expressions_francaises_les_contenan
t.png  used on input line 292.
(pdftex.def)             Requested size: 443.57848pt x 325.24232pt.

Underfull \hbox (badness 10000) in paragraph at lines 291--294

 []


Underfull \hbox (badness 10000) in paragraph at lines 300--301

 []

[18 </home/olivier/Encfs/Priv√©/ENCRYPTED/Langages/developpement/expressions_an
alyse/gnuplot/fr√©quence_de_r√©partition_des_2763_mots_uniques_de_4_lettres_ou_
plus_contenus_dans_2964_expressions_francaises_les_contenant.png>]
Underfull \hbox (badness 10000) in paragraph at lines 312--321

 []


Underfull \hbox (badness 10000) in paragraph at lines 312--321

 []


Underfull \hbox (badness 10000) in paragraph at lines 312--321

 []


Underfull \hbox (badness 10000) in paragraph at lines 312--321

 []

[19]
Underfull \hbox (badness 10000) in paragraph at lines 326--360

 []


Underfull \hbox (badness 10000) in paragraph at lines 326--360

 []


Underfull \hbox (badness 10000) in paragraph at lines 326--360

 []


Underfull \hbox (badness 10000) in paragraph at lines 326--360

 []

[20]
Underfull \hbox (badness 10000) in paragraph at lines 361--369

 []


Underfull \hbox (badness 10000) in paragraph at lines 361--369

 []


Underfull \hbox (badness 10000) in paragraph at lines 361--369

 []


Underfull \hbox (badness 10000) in paragraph at lines 361--369

 []


Underfull \hbox (badness 10000) in paragraph at lines 370--379

 []


Underfull \hbox (badness 10000) in paragraph at lines 370--379

 []


Underfull \hbox (badness 10000) in paragraph at lines 370--379

 []


Underfull \hbox (badness 10000) in paragraph at lines 370--379

 []


Underfull \hbox (badness 10000) in paragraph at lines 370--379

 []


Underfull \hbox (badness 10000) in paragraph at lines 380--386

 []


Underfull \hbox (badness 10000) in paragraph at lines 380--386

 []


Underfull \hbox (badness 10000) in paragraph at lines 380--386

 []

Package atveryend Info: Empty hook `BeforeClearDocument' on input line 393.

Underfull \hbox (badness 10000) in paragraph at lines 387--393

 []

[21] [22]
Package atveryend Info: Empty hook `AfterLastShipout' on input line 393.

(./Analyse de la fr√©quence des rimes √† l‚Äôoeil et sonores de la langue fran√
ßaise.aux)
Package atveryend Info: Executing hook `AtVeryEndDocument' on input line 393.
Package atveryend Info: Executing hook `AtEndAfterFileList' on input line 393.
Package rerunfilecheck Info: File `"Analyse de la fr√©quence des rimes √† l‚Äôo
eil et sonores de la langue fran√ßaise".out' has not changed.
(rerunfilecheck)             Checksum: 54EF08D2BB18B497DF3523B77699D7F2;2957.


LaTeX Font Warning: Some font shapes were not available, defaults substituted.

Package atveryend Info: Empty hook `AtVeryVeryEnd' on input line 393.
 ) 
Here is how much of TeX's memory you used:
 8962 strings out of 483154
 139202 string characters out of 5965023
 406242 words of memory out of 5000000
 23712 multiletter control sequences out of 15000+600000
 597388 words of font info for 64 fonts, out of 8000000 for 9000
 14 hyphenation exceptions out of 8191
 37i,6n,37p,580b,592s stack positions out of 5000i,500n,10000p,200000b,80000s
{/usr/share/texmf/fonts/enc/dvips/lm/lm-rm.enc}{/usr/share/texmf/fonts/enc/dv
ips/lm/lm-mathit.enc}{/usr/share/texmf/fonts/enc/dvips/lm/lm-mathsy.enc}{/usr/s
hare/texmf/fonts/enc/dvips/lm/lm-ec.enc}</usr/share/texmf/fonts/type1/public/lm
/lmbx10.pfb></usr/share/texmf/fonts/type1/public/lm/lmbx12.pfb></usr/share/texm
f/fonts/type1/public/lm/lmbx7.pfb></usr/share/texmf/fonts/type1/public/lm/lmbx9
.pfb></usr/share/texmf/fonts/type1/public/lm/lmmi10.pfb></usr/share/texmf/fonts
/type1/public/lm/lmr10.pfb></usr/share/texmf/fonts/type1/public/lm/lmr12.pfb></
usr/share/texmf/fonts/type1/public/lm/lmr17.pfb></usr/share/texmf/fonts/type1/p
ublic/lm/lmr9.pfb></usr/share/texmf/fonts/type1/public/lm/lmri10.pfb></usr/shar
e/texmf/fonts/type1/public/lm/lmsy10.pfb></usr/share/texmf/fonts/type1/public/l
m/lmtk10.pfb></usr/share/texmf/fonts/type1/public/lm/lmtt10.pfb></usr/share/tex
mf/fonts/type1/fkr/tipa/tipa10.pfb>
Output written on "Analyse de la fr√©quence des rimes √† l‚Äôoeil et sonores de
 la langue fran√ßaise.pdf" (22 pages, 2133248 bytes).
PDF statistics:
 405 PDF objects out of 1000 (max. 8388607)
 341 compressed objects within 4 object streams
 82 named destinations out of 1000 (max. 500000)
 296 words of extra memory for PDF output out of 10000 (max. 10000000)

