abandonnisme|a.bɑ̃.dɔ̃.nism
-------
abillot|a.lo
-------
ablutiomanie|a.ma.ni
-------
abomber|a.bɔ.mi.bɛʁ
-------
abottée|a.bo.te
-------
abouteuse|a.bu.tøz
-------
absorptiométrie|ap.sɔʁ.me.tʁi
-------
absorptive|ap.sɔʁ.tiv
-------
absurdisme|ap.dism
-------
absurdiste|ap.dist
-------
acariasis|a.ka.zis
-------
acatalasémie|a.ka.mi
-------
accoupleuse|a.kupl.løz
-------
acoumastique|a.ku.tik
-------
acrodermatite|a.kʁɔ.dɛʁ.ma.tit
-------
acrosomiale|a.kʁɔ.al
-------
acrylonitrile|a.kʁi.fil
-------
actigramme|ak.ti.ɡʁam
-------
actéon|ak.e.ɔ̃
-------
acylation|a.za.sjɔ̃
-------
acyltransférase|ʁaz
-------
acésulfame|a.se.-------
acétabulaire|a.se.ta.by.lɛʁ
-------
acétanilide|a.se.id
-------
acétocellulose|a.se.se.ly.lɔz
-------
acétophénone|a.se.nɔn
-------
acétylcellulose|a.se.til.se.ly.lɔz
-------
acétylcoenzyme|a.se.til.ko.ɑ̃.zim
-------
addisonienne|a.di.njɛn
-------
adelphophagie|lɔ.ʒi
-------
adeptat|a.ta
-------
adiabaticité|a.dja.ba.li.te
-------
adique|a.tik
-------
adlérienne|ʁjɛn
-------
adlérisme|ʁism
-------
adustible|a.dy.tibl
-------
adénomectomie|a.de.nom.tɔ.mi
-------
adénosarcome|a.de.nɔ.saʁ.kom
-------
affileuse|a.fi.løz
-------
affûtoir|a.fy.twaʁ
-------
afrikaander|a.fʁi.de
-------
agamospermie|a.ɡa.tɛʁ.mi
-------
agars-agars|a.ɡaʁ.aʁ
-------
agglutinement|a.ɡly.ti.mɑ̃
-------
agglutinogène|a.ɡly.ti.ʒɛn
-------
agnosique|a.tik
-------
agrarisme|a.ta.ʁism
-------
agrippante|a.ɡʁi.pɑ̃t
-------
agrophysiologie|a.ɡʁɔ.lɔ.ʒi
-------
agropyrum|a.ɡʁɔ.ʁɔm
-------
agroressource|a.ɡʁɔ.ʁə.suʁs
-------
aides-éducateurs|ɛd.-------
aides-éducatrices|ɛd.-------
aiguilleteuse|ɛ.ɡɥij.tøz
-------
alcaptonurie|al.ka.ʁi
-------
algale|al.ɡa.ɡal
-------
algonkine|al.ɡɔ̃.kin
-------
algérianisme|al.ʒe.nism
-------
alicot|a.li.ko
-------
alicyclique|a.li.si.klik
-------
aligneuse|a.li.nøz
-------
alismacée|a.li.se
-------
alkylante|al.ki.ɑ̃t
-------
alloc|a.lɔ.ɔk
-------
allométrie|a.lɔ.me.tʁi
-------
allométrique|a.lɔ.me.tʁik
-------
allurée|a.ly.y.ʁe
-------
alternostat|al.tɛʁ.ta
-------
alvéoloplastie|al.ve.plas.ti
-------
ambrienne|ɑ̃.ʁjɛn
-------
amenage|a.mɛn.naʒ
-------
amenokal|a.mɛn.-------
amidure|a.mi.dyʁ
-------
amination|a.mi.za.sjɔ̃
-------
aminer|a.mi.ne
-------
aminobutyrique|a.mi.by.ti.ʁik
-------
ammoniotélique|a.mɔ.lik
-------
ammoniurie|a.mɔ.ʁi
-------
amorphisme|a.mɔʁ.fism
-------
amorçable|a.mɔʁ.abl
-------
amphibienne|ɑ̃.fi.bi.mi.bjɛn
-------
amphistome|ɑ̃.fi.tɔm
-------
amphotéricine|ɑ̃.fi.ʁi.sin
-------
amplis-syntoniseurs|ɑ̃.pli.-------
amplis-tuners|ɑ̃.pli.ɛʁ
-------
amylacée|a.mi.se
-------
aménokal|a.me.-------
anacardiacée|a.na.se
-------
anamorphoseur|a.na.mɔʁ.zœʁ
-------
anamostoser|a.na.ze
-------
anaphylactoïde|a.na.fi.id
-------
anatopisme|a.na.tɔ.tʁɔ.pism
-------
androconie|ɑ̃.se.ni
-------
andrologique|ɑ̃.dʁɔ.lɔ.ʒik
-------
androlâtre|ɑ̃.dʁɔ.ɑtʁ
-------
angiologue|ɑ̃.ʒjɔ.lɔɡ
-------
angiomatose|ɑ̃.ʒjɔ.ma.toz
-------
angoisseuse|ɑ̃.ɡwas.søz
-------
anguleusement|ɑ̃.ɡy.løz.mɑ̃
-------
anhypothétique|a.te.tik
-------
anionique|a.njɔ̃.nik
-------
aniridie|ɑ̃.di
-------
annoncière|a.nɔ̃.sja.ɛʁ
-------
anomérique|a.nɔ.ʁik
-------
anonacée|ɑ̃.se
-------
anorthosite|a.nɔʁ.sit
-------
antennate|ɑ̃.ti.nat
-------
anthoméduse|ɑ̃.tɔ.me.dyz
-------
anthracosilicose|ɑ̃.tʁɔ.pɔ.si.li.koz
-------
anthropomorphiquement|ɑ̃.tʁɔ.pɔ.mɑ̃
-------
anthropotechnie|ɑ̃.tʁɔ.pɔ.ni
-------
anthropotechnique|ɑ̃.tʁɔ.pɔ.tɛk.nik
-------
antibrouillée|ɑ̃.ti.bʁu.le
-------
antihermitienne|ɑ̃.ti.ɛʁ.mi.sjen
-------
antiholomorphe|ɑ̃.ti.mɔʁf
-------
antillanisme|ɑ̃.ti.nism
-------
antilocapridé|ɑ̃.ti.de
-------
antimalarique|ɑ̃.ti.ʁik
-------
antinaupathique|ɑ̃.ti.na.no.pa.tik
-------
antiplaquettaire|ɑ̃.ti.plak.ʒi.teʁ
-------
antiproliférative|ɑ̃.ti.pʁɔ.tiv
-------
antiséparatif|ɑ̃.ti.se.tif
-------
antitrypsine|ɑ̃.ti.sin
-------
antébrachiale|ɑ̃.te.bʁa.kjal
-------
anéjaculation|za.sjɔ̃
-------
anérection|a.ne.za.sjɔ̃
-------
aphodius|a.fɔ.ys
-------
apocalyptiquement|a.pɔ.ka.lip.tik.mɑ̃
-------
apocynacée|a.pɔ.se
-------
apoenzyme|a.pɔ.ɑ̃.zim
-------
apolipoprotéine|a.pɔ.li.pʁɔ.te.in
-------
apoptotique|a.pɔ.tik
-------
apostériorité|a.pɔs.li.te
-------
appropriable|a.pʁɔ.pʁi.abl
-------
appréciablement|a.pʁe.sjabl.mɑ̃
-------
appuie-livres|a.pɥi.-------
arachidonique|a.ʁak.nik
-------
aranéomorphe|a.ʁa.ne.mɔʁf
-------
archentéron|aʁʃ.ʁɔ̃
-------
archéozoïque|aʁk.zɔ.ik
-------
argenteuse|aʁ.ʒɑ̃.tøz
-------
armurée|aʁ.y.ʁe
-------
aromatase|a.ma.taz
-------
arpigner|aʁ.ne
-------
arsenite|aʁ.sə.nit
-------
articlier|aʁ.ti.ky.lje
-------
artinienne|aʁ.ti.njɛn
-------
asclépiadacée|se
-------
ascochyta|as.ta
-------
aspergès|asp.-------
asphaltène|as.tɛn
-------
assa-fœtida|a.da
-------
assidéenne|a.si.de.ɛn
-------
astralement|as.tʁal.mɑ̃
-------
astéréognosie|as.te.ɡno.zi
-------
atellane|a.lan
-------
athéophobe|a.te.fɔb
-------
athéophobie|a.te.fɔ.bi
-------
atm|at.mɔs
-------
atractyligénine|a.tʁa.nin
-------
atrière|a.ɛʁ
-------
atrophiante|a.tʁɔ.ɑ̃t
-------
atropinique|a.tʁɔ.i.nik
-------
atteloire|a.iʁ
-------
attristement|a.mɑ̃
-------
auberon|o.ʁɔ̃
-------
audioguidée|o.djo.de
-------
audiotypiste|o.djo.pist
-------
augustement|o.ɡyst.mɑ̃
-------
autologue|ɔ.to.lɔɡ
-------
autoprotolyse|o.to.pʁɔ.pʁo.to.liz
-------
autopsique|o.tɔp.zik
-------
autos-couchettes|o.to.-------
autos-patrouilles|o.to.-------
autoévaluante|ɔ.to.e.ɑ̃t
-------
autoïque|ɔ.to.ik
-------
auxiliariat|si.ta.ʁja
-------
avalancheuse|a.va.lɑ̃ʃ.ʃøz
-------
averdonaise|a.vɛʁ.ɛz
-------
avipelvien|a.vi.-------
avirulence|a.vi.lɑ̃s
-------
aviveuse|a.vi.vøz
-------
axopode|ak.pɔd
-------
aérenchyme|a.e.ʁɔ.ʃim
-------
bacitracine|bak.ʁa.sin
-------
bactériochlorophylle|bak.te.ʁjɔ.klɔ.ʁɔ.fil
-------
bactériocine|bak.te.ʁjɔ.sin
-------
baddeleyite|ba.-------
bafoueuse|ba.køz
-------
baguazhang|ba.-------
baguiste|ba.nist
-------
baha'ie|ba.ʒi
-------
baha'isme|ba.lism
-------
bailecito|baj.to
-------
baligander|ba.de
-------
baloutchi|ba.ki
-------
balter|bal.te
-------
balénoptère|bal.ɛʁ
-------
banachique|ba.ʃik
-------
bancheuse|bɑ̃ʃ.ʃøz
-------
banqueteuse|bɑ̃k.tøz
-------
barocepteur|ba.tœʁ
-------
barocline|ba.klin
-------
barogramme|ba.ɡʁam
-------
barotrope|ba.ʁɔ.tʁo.tʁɔp
-------
barrémienne|ba.mjɛn
-------
baryogenèse|ba.ʒə.nɛz
-------
basochienne|ba.ʃjɛn
-------
batholite|ba.lit
-------
batholithe|ba.lit
-------
batésienne|ba.sjɛn
-------
baxter|ba.te
-------
baylienne|ljɛn
-------
becquer|bɛk.ke
-------
bedonnement|bə.dɔ̃.mɑ̃
-------
bedonner|bə.dɔ̃.ne
-------
behaviouriste|a.ʁist
-------
bennage|bɛ̃.naʒ
-------
benzaldéhyde|bɛ̃.al.de.id
-------
benzalkonium|bɛ̃.njɔm
-------
benzonitrile|bɛ̃.fil
-------
berginisation|bɛʁ.li.za.sjɔ̃
-------
bergsonisme|bɛʁ.nism
-------
bessemer|bə.sə.me
-------
beugleuse|bœ.løz
-------
beurouette|bœʁ.ʁu.ɛt
-------
bhakti|ti
-------
bharatanatyam|-------
biangle|bi.ɑ̃ɡl
-------
bibarder|bi.de
-------
bibliologique|bi.bli.jɔ.lɔ.ʒik
-------
bibliologue|bi.bli.jɔ.lɔɡ
-------
bibliotechnicienne|bi.bli.jɔ.tɛk.ni.sjɛn
-------
biblio|bi.bli.ljo
-------
bicolorié|bi.-------
bidegré|bid.də.ɡʁe
-------
biglouser|bi.ze
-------
bignoniacée|bi.ɲɔl.se
-------
bignonia|bi.ɲɔl.nja
-------
bigrer|bi.ʁe
-------
bigèbre|bi.-------
biholomorphe|bi.mɔʁf
-------
biholomorphisme|mɔʁ.fism
-------
bijuridisme|bi.dism
-------
bilharziose|bi.oz
-------
biligénie|bi.ʒe.ni
-------
bilirubinémie|bi.mi
-------
billbergia|bil.-------
bimesurable|bi.abl
-------
bimodule|bi.mɔ.mo.dyl
-------
binodale|bi.nɔ.dal
-------
biocœnose|bjɔ.oz
-------
biolubrifiant|bjɔ.lɔ.fjɑ̃
-------
biotrophe|bjɔ.tʁɔf
-------
birationnelle|sjɔ.nɛl
-------
biscottière|bis.tjɛʁ
-------
biseauteuse|bi.zo.tøz
-------
bisimpliciale|al
-------
bissexualité|bi.sɛk.li.te
-------
bisulfitique|bis.tik
-------
bivitelline|bi.te.lin
-------
bizuter|bi.zy.te
-------
blaguounette|nɛt
-------
blastopore|blas.pɔʁ
-------
blastoïde|blas.id
-------
bledarde|blɛd.daʁd
-------
bleuetier|blø.ɛ.tje
-------
blindicide|sid
-------
blottissement|mɑ̃
-------
blutiner|bly.ne
-------
bocarder|bɔ.kaʁ.de
-------
bodybuildeuse|bɔ.di.døz
-------
bonifiante|bɔ̃.fjɑ̃t
-------
bordeuse|bɔʁ.døz
-------
bordisme|bɔʁ.dism
-------
bordureuse|bɔʁ.dyʁ.ʁøz
-------
bornologie|bɔʁ.lɔ.ʒi
-------
borough|bɔʁ.ʁœf
-------
borraginacée|bɔʁ.se
-------
boskoop|bɔs.-------
boucholeuse|bu.løz
-------
bouchonnière|bu.ʃɔ̃.ɛʁ
-------
bouddhologue|bu.lɔɡ
-------
bouffir|bu.fi.fiʁ
-------
bouillage|bu.jaʒ
-------
bouillotter|bu.te
-------
bouletée|bul.te
-------
boulonneuse|bu.lɔ̃.nøz
-------
bourgeoisiale|buʁ.ʒwa.al
-------
bourrellement|buʁ.mɑ̃
-------
bourrinage|bu.ʁɛ̃.naʒ
-------
bousculement|bus.ky.mɑ̃
-------
boustifailler|bus.je
-------
boutante|bu.tɑ̃t
-------
boxonner|bɔk.sɔ̃.ne
-------
brachiocéphalique|bʁa.kjo.se.fa.lik
-------
braillante|bʁɛ.ɑ̃t
-------
branlage|bʁɑ̃.aʒ
-------
braseuse|ze.zøz
-------
bricolable|bʁi.kɔ.abl
-------
brigadeiro|bʁi.ɡad.-------
bringuebalement|ba.mɑ̃
-------
brinquebalement|bʁɛ̃k.ba.mɑ̃
-------
briocher|bʁi.jo.ʃe
-------
briqueteuse|bʁik.tøz
-------
broadcaster|bʁɔ.te
-------
bronchiectasie|bʁɔ̃.ɛk.ta.zi
-------
bronchioloalvéolaire|bʁɔ̃.al.ve.o.lɛʁ
-------
bronchiteuse|bʁɔ̃.ʃit.tøz
-------
bronchoconstriction|bʁɔ̃.kɔ.za.sjɔ̃
-------
brouilleuse|bʁuj.jøz
-------
brownienne|bʁɔ.njɛn
-------
bruineuse|bʁɥin.nøz
-------
brutisme|bʁy.tism
-------
bréchique|bʁe.ʃik
-------
brélésienne|bʁe.sjɛn
-------
brévétoxine|bʁe.tɔk.sin
-------
bulb-keel|byl.-------
burgaudine|byʁ.ɡo.din
-------
burineuse|by.ʁɛ̃.nøz
-------
buronnière|by.ʁɔ̃.ɛʁ
-------
burséracée|by.se
-------
buselure|byz.yʁ
-------
butanal|by.nal
-------
butanée|by.ne
-------
buxacée|by.se
-------
bâtissable|bɑ.sabl
-------
bénéf|be.ne.-------
bérimbau|be.bo
-------
bêbête|bɛ.bɛt
-------
bûchage|by.ʃaʒ
-------
cP|kɔ̃.-------
cSt|kɔ̃.mɑ̃
-------
cadenassage|kad.na.saʒ
-------
cadrante|ka.dʁɑ̃.ɑ̃t
-------
caissonnée|kɛ.sɔ̃.ne
-------
calcitriol|kal.tʁjɔl
-------
calcosodique|kal.sɔ.dik
-------
calière|ka.ɛʁ
-------
calorescence|kal.sɑ̃s
-------
calvadosienne|kal.va.sjɛn
-------
camarine|ka.ma.ʁin
-------
camionneuse|ka.mjɔ.nøz
-------
camouflante|ka.mu.ɑ̃t
-------
camoufleur|ka.mu.flœʁ
-------
cancérophobie|kɑ̃.se.ʁɔ.fɔ.bi
-------
cancéropole|kɑ̃.se.ʁɔ.pɔl
-------
cannabinacée|ka.na.bi.se
-------
canyoniste|ka.ɲɔ.nist
-------
caoutchoutière|ka.ut.ʃu.tjɛʁ
-------
capacimètre|kap.mɛtʁ
-------
capacitiste|kap.tist
-------
capillotracter|ka.pi.tʁak.te
-------
caproïque|ka.ik
-------
capsicum|kap.-------
caractérologique|ka.ʁak.te.lɔ.ʒik
-------
carbohémoglobine|kaʁ.bɔ.e.mɔ.ɡlɔ.bin
-------
carboxamide|kaʁ.si.a.mid
-------
carburière|kaʁ.by.ɛʁ
-------
carbutamide|kaʁ.by.a.mid
-------
carcinose|kaʁ.si.oz
-------
cardamone|kaʁ.da.mɔn
-------
carfentanyl|kaʁ.be.ʁil
-------
carpettière|kaʁp.tjɛʁ
-------
carreautée|kaʁ.te
-------
cartellaire|kaʁt.lɛʁ
-------
carvacrol|kaʁ.ʁɔl
-------
cary|kaʁ.ʁi
-------
casamançaise|ka.ɛz
-------
casquante|ka.ɑ̃t
-------
casquettière|kask.tjɛʁ
-------
castrer|kas.tʁe
-------
catachrétique|ka.ta.tik
-------
cataclysmale|ka.ta.al
-------
catagenèse|ka.ta.ʒə.nɛz
-------
cataméniale|ka.ta.al
-------
cathepsine|ka.ta.sin
-------
cathodoluminescence|ka.to.ly.mi.ne.sɑ̃s
-------
catégoriale|ka.te.ɡɔ.al
-------
caudine|ko.din
-------
caveuse|kav.vøz
-------
cd|kɔ̃.-------
cedrela|sɑ̃.la
-------
cellobiose|oz
-------
cellophaneuse|se.lɔ.fan.nøz
-------
cellophanée|ne
-------
cellulase|sɛ.ly.-------
celtisme|sɛl.tism
-------
centipoise|sɑ̃.pwaz
-------
centromérique|sɑ̃.ʁik
-------
centésimale|sɑ̃.al
-------
cervicite|sɛʁ.vi.sit
-------
cgr|kɔ̃.te
-------
chaabi|ʃa.bi
-------
chafiite|ʃa.-------
chaloupement|ʃa.lup.mɑ̃
-------
chamoiseuse|ʃɑ̃.wa.zøz
-------
chancrelle|ʃɑ̃kʁ.ɛl
-------
chanfreineuse|ʃɑ̃.fʁɛ̃.fʁɛ.nøz
-------
chaosienne|ʃa.sjɛn
-------
charlater|ʃaʁ.la.te
-------
chawer|ʃa.te
-------
chaîneuse|ʃɛn.nøz
-------
check-list|-------
cheiroptère|ɛʁ
-------
chevau-léger|ʃə.ʒe
-------
chevaucheuse|ʃə.ʃøz
-------
chevillarde|ʃə.jaʁd
-------
chimiolithotrophe|ʃi.mjo.tʁɔf
-------
chiperie|ʃi.pe.ʁi
-------
chitosan|ki.ɑ̃
-------
chloramine|klɔ.a.min
-------
chlorobenzène|klɔ.ʁɔ.bɛ̃.zɛn
-------
chlorpromazine|klɔ.a.zin
-------
choanocyte|kɔ.sit
-------
choisisseuse|kɔ.søz
-------
cholinestérasique|kɔ.lin.zik
-------
cholécystotomie|kɔ.le.si.tɔ.mi
-------
chondrichtyen|kɔ̃.jɛn
-------
chondriosome|kɔ̃.zom
-------
chondromatose|kɔ̃.dʁɔ.ma.toz
-------
chorio-épithéliome|kɔ.ʁjɔ̃.te.liom
-------
chorioméningite|kɔ.ʁjɔ̃.me.nɛ̃.ʒit
-------
chorioépithéliome|kɔ.ʁjɔ̃.te.liom
-------
christocentrisme|kʁist.sɑ̃.tʁism
-------
chronaxie|kʁɔ.nɔ.si
-------
chronaxique|kʁɔ.nɔ.tik
-------
chrysanthémique|kʁi.mik
-------
chrysothérapie|kʁi.zɔ.te.ʁa.pi
-------
chutney|tʃe.nɛ
-------
châtelperronienne|njɛn
-------
chénodésoxycholique|ke.nɔ.lik
-------
cinétisme|si.ne.tism
-------
circalittorale|siʁ.ka.li.tɔ.ʁal
-------
cisailleuse|si.zɑj.jøz
-------
citernière|si.te.njɛʁ
-------
cladocère|kla.ɛʁ
-------
claveleuse|kla.løz
-------
clienter|kli.te
-------
clinopyroxène|klɛ̃.pi.ʁɔk.sɛn
-------
clinozoïsite|klɛ̃.zɔ.i.zit
-------
clivante|kli.ɑ̃t
-------
cliveuse|kli.vøz
-------
clomifène|fɛn
-------
clomiphène|fɛn
-------
clostridiale|al
-------
clusiacée|se
-------
cléchée|kle.ʃe
-------
cnidocil|kni.sil
-------
cnidocyste|kni.tɔ.sist
-------
cnidosporidie|kni.di
-------
coagglutination|kɔ.a.ɡy.za.sjɔ̃
-------
cocaliser|kɔ.ka.li.ze
-------
cochampionne|kɔ.pjɔn
-------
cochaîne|kɔ.ʃɛn
-------
cocréancière|kɔ.ɛʁ
-------
codable|kɔ.da.abl
-------
codéveloppement|de.mɑ̃
-------
cogouvernance|nɑ̃s
-------
cohomologique|ko.o.mo.lɔ.ʒik
-------
cokéfiante|kɔ.ke.ɑ̃t
-------
cold-cream|kɔl.stʁim
-------
coliqueuse|kɔl.køz
-------
colitigante|kɔl.ɑ̃t
-------
collaborationnisme|kɔ.la.bɔ.ʁa.sjɔ̃.sjɔ.nism
-------
collagraphie|kɔ.la.ɡʁa.fi
-------
collenchyme|kɔl.ʃim
-------
colossienne|kɔ.sjɛn
-------
colzatière|kɔl.za.tjɛʁ
-------
commettante|kɔ.tɑ̃t
-------
commissurotomie|kɔ.mi.tɔ.mi
-------
commuable|kɔm.abl
-------
communicologue|kɔ.my.ni.lɔɡ
-------
comourant|kɔm.mɑ̃
-------
compatir|kɔ̃.pa.tiʁ
-------
complexuelle|kɔ̃.plɛk.ɛl
-------
componctueuse|kɔ̃.po.ɔ̃k.tɥøz
-------
conceptualité|kɔ̃.sɛpt.li.te
-------
conciliarisme|kɔ̃.si.ta.ʁism
-------
conciliatoire|kɔ̃.si.lja.twaʁ
-------
concordiste|kɔ̃.kɔʁ.kɔʁ.dist
-------
condruzienne|kɔ̃.sjɛn
-------
conductimètre|kɔ̃.dyk.mɛtʁ
-------
conductimétrie|kɔ̃.dyk.me.tʁi
-------
conducto-convective|kɔ̃.dyk.tiv
-------
conduiseuse|kɔ̃.dyk.zøz
-------
confisquer|kɔ̃.ke
-------
conjungo|kɔ̃.ʒy.ɡo
-------
connétablie|kɔ.ne.li
-------
conobrer|kɔ̃.bʁe
-------
conodale|kɔ̃.nɔ.dal
-------
conormale|kɔ̃.nɔʁ.mal
-------
conoyau|kɔ̃.nwa.jo
-------
constater|kɔ̃s.ta.te
-------
contagieuse|kɔ̃.ta.li.ʒjøz
-------
contenante|kɔ̃.tə.nɑ̃t
-------
contester|kɔ̃t.te
-------
contextualité|kɔ̃.tɛk.li.te
-------
contractibilité|kɔ̃.tʁak.bi.li.te
-------
contractualiste|kɔ̃.tʁak.list
-------
contragestif|kɔ̃.tif
-------
contraignable|kɔ̃.nabl
-------
contrebattre|kɔ̃tʁ.ʁǝ.batʁ
-------
coobtention|kɔ.za.sjɔ̃
-------
coqueleuse|kɔk.løz
-------
coralloïde|kɔʁ.id
-------
cornouaillaise|kɔʁ.ɛz
-------
corrigeuse|kɔ.ʁi.ʒøz
-------
corroyeuse|kɔ.ʁwa.jøz
-------
corrélable|kɔ.ʁe.la.abl
-------
corticospinale|kɔʁ.ti.kɔ.spi.nal
-------
cortisonique|kɔʁ.ti.nik
-------
cosolvant|kɔs.mɑ̃
-------
cotylédonée|kɔ.ti.le.dɔ̃.ne
-------
court-vêtue|kuʁ.ty
-------
couteauner|ku.to.ne
-------
coutoyer|ku.je
-------
covecteur|kɔ.tœʁ
-------
covelline|kɔ.lin
-------
coésite|kɔ̃.sit
-------
coûtante|kut.tɑ̃t
-------
craniectomie|kʁɑ̃.tɔ.mi
-------
craniopharyngiome|kʁa.njɔ.ʒjɔm
-------
cratonique|kʁa.tɔ̃.nik
-------
criblière|kʁi.ɛʁ
-------
cristallogenèse|kʁis.ta.lɔ.ʒə.nɛz
-------
crocidolite|kʁo.lit
-------
croisetée|kʁwa.te
-------
croissantière|kʁwa.sɑ̃.tjɛʁ
-------
croissantée|kʁwa.sɑ̃.te
-------
cromoglycate|kat
-------
croquine|ki.kin
-------
crossoptérygien|ʁi.ʒjɛ̃
-------
crotonisation|kʁɔ.tɔ̃.li.za.sjɔ̃
-------
crwth|-------
crédobaptisme|kʁe.ba.tism
-------
créolisme|kʁe.ɔ.lism
-------
créoliste|kʁe.ɔ.list
-------
crépisseuse|kʁe.pi.pi.søz
-------
cucuterie|ky.ʁi
-------
cuiseuse|kɥi.zøz
-------
cuon|ky.ɔ̃
-------
cupressinée|ky.ne
-------
cuscutacée|se
-------
cyclage|si.aʒ
-------
cyclohexanone|si.klo.a.nɔn
-------
cycloplégie|si.klo.lɔ.ʒi
-------
cyclosporine|si.klo.ʁin
-------
cyclotomie|si.klɔ.tu.tɔ.mi
-------
cyclène|si.lɛn
-------
cyhalothrine|tʁin
-------
cylindraxe|si.lɛ̃.aks
-------
cymrique|si.tik
-------
cynodonte|si.nɔ.dɔ̃t
-------
cyphoscoliose|skɔ.ljoz
-------
cyprotérone|si.ʁɔn
-------
cypéracée|si.se
-------
cystoscopique|sis.tɔs.pik
-------
cystostomie|sis.tɔs.tɔ.mi
-------
cytobactériologique|lɔ.ʒik
-------
cytochrome|si.tɔ.kʁom
-------
cytodiérèse|si.tɔ.dje.ʁɛz
-------
cytosolique|si.tɔ.sɔl.lik
-------
cégotter|se.te
-------
célébrante|se.le.bʁɑ̃t
-------
cémentite|se.mɑ̃.tit
-------
cérébrovasculaire|se.ʁe.vas.ky.lɛʁ
-------
césalpiniacée|se.za.se
-------
cézannienne|njɛn
-------
cœliochirurgie|se.ʃi.ʁyʁ.ʒi
-------
cœlioscope|se.ɔp
-------
cœlioscopique|se.pik
-------
cœlostat|se.ta
-------
cœnesthésie|se.zi
-------
cœurse|kœʁ.-------
dB|de.-------
dacryoadénite|a.de.nit
-------
dalembertienne|tjɛn
-------
dantoniste|dan.nist
-------
dast|da.st
-------
datographe|da.ɡʁaf
-------
denteleuse|dɑ̃.løz
-------
dentinome|dɑ̃.nɔm
-------
dermopharmacie|dɛʁ.mɔ.faʁ.ma.si
-------
dermopuncture|dɛʁ.mɔ.tyʁ
-------
desmodontite|de.tit
-------
dessalinisation|dɛ.li.za.sjɔ̃
-------
dessicant|si.ka.mɑ̃
-------
deutérocanonique|dø.te.nik
-------
deutéronomique|dø.te.ʁɔ̃.nɔ.mik
-------
dextrinisation|li.za.sjɔ̃
-------
dgr|de.te
-------
diacétylmorphine|dja.mɔʁ.fin
-------
diamorphine|dja.mɔʁ.fin
-------
diaphysaire|dja.ɛʁ
-------
diathermie|dja.tɛʁ.mi
-------
diathermique|dja.tɛʁ.mik
-------
diazane|dja.zan
-------
diazoïque|dja.zɔ.ik
-------
diazène|dja.zɛn
-------
dibasique|di.tik
-------
dicentra|di.tʁa
-------
didot|di.dɔt
-------
diffractogramme|di.fʁak.tɔ.ɡʁam
-------
digipuncture|di.ʒi.tyʁ
-------
dimissoriale|di.mi.al
-------
diméthylaniline|a.ni.lin
-------
diméthylmercure|mɛʁ.kyʁ
-------
dinitration|za.sjɔ̃
-------
dinitrile|fil
-------
dinoflagellé|di.nɔ.le
-------
diodique|di.dik
-------
dione|djɔ.-------
diphonique|di.fɔs.nik
-------
dipneumonée|di.ne
-------
dipsacée|di.se
-------
discompteuse|dis.kɔ̃t.kɔ̃.tøz
-------
discounteur|dis.kunt.tœʁ
-------
discuputer|dis.ky.te
-------
disilane|dis.si.lan
-------
dismutase|dis.staz
-------
disodique|dis.dik
-------
dispatcheuse|dis.pa.ʃøz
-------
dispersante|dis.pɛʁ.ɑ̃t
-------
dispersive|dis.pɛʁ.siv
-------
disubstituée|dis.tɥe
-------
dittographie|di.ɡʁa.fi
-------
divulguable|di.vyl.abl
-------
diédrale|dje.al
-------
djibser|ze
-------
dodécylsulfate|dɔ.de.ka.syl.fat
-------
dominotée|dɔ̃.te
-------
dordognaise|dɔʁ.ɛz
-------
doucir|du.du.siʁ
-------
doudouisme|du.du.lism
-------
doxorubicine|dɔk.sɔ.sin
-------
doxycycline|dɔk.si.klin
-------
dragline|dʁaɡ.lin
-------
dragéiste|dʁaɡ.ist
-------
droitosphère|dʁwa.sfɛʁ
-------
dry-farming|dʁi.miŋ
-------
dysacromélie|dis.li
-------
dysboulique|dis.ba.lik
-------
dysendocrinie|di.ni
-------
dysleptique|dis.lɛk.tik
-------
dysmorphophobique|dis.mɔʁ.fo.bik
-------
dysorexie|dis.si
-------
dysrythmie|dis.mi
-------
dystrophine|dis.tʁɔ.fin
-------
déactiver|de.ɑ̃.by.ti.ve
-------
débandage|de.bɑ̃.daʒ
-------
débarrasseuse|de.ba.søz
-------
débenzolage|de.aʒ
-------
débiteuse|de.bi.tøz
-------
déblayeuse|de.blɛ.jøz
-------
déblocable|de.blɔ.abl
-------
débouillir|de.bu.jiʁ
-------
débourbeur|de.buʁ.bœʁ
-------
débourreuse|de.buʁ.ʁøz
-------
débrôler|de.le
-------
décalqueuse|de.kalk.køz
-------
décanoïque|de.kɑ̃.ik
-------
décarottage|de.kaʁ.taʒ
-------
déchevelante|de.ɑ̃t
-------
déchronologie|de.lɔ.ʒi
-------
décivilisation|de.si.li.za.sjɔ̃
-------
décompteuse|de.kɔ̃t.tøz
-------
décorcer|de.kɔʁ.se
-------
découpable|de.ku.abl
-------
décrasseur|de.sœʁ
-------
décrypteuse|de.tøz
-------
décuivrage|de.ʁaʒ
-------
dédoubleuse|de.du.bløz
-------
déflocage|de.flɔ.kaʒ
-------
défoliante|de.fɔ.ljɑ̃t
-------
défragmenteur|de.fʁaɡ.mɑ̃.tœʁ
-------
dégivrante|de.ʒi.ɑ̃t
-------
dégluer|de.ɡly.ɡly.e
-------
dégonflarde|de.ɡɔ̃.jaʁd
-------
dégravelante|de.ɡʁa.vwa.ɑ̃t
-------
dégression|de.ɡʁɛ.sjɔ̃
-------
dégrever|de.ɡʁɛ.ɡʁə.ve
-------
dégrossisseuse|de.ɡʁo.søz
-------
déjecter|de.ʒɛk.te
-------
délamination|de.za.sjɔ̃
-------
délinquantielle|de.lɛ̃.sjɛl
-------
délitescente|de.li.sɑ̃t
-------
déluter|de.te
-------
démarchandisation|de.maʁ.li.za.sjɔ̃
-------
démarqueuse|de.maʁk.køz
-------
démasquable|de.mas.abl
-------
démasquage|de.mas.kaʒ
-------
démucilagination|de.za.sjɔ̃
-------
démutualisation|de.my.ti.li.za.sjɔ̃
-------
dénervation|de.za.sjɔ̃
-------
dénicotiniseur|de.ni.kɔ.ni.zœʁ
-------
dénigrer|de.ni.ʁe
-------
déontique|de.ɔ̃.tɔ.tik
-------
dépariage|de.paʁ.aʒ
-------
dépeigner|de.ne
-------
dépelliculage|de.aʒ
-------
dépelotonner|de.ne
-------
dépendeuse|de.døz
-------
déplanification|de.plɑ̃.za.sjɔ̃
-------
dépolluante|de.pɔ.ɑ̃t
-------
dépoussiérante|de.pu.sje.ɑ̃t
-------
déprimogène|de.pʁi.ʒɛn
-------
désagrégeante|de.za.ɡʁe.ɑ̃t
-------
désambiguïsatrice|de.za.tʁis
-------
désaméricanisation|de.za.li.za.sjɔ̃
-------
désarçonnante|de.zaʁ.nɑ̃t
-------
désaxement|de.zak.mɑ̃
-------
désenfler|de.zɑ̃.ɑ̃.fle
-------
déserteuse|de.zɛʁt.tøz
-------
désherbante|de.zɛʁ.ɑ̃t
-------
déshuilage|de.zy.ɥi.laʒ
-------
déshuntage|de.zy.taʒ
-------
déshydrogénase|de.zi.-------
désiliciage|de.zɛ̃.aʒ
-------
désinfectrice|de.zɛ̃.fɛk.tʁis
-------
désingularisation|de.zɛ̃.li.za.sjɔ̃
-------
désoxyribonucléase|de.zɔk.si.ʁi.bo.ny.kle.az
-------
désoxyribonucléoprotéique|de.zɔk.si.pʁɔ.tɛik
-------
déspiritualisation|li.za.sjɔ̃
-------
déstressante|de.ɑ̃t
-------
désyndicalisation|de.sɛ̃.kʁɔ.li.za.sjɔ̃
-------
détartrante|de.taʁ.ɑ̃t
-------
détoxifiante|de.tɔk.si.fjɑ̃t
-------
déverbatif|de.vɛʁ.tif
-------
dévésiculeur|de.lœʁ
-------
eV|ɑ̃.-------
ecballium|ljɔm
-------
ectotrophe|ɛk.tɔ.tʁɔf
-------
efflorescente|e.flɔ.ʁɛ.ʁe.sɑ̃t
-------
effractive|e.tiv
-------
effusivité|fy.li.te
-------
eisangélie|li
-------
elliptocytose|lip.oz
-------
elæis|ɛl.-------
emballagiste|ɑ̃.ba.lɔ.ʒist
-------
embobineuse|ɑ̃.bɔ.bi.bi.nøz
-------
embratteler|ɑ̃.a.tə.le
-------
embryonnée|ɑ̃.bʁi.jɔ̃.ne
-------
embryophagie|ɑ̃.bʁi.jɔ.lɔ.ʒi
-------
empaqueteuse|ɑ̃.pak.tøz
-------
empathe|ɑ̃.pa.pat
-------
encaissante|ɑ̃.sɑ̃t
-------
encapsulement|ɑ̃.kap.sy.mɑ̃
-------
enceindre|ɑ̃.-------
encenser|ɑ̃.sɑ̃.ze
-------
enchausser|ɑ̃.se
-------
encliquetable|ɑ̃.kli.kə.tɑbl
-------
encroûtante|ɑ̃.tɑ̃t
-------
encéphalomyélite|ɑ̃.se.fa.mje.lit
-------
endolocalisation|ɑ̃.dɔ.lɔ.li.za.sjɔ̃
-------
endophasie|ɑ̃.dɔ.zi
-------
endoénergétique|ɑ̃.dɔ.e.nɛʁ.ʒe.tik
-------
enduiseuse|ɑ̃.zøz
-------
engazonneuse|ɑ̃.ɡa.nøz
-------
engouiller|ɑ̃.je
-------
engrumeler|ɑ̃.le
-------
enguichée|ɑ̃.ʃe
-------
enjaveler|ɑ̃.le
-------
enlacer|ɑ̃.la.se
-------
enleveuse|ɑ̃.vøz
-------
ennealogie|ɑ̃.lɔ.ʒi
-------
enrichir|ɑ̃.ʁi.ʃiʁ
-------
enroulable|ɑ̃.abl
-------
enrubanneuse|ɑ̃.ʁy.ba.nøz
-------
ensellement|ɑ̃.mɑ̃
-------
ensouillement|ɑ̃.mɑ̃
-------
entonner|ɑ̃.ne
-------
envieusement|ɑ̃.vjøz.mɑ̃
-------
envoûteuse|ɑ̃.tøz
-------
ergastoplasme|ɛʁ.tɔ.plasm
-------
ergotine|ɛʁɡ.tin
-------
erratisme|ɛ.ʁa.tik.tism
-------
escarrotique|ɛs.kaʁ.tik
tik
-------
escompteuse|ɛs.kɔ̃t.tøz
-------
espaces-temps|ɛs.pas.tɑ̃
-------
esprofonder|ɛs.de
-------
esquintante|ɛs.tɑ̃t
-------
essencière|ɛs.ɛʁ
-------
essorante|e.sɔʁ.ɔ.ʁɑ̃t
-------
estampeuse|ɛs.tɑ̃p.pøz
-------
estampilleuse|ɛs.tɑ̃.pij.pi.jøz
-------
estradiène|ɛs.tʁa.djɛn
-------
estroprogestative|pʁo.ʒɛs.ta.tif
-------
ethnomédecine|ɛt.nɔ.mɛd.sin
-------
ethnométhodologue|ɛt.nɔ.lɔɡ
-------
ethnosociologie|ɛd.no.lɔ.ʒi
-------
euchromatine|ø.ka.ʁis.tin
-------
euménide|ø.id
-------
eupnéique|ø.tik
-------
europhobe|ø.ʁo.fɔb
-------
européocentriste|ø.ʁo.sɑ̃.tʁist
-------
euryapside|ø.ʁɔ.ap.sid
-------
eurythermie|ø.ʁɔ.tɛʁ.mi
-------
excipée|ɛk.si.pe
-------
exfoliante|lja.ljɑ̃t
-------
exinscrite|ɛɡ.ʁit
-------
exocuticule|ɛɡ.zɔ.kyl
-------
exogroupe|ɛɡ.zɔ.ɡʁup
-------
exogénéité|ɛɡ.zɔ.li.te
-------
exopolysaccharide|sa.ka.ʁid
-------
exorcistat|ɛɡ.zɔʁ.ta
-------
exothermicité|ɛɡ.zɔ.li.te
-------
exothermie|ɛɡ.zɔ.tɛʁ.mi
-------
expertes-comptables|ɛk.spɛʁt.-------
experts-comptables|ɛk.spɛʁ.-------
expressiste|ɛk.spʁɛs.ɡʁɛ.sist
-------
expropriante|ɛks.pʁɔ.pʁi.pʁi.jɑ̃t
-------
extatisme|ɛk.sta.tik.tism
-------
extracorporelle|ɛks.tʁa.kɔʁ.pɔ.ʁel
-------
extractabilité|ɛks.tʁak.bi.li.te
-------
extrapolable|ɛks.tʁa.abl
-------
extrovertie|ɛk.stʁa.ti
-------
fagacée|fa.se
-------
faisandière|fə.zɑ̃.djɛʁ
-------
faisanneau|fə.zɑ̃.a.no
-------
falsificationnisme|fal.si.fi.ka.sjɔ̃.sjɔ.nism
-------
famennoise|fa.nwaz
-------
farnésol|faʁ.sɔl
-------
fastigiée|fa.ʒje
-------
faubérer|fo.ʁe
-------
fauchet|foʃ.ʃɛ
-------
favique|fa.tik
-------
façonneuse|fa.sɔ.nøz
-------
feld-maréchal|ʃal
-------
feldspathoïde|fɛl.dspat.id
-------
fenwick|-------
fermenteur|fɛʁm.tœʁ
-------
ferricyanure|fɛ.sja.nyʁ
-------
ferriprive|fɛ.ʁiv
-------
ferro-magnésienne|fɛ.ʁɔ.sjɛn
-------
ferromagnésienne|ʁo.ma.sjɛn
-------
ferrotypie|fɛ.ʁɔ.pi
-------
fettucine|sin
-------
feuillardière|fœ.jaʁ.djɛʁ
-------
fibrinolyse|fi.liz
-------
fibrinolytique|fi.li.tik
-------
fibrinémie|fi.mi
-------
fibrocyte|fi.bʁɔ.sit
-------
figuriniste|fi.ɡy.nist
-------
filicinée|fi.ne
-------
filicophyte|fi.fit
-------
filonienne|fi.lɔ̃.njɛn
-------
fin'amor|fɛ̃.ɔʁ
-------
financiarisme|fi.nɑ̃.sja.ta.ʁism
-------
finitiste|fɛ̃.tist
-------
finslérienne|fɛ̃.ʁjɛn
-------
fish-eye|fi.-------
flingot|ɡo
-------
flognarde|flɔ.ɲaʁd
-------
floridée|flɔ.ʁi.de
-------
fluocompacte|fly.ɔ.kɔ̃.pakt
-------
fluofibre|fly.ɔ.fibʁ
-------
flupyrsulfuron|ʁɔ̃
-------
fluxomique|fly.mik
-------
focométrie|fɔk.me.tʁi
-------
focométrique|fɔk.me.tʁik
-------
fonctorielle|fɔ̃k.sjɔ.ɛl
-------
fontanili|fɔ̃.li
-------
fordienne|fɔʁ.djɛn
-------
formicante|fɔʁ.mi.ka.ɑ̃t
-------
fouder|de
-------
fourgat|fuʁ.ɡa
-------
fractographie|fʁak.ɡʁa.fi
-------
frappologie|fʁa.lɔ.ʒi
-------
free-shop|fʁi.ʃɔp
-------
frigoporteur|fʁi.ɡo.tœʁ
-------
frisko|fʁi.ko
-------
frousser|fʁu.se
-------
fr|te
-------
fréquentiste|fʁe.kɑ̃.tist
-------
ftp|fœ.jɛ
-------
fuguée|fy.ɡe
-------
fulvique|fyl.tik
-------
fumariacée|fy.se
-------
funiculite|fy.ni.lit
-------
fusionnante|fy.zjɔ.nɑ̃t
-------
fusuline|fy.lin
-------
futurible|fy.ty.sibl
-------
fénéthylline|bi.lin
-------
févier|fe.vje
-------
gabbroïque|ɡa.bʁo.ik
-------
gadzart|ɡa.aʁ
-------
galactane|ɡal.tan
-------
galactosamine|ɡa.lak.tɔ.a.min
-------
galactosidase|ɡa.lak.tɔ.daz
-------
galactosémie|ɡal.mi
-------
galbante|ɡal.ɑ̃t
-------
galvanoscope|ɡal.va.ɔp
-------
galéopithèque|ɡa.le.tɛk
-------
gammaglobuline|ɡlɔ.by.lin
-------
gammiste|ɡa.mist
-------
gamétange|ɡa.ɑ̃ʒ
-------
garalde|ɡa.-------
garba|ɡaʁ.ba
-------
gargantua|ɡaʁ.y.a
-------
gaspilleuse|ɡas.pi.pi.jøz
-------
gattilier|lje
-------
gaufroir|ɡo.-------
gaulthérie|ɡo.ʁi
-------
gayolle|ɡɛ.-------
gazonnement|zɔ.mɑ̃
-------
gaïacol|ɡa.jak.kɔl
-------
gendarmesque|ʒɑ̃.daʁm.mɛsk
-------
gentamicine|ʒɑ̃.sin
-------
gentianacée|ʒɑ̃.se
-------
gentianée|ʒɑ̃.ne
-------
gentilhommerie|ʒɑ̃.ti.ʁi
-------
genépi|ʒɑ̃.e.pi
-------
gestaltiste|ɡeʃtalt.al.tist
-------
gestuaire|ʒɛs.ɛʁ
-------
gewurztraminer|ne
-------
giardia|ʒi.dja
-------
gibbsite|ʒi.sit
-------
gibbule|ʒi.byl
-------
gigantale|ʒi.ɡɑ̃.tal
-------
gingivectomie|ʒɛ̃.ʒi.tɔ.mi
-------
gingivorragie|ʒɛ̃.ʒi.lɔ.ʒi
-------
girouettisme|ʒi.tism
-------
glaisière|ɡla.ɛʁ
-------
glanage|ɡlɑ̃.naʒ
-------
glockenspiel|ɡlɔ.sjɛl
-------
glossette|ɡlɔ.sɛt
-------
glosso-pharyngienne|ɡlɔ.ʒjɛ̃n
-------
glossématique|ɡlɔ.ma.tik
-------
glucanase|ɡly.-------
glucosinolate|ɡly.lat
-------
glycanase|ɡli.kɔ.-------
glycogénolyse|ɡli.kɔ.liz
-------
glycogénose|ɡli.kɔ.oz
-------
glycosylée|ɡli.kɔ.le
-------
glyptodonte|ɡlip.to.dɔ̃.dɔ̃t
-------
gneissique|si.sik
-------
gnoll|-------
gnotobiotique|tik
-------
gnétophyte|fit
-------
gobeuse|ɡɔ.bøz
-------
gogole|ɡo.ɡo.ɡɔl
-------
gondolante|ɡɔ̃.ɑ̃t
-------
gonococcie|ɡɔ̃.si
-------
gonococcique|ɡɔ̃.sik
-------
gonopode|ɡɔ̃.pɔd
-------
gonoréaction|ɡɔ̃.za.sjɔ̃
-------
gopi|pi
-------
gouelle|ɡu.ɛl
-------
goulache|ɡu.aʃ
-------
gourmade|ɡuʁ.mad
-------
grabatisation|ɡʁa.ba.li.za.sjɔ̃
-------
grafcet|ɡʁa.sɛ
-------
graissante|ɡʁa.ɑ̃t
-------
gramicidine|ɡʁa.din
-------
graminacée|ɡʁa.se
-------
gramscisme|ɡʁa.sism
-------
granoclassement|ɡʁɑ̃.mɑ̃
-------
grapheuse|ɡʁaf.ʃøz
-------
grassmannienne|njɛn
-------
gravatière|ɡʁa.tjɛʁ
-------
grenadage|ɡʁə.na.a.daʒ
-------
grenouillante|ɡʁə.nu.ɑ̃t
-------
grenouillesque|ɡʁə.nuj.lɛsk
-------
griffade|ɡʁi.fad
-------
gringolée|ɡʁin.ɡo.le
-------
griséofulvine|ɡʁi.vin
-------
grièche|ɡʁi.-------
gros-boutiste|ɡʁo.tist
-------
groupoïde|ɡʁu.id
-------
grugeuse|ɡʁy.ʒøz
-------
grumier|ɡʁy.mje
-------
gr|te
-------
gréeuse|ɡʁe.øz
-------
gréver|ɡʁe.vɛʁ
-------
guaïfénésine|zin
-------
guernouille|nuj
-------
guerroyeuse|jøz
-------
guignarde|ɡi.ɲaʁd
-------
guilleri|ɡij.ʁi
-------
guillocheuse|ɡi.jɔ.ʃøz
-------
guttiféracée|se
-------
gymnarque|ʒim.naʁk
-------
gynerium|ʒi.ne.ʁjɔm
-------
gynogenèse|ʒi.ne.ʒə.nɛz
-------
gynogénétique|ʒe.ne.tik
-------
gyrencéphale|ʒi.ʁɔ.se.fal
-------
gyrobicoupole|ʒi.ʁɔ.ku.pɔl
-------
gyropilote|ʒi.ʁɔ.pi.lɔt
-------
génosociogramme|ʒe.ɡʁam
-------
génothérapie|ʒe.te.ʁa.pi
-------
généthliaque|ʒe.ne.ljak
-------
génétisme|ʒe.ne.tism
-------
génétiste|ʒe.ne.tist
-------
géostrophique|ʒe.ɔ.stʁa.ɡʁa.fik
-------
géosynclinal|ʒe.sɛ̃.nal
-------
géraniée|ʒe.ʁa.nje
-------
gérontoxon|ʒe.ʁɔ̃.tɔ.-------
gîtage|taʒ
-------
habeas|ha.ɑs
-------
hachischine|a.ʃiʃ.ʃin
-------
hachischée|a.ʃe
-------
halioculture|a.kyl.tyʁ
-------
halkiner|a.ne
-------
hallucinose|ol.oz
-------
halotechnie|a.lo.tɔ.ni
-------
hand-ball|ɑ̃.di.-------
handeler|ɑ̃.di.le
-------
haplo-diploïdisation|a.plɔ.li.za.sjɔ̃
-------
happement|ap.mɑ̃
-------
haschichine|haːʃ.ʃin
-------
haschichisme|haːʃ.ʃism
-------
haschichée|haːʃ.ʃe
-------
haschischine|haːʃ.ʃin
-------
haschischisme|haːʃ.ʃism
-------
haschischée|haːʃ.ʃe
-------
hasmonéenne|ne.ɛn
-------
haïsseuse|a.søz
-------
hebdomadière|ɛb.do.djɛʁ
-------
hectopièze|ɛk.piɛz
-------
heimatlosat|za
-------
hemigrammus|mys
-------
hensélienne|ljɛn
-------
heptoxyde|ɛp.ɔk.sid
-------
hermesse|ɛʁ.mɛs
-------
herpétiforme|ɛʁ.pe.tɔ.fɔʁm
-------
herpétique|ɛʁ.pe.tɔ.tik
-------
hertzienne|ɛʁ.sjɛn
-------
hervienne|ɛʁ.vjɛn
-------
hexachlorophène|ɛɡ.za.klo.ʁo.fi.lɔ.fen
-------
hexacorde|ɛɡ.za.kɔʁd
-------
hexafluorure|ɛɡ.za.fly.ɔ.ʁyʁ
-------
hexanoïque|ɛɡ.zan.ik
-------
hexatonique|ɛɡ.za.nik
-------
hexitol|ɛʁ.tɔl
-------
hibernante|i.bɛʁ.ɑ̃t
-------
hilotisme|i.tism
-------
hipparion|i.a.ʁjɔ̃
-------
hippocastanacée|i.pɔ.se
-------
hippophaé|i.pɔ.-------
hobbesienne|bi.sjɛn
-------
hodographe|od.ʒa.ɡʁaf
-------
hojjat-al-islam|is.lam
-------
hoki|ɔ.ki
-------
holocristalline|ɔ.lɔ.kʁis.ta.lin
-------
holomorphe|ɔ.lɔ.mɔʁf
-------
holomorphie|ɔ.lɔ.ɡʁa.fi
-------
holomorphiquement|mɑ̃
-------
holonome|ɔ.lɔ.nɔm
-------
holonomie|ɔ.lɔ.nɔ.mi
-------
holostéen|ɔ.lɔ.ɑ̃
-------
homoganique|ɔ.mɔ.nik
-------
homogénéisante|ɔ.mɔ.ʒe.zɑ̃t
-------
homogénéisateur|ɔ.mɔ.ʒe.tœʁ
-------
homogénéisatrice|ɔ.mɔ.ʒe.tʁis
-------
homéothermie|ɔ.me.ɔ.tɛʁ.mi
-------
hongreuse|ɔ̃ɡʁ.ɡʁøz
-------
hongroyeuse|ɔ̃.ɡʁwa.jøz
-------
horocycle|ɔ.sikl
-------
horocyclique|ɔ.si.klik
-------
horosphère|ɔ.sfɛʁ
-------
hot-line|ɔ.lin
-------
houillification|za.sjɔ̃
-------
houspilleuse|u.pi.jøz
-------
hpz|i
-------
humagne|y.ma.-------
humidistance|y.mi.di.dis.tɑ̃s
-------
hummock|y.-------
husserlienne|y.ljɛn
-------
hyaloclastite|ja.tit
-------
hyaluronidase|ja.daz
-------
hydralcoolique|i.dʁɔ.al.kɔ.lik
-------
hydranthe|i.dʁɔ.-------
hydrazone|i.dʁɔ.zon
-------
hydrocharidée|i.dʁɔ.de
-------
hydrogénosulfate|i.dʁɔ.ʒe.syl.fat
-------
hydrogénosulfite|i.dʁɔ.ʒe.syl.fit
-------
hydrogénosulfure|i.dʁɔ.ʒe.syl.fyʁ
-------
hydropathe|i.dʁɔ.pat
-------
hydropulseur|i.dʁɔ.pʁɔ.pyl.sœʁ
-------
hydroxylase|i.dʁɔ.bok.si.laz
-------
hydroxylation|i.dʁɔ.za.sjɔ̃
-------
hydrozoaire|i.dʁɔ.ɛʁ
-------
hydrurée|i.dʁɔ.y.ʁe
-------
hygrostat|i.ɡʁɔ.ta
-------
hylobatidé|i.de
-------
hyperaldostéronisme|i.pɛ.nism
-------
hypercholestérolémique|i.pɛʁ.mik
-------
hypercorticisme|i.pɛʁ.kɔ.sism
-------
hypergame|i.pɛʁ.ɡa.ɡam
-------
hypergonar|i.pɛʁ.naʁ
-------
hypernovæ|i.pɛʁ.-------
hyperostose|i.pɛʁ.oz
-------
hyperoxie|i.pɛʁ.si
-------
hyperphalangie|i.pɛʁ.fa.-------
hyperprolactinémie|i.pɛʁ.ne.mi
-------
hypersialie|i.pɛʁ.li
-------
hyperémèse|i.pɛʁ.nɛz
-------
hypnothérapeutique|ip.nɔ.te.ʁa.pø.tik
-------
hypoalgésie|i.a.zi
-------
hypodermose|i.pɔ.oz
-------
hypogame|i.pɔ.ɡam
-------
hypogonadisme|i.pɔ.dism
-------
hypopituitarisme|i.pɔ.ta.ʁism
-------
hypoprotéinémie|i.pɔ.mi
-------
hélicase|e.li.kɑz
-------
héliozoaire|e.ljo.ɛʁ
-------
héloderme|e.dɛʁm
-------
hémangiome|e.ma.ɑ̃.ʒjɔm
-------
hémarthrose|e.ma.aʁ.tʁoz
-------
hématique|e.ma.tik
-------
hématoporphyrine|e.ma.tɔ.pɔʁ.fi.ʁin
-------
hémiperméable|e.mi.pɛʁ.me.abl
-------
hémosidérine|e.mɔ.e.ʁin
-------
hémérobe|e.me.ʁɔ.ʁɔb
-------
héparane|e.pa.-------
hépiale|e.pa.al
-------
hétérocentrique|e.te.ʁo.tʁik
-------
hétéroprothallie|e.te.ʁo.li
-------
ice-field|i.-------
ice-shelf|i.-------
ichtyosaure|ik.sɔʁ
-------
icositétraèdre|i.te.tʁa.ɛdʁ
-------
idempotence|id.pɔ.tɑ̃s
-------
idempotente|id.tɑ̃t
-------
identifieur|id.tœʁ
-------
identitarisme|i.dɑ̃.ti.ta.ʁism
-------
idiotype|i.djɔ.tip
-------
iduronique|nik
-------
idéotype|i.de.ɔ.tip
-------
ijtihad|ad
-------
ilicacée|i.se
-------
illégitimement|i.le.ʒi.tim.mɑ̃
-------
ilotisme|il.tism
-------
imagoïque|i.ma.ɡo.ik
-------
immatériellement|i.ma.te.mɑ̃
-------
immodestement|i.mɔ.mɑ̃
-------
immortellement|i.mɔʁ.tɛl.mɑ̃
-------
immunogénicité|i.my.nɔ.si.te
-------
immunosupprimée|i.my.nɔ.me
-------
imparidigitée|ɛ̃.paʁ.di.ʒi.te
-------
imperfectible|ɛ̃.pɛʁ.fɛk.fɛk.tibl
-------
imperforée|ɛ̃.pɛʁ.ɔ.ʁe
-------
imperçable|ɛ̃.pɛʁ.abl
-------
imports-exports|ɛ̃.pɔʁ.-------
impurement|ɛ̃.pyʁ.mɑ̃
-------
impénitence|ɛ̃.pe.tɑ̃s
-------
inappliquée|i.na.pli.ke
-------
inapprivoisée|i.na.ze
-------
inappropriable|i.na.pʁɔ.abl
-------
inappréciée|i.na.sje
-------
inarrachable|i.na.abl
-------
inassujettie|i.na.ti
-------
inattaquée|i.na.ke
-------
inavouablement|i.na.vwabl.mɑ̃
-------
incestueusement|ɛ̃.sɛs.tɥøz.mɑ̃
-------
inciseur|ɛ̃.siz.zœʁ
-------
incivilement|ɛ̃.si.vil.mɑ̃
-------
incoterm|ɛ̃.kɔ̃.-------
incrustante|ɛ̃.kʁys.ta.tɑ̃t
-------
incrusteuse|ɛ̃.kʁys.tøz
-------
indianisme|ɛ̃.dja.nism
-------
individualisable|ɛ̃.di.vi.dy.li.zabl
-------
individualisante|ɛ̃.di.vi.dy.li.zɑ̃t
-------
individualisation|ɛ̃.di.vi.dy.li.za.sjɔ̃
-------
indivisément|ɛ̃.di.vi.mɑ̃
-------
indébrouillable|ɛ̃.de.abl
-------
indéchiffrée|ɛ̃.de.ʃi.fʁe
-------
indécodable|ɛ̃.de.abl
-------
indécrochable|ɛ̃.de.kʁɔ.abl
-------
indéfinissablement|ɛ̃.de.fi.blə.mɑ̃
-------
indélicatement|ɛ̃.de.li.kat.mɑ̃
-------
inengendrée|i.nɑ̃.dʁe
-------
ineptement|i.nɛpt.mɑ̃
-------
inexpiablement|i.nɛk.spjabl.mɑ̃
-------
inexécutée|i.nɛk.te
-------
infigurabilité|ɛ̃.fi.bi.li.te
-------
infradienne|ɛ̃.fʁa.djɛn
-------
infructueusement|ɛ̃.fʁa.mɑ̃
-------
iniquement|i.nik.mɑ̃
-------
injaculation|ɛ̃.za.sjɔ̃
-------
inquestionnée|ɛ̃.ne
-------
insituable|ɛ̃.si.ty.abl
-------
insulinase|ɛ̃.sy.li.-------
insulinome|ɛ̃.sy.li.nɔm
-------
insurgente|ɛ̃.syʁ.yʁ.ʒɑ̃t
-------
intellectisme|ɛ̃.te.lɛkt.tism
-------
intellectualité|ɛ̃.te.lɛk.li.te
-------
intemporellement|ɛ̃.tɑ̃.pɔ.ʁɛl.mɑ̃
-------
interféron|ɛ̃.tɛʁ.fe.ʁɔ̃
-------
interleukine|ɛ̃.tɛʁ.kin
-------
interministérialité|ɛ̃.tɛʁ.mi.bi.li.te
-------
internégatif|ɛ̃.tɛʁ.tif
-------
intertrigo|ɛ̃.tɛʁ.ɡo
-------
intraépithéliale|ɛ̃.tʁa.te
-------
introublée|ɛ̃.tʁo.ble
-------
intuitu|in.ty
-------
intégrodifférentielle|ɛ̃.te.di.fe.ʁɑ̃.sjɛl
-------
invalidement|ɛ̃.va.lid.mɑ̃
-------
inventoriage|ɛ̃.vɑ̃.aʒ
-------
inversable|ɛ̃.vɛʁ.sabl
-------
inversible|ɛ̃.vɛʁ.sibl
-------
ipso|ɛ̃.so
-------
ipéca|i.pe.ka
-------
iridocyclite|i.ʁi.lit
-------
irish-terrier|i.ʁis.tɛ.ʁje
-------
irrachetable|i.ʁa.aʃ.tabl
-------
irrassasiée|i.ʁa.ne
-------
irrotationnelle|sjɔ.nɛl
-------
irréflexion|i.ʁe.flek.sjɔ̃
-------
irréfutée|i.ʁe.fy.fy.te
-------
irréligieusement|i.ʁe.li.ʒjøz.mɑ̃
-------
irrésignée|i.ʁe.zis.ne
-------
irrévélée|i.ʁe.ve.le
-------
irrévérente|i.ʁe.ve.ʁɑ̃t
-------
isenthalpe|i.zɑ̃.tal.alp
-------
isocortex|i.zɔ.tɛks
-------
isogame|i.zo.ɡam
-------
isolectotype|i.zɔ.tip
-------
isomonodromique|i.zɔ.me.mik
-------
isomorphiquement|i.zɔ.mɔʁ.mɑ̃
-------
isoniazide|i.zɔ.id
-------
isopropanol|i.pʁɔ.ta.nɔl
-------
isoprénaline|i.zo.dʁe.na.lin
-------
isoprénique|i.zo.nik
-------
isospectralité|i.zo.bi.li.te
-------
isosporie|i.zo.ʁi
-------
isosyntype|i.zo.tip
-------
isozyme|i.zɔ.zim
-------
italianiste|i.ta.lja.nist
-------
ivressomètre|ivʁ.mɛtʁ
-------
jacée|ʒa.se
-------
jalap|ʒa.-------
jalonnement|ʒa.lɔ.mɑ̃
-------
japonologie|ʒa.pɔ̃.lɔ.ʒi
-------
japonologue|ʒa.pɔ̃.lɔɡ
-------
jargonneuse|ʒaʁ.ɡɔ.nøz
-------
jarovisation|ʒaʁ.li.za.sjɔ̃
-------
jasmonate|nat
-------
jasmonique|nik
-------
jaunir|ʒɔ.y.niʁ
-------
javer|ʒa.vɛʁ
-------
jennérienne|ne.ʁjɛn
-------
jihadisme|ʒi.ad.dism
-------
jocoler|ʒɔ.le
-------
jointeuse|ʒwɛ̃.tøz
-------
joncher|ʒɔ̃.ʃe
-------
joncteur|ʒɔ̃k.sjɔ̃.tœʁ
-------
jottereau|o
-------
jugeuse|ʒyʒ.ʒøz
-------
jurement|ʒy.mɑ̃
-------
juridicisation|ʒy.ʁi.dik.li.za.sjɔ̃
-------
jutage|ʒy.taʒ
-------
kafkaïenne|jɛn
-------
kala-azar|ka.zaʁ
-------
kaotiser|ka.li.ze
-------
kbit|bit
-------
kelvinomètre|kɛl.vin.mɛtʁ
-------
kentrophylle|kɛn.ʁɔ.fil
-------
kenyapithèque|tɛk
-------
khalifale|ka.al
-------
khédiviale|ke.al
-------
kibboutznik|ki.bi.nik
-------
kimbanguisme|lɛ̃.ɡwism
-------
kissel|ki.sɛl
-------
kleinienne|njɛn
-------
kn|sjɔ̃
-------
kpc|pus
-------
kravmaga|ɡa
-------
kriegspiel|sjɛl
-------
krishnaïsme|ism
-------
krump|-------
kth|kon.traw
-------
kyriologique|lɔ.ʒik
-------
kénose|ke.oz
-------
kératane|ke.ʁa.tan
-------
kératocône|ke.ʁa.kon
-------
kétoconazole|a.zɔl
-------
labdanum|la.da.nɔm
-------
labium|la.bjɔm
-------
laboriste|la.bo.ʁist
-------
lacanisme|lak.nism
-------
lacquemant|lak.mɑ̃
-------
lactocoque|lak.kɔk
-------
lacérante|lak.ɑ̃t
-------
lamaneuse|la.ma.nøz
-------
lamarckisme|la.maʁ.kism
-------
lambliase|lɑ̃.-------
lambourde|lɑ̃.buʁd
-------
lamellophone|lam.fɔn
-------
landammann|lɑ̃.-------
landaulet|lɑ̃.do.lɛ
-------
landgravine|lɑ̃d.ʁa.vin
-------
landsturm|lɑ̃d.-------
laneret|lɑ̃.ʁɛ
-------
langueyage|lɑ̃ɡ.aʒ
-------
lançable|lɑ̃.abl
-------
laparoscopique|la.pa.pik
-------
lasting|la.tiŋ
-------
lasurer|la.zyʁ.ʁe
-------
laticifère|la.ti.fɛʁ
-------
layetière|tjɛʁ
-------
lazzarone|la.-------
laïusseuse|la.i.søz
-------
lb|li.-------
lectotype|lɛk.tip
-------
lemnacée|lɛ.se
-------
lentigine|lɑ̃.ti.ʒin
-------
lepte|lɛp.-------
lesquerellique|lik
-------
lessivable|lɛs.abl
-------
lessivière|lɛs.ɛʁ
-------
letchi|lɛ.ki
-------
leucocyturie|lø.kɔ.ʁi
-------
leucoencéphalite|lø.ɑ̃.se.fa.lit
-------
leucogranite|lø.ɡʁa.nit
-------
leucotrichie|lø.ʃi
-------
leucoxène|lø.sɛn
-------
lewisite|sit
-------
lignane|li.nan
-------
lignarde|li.ɲaʁd
-------
linalol|li.-------
linçoir|lɛ̃.swaʁ
-------
linéarisabilité|li.ne.a.bi.li.te
-------
litharge|li.ʃaʁʒ
-------
lithiasique|li.tik
-------
lithine|li.ti.tin
-------
lithothamnium|li.to.njɔm
-------
lm|li.-------
loirétaine|lwaʁ.ɛn
-------
lombarthrose|lɔ̃.aʁ.tʁoz
-------
lombostat|lɔ̃.ta
-------
longimétrie|lɔ̃.ʒi.me.tʁi
-------
longuéenne|lɔ̃.ɛn
-------
longévive|lɔ̃.viv
-------
lonotriche|lɔ̃.tʁiʃ
-------
loranthacée|lɔ.se
-------
ludopoésie|ly.zi
-------
ludospace|ly.eɪs
-------
ludwigia|ly.-------
lumachelle|ly.mi.ɛl
-------
lumachellique|lik
-------
luministe|ly.mi.nist
-------
luminomètre|ly.mi.mɛtʁ
-------
lupercale|ly.kal
-------
lutéinisation|ly.te.li.za.sjɔ̃
-------
luxembourgiste|lyks.lɔ.ʒist
-------
luxembourgophone|lyks.fɔn
-------
luxuriance|lyk.sy.va.ʁjɑ̃s
-------
lx|li.-------
lychnide|li.id
-------
lysergide|liz.id
-------
lysosomiale|li.zɔ.al
-------
léchable|le.abl
-------
lécithine|le.tin
-------
léonardesque|le.ɔ.dɛsk
-------
lépidosirène|le.pi.si.ʁɛn
-------
lévamisole|le.sɔl
-------
mR|ma.-------
macassar|mak.saʁ
-------
maceron|mak.ʁɔ̃
-------
machiavel|ma.kja.ve.vɛl
-------
macroglossie|mak.zi
-------
macroscopique|ma.kʁo.pik
-------
macroscélide|mak.id
-------
madrinienne|ma.dʁi.njɛn
-------
madréporaire|ma.ʁɛʁ
-------
magadhi|ma.ɡa.di
-------
maghzen|ma.zɛn
-------
magnésioferrite|ma.ɲe.fɛ.ʁit
-------
magouilleuse|ma.ɡuj.jøz
-------
maharashtri|ma.a.ʁa.tʁi
-------
mailing-list|maj.-------
maillure|maj.yʁ
-------
mainmortable|mɛ̃.tɑbl
-------
malebranchiste|ma.plɑ̃.ʃist
-------
malletière|mal.tjɛʁ
-------
malmenage|mal.naʒ
-------
maltôte|malt.-------
malvenante|mal.nɑ̃t
-------
mamelonnaire|mamə.lɔ̃.nɛʁ
-------
mandibulate|mɑ̃.lat
-------
manilleuse|ma.nij.jøz
-------
manodétendeur|ma.de.tɑ̃.dœʁ
-------
manuaire|mɑ̃.ɛʁ
-------
manuscriptologie|ma.nys.lɔ.ʒi
-------
maquereautage|ma.kʁo.taʒ
-------
maratoner|ma.ne
-------
margaille|maʁ.ɡaj
-------
marmotteuse|maʁ.mɔt.tøz
-------
maroquinière|ma.ʁɔ.kɛ̃.ɛʁ
-------
marteleuse|maʁ.løz
-------
matabicher|ma.ʃe
-------
matelotage|mat.taʒ
-------
maternologie|mat.lɔ.ʒi
-------
matoufet|ma.tu.fɛ
-------
matouner|ma.tu.ne
-------
maugréante|mo.ɑ̃t
-------
maurandie|mo.di
-------
mauvéine|mo.te.in
-------
maximisatrice|mak.si.mi.tʁis
-------
maïzena|ma.na
-------
medecine-ball|-------
mefenoxam|-------
menthone|mɑ̃.fɔn
-------
menuaille|mɑ̃.-------
merceriseuse|mɛʁ.sə.ʁi.zøz
-------
metolachlore|klɔʁ
-------
meulage|mø.aʒ
-------
mgr|ma.te
-------
microarray|mi.kʁo.-------
microdifférentiel|mi.kʁo.sjɛl
-------
microfibrée|mi.kʁo.bʁe
-------
micromanipulateur|mi.kʁo.ma.tœʁ
-------
microsomale|mi.kʁo.al
-------
microsomiale|mi.kʁo.al
-------
microtracteur|mi.kʁo.tœʁ
-------
microzoaire|mi.kʁo.ɛʁ
-------
milliröntgen|mi.ʁœ̃nt.ɡɛn
-------
millépore|mi.le.pɔʁ
-------
minispace|mi.eɪs
-------
minnesang|min.sɑ̃
-------
minéralocorticoïde|mi.ne.ʁa.kɔʁ.ti.ko.id
-------
miquelet|mi.lɛ
-------
miracidium|mi.djɔm
-------
misologie|mi.zo.lɔ.ʒi
-------
missilière|mi.ɛʁ
-------
mmHg|ma.-------
mobinaute|mɔb.not
-------
modalisme|mɔ.da.li.a.lism
-------
modelable|mɔd.abl
-------
modelante|mɔd.ɑ̃t
-------
modulor|mɔ.dy.lo.ɔʁ
-------
moksha|mɔ.ʃa
-------
molinisme|mɔ.li.nism
-------
molysmologie|mɔl.lɔ.ʒi
-------
mondiovision|mɔ̃.dja.vi.zjɔ̃
-------
monodromie|mɔ.di.tɔ.mi
-------
monodromique|mɔ.di.mik
-------
monométhylmercure|mɔ.no.me.mɛʁ.kyʁ
-------
mononucléidique|mɔ.no.dik
-------
monophasique|mɔ.no.fa.zik
-------
monophyodonte|mɔ.no.dɔ̃t
-------
monostiche|mɔ.no.tiʃ
-------
monoxène|mɔ.no.sɛn
-------
monsignor|mɔ̃s.nɔʁ
-------
moracée|mɔ.se
-------
morcelable|mɔʁ.abl
-------
moringa|mɔ.ɡa
-------
morphophonologie|mɔʁ.fɔ.lɔ.ʒi
-------
morphophonologique|mɔʁ.fɔ.lɔ.ʒik
-------
morphématique|mɔʁ.ma.tik
-------
mortinaissance|mɔʁ.ti.ne.sɑ̃s
-------
motorship|mɔ.tɔ.ʃip
-------
mototracteur|mɔ.tœʁ
-------
mouchetage|muʃ.taʒ
-------
mouilleur|muj.lœʁ
-------
moulineuse|mu.li.nøz
-------
mouna|mu.na
-------
moussage|mu.saʒ
-------
moviola|mɔ.la
-------
moyennable|mwa.nabl
-------
mth|ma
-------
mucolytique|my.li.tik
-------
mucopolysaccharide|sa.ka.ʁid
-------
mucoviscidosique|my.zik
-------
mucoïde|my.id
-------
mullite|myl.ti.lit
-------
muriate|my.-------
museuse|myz.søz
-------
mutationnisme|my.ta.sjɔ̃.sjɔ.nism
-------
mutationniste|my.ta.sjɔ̃.sjɔ.nist
-------
myasthénique|mi.ste.nik
-------
myoclonie|mjɔ.ni
-------
myocyte|mjɔ.sit
-------
myodésopsie|zi
-------
myofasciite|-------
myofibrille|fi.bʁil
-------
myogramme|ɡʁam
-------
myologique|lɔ.ʒik
-------
myomatose|oz
-------
myotatique|tik
-------
myringoplastie|mi.plas.ti
-------
myrmidone|miʁ.me.kɔ.dɔn
-------
myrtacée|miʁ.se
-------
myrtaie|miʁ.tɛ
-------
mytilotoxine|mi.ti.li.tɔk.sin
-------
myélodysplasique|mje.lɔ.dis.pla.pla.zik
-------
myéloproliférative|mje.lɔ.pʁɔ.li.fe.ʁa.tif
-------
myélotoxique|mje.lɔ.tɔk.sik
-------
méandrine|me.dʁin
-------
méatoscopie|me.a.pi
-------
médaillable|me.da.abl
-------
médailleuse|me.daj.jøz
-------
médaillier|me.da.lje
-------
médiopalatale|me.di.pa.la.tal
-------
médusante|me.dy.y.zɑ̃t
-------
mégacaryocyte|me.ɡa.sit
-------
mégacéphalie|me.ɡa.a.se.fa.li
-------
mégaloblastique|me.ɡa.lo.tik
-------
mégalocéphalie|me.ɡa.lo.se.fa.li
-------
mégaloptère|me.ɡa.lo.ɛʁ
-------
mégalérythème|me.ɡa.e.ʁi.tɛm
-------
mégaptère|me.ɡa.aptɛʁ
-------
mégatonnique|me.ɡa.nik
-------
méjanage|me.naʒ
-------
mélampyre|me.la.piʁ
-------
mélangeur-doseur|me.lɑ̃ʒ.zœʁ
-------
mélanodermie|me.la.tɛʁ.mi
-------
méliacée|me.lja.se
-------
méligèthe|me.-------
mélioïdose|me.doz
-------
mélongine|me.lo.ʒin
-------
ménagiste|me.lɔ.ʒist
-------
ménapienne|me.pjɛn
-------
méphitisme|me.tism
-------
mérelle|me.ɛl
-------
mésadaptée|me.te
-------
mésemploi|me.ɑ̃.plwa
-------
mésentérique|me.zɑ̃.ɑ̃.te.ʁik
-------
mésothéliale|me.te.al
-------
métabotypage|me.ta.ti.paʒ
-------
métaldéhyde|me.tal.al.de.id
-------
métallo|me.ta.lo
-------
métaxiale|me.ta.ak.sjal
-------
méthanoïque|me.ta.ik
-------
méthaqualone|me.ta.-------
méthylcyclopropane|me.ti.pʁɔ.pan
-------
méthylmercure|me.ti.mɛʁ.kyʁ
-------
méthémoglobinémie|mi
-------
métronidazole|me.tʁɔ.a.zɔl
-------
mézail|me.aj
-------
nahua|na.y.a
-------
nandrolone|na.-------
nanite|na.nit
-------
naphtol|naf.ta.tɔl
-------
nargueuse|naʁɡ.ɡøz
-------
navalisation|na.li.za.sjɔ̃
-------
naviplane|na.vi.plan
-------
navrance|na.ʁɑ̃s
-------
navrure|na.yʁ
-------
naïadacée|na.se
-------
nervosisme|nɛʁ.zism
-------
nescafé|nø.li.te
-------
netiquette|twa.kɛt
-------
neuraminidase|nø.ʁɔ.daz
-------
neuraminique|nø.ʁɔ.i.nik
-------
neuroblaste|nø.bjɔ.blast
-------
neuroblastome|nø.bjɔ.tɔm
-------
neuroplégique|nø.ʁɔ.lɔ.ʒik
-------
neurotensine|nø.ʁɔ.zin
-------
newsmagazine|ma.ɡa.zin
-------
nictitante|nik.tɑ̃t
-------
niellage|ni.jaʒ
-------
nilvariété|va.ʁje.te
-------
niobate|ni.bat
-------
niobite|ni.bit
-------
niqueuse|nik.køz
-------
nitrifiante|ni.tʁi.fjɑ̃t
-------
nitrocellulose|ni.se.ly.lɔz
-------
nivaquiner|ni.ne
-------
noblaillonne|nɔ.jɔn
-------
nobo|nɔ.bo
-------
nobscuriter|nɔ.te
-------
noethérienne|ʁjɛn
-------
nomenklaturiste|nɔm.ʁist
-------
non-alignée|nɔ̃.li.ɲe
-------
non-droit|nɔ̃.-------
noncer|nɔ̃.se
-------
noosphérique|o.sfe.ʁik
-------
normoblaste|nɔʁ.blast
-------
nosophobie|nɔ.zɔ.fɔ.bi
-------
nucléolyse|ny.kle.liz
-------
nummulite|ny.my.lit
-------
nyctaginacée|nik.ta.se
-------
nævocarcinome|kaʁ.si.nom
-------
négrerie|ne.ʁi
-------
némathelminthe|ne.ma.ɛl.mɛ̃t
-------
nématoblaste|ne.ma.blast
-------
nématocère|ne.ma.ɛʁ
-------
néocomienne|ne.o.mjɛn
-------
néolamarckisme|ne.ɔ.kism
-------
néosynéphrine|ne.fʁin
-------
néphritique|ne.tik
-------
néphroangiosclérose|ne.skle.ʁoz
-------
névrodermite|ne.vʁɔ.dɛʁ.mit
-------
oaï|ɔ.a.i
-------
objecteur|ɔb.ʒɛk.tœʁ
-------
obsessivement|ɔp.sɛʁ.mɑ̃
-------
obsolescente|ɔp.sɔ.dɔ.lɛ.sɑ̃t
-------
obviation|ɔb.za.sjɔ̃
-------
obédiencier|ɔ.be.sje
-------
obélie|ɔp.li
-------
occasionnaliste|ɔ.ka.zjɔ.list
-------
octalogie|ɔk.ta.lɔ.ʒi
-------
octanoïque|ɔ.tɑ̃.ik
-------
octodon|ɔk.tɔ.dɔ̃
-------
odontalgie|ɔ.dɔ̃.tɔ.lɔ.ʒi
-------
odontalgique|ɔ.dɔ̃.tɔ.al.ʒik
-------
odontoblaste|ɔ.dɔ̃.tɔ.blast
-------
ofbizextra|ɛks.tʁa
-------
oiseaux-soleils|wa.zo.il
-------
oldowayenne|jɛn
-------
oligandrine|ɔ.li.dʁin
-------
oligo-galacturonate|ɔ.li.ɡɔ.nat
-------
oligodendrogliome|ɔ.li.ɡɔ.ɡli.joːm
-------
oligogalacturonate|ɔ.li.ɡɔ.nat
-------
oligothérapie|ɔ.li.ɡɔ.te.ʁa.pi
-------
oligozoospermie|ɔ.li.ɡɔ.tɛʁ.mi
-------
olivaison|ɔ.li.zɔ̃
-------
ollas-podridas|ɔ.-------
oléfiante|ɔ.le.ɑ̃t
-------
oléohydraulique|ɔ.le.i.dʁo.lik
-------
oléopneumatique|ɔ.le.ɔ.ma.tik
-------
oléosome|ɔ.le.zom
-------
oléum|ɔ.le.ɔm
-------
ombrophile|ɔ̃.fil
-------
omnipraticienne|ɔm.ni.pʁe.pʁa.ti.sjɛn
-------
omnipuissante|ɔm.ni.pɥi.sɑ̃t
-------
omphacite|ɔ̃.fa.sit
-------
oncogenèse|ɔ̃.kɔ.ʒə.nɛz
-------
oniriquement|ɔ.ni.ʁik.mɑ̃
-------
onkotique|tik
-------
oolitique|tik
-------
oomycète|mi.sɛt
-------
opalisation|ɔ.pa.li.za.sjɔ̃
-------
opisthobranche|ɔ.pis.bʁɑ̃ʃ
-------
opsonique|ɔp.sɔ.nik
-------
opéras-bouffes|ɔ.pe.ʁa.-------
orbitofrontale|bi.to.fʁɔ̃.tal
-------
orchestie|ɔʁ.kɛs.ti
-------
ordovicienne|ɔʁ.dɔ.ti.sjɛn
-------
organisationnellement|ɔʁ.ɡa.ni.za.sjɔ̃.mɑ̃
-------
organomagnésienne|ɔʁ.ɡa.nɔ.sjɛn
-------
org|ɔʁ.ɡa
-------
orientement|ɔ.ʁjɑ̃.mɑ̃
-------
ornithischien|ɔʁ.ni.-------
ornithogale|ɔʁ.ni.ɡal
-------
orobe|ɔʁ.fɔb
-------
oropharynx|ɔ.ʁɔ.-------
orthophonique|ɔʁ.to.fɔ.nik
-------
orthoprothésiste|ɔʁ.to.pʁɔ.te.zist
-------
osmoprotecteur|ɔs.tœʁ
-------
osmotrophe|ɔs.tʁɔf
-------
ossiculoplastie|ɔ.plas.ti
-------
osso-buco|ɔ.ko
-------
ostéichtyen|ɔst.jɛn
-------
ostéocyte|ɔst.sit
-------
ostéogénie|ɔst.ʒe.ni
-------
ostéoplastie|ɔst.plas.ti
-------
ostéopontine|ɔst.tin
-------
ostéotomie|ɔst.tɔ.mi
-------
otospongiose|ɔ.tɔ.oz
-------
ourdisserie|uʁ.di.ʁi
-------
ourleuse|uʁ.løz
-------
ourlienne|uʁ.ljɛn
-------
outilleuse|awt.jøz
-------
outrigger|u.ʒe
-------
ouvre-gants|u.-------
ovariohystérectomie|ɔ.va.tɔ.mi
-------
ovarite|ɔ.va.ʁit
-------
ovigène|ɔ.vi.ʒɛn
-------
oviné|ɔ.vɛ̃.li.te
-------
ovoproduit|ɔ.vɔ.pʁɔ.dɥi
-------
oxazine|ɔk.sa.a.zin
-------
oxycarbonée|ɔk.si.kaʁ.bɔ.ne
-------
oxydimétrie|ɔk.si.me.tʁi
-------
oxydoréductase|ɔk.si.dɔ.staz
-------
oxyologie|ɔk.si.lɔ.ʒi
-------
ozonation|o.zo.za.sjɔ̃
-------
oz|ɔ.-------
pace-maker|pa.kœʁ
-------
pacfung|pa.-------
pagodon|pa.dɔ̃
-------
paidologie|lɔ.ʒi
-------
pailletage|pɑj.taʒ
-------
paillet|pɑj.jɛ
-------
palabreuse|pa.labʁ.bʁøz
-------
palatinat|pa.la.na
-------
palato-glosse|pa.la.ɡlɔs
-------
palefrenière|pal.ɛʁ
-------
palicinésie|pal.zi
-------
pallasite|la.sit
-------
palmacée|pal.se
-------
palmatiséquée|pal.ma.ti.ke
-------
palpitement|pal.pi.mɑ̃
-------
paléothérium|pal.ʁjɔm
-------
panacher|pa.ʃe
-------
panhypopituitarisme|ta.ʁism
-------
panniculite|pa.lit
-------
panorpe|pa.nɔ.ʁa.kaʁp
-------
pantouflière|pɑ̃.ɛʁ
-------
papaver|pa.pa.pa.ve
-------
papavéracée|pa.pa.se
-------
papillomatose|pa.pi.ma.toz
-------
papillonnement|pa.pi.jɔ.mɑ̃
-------
papoteuse|pa.pɔ.tøz
-------
paqueteuse|pa.kɛ.tøz
-------
parabiose|pa.ʁa.oz
-------
parachronisme|pa.ʁa.nism
-------
parachutale|pa.ʁa.ʃy.tal
-------
paraguante|pa.ʁa.ɑ̃t
-------
parahydroxybenzoïque|bɛ̃.zɔik
-------
paramédic|pa.ʁa.me.dik
-------
paraphrénie|pa.ʁa.fʁa.ni
-------
parasélène|pa.ʁa.lɛn
-------
paraxiale|pa.ʁa.ak.sjal
-------
parcheminerie|paʁk.ʁi
-------
parcheminière|paʁk.mi.njɛʁ
-------
parfondre|paʁ.fɔ̃dʁ
-------
paridigitidée|pa.ʁi.de
-------
parkinsonisme|paʁ.nism
-------
parodontolyse|pa.ʁɔ.dɔ̃.liz
-------
parodontose|pa.ʁɔ.dɔ̃.oz
-------
parotidienne|pa.ti.djɛn
-------
paroxysmale|pa.ʁɔk.al
-------
parqueteuse|paʁ.kə.tøz
-------
partoche|paʁ.tɔʃ
-------
passacaille|pa.kɑj
-------
passavant|pa.a.vɑ̃
-------
passette|pas.sɛt
-------
pataugeage|pa.to.aʒ
-------
pataugement|pa.to.mɑ̃
-------
patentage|pa.taʒ
-------
pathomimie|pa.tɔ.ʃi.mi
-------
pathosystème|pa.tɔ.sis.tɛm
-------
patouillage|pa.jaʒ
-------
patriciale|pat.ʁi.al
-------
paulienne|po.ljɛn
-------
pavimenteuse|pa.vi.mɑ̃.tøz
-------
paysannat|i.zan.na
-------
peccante|pɛk.ɑ̃t
-------
peignage|pɛʁ.naʒ
-------
peinturlurage|pɛ̃.ʁaʒ
-------
pelanage|pɛl.naʒ
-------
pelletisation|pɛl.li.za.sjɔ̃
-------
peléenne|pɛl.le.ɛn
-------
pemmican|pɛʁ.kɑ̃
-------
pemphigoïde|id
-------
pentacrine|pɛ̃.ta.ta.ka.ʁin
-------
pentakidodécaèdre|pɛ̃.ta.de.ka.ɛdʁ
-------
pentamidine|pɛ̃.ta.din
-------
pentapole|pɛ̃.ta.pɔl
-------
pentastomide|pɛ̃.ta.id
-------
pentaérythritol|pɛ̃.ta.tɔl
-------
pentitol|pɛ̃.tɔl
-------
pentosane|pɛ̃.zan
-------
penty|pɛ̃.ti
-------
perceptionnisme|pɛʁs.sjɔ.nism
-------
percevable|pɛʁs.abl
-------
perchloréthylène|pɛʁ.klɔ.e.ti.lɛn
-------
perforelieuse|pɛʁf.ʁə.ljøz
-------
perlinguale|pɛʁ.lɛ̃.ɡwal
-------
perlitique|pɛʁ.tik
-------
permacirculaire|pɛʁ.ma.kyl.siʁ.ky.lɛʁ
-------
permanencière|pɛʁ.ma.ɛʁ
-------
permutante|pɛʁ.my.my.tɑ̃t
-------
persulfurée|pɛʁ.syl.y.ʁe
-------
perthite|pɛʁ.tit
-------
pervibrage|pɛʁ.vi.vi.bʁaʒ
-------
pessière|si.ɛʁ
-------
petit-boutiste|pə.tist
-------
peuton|pɛʁ.tɔ̃.n‿
-------
pfaffienne|fjɛn
-------
phallotoxine|fa.lɔ.tɔk.sin
-------
phalloïdine|fa.lɔ.din
-------
phelloderme|dɛʁm
-------
phencyclidine|din
-------
phlébothrombose|fle.bɔ.tʁɔ̃.bɔz
-------
phoma|fi.ma
-------
phonocaptrice|fɔ.no.tʁis
-------
phonolite|fɔ.nɔ.lit
-------
phosphatidylcholine|fɔs.fa.kɔ.lin
-------
phosphatidylsérine|fɔs.fa.se.ʁin
-------
phosphatidyléthanolamine|fɔs.fa.e.ta.nɔl.a.min
-------
phosphorylase|fɔs.fɔ.laz
-------
phosphorémie|fɔs.fɔ.mi
-------
photochromisme|fo.to.mism
-------
photopique|fo.to.pik
-------
photostéréosynthèse|fɔ.tɔ.sɛ̃.tɛz
-------
phot|fi.mɑ̃
-------
phraseuse|fʁɑz.zøz
-------
phrygane|fi.ɡan
-------
phyllite|fi.lit
-------
physiatrie|fi.me.tʁi
-------
phytophthora|fi.tɔ.tɔ.ʁa
-------
ph|-------
phénacétine|fe.tin
-------
phénocopie|fe.nɔ.pi
-------
phénylbutazone|fe.nil.zon
-------
phéochromocytome|tɔm
-------
phœniciculture|kyl.tyʁ
-------
piaculaire|ky.lɛʁ
-------
piccalilli|pi.ji
-------
picklage|pi.aʒ
-------
pierrage|pjɛ.ʁaʒ
-------
piluler|pi.lyl.le
-------
pimer|pi.mɑ̃.mɛʁ
-------
pincharde|pɛ̃.aʁd
-------
piochage|pi.ʃaʒ
-------
pipetage|pi.taʒ
-------
piroguière|pi.ɛʁ
-------
pirole|pi.ʁɔl
-------
piroplasmose|pi.oz
-------
pissement|pis.mɑ̃
-------
pistillée|pis.til.le
-------
pitaude|pi.ta.tyd
-------
pixellisation|pik.sɛl.li.za.sjɔ̃
-------
pizzaiolo|pi.dza.lo
-------
piétin|pje.tɛ̃
-------
piézorésistive|pje.zɔ.ʁe.zis.tiv
-------
planipenne|plɑ̃.pɛn
-------
planiste|pla.nist
-------
plantaginacée|plɑ̃.se
-------
planétésimale|plɑ̃.al
-------
plastifieuse|plas.ti.ma.fjøz
-------
platinocyanure|pla.ti.nɔ.sja.nyʁ
-------
play-list|plɛ.st
-------
plecquer|ke
-------
pleurectomie|plœʁ.tɔ.mi
-------
pleuronectiforme|plœʁ.fɔʁm
-------
plissage|pli.saʒ
-------
plumasserie|ply.ma.ʁi
-------
pluridimensionnalité|ply.ʁi.di.li.te
-------
plurisousharmonique|ply.ʁi.nik
-------
plurispécifique|ply.ʁi.spe.si.fik
-------
pneumallergène|pnø.ma.al.lɛʁ.ʒɛn
-------
pneumatothérapie|pnø.ma.tɔ.te.ʁa.pi
-------
pneumectomie|pnø.mɔ.tɔ.mi
-------
pneumomédiastin|pnø.mɔ.me.djas.tɛ̃
-------
pneumonectomie|pnø.mɔ.tɔ.mi
-------
pneumopéritoine|pnø.mɔ.pe.ʁi.twan
-------
podologique|pɔ.dɔ.lɔ.ʒik
-------
poljé|pus.li.te
-------
polluposteuse|pɔ.tøz
-------
polychlorobenzène|pɔ.li.bɛ̃.zɛn
-------
polyembryonie|pɔ.li.ni
-------
polyglobulie|pɔ.li.li
-------
polyimide|pɔ.li.id
-------
polyméthylpentène|pɔ.li.me.tɛn
-------
polyoxyméthylène|pɔ.li.me.ti.lɛn
-------
polyploïde|pɔ.li.id
-------
polypnée|pus.ne
-------
polyptyque|pɔ.li.tik
-------
polyradiculonévrite|pɔ.li.ne.vʁit
-------
polythène|pɔ.li.te.stɛn
-------
polytétrafluoroéthylène|e.ti.lɛn
-------
polyvinylbutyral|pɔ.li.vi.-------
polyédrale|pɔ.li.al
-------
polémarque|pɔ.le.maʁk
-------
ponantaise|pɔ̃.ɛz
-------
pontuseau|pɔ̃.o
-------
porphyra|pɔʁ.fi.ʁa
-------
porpite|pɔʁ.fi.pit
-------
porrection|pɔ.za.sjɔ̃
-------
portlandien|pɔʁ.lɑ̃d.djɛ̃
-------
postformée|pɔst.me
-------
potencée|pɔt.se
-------
poteur|pɔt.tœʁ
-------
potomètre|po.mɛtʁ
-------
poudrin|pyd.dʁɛ̃
-------
pourchasseuse|puʁ.ʃa.se.ʃa.søz
-------
poursuiveuse|puʁ.sɥi.vøz
-------
poya|pus.ja
-------
poétisme|pɔe.ti.tism
-------
poïkilocytose|pɔ.i.ki.oz
-------
ppq|pe
-------
pp|-------
praguoise|pʁa.kwaz
-------
praxéologique|pʁak.se.lɔ.ʒik
-------
prima-donna|pʁi.ma.na
-------
primage|pʁi.ma.i.maʒ
-------
primulacée|pʁi.se
-------
principautaire|pʁɛ̃.si.tɛʁ
-------
priorat|pʁi.jɔ.ʁi.ʁa
-------
privatique|pʁi.va.tik
-------
probénécide|pʁɔ.sid
-------
procordé|pʁɔ.de
-------
proctorrhée|pʁɔk.ʁe
-------
productique|pʁɔd.tik
-------
profitante|pʁɔf.tɑ̃t
-------
programmable|pʁɔ.ɡʁa.ma.abl
-------
progénote|pʁɔ.ʒe.ni.nɔt
-------
propagule|pʁɔ.pa.ɡyl
-------
propanal|pʁɔ.pa.nal
-------
propanier|pʁɔ.pa.nje
-------
propanol|pʁɔ.pa.ta.nɔl
-------
propanoïque|pʁɔ.pa.ik
-------
propective|pʁɔ.tiv
-------
propranolol|pʁɔ.-------
propylée|pʁɔ.le
-------
propyne|pʁɔ.-------
prosobranche|pʁɔ.bʁɑ̃ʃ
-------
prosopagnosique|pʁɔ.zik
-------
protamine|pʁɔ.a.min
-------
prothioconazole|pʁɔ.a.zɔl
-------
prothrombine|pʁɔ.tʁɔ̃.bin
-------
protéinogène|pʁɔ.te.ʒɛn
ʒɛn
-------
protéinémie|pʁɔ.te.mi
-------
protéoglycane|pʁɔ.te.kan
-------
provection|pʁɔ.za.sjɔ̃
-------
provençalisme|pʁɔ.a.lism
-------
provignement|pʁɔ.vi.mɑ̃
-------
provisorat|pʁɔ.vi.ʁa
-------
prudhommale|pʁy.al
-------
prâkrit|pʁe.kʁit
-------
préceinte|pʁe.-------
précipitable|pʁe.si.pi.tɑbl
-------
prédictrice|pʁe.dik.tʁis
-------
prédiffusée|pʁe.di.fy.ze
-------
prédiviseur|pʁe.di.vi.zœʁ
-------
préfab|pʁe.-------
prémontrée|pʁe.tʁe
-------
prérégulateur|pʁe.ʁe.tœʁ
-------
présélecteur|pʁe.se.lɛk.tœʁ
-------
prétensionneur|pʁe.nœʁ
-------
prétentaine|pʁe.tɑ̃.tɛn
-------
préteuse|pʁe.tøz
-------
psammophyte|fit
-------
pseudolangrayen|psø.do.jɛn
-------
psilotum|psi.tɔm
-------
psoralène|lɛn
-------
psoriasique|tik
-------
ptoléméenne|ptɔ.me.ɛn
-------
ptyalisme|a.lism
-------
pudendale|py.al
-------
pullorose|pyl.ʁɔz
-------
pulmoné|pyl.mɔ.li.te
-------
pulsomètre|pyl.mɛtʁ
-------
puna|py.na
-------
puncheuse|pœntʃ.ʃøz
-------
punkette|pœŋk.-------
pupaison|py.zɔ̃
-------
purgeur|pyʁʒ.ʒœʁ
-------
puvathérapie|te.ʁa.pi
-------
puérilisme|pɥe.lism
-------
px|-------
pycnotique|pik.tik
-------
pygmalionisme|piɡ.me.nism
-------
pyorrhée|pi.ʁe
-------
pyralène|pi.ʁa.lɛn
-------
pyrocorise|pi.ʁɔ.-------
pyroxylée|pi.ʁɔk.ksi.le
-------
pyroxénite|pi.ʁɔk.nit
-------
pyruvate|pi.vat
-------
pyrétothérapie|pi.ʁe.te.ʁa.pi
-------
pyurie|pi.ʁi
-------
pz|-------
pédobaptisme|pe.do.ba.tism
-------
pédoflore|pe.do.flɔʁ
-------
pékan|pe.ɑ̃
-------
pélargonium|pe.la.njɔm
-------
pénicillinase|pe.ni.si.-------
pénicillinorésistante|pe.ni.si.ʁe.zis.tɑ̃t
-------
pénitence|pe.ni.tɑ̃s
-------
pénitentiale|pe.ni.tɑ̃.al
-------
pépiante|pe.ɑ̃t
-------
péquenotte|nɔt
-------
péribole|pe.ʁi.bɔl
-------
péripatétisme|pe.ʁi.pa.tism
-------
pérylène|pe.ʁi.lɛn
-------
pétrarquiste|pe.tʁaʁ.kist
-------
pétrir|pe.tʁiʁ
-------
pétrogenèse|pe.tʁɔ.ʒə.nɛz
-------
pétulante|pe.ɑ̃t
-------
pœcilitique|pe.tik
-------
pœcilogynie|pe.ni
-------
pœcilothermie|pe.tɛʁ.mi
-------
qanat|na
-------
qbit|bit
-------
quadribande|kwad.bɑ̃d
-------
quadrifide|kwad.id
-------
quadrivecteur|kwad.tœʁ
-------
quaiche|ke.-------
quartolet|kaʁ.tɔ.lɛ
-------
quaterne|ka.tʁə.vɛ̃.tɛʁn
-------
queuillère|kø.jɛʁ
-------
quillette|kij.jɛt
-------
quilleuse|kij.jøz
-------
quipu|ki.-------
quirite|kɛ̃.ʁit
-------
quizalofop|kɛ̃.-------
rabaissante|ʁa.sɑ̃t
-------
rabibochage|ʁa.ʃaʒ
-------
rabrouement|ʁab.mɑ̃
-------
rabroueuse|ʁab.køz
-------
rabâcheuse|ʁa.bɑ.ʃøz
-------
raccrocheuse|ʁa.kʁɔ.ʁɔ.ʃøz
-------
rachetable|ʁa.tɑbl
-------
racheteuse|ʁa.tøz
-------
rachialgie|ʁa.lɔ.ʒi
-------
racketiciel|ʁa.kɛt.sjɛl
-------
racketteuse|ʁa.kɛt.tøz
-------
radiculalgie|ʁad.lɔ.ʒi
-------
radiculite|ʁad.lit
-------
radiodiffuseur|ʁa.djo.di.sœʁ
-------
radiolarite|ʁad.ʁit
-------
radionavigante|ʁa.djo.ɑ̃t
-------
radique|ʁad.dik
-------
radjah|ʁad.-------
radja|ʁad.dʒa
-------
raffinose|ʁa.fi.oz
-------
rafflésie|ʁa.zi
-------
rag-time|ʁa.tim
-------
rajeunir|ʁa.y.niʁ
-------
rallongement|ʁa.lɔ̃ʒ.mɑ̃
-------
ramander|ʁa.de
-------
rameter|ʁam.te
-------
rangeuse|rɑ̃.ʒøz
-------
rapipoter|ʁa.te
-------
rapiéçage|ʁa.aʒ
-------
rassasiement|ʁa.mɑ̃
-------
ratatinement|ʁa.ta.ti.mɑ̃
-------
rattachisme|ʁa.ʃism
-------
raturage|ʁa.ʁaʒ
-------
rauwolfia|fja
-------
ravoirage|ʁa.ʁaʒ
-------
rayonnisme|ʁɛ.jɔ̃.nism
-------
rebmane|ʁə.man
-------
recasquante|ʁə.ɑ̃t
-------
recensable|ʁə.sɑ̃.sabl
-------
reclassification|ʁə.za.sjɔ̃
-------
recognition|ʁə.kɔ̃.za.sjɔ̃
-------
recollement|ʁǝ.kɔ.mɑ̃
-------
reconnexion|ʁə.kɔ.sjɔ̃
-------
recordage|ʁə.kɔʁ.daʒ
-------
recorder|ʁə.kɔʁ.kɔʁ.de
-------
recrudescente|ʁə.kʁy.de.sɑ̃t
-------
rectoscope|ʁɛk.tɔ.ɔp
-------
rectosigmoïdienne|ʁɛk.tɔ.i
-------
rectosigmoïdoscopie|ʁɛk.tɔ.sko.pi
-------
reculement|ʁə.kyl.mɑ̃
-------
recycleuse|ʁə.si.kløz
-------
recâblage|ʁə.aʒ
-------
redondée|ʁə.dɔ̃.de
-------
redénomination|ʁə.de.za.sjɔ̃
-------
refermement|ʁə.fɛʁ.mɑ̃
-------
refuznik|ʁə.nik
-------
reginglard|ʁə.laʁ
-------
regrèvement|ʁə.mɑ̃
-------
rehaussement|ʁə.os.mɑ̃
-------
rehausseur|ʁə.sœʁ
-------
relampage|ʁə.paʒ
-------
relanceuse|ʁə.lɑ̃s.søz
-------
relaxologie|ʁə.lak.lɔ.ʒi
-------
relevance|ʁə.vɑ̃s
-------
releveuse|ʁə.vøz
-------
reliage|ʁə.ljaʒ
-------
rembuchement|ʁɑ̃.mɑ̃
-------
remettante|ʁə.tɑ̃t
-------
remisier|ʁə.zje
-------
remmouleur|ʁɛm.lœʁ
-------
renarder|ʁə.de
-------
renardière|ʁə.djɛʁ
-------
renardée|ʁə.de
-------
renforçante|ʁɑ̃.fɔʁ.ɑ̃t
-------
renforçatrice|ʁɑ̃.fɔʁ.tʁis
-------
reniflage|ʁɑ̃.aʒ
-------
rentraiture|ʁɑ̃.tyʁ
-------
repercer|ʁə.pɛʁ.se
-------
reperçage|ʁə.saʒ
-------
repoussement|ʁə.pu.mɑ̃
-------
reprogrammable|ʁə.ɡʁa.abl
-------
resarcelée|ʁə.sa.le
-------
rescindante|sɛ̃.ɑ̃t
-------
rescription|ʁə.za.sjɔ̃
-------
respiritualisation|pi.li.za.sjɔ̃
-------
ressaisissement|ʁə.sɛ.mɑ̃
-------
ressasseuse|ʁə.sa.søz
-------
ressuyer|ʁə.je
-------
resuffixation|ʁə.za.sjɔ̃
-------
resurgissement|ʁə.syʁ.mɑ̃
-------
retapage|ʁə.ta.paʒ
-------
retissage|ʁə.ti.saʒ
-------
retondre|ʁə.tɔ̃dʁ
-------
retourneuse|ʁə.tuʁ.nøz
-------
retraitante|ʁə.tɑ̃t
-------
retroussement|ʁə.mɑ̃
-------
reverdissement|ʁə.vɛʁ.mɑ̃
-------
rhabdomyosarcome|ʁab.dɔ.saʁ.kom
-------
rhamnolipide|ʁam.li.pid
-------
rhino-pharyngienne|ʁi.nɔ.ʒjɛ̃n
-------
rhizobium|ʁi.zɔ.bjɔm
-------
rhizocarpée|ʁi.zɔ.ktɔn.pe
-------
rhizoflagellé|ʁi.zɔ.le
-------
rhizophore|ʁi.zɔ.fɔʁ
-------
rhizopode|ʁi.zɔ.pɔd
-------
rhizostome|ʁi.zɔ.tɔm
-------
rhizotomie|ʁi.zɔ.tɔ.mi
-------
rhomboèdre|ʁɔ̃.bɔ.ɛdʁ
-------
rhynchocéphale|se.fal
-------
rhynchote|-------
rhytidome|-------
rhéogramme|ʁe.ɔ.ɡʁam
-------
rhéologue|ʁe.ɔ.lɔ.lɔɡ
-------
rhéotaxie|ʁe.ɔ.tak.si
-------
rhéotrope|ʁe.ɔ.tʁɔp
-------
rhéotropisme|ʁe.ɔ.tʁɔ.pism
-------
rhétoriqueur|ʁe.tɔ.kœʁ
-------
rickettsiose|ʁi.oz
-------
rigolote|ʁi.ɡɔ.lo.lɔt
-------
ringardage|ʁiŋ.daʒ
-------
riveraineté|ʁiv.ʁen.te
-------
rocailleur|ʁɔ.lœʁ
-------
rohart|ʁɔ.aʁ
-------
rolandique|ʁɔ.dik
-------
ronflette|ʁɔ̃.flɛt
-------
rosacée|ʁɔ.se
-------
rotruenge|ʁo.-------
rottweiller|ʁo.je
-------
rotulage|ʁɔ.aʒ
-------
rouennière|ʁu.ɛʁ
-------
roufler|ʁufl.fle
-------
rougaille|ʁu.ɡaj
-------
rougir|ʁu.ʒiʁ
-------
rouloir|ʁu.lwaʁ
-------
rousselet|ʁus.lɛ
-------
rouverain|ʁu.in
-------
rouverin|ʁu.ʁɛ̃
-------
rubéoleuse|ʁy.be.ɔl.løz
-------
rudbeckia|ʁy.-------
rudbeckie|ʁy.ʒi
-------
rudiste|ʁy.di.mɑ̃.dist
-------
rufflette|ʁy.flɛt
-------
ruinure|ʁɥi.yʁ
-------
runabout|ʁy.a.bu
-------
runiforme|fɔʁm
-------
russologue|ʁy.sɔ.lɔɡ
-------
rutacée|ʁyt.se
-------
rutilement|ʁyt.mɑ̃
-------
râtelage|ʁɑ.tə.aʒ
-------
réarmable|ʁe.aʁ.abl
-------
récidivisme|ʁe.si.di.ti.vism
-------
réciteuse|ʁe.si.tøz
-------
récoltable|ʁe.tɑbl
-------
récursoire|ʁe.kyʁ.iʁ
-------
rédemptoriste|ʁe.ʁist
-------
réductase|ʁe.dyk.staz
-------
réductionniste|ʁe.dyk.sjɔ̃.sjɔ.nist
-------
réenchantement|ʁe.ɑ̃.mɑ̃
-------
réendettement|ʁe.ɑ̃.mɑ̃
-------
réescomptable|ʁe.kɔ̃.tabl
-------
réfaction|ʁe.za.sjɔ̃
-------
réflectomètre|ʁe.flɛk.mɛtʁ
-------
réflexibilité|ʁe.flɛk.bi.li.te
-------
réflexogramme|ʁe.flɛk.sɔ.ɡʁam
-------
réflexogène|ʁe.flɛk.sɔ.ɛɡ.zɔ.ʒɛn
-------
réglante|ʁe.ɑ̃t
-------
réimperméabilisation|ʁe.ɛ̃.li.za.sjɔ̃
-------
réimposition|ʁe.ɛ̃.za.sjɔ̃
-------
réincarnationniste|ʁe.ɛ̃.kaʁ.na.sjɔ̃.sjɔ.nist
-------
réincrudation|ʁe.ɛ̃.kaʁ.za.sjɔ̃
-------
réincruder|ʁe.ɛ̃.kaʁ.de
-------
réindexation|ʁe.ɛ̃.dys.za.sjɔ̃
-------
réjecteur|ʁe.tœʁ
-------
rélargir|ʁe.ʒiʁ
-------
rémouleuse|ʁe.løz
-------
rénitence|ʁe.tɑ̃s
-------
rénovasculaire|ʁe.nɔ.va.vas.ky.lɛʁ
-------
réoxydation|ʁe.za.sjɔ̃
-------
répartement|ʁe.mɑ̃
-------
répétitorat|ʁe.pe.ti.ʁa
-------
réserpine|ʁe.zɛʁ.pin
-------
résiliable|ʁe.zi.abl
-------
résolvance|ʁe.zɔ.vɑ̃s
-------
résolvante|ʁe.zɔ.ɑ̃t
-------
résonateur|ʁe.tœʁ
-------
résonatrice|ʁe.tʁis
-------
rétamage|ʁe.ta.maʒ
-------
rétractibilité|ʁe.tʁak.bi.li.te
-------
rétractrice|ʁe.tʁak.tʁis
-------
réémission|ʁe.e.mi.sjɔ̃
-------
sabéenne|sa.ɛn
-------
sadd|sa.-------
sahel|sa.-------
saisonnale|zɔ.nal
-------
salarisation|sa.la.li.za.sjɔ̃
-------
salicoque|sa.li.kɔk
-------
salignon|sa.li.ɲɔ̃
-------
salissement|sa.li.mɑ̃
-------
salonguer|sa.lɔ̃.ɡe
-------
salpingographie|sal.pɛ̃.ɡʁa.fi
-------
salpêtrage|sal.ʁaʒ
-------
salsolacée|sa.se
-------
saltationnisme|sal.ta.sjɔ̃.sjɔ.nism
-------
salticidé|sal.de
-------
samboïste|ist
-------
sampot|sa.po
-------
san-benito|sɑ̃.to
-------
sandalière|sɑ̃.ɛʁ
-------
sanderling|sɑ̃.liŋ
-------
sapinage|sa.pɛ̃.naʒ
-------
sapindacée|sa.pɛ̃.se
-------
saponacée|sa.pɔ.se
-------
saponase|sa.pɔ.-------
sapropèle|sa.pʁɔ.ʁi.zi.pɛl
-------
saroual|sa.-------
sassenage|naʒ
-------
satyriasique|sa.ti.zik
-------
saurin|so.ʁɛ̃
-------
savart|sa.aʁ
-------
sb|-------
scheik|-------
schleichera|ʁa
-------
schlittage|taʒ
-------
schlitteur|tœʁ
-------
schnouf|-------
scholie|li
-------
schorre|-------
schupo|pus
-------
schwarzienne|sjɛn
-------
scindage|sɛ̃.daʒ
-------
scintillogramme|sɛ̃.ti.ɡʁam
-------
scintillographie|sɛ̃.ti.ɡʁa.fi
-------
scissile|si.sil
-------
sclérifiante|skle.fjɑ̃t
-------
sclérifier|skle.fje
-------
sclérite|skle.ʁit
-------
sclérokératite|skle.ʁɔ.ke.ʁa.tit
-------
sclérotinia|skle.ʁɔ.si.nja
-------
scléterectasie|skle.ɛk.ta.zi
-------
scléterectomie|skle.tɔ.mi
-------
scoriacée|skɔʁ.se
-------
scriban|skʁi.bu.bɑ̃
-------
scyphoméduse|me.dyz
-------
scyphozoaire|ɛʁ
-------
sdcard|kaʁ
-------
sea-line|lin
-------
secam|sə.-------
secouante|sə.ku.ɑ̃t
-------
secoueur|sə.ku.tœʁ
-------
seigneuriage|se.ɲœʁ.aʒ
-------
seinomarine|sɛ̃.ma.ʁin
-------
semestrialisation|sə.li.za.sjɔ̃
-------
semi-finie|sə.mi.ni
-------
semi-manufacturée|y.ʁe
-------
semi-ouvrée|sə.mi.vʁe
-------
semnopithèque|tɛk
-------
senescence|sə.sɑ̃s
-------
sensitographe|sɑ̃.si.to.ɡʁaf
-------
sensualisme|sɑ̃.sɥa.a.lism
-------
septime|sɛp.tim
-------
serapeum|sɛʁ.-------
serfouissage|sɛʁ.saʒ
-------
serlienne|sɛʁ.ljɛn
-------
serpentement|sɛʁp.mɑ̃
-------
serpigineuse|sɛʁ.nøz
-------
sertraline|sɛʁ.lin
-------
servocommande|sɛʁ.vo.kɔ.mɑ̃d
-------
servodirection|sɛʁ.vo.za.sjɔ̃
-------
sesquialtère|sɛs.ɛʁ
-------
sevrage|ʁaʒ
-------
shafiisme|ʃa.lism
-------
shlag|laɡ
-------
shrapnell|-------
shériff|ʃe.ʁif.ʁif
-------
sialique|sja.lik
-------
sidologie|si.de.lɔ.ʒi
-------
sidérocyte|si.de.ʁɔ.sit
-------
sidéropénie|si.de.ʁɔ.ni
-------
sidéroxylon|si.de.ʁɔ.lɔ̃
-------
sifflotante|si.tɑ̃t
-------
silicagel|sil.ʒɛl
-------
silicomanganèse|si.li.mɑ̃.ɡa.nɛz
-------
siliconose|sil.oz
-------
silicotique|sil.tik
-------
siluriforme|si.fɔʁm
-------
siluroïde|si.id
-------
simaruba|si.mɑ.ba
-------
simonienne|si.mɔ.ni.njɛn
-------
simonisme|si.mɔ.nism
-------
simpliciale|sɛ̃.al
-------
sismogenèse|sis.mɔ.ʒə.nɛz
-------
sistership|sis.ʃip
-------
sitone|si.to.tɔn
-------
situationnisme|si.ty.a.sjɔ.nism
-------
skarn|sjɔ̃
-------
sky-surfing|skaj.fiŋ
-------
slavisante|sla.zɑ̃t
-------
smaragdine|din
-------
smillage|jaʒ
-------
smorrebrod|-------
smurfeuse|smœʁf.føz
-------
snowpark|-------
sociatrie|sɔk.me.tʁi
-------
soclage|sɔk.aʒ
-------
soirer|swaʁ.ʁe
-------
soman|sɔ.ma.mɑ̃
-------
somatopleure|sɔ.ma.to.yʁ
-------
somatotrophine|sɔ.ma.to.fin
-------
sommatrice|sɔ.ma.tʁis
-------
sommeilleuse|sɔ.mɛj.jøz
-------
sondagière|sɔ̃.ɛʁ
-------
sondologie|sɔ̃.lɔ.ʒi
-------
sonotrode|sɔ.ɔd
-------
sonrer|sɔ̃.ʁe
-------
sophorose|sɔ.ʁɔz
-------
sophrologique|sɔ.lɔ.ʒik
-------
sophronique|sɔ.nik
-------
sotch|sɔ.tʃe
-------
soudière|su.djɛʁ
-------
soufrière|su.ɛʁ
-------
sous-gouverneur|su.nœʁ
-------
sous-occipitale|su.tal
-------
soustracteur|sus.tʁak.tœʁ
-------
souvlaki|su.ki
-------
soviétologue|sɔ.vje.lɔɡ
-------
soûlote|su.lɔt
-------
spammeuse|spam.møz
-------
sparganose|spaʁ.oz
-------
spasmolytique|spas.mɔ.li.tik
-------
spectacularisation|spɛk.li.za.sjɔ̃
-------
spectrogramme|spɛ.ktʁɔ.ɡʁam
-------
spermiducte|spɛʁ.ma.-------
sphingolipide|li.pid
-------
sphingosine|zin
-------
sphérocytose|sfe.ʁɔ.oz
-------
spiraloïde|spi.id
-------
spiramycine|spi.mi.sin
-------
spirille|spi.ʁi.-------
spironolactone|spi.ʁɔ.lak.tɔn
-------
spirorbe|spi.ʁɔ.ɔʁb
-------
spiroïde|spi.ʁɔ.id
-------
splanchnologie|lɔ.ʒi
-------
splanchnopleure|yʁ
-------
splénectomie|sple.tɔ.mi
-------
spondaïque|spɔ̃.ik
-------
spondyle|spɔ̃.di.kɔ̃.dil
-------
spondylose|spɔ̃.di.oz
-------
spongiaire|spɔ̃.ɛʁ
-------
spongiculture|spɔ̃.kyl.tyʁ
-------
spongille|spɔ̃.ʒil
-------
sporotriche|spɔ.ʁɔ.tʁiʃ
-------
sporotrichose|spɔ.ʁɔ.ʃoz
-------
sporozoaire|spɔ.ʁɔ.ɛʁ
-------
sporozoïte|spɔ.ʁɔ.it
-------
sprechgesang|sɑ̃
-------
squattage|skwa.taʒ
-------
squirrhe|-------
stagnance|staɡ.nɑ̃s
-------
stagnationniste|staɡ.na.sjɔ̃.sjɔ.nist
-------
stanneuse|sta.nøz
-------
staphyline|sta.fi.lin
-------
staphylome|sta.fi.-------
stathoudérat|sta.ʁa
-------
stationnale|sta.sjɔ.nal
-------
statokinésimètre|sta.mɛtʁ
-------
statorique|sta.tɔʁ.tɔ.ʁik
-------
statthalter|sta.te
-------
stayer|sta.je
-------
steinbock|bɔk
-------
stellage|stɛ.jaʒ
-------
stelléride|stɛ.ʁid
-------
sterculiacée|stɛʁ.kɔ.se
-------
sternum|stɛʁ.ny.ta.nɔm
-------
stimugène|sti.my.ʒɛn
-------
stockeuse|stɔk.køz
-------
stockfisch|stɔk.a.ʃiʃ
-------
stolonifère|stɔ.lɔ̃.fɛʁ
-------
stomoxe|stɔ.ma.-------
stoûpa|stɔ.pa
-------
strobilurine|stʁɔ.y.ʁin
-------
strobophotographie|stʁɔ.ɡʁa.fi
-------
strongyle|-------
strongylose|oz
-------
strophante|ɑ̃t
-------
strophantine|tin
-------
stylisation|sti.li.za.sjɔ̃
-------
stéarique|ste.a.tik
-------
stégosaure|ste.ɡo.sɔʁ
-------
stéréospondyle|ste.ʁe.o.kɔ̃.dil
-------
stûpa|st.pa
-------
subduire|syb.iʁ
-------
subintrante|sy.ɑ̃t
-------
subjacente|syb.ʒɛk.ʒa
-------
subventionneuse|syb.vɑ̃.sjɔ̃.nøz
-------
subéreuse|syb.ʁøz
-------
sudarabique|sy.da.a.ʁa.bik
-------
suffète|sy.pʁe.fɛt
-------
suicidalité|sɥi.li.te
-------
suintine|sɥɛ̃.tin
-------
sukkeler|sy.le
-------
sulfadiazine|syl.fa.dja.zin
-------
sulfanilamide|syl.fa.a.mid
-------
sulfhydrate|syl.id.ʁat
-------
sulfhydrisme|syl.ʁism
-------
sulfhémoglobine|syl.e.mɔ.ɡlɔ.bin
-------
sulfinisation|syl.li.za.sjɔ̃
-------
sulfonation|syl.fɔ.za.sjɔ̃
-------
sulfonique|syl.fɔ.nik
-------
sulfonitrique|syl.fɔ.nit.ʁik
-------
sulfonylurée|syl.fɔ.y.ʁe
-------
supercarré|sy.pɛʁ.-------
supercavitante|sy.pɛʁ.tɑ̃t
-------
supportérisme|sy.pɔʁ.ʁism
-------
supranormale|sy.pʁa.na.nɔʁ.mal
-------
supériorat|sy.pe.ʁa
-------
surlignante|syʁ.li.ɑ̃t
-------
surnageante|syʁ.na.ɑ̃t
-------
surnumérariat|syʁ.ta.ʁja
-------
survirante|syʁ.vi.ɑ̃t
-------
suscrire|sy.ʁiʁ
-------
suspensoïde|sys.pɑ̃.id
-------
sweating-system|stɛm
-------
sycone|sɛ̃.-------
sympathicotonie|sɛ̃.pa.ti.ni
-------
symphysaire|sɛ̃.fɔ.ɛʁ
-------
symphyse|sɛ̃.fɔ.fiz
-------
symposion|sɛ̃.sjɔ̃
-------
synapsie|si.zi
-------
synchondrose|sɛ̃.kʁɔ.ʁɔz
-------
syncinésie|sɛ̃.zi
-------
syncrétiste|sɛ̃.kʁe.tist
-------
syncytiale|sɛ̃.al
-------
synergique|si.nɛʁ.lɔ.ʒik
-------
synergisme|si.nɛʁ.ʒism
-------
syngamie|sɛ̃.a.miː
-------
syngnathe|sɛ̃.-------
synodique|si.dik
-------
synopsie|si.zi
-------
synpériplanaire|pla.nɛʁ
-------
synthase|sɛ̃.te.az
-------
synthème|sɛ̃.te.tɛm
-------
synthétase|sɛ̃.te.staz
-------
synthétiste|sɛ̃.te.ti.tist
-------
syntype|sɛ̃.tip
-------
syrah|si.ʁa
-------
syringomyélie|si.li
-------
sécréteuse|se.kʁe.tøz
-------
sécurine|se.ky.ʁi.y.ʁin
-------
sélacienne|se.la.sjɛn
-------
séleucide|se.lɛk.sid
-------
sélénienne|se.le.njɛn
-------
sémantème|se.mɑ̃.sis.tɛm
-------
sémillon|se.jɔ̃
-------
sémiométrie|se.mjɔ.me.tʁi
-------
sémitisme|se.tism
-------
sénilisme|se.lism
-------
séparase|se.pa.ʁa.ʁaz
-------
séquestrante|se.kɛs.ɑ̃t
-------
sérapéum|se.ʁa.ɔm
-------
séricigraphie|se.ʁi.si.ɡʁa.fi
-------
t'elle|ɛl
-------
t'il|il
-------
tabacultrice|ta.ba.tʁis
-------
tabar|ta.ba.baʁ
-------
tabasco|ta.ba.ko
-------
tablar|ta.laʁ
-------
tableautage|tɑbl.taʒ
-------
tachante|ta.ɑ̃t
-------
tachisme|ta.ʃism
-------
tachiste|ta.ʃist
-------
tachistoscope|ta.ɔp
-------
tachistoscopique|ta.pik
-------
tachyphagie|ta.ki.lɔ.ʒi
-------
tachypnée|ta.ki.ne
-------
tachypsychie|ta.ki.ʃi
-------
tagète|taɡ.ʒɛt
-------
taijiquan|ɑ̃
-------
taiji|ta.-------
taleth|ta.ɛd
-------
tallée|ta.le
-------
talochage|ta.ʃaʒ
-------
talonnière|ta.lɔ.ɛʁ
-------
talpidé|ta.de
-------
talure|ta.yʁ
-------
tambourinade|tɑ̃.bu.ʁɛ̃.nad
-------
tamile|ta.majl
-------
tamisière|ta.mi.ɛʁ
-------
tamponnade|tɑ̃.pɔ.nad
-------
taota|ta.o.ta
-------
tapotage|ta.pɔ.taʒ
-------
tarama|ta.ma
-------
tararage|ta.ʁaʒ
-------
tardillonne|taʁ.jɔn
-------
tarpéienne|taʁ.jɛn
-------
tarsectomie|taʁs.tɔ.mi
-------
tarsienne|taʁ.sjɛn
-------
tartinade|taʁ.nad
-------
tarzan|taʁ.ɑ̃
-------
tassili|ta.li
-------
tautochrone|to.sɛ̃.kʁɔn
-------
tautomérie|to.ʁi
-------
taxable|tak.sa.abl
-------
taxodium|tak.djɔm
-------
taylorienne|lɔ.ʁjɛn
-------
taël|ta.-------
taïchichuan|taj.ɑ̃
-------
taïchi|taj.ki
-------
taôiste|ta.nist
-------
tchadanthrope|tʃa.ɔp
-------
tcharchaf|-------
tchatteuse|t͡ʃat.tøz
-------
tchernoziom|-------
tchitola|la
-------
tchérémisse|tʃe.-------
technicolor|tɛk.ni.kɔ.ɔʁ
-------
technopathe|tɛk.no.pat
-------
technétronique|tɛk.no.nik
-------
tecker|tɛk.ke
-------
tellière|tɛl.ɛʁ
-------
tellureuse|tɛl.ʁøz
-------
tembotrione|tɑ̃.-------
tenrecidé|tɑ̃.ʁɛk.de
-------
tensionneur|tɑ̃.sjɔ̃.nœʁ
-------
tenson|tɑ̃.sɔ̃
-------
teocali|li
-------
teocalli|li
-------
teppanyaki|tɛp.ki
-------
tergite|tɛʁ.ʒi.vɛʁ.ʒit
-------
terminographie|tɛʁ.mi.nɔ.ɡʁa.fi
-------
terpine|tɛʁ.pin
-------
terpinol|tɛʁ.nɔl
-------
terpinéol|tɛʁ.ʃe.ɔl
-------
terpénoïde|tɛʁ.id
-------
terrafungine|tɛ.ʁa.fɔʁ.ʒin
-------
terramare|tɛ.mɑʁ
-------
terraplane|tɛ.plan
-------
tertiairisation|tɛʁ.li.za.sjɔ̃
-------
tervueren|tɛʁ.ɑ̃
-------
testable|tɛst.stabl
-------
thanatopraxie|ta.na.pʁak.si
-------
thari|ta.ʁi
-------
thermistance|tɛʁ.mi.stɑ̃s
-------
thermisteur|tɛʁ.mi.tœʁ
-------
thermistor|tɛʁ.mi.tɔʁ
-------
thermodurcissable|tɛʁ.mɔ.di.sabl
-------
thermoplongeur|tɛʁ.mɔ.ʒœʁ
-------
thesmothète|tɛʁ.mɔ.tɛt
-------
thessalonicienne|ni.sjɛn
-------
thiazine|tɛʁ.a.zin
-------
thiocarbonate|kaʁ.bɔ.nat
-------
thiocyanate|sja.nat
-------
thioestérase|ɛs.te.ʁaz
-------
thiosulfate|syl.fat
-------
thiosulfurique|syl.fy.ʁik
-------
thirame|tɛʁ.ʁam
-------
thlaspi|tɛʁ.spi
-------
thridace|tʁɔ̃.eɪs
-------
thriller|tʁɔ̃.je
-------
thuyone|tɛʁ.-------
thyade|ti.-------
thylakoïde|ti.id
-------
thylle|ti.-------
thyllose|ti.oz
-------
thyratron|ti.tʁɔ̃
-------
thyroglobuline|ti.ʁɔ.ɡlɔ.by.lin
-------
thyrotrophine|ti.ʁɔ.fin
-------
thyroxine|ti.ʁɔ.tɔk.sin
-------
thyréotoxicose|ti.ʁeɔ.tɔk.si.ko.oz
-------
thyréotoxique|ti.ʁeɔ.tɔk.sik
-------
th|-------
théatralisme|te.a.lism
-------
thébaine|te.ba.ɛn
-------
théodosienne|te.ɔ.sjɛn
-------
théorématique|te.ɔ.ma.tik
-------
théralite|te.ʁa.lit
-------
théridion|te.jɔ̃
-------
thériodonte|te.dɔ̃t
-------
théropode|te.pɔd
-------
théropsidé|te.de
-------
thésauriseuse|te.ʁi.zøz
-------
tiercéiste|tjɛʁ.se.ist
-------
tiers-mondisme|tjɛʁ.dism
-------
tigette|tiʒ.ʒɛt
-------
tiliacée|ti.se
-------
tillandsie|ti.zi
-------
tiraillante|ti.ɑ̃t
-------
tistre|ti.-------
toarcienne|sjɛn
-------
tokai|tɔ.-------
tokharienne|to.a.ʁjɛn
-------
toluol|ly.-------
tolu|tɔ.ly
-------
tomawak|tɔ.-------
tommy|tɔ.mi
-------
tonification|tɔ.ni.za.sjɔ̃
-------
tonofibrille|tɔ̃.n‿.fi.bʁil
-------
toquade|tɔ.-------
toquet|tɔ.kɛ
-------
torah|tɔʁ.ʁa
-------
torball|tɔʁ.-------
torchette|tɔʁʃ.ʃɛt
-------
toreutique|tɔʁ.tik
-------
torsorielle|tɔʁ.ɛl
-------
tortricidé|tɔʁ.de
-------
touarègue|tu.lɔɡ
-------
toulonnaise|tu.nɛz
-------
toupilleuse|tu.pi.pi.jøz
-------
touselle|tu.sɛl
-------
toussoteuse|tu.tøz
-------
touvaine|tu.vɛn
-------
toxicodermie|tɔk.si.ko.tɛʁ.mi
-------
toxinique|tɔk.sin.i.nik
-------
toxémique|tɔk.si.mik
-------
trachéole|tʁak.ɔl
-------
tradescantia|tʁa.-------
traitance|tʁɛ.tɑ̃s
-------
tramadol|tʁa.dɔl
-------
tramping|tʁɑ̃p.piŋ
-------
tramète|tʁam.ɡa.mɛt
-------
transcriptase|tʁɑ̃s.kʁip.staz
-------
transect|tʁɑ̃s.-------
transenne|tʁɑ̃s.sɛn
-------
transférase|tʁɑ̃s.fe.ʁaz
-------
transhumante|tʁɑ̃s.mɑ̃t
-------
transilienne|tʁɑ̃s.bʁe.zi.ljɛn
-------
transpadane|tʁɑ̃s.pa.dan
-------
transvestisme|tʁɑ̃s.tism
-------
trappeuse|tʁap.pøz
-------
trappistine|tʁa.tin
-------
travelling|tʁa.liŋ
-------
tremblotte|tʁɑ̃.lɔt
-------
trench-coat|tʁɑ̃t.dœ.fəl.kot
-------
trench|tʁɑ̃t.tʃe
-------
tresseuse|tʁɛs.søz
-------
triallate|tʁial.lat
-------
triamcinolone|tʁi.ki.lɔn
-------
triangulabilité|tʁi.jɑ̃.ɡy.bi.li.te
-------
triangularisation|tʁi.jɑ̃.ɡy.li.za.sjɔ̃
-------
tribart|tʁi.aʁ
-------
triboulet|tʁi.lɛ
-------
tributylphosphate|tʁi.by.fɔs.fat
-------
trichomonase|tʁi.kɔ.-------
trichroïque|tʁi.kʁɔ.ik
-------
trichroïsme|tʁi.ism
-------
tricouni|tʁi.ni
-------
trifouillage|tʁi.fu.jaʒ
-------
trigonale|tʁi.ɡɔ.nal
-------
trigonalisation|tʁi.ɡɔ.li.za.sjɔ̃
-------
trimballement|tʁi.mɑ̃
-------
trimurti|tʁi.ti
-------
trinervée|tʁin.ve
-------
trinitrobenzène|tʁi.ni.bɛ̃.zɛn
-------
trinquart|tʁi.aʁ
-------
triomphaliste|tʁi.jo.list
-------
triongulin|tʁi.jo.lɛ̃
-------
trioxane|tʁi.jo.-------
tripang|tʁi.pɑ̃
-------
triphasique|tʁip.tik
-------
triphénylméthane|tʁip.me.tan
-------
tripodie|tʁi.di
-------
trochet|tʁɔʃ.ʃɛ
-------
trochin|tʁɔ.ʃɛ̃
-------
trompable|tʁɔ̃.abl
-------
tronculaire|tʁɔ̃.ky.lɛʁ
-------
trophomicrobienne|tʁɔ.fɔ.mi.kʁɔ.bjɛn
-------
trottinement|tʁɔ.ti.mɑ̃
-------
truandaille|tʁy.-------
truble|tʁy.-------
trudgeon|tʁy.ʒɔ̃
-------
trullo|tʁy.lo
-------
trypsine|tʁi.sin
-------
trypsinogène|ʒɛn
-------
tryptamine|a.min
-------
tr|te
-------
tréhalase|tʁe.-------
trélingage|tʁe.ɡaʒ
-------
tréphone|tʁe.fɔn
-------
tuberculide|tyb.id
-------
tuberculoïde|tyb.id
-------
tubicole|tœb.kɔl
-------
tubipore|tœb.pɔʁ
-------
tubuleuse|tybyl.løz
-------
tubulée|tœb.le
-------
tularémie|ty.mi
-------
tumorothèque|ty.mɔ.tɛk
-------
turbellarié|tyʁb.-------
turbiditique|tyʁ.bi.di.tik
-------
turbith|tyʁ.-------
turbocompressée|tyʁ.bo.kɔ̃.pʁɛ.se
-------
turbomoteur|tyʁ.bo.tœʁ
-------
turnep|tyʁ.-------
turonienne|tyʁ.njɛn
-------
turquette|tyʁk.kɛt
-------
turritelle|tyʁ.tɛl
-------
tutsie|ty.zi
-------
tuvaluane|-------
tuyauteuse|tɥi.jo.tøz
-------
twirling|liŋ
-------
tyndallisation|li.za.sjɔ̃
-------
typhacée|ti.fa.se
-------
typhobacillose|ti.ba.si.loz
-------
typification|ti.za.sjɔ̃
-------
tyrosinase|ti.ʁɔ.-------
télencéphale|te.le.se.fal
-------
télesthésie|te.le.zi
-------
télolécithe|te.le.lit
-------
téléosaure|te.le.sɔʁ
-------
ténébrionidé|te.ne.bʁi.jɔ̃.ni.de
-------
téphra|te.ʁa
-------
térébinthacée|te.ʁe.se
-------
téréphtalate|te.ʁe.fta.lat
-------
téréphtalique|te.ʁe.fta.lik
-------
tétanisme|te.tʁa.nism
-------
tétanotoxine|te.tʁa.tɔk.sin
-------
tétonnière|te.tɔ̃.ɛʁ
-------
tétrahydronaphtaline|te.tʁa.naf.ta.lin
-------
tétrahydronaphtalène|te.tʁa.naf.ta.lɛn
-------
tétrakihexaèdre|te.tʁa.eɡ.za.ɛdʁ
-------
tétraméthylsilane|te.tʁa.si.lan
-------
tétraphonie|te.tʁa.ni
-------
tétrarchique|te.tʁa.ʃik
-------
tétrasomie|te.tʁa.tɔ.mi
-------
tûteler|le
-------
tûter|te
-------
ubique|y.bi.tik
-------
ubiquisme|y.bi.lism
-------
ulmacée|yl.tʁa.se
-------
ultravirus|yl.tʁa.vjɔ.vi.ʁys
-------
umbanda|da
-------
unanimitaire|y.na.ni.tɛʁ
-------
uncinée|œ̃.ne
-------
uniformitarisme|y.ni.fɔʁ.ta.ʁism
-------
unisériée|y.ni.ʁje
-------
universiade|y.niv.-------
univoquement|y.ni.vɔk.mɑ̃
-------
unièmement|y.njɛm.mɑ̃
-------
upwelling|liŋ
-------
urobilinogène|y.ʁɔ.bi.ʒɛn
-------
uropygiale|y.ʁɔ.al
-------
uropygienne|y.ʁɔ.ʒjɛn
-------
urticante|ɑ̃t
-------
urticée|y.se
-------
urédospore|y.ʁe.spɔʁ
-------
uréogenèse|y.ʁe.ɔ.ʒə.nɛz
-------
ustilaginale|ys.tɑ̃.nal
-------
usuellement|y.zɥɛl.mɑ̃
-------
usurairement|y.zyʁ.mɑ̃
-------
uva-ursi|y.si
-------
vacuomètre|va.mɛtʁ
-------
vagolytique|va.ɡɔ.tɔ.li.tik
-------
valpolicella|val.sɛ.la
-------
valvuloplastie|val.plas.ti
-------
vancomycine|vɑ̃.mi.sin
-------
varheure|vaʁ.œʁ
-------
varicelliforme|va.ʁis.fɔʁm
-------
variolite|va.ʁjɔ.lit
-------
variolée|va.ʁjɔ.le
-------
variqueuse|va.køz
-------
variure|va.yʁ
-------
vasogénique|va.zo.ʒe.nik
-------
vaudouisme|vo.du.lism
-------
veinette|vɛn.nɛt
-------
velot|vɛʁ.lo
-------
velouteuse|lu.te.tøz
-------
velvote|vɛʁ.vɔt
-------
venante|vɑ̃.ɑ̃t
-------
ventileuse|vɑ̃.ti.løz
-------
ventosité|vɑ̃.li.te
-------
verbomanie|vɛʁ.bɔ.ma.ni
-------
vergetière|vɛʁ.tjɛʁ
-------
verrucosité|ʁy.li.te
-------
verticilliose|vɛʁ.ti.oz
-------
vertébrothérapie|vɛʁ.te.te.ʁa.pi
-------
vervelle|vɛʁv.ɛl
-------
verviétoise|vɛʁ.twaz
-------
vespertilion|vɛs.i.ljɔ̃
-------
vespiste|vɛs.pist
-------
vessigon|vɛs.ɡɔ̃
-------
veuglaire|ɡlɛʁ
-------
veveysanne|zan
-------
victimologue|vik.ti.lɔɡ
-------
vidienne|vi.djɛn
-------
vidoir|vi.dwaʁ
-------
vidrecome|vi.saʁ.kom
-------
vidure|vi.dyʁ
-------
vidéothécaire|vi.de.o.ɛʁ
-------
vielliste|vi.list
-------
vignot|vi.no
-------
vigousse|vi.ɡus
-------
vilayet|vi.mɑ̃
-------
vilipendage|vi.pɑ̃.daʒ
-------
vilipendeuse|vi.døz
-------
villafranchien|vil.la.-------
villagisation|vil.la.li.za.sjɔ̃
-------
vinblastine|vɛ̃.tin
-------
vinifère|vi.fɛʁ
-------
vinylidénique|vi.ni.nik
-------
viride|vi.ʁi.ʁid
-------
virolier|vi.ʁɔ.lje
-------
virtuosisme|viʁ.zism
-------
viseuse|vi.søz
-------
visonnière|vi.zɔ̃.ɛʁ
-------
vitrectomie|vitʁ.tɔ.mi
-------
vitroplant|vi.plɑ̃
-------
vitropression|vi.sjɔ̃
-------
vitruvienne|vi.pe.ʁy.vjɛn
-------
vivoir|vi.vwaʁ
-------
vogelpik|vɔ.-------
voilement|vwal.mɑ̃
-------
volailleuse|vɔ.laj.jøz
-------
voluptuaire|vɔl.ɛʁ
-------
vomito|vɔ.to
-------
vomérienne|vɔ.ʁjɛn
-------
vousseau|vu.so
-------
vouvray|vɔ.-------
voïvodat|vɔj.kɔ.mɔ.da
-------
voïvode|vɔj.ɔd
-------
vreneli|li
-------
vrillante|ɑ̃t
-------
vrillement|vʁij.mɑ̃
-------
vuvuzela|vyl.la
-------
vénéfice|ve.ne.tʁis
-------
vérifieuse|ve.ʁi.ma.fjøz
-------
vérétille|ve.tij
-------
vétérance|ve.te.ʁɑ̃s
-------
wai|wa
-------
wallingante|wɔːl.ɑ̃t
-------
wargame|wa.ɡam
-------
watergang|wa.ɡaŋ
-------
wateringue|wa.ʁɛ̃ɡ
-------
webmestrie|wɛb.me.tʁi
-------
welwitschia|kja
-------
weyr|te
-------
wiccane|kan
-------
wicca|ka
-------
willémite|mit
-------
windsurf|sœʁf
-------
wolophiser|li.ze
-------
wormien|ɑ̃
-------
wurtzite|wu.-------
www|
-------
xanthate|ɡzɑ̃.fɔs.fat
-------
xanthogénate|ɡzɑ̃.nat
-------
xanthogénique|ɡzɑ̃.ʒe.nik
-------
xanthélasma|ɡzɑ̃.ma
-------
xiloïdine|din
-------
ximenia|nja
-------
xingyiquan|-------
xinyiliuhequan|-------
xyloglucane|ɡzi.lɔ.ɡly.kan
-------
xylopia|ɡzi.lɔ.-------
xénotime|ɡze.no.tim
-------
xénotransplantation|za.sjɔ̃
-------
xénélasie|ɡze.zi
-------
yeomanry|jo.man.ʁi
-------
yersinia|si.nja
-------
yersiniose|oz
-------
ylangs-ylangs|-------
yoyette|jɔ.te.jɛt
-------
yuppie|pi
-------
zakât|mɑ̃
-------
zazoue|tik
-------
zeitnot|no
-------
zemstvo|vo
-------
zidovudine|din
-------
zoanthaire|ɛʁ
-------
zonoèdre|zo.ɛdʁ
-------
zoopsie|zɔ.ɔ.zi
-------
zwinglianisme|nism
-------
zygopetalum|zi.lɔm
-------
zygotique|zi.tik
-------
zûner|ne
-------
µR|-------
µas|ɑs
-------
Ångström|ɑ̃ɡ
-------
Églantine|tin
-------
Élias|e.ɑs
-------
Éliette|e.li.-------
Éline|e.-------
Élyott|e.-------
Épictète|e.pi.-------
Éram|e.-------
Ésaïe|-------
Étang-Salé|e.-------
Étiennette|e.tjɛn.nɛt
-------
Éveline|e.lin
-------
Ézéchias|ɑs
-------
ásatrú|-------
ægosome|zom
-------
æschnidé|de
-------
ébouriffage|e.bu.aʒ
-------
éburonne|e.byʁ.ne.ʁɔn
-------
échafaudeuse|e.ʃa.fo.døz
-------
écharneuse|e.nøz
-------
échevèlement|e.mɑ̃
-------
échinocactus|e.ki.nɔ.tys
-------
éclairagisme|e.klɛ.ʒism
-------
éclogite|e.ʒit
-------
écorchage|e.kɔʁ.ʃaʒ
-------
écrivaillée|e.kʁi.le
-------
égalitairement|e.ɡa.li.tɛʁ.mɑ̃
-------
égressive|e.ɡʁə.siv
-------
élasticimétrie|e.las.me.tʁi
-------
élatéridé|e.la.de
-------
élicitine|e.li.si.tin
-------
élicitrice|e.li.si.tʁis
-------
élutriateur|e.ly.tœʁ
-------
éminatie|e.mi.kʁa.si
-------
énarquienne|e.sjɛn
-------
énergéticienne|e.nɛʁ.ʒe.ti.sjɛn
-------
énonçable|e.nɔ̃.abl
-------
épaississeur|e.sœʁ
-------
épeirogénique|e.ʒe.nik
-------
éphéméroptère|e.fe.ɛʁ
-------
épichlorhydrine|e.pi.dʁin
-------
épidermomycose|e.pi.mi.kɔz
-------
épidermophytie|e.pi.fi
-------
épidémiologiquement|e.pi.de.mjɔ.lɔ.ʒik.mɑ̃
-------
épipodite|e.pi.pɔ.dit
-------
épirogénique|e.pi.ʒe.nik
-------
épisclérite|e.pis.kɔ.ʁit
-------
épistasique|e.pis.tik
-------
épithélioïde|e.pi.te.id
-------
épongement|e.pɔ̃ʒ.mɑ̃
-------
épousable|e.pu.sabl
-------
époxydée|e.pɔk.si.de
-------
équiprojectivité|e.pʁɔ.ti.vi.te
-------
équisétale|e.ki.sɛ̃.tal
-------
équisétinée|e.ki.sɛ̃.ne
-------
équisétophyte|e.ki.sɛ̃.fit
-------
éraillement|e.ʁa.mɑ̃
-------
érinye|e.-------
érotologique|e.ʁɔ.tɔ.lɔ.ʒik
-------
érotologue|e.ʁɔ.tɔ.lɔɡ
-------
érythroblastopénie|e.ʁi.to.pe.ni
-------
érythrodermie|e.ʁi.tɛʁ.mi
-------
étalonneuse|e.tal.nøz
-------
étampeuse|e.tɑ̃p.pøz
-------
étanchéiste|e.tɑ̃.ʃe.ist
-------
éthanoïque|e.ta.nɔl.ik
-------
éthoxyler|e.tɔ.le
-------
éthyl|e.ti.be.ʁil
-------
étymologue|e.ti.mɔ.lɔɡ
-------
îlotière|i.lo.tjɛʁ
-------
œnotechnie|ø.nɔ.ni
-------
œnotechnique|ø.nɔ.tɛk.nik
-------
œsophagomalacie|e.zɔ.fa.si
-------
œsophagoplastie|e.zɔ.fa.plas.ti
-------
œstradiène|djɛn
-------
œstrogénothérapie|tʁɔ.te.ʁa.pi
-------
