abicher|a.ʃe
abillot|a.jo
ablutiomanie|a.bly.ma.ni
abomber|a.bɔ.mi.be
abottée|a.bo.te
abouteuse|a.bu.tøz
abrupto|a.to
absorptiométrie|ap.sɔʁ.me.tʁi
absorptive|ap.sɔʁ.tiv
abstracto|ab.to
absurdisme|ap.dism
absurdiste|ap.dist
absurdo|ap.dɔ
acariasis|a.ka.ʁja.zis
acatalasémie|a.ka.mi
accoupleuse|a.kupl.løz
acoumastique|a.ku.tik
acrosomiale|a.kʁɔ.mjal
acrylonitrile|a.kʁi.tʁil
actigramme|ak.ti.ɡʁam
actéon|ak.e.ɔ̃
acylation|a.za.sjɔ̃
acyltransférase|a.ʁaz
acésulfame|a.se.
acétanilide|a.se.lid
acétocellulose|a.se.se.ly.lɔz
acétophénone|a.se.nɔn
acétylcellulose|a.se.til.se.ly.lɔz
addisonienne|a.di.sɔ.njɛn
adelphophagie|a.lɔ.ʒi
adeptat|a.ta
adiabaticité|a.dja.ba.li.te
adique|a.tik
adlérienne|ʁjɛn
adlérisme|ʁism
adustible|a.dy.tibl
ad|a.
adénomectomie|a.de.nom.tɔ.mi
adénosarcome|a.de.saʁ.kom
affileuse|a.fi.løz
affûtoir|a.fy.twaʁ
afrikaander|a.fʁi.de
agamospermie|a.ɡa.tɛʁ.mi
agars-agars|a.ɡaʁ.ɡa
agnosique|a.zik
agrarisme|a.ta.ʁism
agrippante|a.ɡʁi.pɑ̃t
agropyrum|a.ɡʁɔ.ʁɔm
agroressource|a.ɡʁɔ.ʁə.suʁs
aides-éducateurs|ɛd.tœʁ
aides-éducatrices|ɛd.
aiguilleteuse|ɛ.ɡɥij.tøz
algale|al.ɡa.ɡal
algonkine|al.ɡɔ̃.kin
alicot|a.li.ko
alicyclique|a.li.si.klik
alismacée|a.li.se
allométrie|a.lɔ.me.tʁi
allométrique|a.lɔ.me.tʁik
allurée|a.ly.y.ʁe
alternostat|al.tɛʁ.sta
alvéoloplastie|al.ve.plas.ti
ambrienne|ɑ̃.ʁjɛn
amenage|a.mɛn.naʒ
amenokal|a.mɛn.
amidure|a.mi.dyʁ
amination|a.mi.za.sjɔ̃
aminer|a.mi.ne
ammoniurie|a.mɔ.ʁi
amorphisme|a.mɔʁ.fism
amphibienne|ɑ̃.fi.bi.mi.bjɛn
amphistome|ɑ̃.fi.tɔm
amphotéricine|ɑ̃.fi.ʁi.sin
amplis-syntoniseurs|ɑ̃.pli.zœʁ
amplis-tuners|ɑ̃.pli.ne
aménokal|a.me.
anacardiacée|a.na.se
anamorphoseur|a.na.zœʁ
anatopisme|a.na.tɔ.pism
andrologique|ɑ̃.dʁɔ.lɔ.ʒik
angiologue|ɑ̃.ʒjɔ.lɔɡ
angiomatose|ɑ̃.ʒjɔ.ma.toz
angoisseuse|ɑ̃.ɡwas.søz
anguleusement|ɑ̃.ɡy.løz.mɑ̃
anionique|a.njɔ̃.nik
aniridie|ɑ̃.di
annoncière|a.nɔ̃.sjɛʁ
anomérique|a.nɔ.me.ʁik
antennate|ɑ̃.ti.nat
anthoméduse|ɑ̃.tɔ.me.dyz
anthracosilicose|ɑ̃.tʁɔ.si.li.koz
anthropotechnique|ɑ̃.tʁɔ.pɔ.tɛk.nik
antibrouillée|ɑ̃.ti.nu.je
antihermitienne|ɑ̃.ti.ɛʁ.mi.sjen
antillanisme|ɑ̃.ti.nism
antilocapridé|ɑ̃.ti.ʁi.de
antimalarique|ɑ̃.ti.ʁik
antiplaquettaire|ɑ̃.ti.plak.ʒi.teʁ
antitrypsine|ɑ̃.ti.saɪn
antébrachiale|ɑ̃.te.bʁa.kjal
anéjaculation|za.sjɔ̃
anérection|a.ne.sjɔ̃
aphodius|a.fɔ.djys
apoenzyme|a.pɔ.ɑ̃.zim
apostériorité|a.pɔs.li.te
appuie-livres|a.pɥi.livʁ
aranéomorphe|a.ʁa.mɔʁf
archentéron|aʁʃ.ʁɔ̃
archéozoïque|aʁ.ik
armurée|aʁ.y.ʁe
aromatase|a.ʁɔ.ma.taz
arsenite|aʁ.sə.nit
articlier|aʁ.ti.lje
artinienne|aʁ.ti.njɛn
asclépiadacée|as.se
ascochyta|as.ta
aspergès|asp.ɛ
asphaltène|as.tɛn
assa-fœtida|a.sa.da
assidéenne|a.si.de.ɛn
astralement|as.tʁal.mɑ̃
astéréognosie|as.te.ɡno.zi
atellane|a.lan
athéophobe|a.te.fɔb
athéophobie|a.te.fɔ.bi
atractyligénine|a.tʁa.nin
atrière|a.ʁjɛʁ
atropinique|a.tʁɔ.i.nik
atteloire|a.lwaʁ
attristement|a.mɑ̃
auberon|o.ʁɔ̃
autologue|ɔ.to.lɔɡ
autopsique|o.tɔp.sik
autos-couchettes|o.to.29
autos-patrouilles|o.to.
autoïque|ɔ.to.ik
auxiliariat|o.ta.ʁja
avalancheuse|a.va.lɑ̃ʃ.ʃøz
avipelvien|a.vi.ʁjɛ̃
avirulence|a.vi.ʁy.lɑ̃s
aviveuse|a.vøz
axopode|ak.pɔd
aérenchyme|a.e.ʃim
bacitracine|bak.ʁa.sin
bactériocine|bak.te.ʁjɔ.sin
baddeleyite|bad.lit
bafoueuse|ba.køz
baguazhang|ba.
baguiste|ba.ɡist
baha'ie|ba.ʁi
baha'isme|ba.lism
bailecito|baj.to
baloutchi|ba.tʃi
balter|bal.te
balénoptère|bal.tɛʁ
bancheuse|bɑ̃ʃ.ʃøz
banqueteuse|bɑ̃k.tøz
bardaf|baʁ.
barocline|ba.klin
barogramme|ba.ɡʁam
barotrope|ba.ʁɔ.tʁɔp
barrémienne|ba.mjɛn
baryogenèse|ba.ʒə.nɛz
basochienne|ba.ʃjɛn
batholite|bat.lit
batholithe|bat.lit
battle-dress|ba.stʁɛs
baxter|ba.tɛʁ
baylienne|bajl.ljɛn
bec-de-corbin|bɛk.də.kɔʁ.bɛ̃
becquer|bɛ.ke
bedonnement|bə.dɔ̃.mɑ̃
behaviouriste|be.ʁist
belcanto|bɛl.to
bene|bɛ̃.n
bennage|bɛ̃.naʒ
benzalkonium|bɛ̃.njɔm
benzonitrile|bɛ̃.tʁil
bergsonisme|bɛʁɡ.nism
bessemer|bə.sə.me
beugleuse|bø.ɡløz
beurouette|bœʁ.ʁu.ɛt
bhakti|bu.ti
bharatanatyam|
biangle|bi.ɑ̃ɡl
bibliologique|bi.bli.lɔ.ʒik
bibliologue|bi.bli.lɔɡ
biblio|bi.bli.ljo
bicolorié|bi.tje
bien-vivre|bjɛ̃.vivʁ
bignonia|bi.nja
big|bi
bigèbre|bi.ʒɛbʁ
biholomorphisme|bi.o.mɔʁ.fism
bilatéralement|bi.la.te.ʁal.mɑ̃
bilharziose|bi.oz
biligénie|bi.ʒe.ni
bilirubinémie|bi.mi
billbergia|bil.dʒja
bimodule|bi.mɔ.mo.dyl
binodale|bi.nɔ.dal
biocœnose|bjɔ.noz
biolubrifiant|bjɔ.ly.fjɑ̃
biotrophe|bjɔ.tʁɔf
birationnelle|bi.sjɔ.nɛl
biscottière|bis.tjɛʁ
biseauteuse|bi.zo.tøz
bisimpliciale|sjal
bissexualité|bi.sɛk.li.te
bisulfitique|bi.syl.tik
bivitelline|bi.te.lin
bizuter|bi.zy.te
blaguounette|bla.nɛt
blastopore|blas.pɔʁ
bledarde|blɛd.daʁd
bleuetier|blø.ɛ.tje
blindicide|blɛ̃.sid
bodybuildeuse|bɔ.di.døz
bolivares|bɔ.li.vaʁ.si.ɡaʁ
bonifiante|bɔ̃.ɑ̃t
bordeuse|bɔʁ.døz
bordisme|bɔʁ.dism
bordureuse|bɔʁ.dyʁ.ʁøz
bornologie|bɔ.lɔ.ʒi
borough|bɔʁ.ʁœf
boskoop|bɔs.
boucholeuse|bu.løz
bouchonnière|bu.ʃɔ̃.njɛʁ
bouddhologue|bu.lɔɡ
bouffir|bu.fi.fiʁ
bouillage|bu.jaʒ
bouletée|bu.te
bourgeoisiale|buʁ.ʒwa.sjal
bourrellement|bu.mɑ̃
bousculement|bus.ky.mɑ̃
bout-dehors|bu.də.ɔʁ
boutante|bu.tɑ̃t
boute-hors|bu.ɔʁ
brachiocéphalique|bʁa.kjo.se.fa.lik
branlage|bʁɑ̃.laʒ
braseuse|ze.zøz
bravement|bʁav.mɑ̃
bredele|bʁə.du.lə
brigadeiro|bʁi.ɡad.ʁo
briocher|bʁi.jo.ʃe
briqueteuse|bʁik.tøz
bronchioloalvéolaire|bʁɔ̃.al.ve.o.lɛʁ
bronchiteuse|bʁɔ̃.ʃit.tøz
bronchoconstriction|bʁɔ̃.kɔ.sjɔ̃
brouilleuse|bʁuj.jøz
brownienne|bʁɔ.njɛn
bruineuse|bʁɥin.nøz
brutisme|bʁy.tism
brévétoxine|bʁe.tɔk.sin
bucoliquement|by.kɔ.lik.mɑ̃
buissons-ardents|bɥi.sɔ̃.dɑ̃
bulb-keel|byl.
burgaudine|byʁ.ɡo.din
burineuse|by.ʁɛ̃.nøz
burkinabè|buʁ.
buronnière|by.ʁɔ̃.njɛʁ
buselure|byz.lyʁ
butanal|by.ta.nal
buxacée|by.se
bâtissable|bɑ.sabl
béatement|be.at.mɑ̃
bénéf|be.ne.ɛf
bépo|be.pus
bérimbau|be.bo
bêbête|bɛ.bɛt
bûchage|by.ʃaʒ
cP|se.
cSt|se.mɑ̃
cache-col|kaʃ.kɔl
cadenassage|kad.na.saʒ
calcitriol|kal.tʁjɔl
calcosodique|kal.dik
calière|kal.ljɛʁ
calvadosienne|kal.va.dos.sjɛn
camarine|ka.ma.ʁin
camionneuse|ka.mjɔ.nøz
camoufleur|kɑ̃.flœʁ
cancérophobie|kɑ̃.se.fɔ.bi
cancéropole|kɑ̃.se.pɔl
canoës-kayaks|ka.nɔ.e.
canyoniste|ka.ɲɔ.nist
caoutchoutière|ka.ut.ʃu.tjɛʁ
capacitiste|ka.tist
caproïque|ka.ik
capsicum|kap.kɔm
captieusement|kap.sjøz.mɑ̃
caractéristiquement|ka.ʁak.te.ʁis.tik.mɑ̃
caractérologique|ka.ʁak.te.lɔ.ʒik
carboxamide|kaʁ.bɔ.a.mid
carburière|kaʁ.by.ʁjɛʁ
carbutamide|kaʁ.by.a.mid
carcinose|kaʁ.si.noz
cardamone|kaʁ.da.mɔn
carfentanyl|kaʁ.be.ʁil
carpettière|kaʁ.tjɛʁ
carreautée|ka.ʁo.te
cartellaire|kaʁ.lɛʁ
carvacrol|kaʁ.ʁɔl
cary|kaʁ.ʁi
casquettière|kas.tjɛʁ
castrer|kas.tʁe
cataclysmale|ka.ta.al
catagenèse|ka.ta.ʒə.nɛz
cataméniale|ka.ta.njal
cathepsine|ka.ta.saɪn
catégoriale|ka.te.ɡɔ.tɔ.ʁjal
caudine|kaw.din
caveuse|kav.vøz
cd|se.
cedrela|se.la
cellobiose|se.bjoz
cellophaneuse|se.lɔ.fan.nøz
cellophanée|se.ne
cellulase|sɛ.ly.laz
celtisme|sɛl.tism
centipoise|sɑ̃.pwaz
centromérique|sɑ̃.me.ʁik
centésimale|sɑ̃.mal
cervicite|sɛʁ.vi.sit
cgr|flɑ̃.ɡaʁd
chaabi|ʃa.bi
chafiite|ʃa.it
chaloupement|ʃa.lup.mɑ̃
chamoiseuse|ʃɑ̃.wa.zøz
chanfreineuse|ʃɑ̃.fʁɛ̃.fʁɛ.nøz
chaosienne|ka.o.sjɛn
charlater|ʃaʁ.la.te
charte-partie|ʃaʁt.paʁ.ti
chartes-parties|ʃaʁt.ti
chawer|ʃa.vœʁ
chaîneuse|ʃɛn.nøz
check-list|ʃɛ.list
cheiroptère|ʃɛʁ.tɛʁ
chevau-léger|ʃə.ʒe
chevaucheuse|ʃə.ʃøz
chevillarde|ʃə.vi.jaʁd
chimiolithotrophe|ʃi.mjo.tʁɔf
chitosan|ki.sɑ̃
chloramine|klɔ.a.min
chlorobenzène|klɔ.ʁɔ.bɛ̃.zɛn
chlorpromazine|klɔ.a.zin
choanocyte|kɔ.sit
choisisseuse|ʃwa.søz
cholinestérasique|kɔ.lin.zik
cholécystotomie|kɔ.le.tɔ.mi
chondrichtyen|kɔ̃.jɛn
chondriosome|kɔ̃.zom
chondromatose|kɔ̃.dʁɔ.ma.toz
chorio-épithéliome|kɔ.ʁjɔ̃.liom
chorioméningite|kɔ.ʁjɔ̃.me.nɛ̃.ʒit
choux-navets|ʃu.vɛ
christocentrisme|kʁis.sɑ̃.tʁism
chronaxie|kʁɔ.nɔ.si
chronaxique|kʁɔ.nɔ.sik
chrysanthémique|kʁi.zɔ.mik
chrysothérapie|kʁi.zɔ.te.ʁa.pi
chrétien-démocrate|kʁe.de.mɔ.kʁat
chutney|ʃyt.nɛ
châtelperronienne|ʁɔ.njɛn
chèrement|ʃɛʁ.mɑ̃
chénodésoxycholique|ke.nɔ.lik
chétivement|ʃe.tiv.mɑ̃
ci-contre|si.kɔ̃tʁ
cinétisme|si.ne.tism
circ|siʁ.se
cisailleuse|si.zɑj.jøz
citernière|si.te.njɛʁ
citrus|si.tʁys
cit|si.mɑ̃
civiquement|si.vik.mɑ̃
cladocère|kla.sɛʁ
clausus|klo.sys
claveleuse|kla.løz
climatiquement|kli.ma.tik.mɑ̃
clinopyroxène|klɛ̃.pi.ʁɔk.sɛn
clinozoïsite|klɛ̃.zɔ.i.zit
cliveuse|kli.vøz
clomifène|klɔ.fɛn
clomiphène|klɔ.fɛn
clostridiale|klo.djal
clusiacée|se
cléchée|kle.ʃe
cnidocil|kni.sil
cnidocyste|kni.tɔ.sist
cnidosporidie|kni.di
coagglutination|kɔ.a.ɡy.za.sjɔ̃
cocaliser|kɔ.ka.li.ze
cocassement|kɔ.kas.mɑ̃
cochaîne|kɔ.ʃɛn
cocréancière|ko.sjɛʁ
codéveloppement|kɔ.de.mɑ̃
cogouvernance|nɑ̃s
cohomologique|ko.o.lɔ.ʒik
cold-cream|kɔl.42
coliqueuse|kɔ.lik.køz
collaborationnisme|kɔ.la.bɔ.ʁa.sjɔ̃.sjɔ.nism
collagraphie|kɔ.la.ɡʁa.fi
collenchyme|kɔl.ʃim
colossienne|kɔ.sjɛn
colzatière|kɔl.za.tjɛʁ
commettante|kɔ.tɑ̃t
commissurotomie|kɔ.mi.tɔ.mi
commuable|kɔ.abl
comourant|kɔm.mɑ̃
compatir|kɔ̃.pa.tiʁ
componctueuse|kɔ̃.po.ɔ̃k.tɥøz
conceptualité|kɔ̃.sɛp.tɥa.li.te
conciliarisme|kɔ̃.si.ta.ʁism
conciliatoire|kɔ̃.si.twaʁ
concordiste|kɔ̃.kɔʁ.kɔʁ.dist
condruzienne|kɔ̃.zjɛn
conductimétrie|kɔ̃.dyk.me.tʁi
conducto-convective|kɔ̃.dyk.tiv
conduiseuse|kɔ̃.dyk.zøz
confisquer|kɔ̃.ke
conjungo|kɔ̃.ʒy.ɡo
connétablie|kɔ.ne.bli
conobrer|kɔ̃.bʁe
conodale|kɔ̃.nɔ.dal
conormale|kɔ̃.nɔʁ.mal
conoyau|kɔ̃.nwa.jo
consulairement|kɔ̃.sy.lɛʁ.mɑ̃
contagieuse|kɔ̃.ta.li.ʒjøz
contenante|kɔ̃t.tə.nɑ̃t
contextualité|kɔ̃.tɛk.li.te
contragestif|kɔ̃.tif
contrebattre|kɔ̃tʁ.ʁǝ.batʁ
contumax|kɔ̃.maks
convolvulus|kɔ̃.vwa.my.lys
coqueleuse|kɔk.løz
corporativement|kɔʁ.pɔ.ʁa.tiv.tiv.mɑ̃
corrigeuse|kɔ.ʁi.ʒøz
corroyeuse|kɔ.ʁwa.jøz
corticospinale|kɔʁ.ti.kɔ.spi.nal
cosolvant|kɔs.mɑ̃
cotylédonée|kɔ.ti.le.dɔ̃.ne
court-vêtue|kuʁ.ty
covecteur|kɔ.tœʁ
covelline|kɔ.lin
coûtante|kut.tɑ̃t
craniectomie|kʁɑ̃.tɔ.mi
craniopharyngiome|kʁa.njɔ.ʒjɔm
criblière|kʁi.ljɛʁ
cristallogenèse|kʁis.ta.lɔ.ʒə.nɛz
croisetée|kʁwa.te
croissantière|kʁwa.sɑ̃.tjɛʁ
croissantée|kʁwa.sɑ̃.te
cromesquis|kʁɔ.ki
cromoglycate|kʁɔ.kat
croquine|kʁɔ.ki.kin
crossoptérygien|kʁɔs.ʁi.ʒjɛ̃
crwth|kʁe.aʃ
crédobaptisme|kʁe.di.ba.tism
créolisme|kʁe.ɔ.lism
créoliste|kʁe.ɔ.list
crépisseuse|kʁe.pi.pi.søz
cuisamment|kɥi.mɑ̃
cuiseuse|kɥi.zøz
culex|ky.plɛks
culinairement|ky.li.nɛʁ.mɑ̃
cuon|ky.ɔ̃
cupressinée|ky.ne
cyclage|si.klaʒ
cyclohexanone|si.klo.a.nɔn
cycloplégie|si.klo.lɔ.ʒi
cyclosporine|si.klo.ʁin
cyclotomie|si.klɔ.tɔ.mi
cyclène|si.lɛn
cyhalothrine|tʁin
cylindraxe|si.lɛ̃.aks
cymrique|sɛ̃.ʁik
cynodonte|si.nɔ.dɔ̃t
cyphoscoliose|si.skɔ.ljoz
cyprotérone|si.ʁɔn
cystostomie|sis.tɔs.tɔ.mi
cytobactériologique|lɔ.ʒik
cytochrome|si.tɔ.kʁom
cytodiérèse|si.tɔ.dje.ʁɛz
cytosolique|si.tɔ.sɔl.lik
cémentite|se.mɑ̃.tit
cézannienne|se.ma.njɛn
cœliochirurgie|se.ʃi.ʁyʁ.ʒi
cœlioscope|se.kɔp
cœlostat|se.ta
cœurse|kœʁ.sə
dB|de.
dantoniste|dɑ̃.nist
dast|da.st
datographe|da.ɡʁaf
dei|nɔ.ʁɛst
demi-sang|də.mi.sɑ̃
denteleuse|dɑ̃t.løz
dentinome|dɑ̃.nɔm
dermopharmacie|dɛʁ.mɔ.faʁ.ma.si
desmodontite|dɛs.tit
dessicant|de.si.ka.mɑ̃
dessus-de-porte|də.sy.pɔʁt
deutéronomique|dø.te.ʁɔ̃.nɔ.mik
dextrorsum|dɛk.sɔm
diacétylmorphine|dja.mɔʁ.fin
diamorphine|dja.mɔʁ.fin
diathermie|dja.tɛʁ.mi
diazane|dja.zan
diazoïque|dja.zɔ.ik
diazène|dja.zɛn
dibasique|di.zik
dicentra|di.tʁa
didot|di.dɔt
dimissoriale|di.mi.tɔ.ʁjal
diméthylmercure|di.me.mɛʁ.kyʁ
dinitration|di.za.sjɔ̃
dinitrile|di.tʁil
dinoflagellé|di.nɔ.le
dinornis|di.nɔ.nis
diodique|djɔ.dik
dione|djɔ.fɔn
dipneumonée|dip.ne
discompteuse|dis.kɔ̃t.kɔ̃.tøz
discounteur|dis.kunt.tœʁ
disilane|dis.si.lan
dismutase|dis.staz
disodique|dis.dik
dispatcheuse|dis.pa.ʃøz
dispersive|dis.pɛʁ.siv
disubstituée|dis.tɥe
dittographie|di.ɡʁa.fi
diédrale|dje.dʁal
djibser|dʒi.ze
dodécylsulfate|dɔ.de.ka.syl.fat
dominotée|mi.te
doucir|du.du.siʁ
doudouisme|du.du.dwism
doxorubicine|dɔk.sɔ.sin
doxycycline|dɔk.si.klin
dragline|dʁaɡ.lin
dragéiste|dʁa.ist
droitosphère|dʁwa.sfɛʁ
dry-farming|dʁaj.miŋ
ductus|dyk.tys
dysboulique|dis.ba.lik
dysendocrinie|di.ni
dysmorphophobique|dis.mɔʁ.fo.bik
dysorexie|dis.ʁɛk.si
dysrythmie|dis.ʁit.mi
dystrophine|dis.tʁɔ.fin
déactiver|de.ɑ̃.by.ti.ve
débandage|de.bɑ̃.daʒ
débarrasseuse|de.ba.ʁa.søz
débenzolage|de.laʒ
débiteuse|de.bi.tøz
déblayeuse|de.blɛ.jøz
débouillir|de.bu.jiʁ
débourreuse|de.buʁ.ʁøz
débrôler|de.le
décalqueuse|de.kalk.køz
décanoïque|de.kɑ̃.ik
décarottage|de.kaʁ.taʒ
déchronologie|de.lɔ.ʒi
décompteuse|de.kɔ̃t.tøz
décorcer|de.kɔʁ.se
décrasseur|de.sœʁ
décrypteuse|de.tøz
dédoubleuse|de.du.bløz
défens|de.
défoliante|de.fɔ.ljɑ̃t
défragmenteur|de.fʁaɡ.tœʁ
dégluer|de.ɡly.ɡly.e
dégonflarde|de.ɡɔ̃.flaʁd
dégrever|de.ɡʁɛ.ɡʁə.ve
dégrossisseuse|de.ɡʁo.søz
délamination|de.za.sjɔ̃
délinquantielle|de.lɛ̃.sjɛl
délitescente|de.li.sɑ̃t
démarqueuse|de.maʁk.køz
démasquage|de.mas.kaʒ
démucilagination|de.za.sjɔ̃
dénervation|de.za.sjɔ̃
dénicotiniseur|de.ni.ni.zœʁ
déontique|de.ɔ̃.tik
dépariage|de.paʁ.ma.ʁjaʒ
dépelliculage|de.laʒ
dépendeuse|de.døz
déplanification|de.plɑ̃.fi.ka.sjɔ̃
désarçonnante|de.zaʁ.nɑ̃t
désavantageusement|de.za.vɑ̃.taʒ.mɑ̃
désaxement|de.zak.mɑ̃
désenfler|de.zɑ̃.ɑ̃.fle
déserteuse|de.zɛʁt.tøz
déshuilage|de.zy.ɥi.laʒ
déshuntage|de.zy.taʒ
déshydrogénase|de.zi.nɑz
désiliciage|de.zɛ̃.sjaʒ
désinfectrice|de.zɛ̃.fɛk.tʁis
désoxyribonucléoprotéique|de.zɔk.si.pʁɔ.tɛik
détoxifiante|de.tɔk.ɑ̃t
déverbatif|de.vɛʁ.tif
e.ta.zy.njɛn
eV|ɑ̃.ve
ecballium|ljɔm
ectotrophe|ɛk.tɔ.tʁɔf
efflorescente|e.flɔ.ʁe.sɑ̃t
effusivité|ɛ.ti.vi.te
eisangélie|li
elliptocytose|lip.tɔz
elæis|ɛl.
emballagiste|ɑ̃.ba.lɔ.ʒist
embobineuse|ɑ̃.bɔ.bi.nøz
embratteler|ɑ̃.a.tə.le
embryonnée|ɑ̃.bʁi.jɔ̃.ne
embryophagie|ɑ̃.bʁi.lɔ.ʒi
empaqueteuse|ɑ̃.pak.tøz
empathe|ɑ̃.pa.pat
encaissante|ɑ̃.sɑ̃t
encapsulement|ɑ̃.kap.sy.mɑ̃
enceindre|ɑ̃.
encroûtante|ɑ̃.tɑ̃t
enduiseuse|ɑ̃.zøz
engazonneuse|ɑ̃.ɡa.nøz
engrumeler|ɑ̃.le
enguichée|ɑ̃.ʃe
enjaveler|ɑ̃.le
enlacer|ɑ̃.la.se
enleveuse|ɑ̃.vøz
ennealogie|ɑ̃.lɔ.ʒi
enrichir|ɑ̃.ʁi.ʃiʁ
enrubanneuse|ɑ̃.ʁy.nøz
ensellement|ɑ̃.mɑ̃
ensouillement|ɑ̃.mɑ̃
envieusement|ɑ̃.vjøz.mɑ̃
envoûteuse|ɑ̃.tøz
ergastoplasme|ɛʁ.tɔ.plasm
escompteuse|ɛs.kɔ̃t.tøz
espaces-temps|ɛs.pas.tɑ̃
esquintante|ɛs.tɑ̃t
essencière|ɛs.sjɛʁ
essorante|e.sɔʁ.ɔ.ʁɑ̃t
estampeuse|ɛs.tɑ̃p.pøz
estampilleuse|ɛs.tɑ̃.pij.pi.jøz
ethnomédecine|ɛt.nɔ.mɛd.sin
euménide|ø.nid
eupnéique|ø.ne.ik
europhobe|ø.ʁɔ.fɔb
européocentriste|ø.ʁɔ.pe.sɑ̃.tʁist
euryapside|ø.ʁɔ.ap.sid
eurythermie|ø.ʁɔ.tɛʁ.mi
excipée|ɛk.si.pe
exfoliante|ɛks.ljɑ̃t
exogroupe|ɛɡ.zɔ.ɡʁup
exogénéité|ɛɡ.zɔ.li.te
exorcistat|ɛɡ.zɔʁ.ta
exothermicité|ɛɡ.zɔ.li.te
exothermie|ɛɡ.zɔ.tɛʁ.mi
expertes-comptables|ɛk.spɛʁt.tabl
experts-comptables|ɛk.spɛʁ.tabl
expressiste|ɛk.spʁɛs.ɡʁɛ.sist
expropriante|ɛks.pʁi.pʁi.jɑ̃t
extenso|ɛk.stɑ̃.so
extractabilité|ɛks.tʁak.bi.li.te
extremis|ɛk.stʁa.mi
extrovertie|ɛk.stʁa.ti
facto|fak.to
fagacée|fa.se
faisandière|fə.zɑ̃.djɛʁ
faisanneau|fə.zɑ̃.a.no
falsificationnisme|fal.si.fi.ka.sjɔ̃.sjɔ.nism
famennoise|fa.møz.nwaz
familias|fa.mi.ljɑs
farnésol|faʁ.zɔl
fastigiée|fas.ti.ʒje
fauchet|foʃ.ʃɛ
favique|fa.vik
façonneuse|fa.sɔ.nøz
feld-maréchal|fɛld.ʃal
fenwick|fə.
fermenteur|fɛʁm.tœʁ
ferricyanure|fɛ.sja.nyʁ
ferriprive|fɛ.ʁiv
ferrotypie|fɛ.ʁɔ.ti.pi
fettucine|fɛ.sin
feuillardière|fœ.jaʁ.djɛʁ
fiablement|fja.bi.mɑ̃
fibrinolyse|fi.liz
fibrinolytique|fi.li.tik
fibrinémie|fi.mi
fibrocyte|fi.bʁɔ.sit
figuriniste|fi.ɡy.nist
filicophyte|fi.fit
filonienne|fi.lɔ̃.njɛn
fin'amor|fɛ̃.ɔʁ
financiarisme|fi.nɑ̃.ta.ʁism
finitiste|fi.ni.tist
finslérienne|fɛ̃.ʁjɛn
fish-eye|fi.
flingot|flɛ̃.ɡɔ
flognarde|flɔ.ɲaʁd
fluocompacte|fly.o.kɔ̃.pakt
fluofibre|fly.o.fibʁ
flupyrsulfuron|ʁɔ̃
fluxomique|fly.mik
focométrie|fɔ.me.tʁi
focométrique|fɔ.me.tʁik
fontanili|fɔ̃.li
fordienne|fɔʁ.djɛn
fortiori|fɔʁ.ʁi
fouder|fu.de
fourgat|fuʁ.ɡa
foutredieu|futʁ.djø
fractographie|fʁak.ɡʁa.fi
frappologie|fʁa.lɔ.ʒi
free-shop|fʁi.ʃɔp
frisko|fʁi.ko
frousser|fʁu.se
fr|ɛf.te
fréquentiste|fʁe.kɑ̃.tist
fuguée|fy.ɡe
fulvique|fyl.vik
fumariacée|fy.se
funiculite|fy.ni.lit
futurible|fy.ty.ʁibl
fénéthylline|lin
féodalement|fe.ɔ.dal.mɑ̃
févier|fe.vje
gabbroïque|ɡa.bʁo.ik
gadzart|ɡa.aʁ
gaiement|ɡe.mɑ̃
galactane|ɡa.tan
galactosamine|ɡa.lak.a.min
galactosidase|ɡa.lak.daz
galactosémie|ɡa.mi
galamment|ɡal.mɑ̃
galvanoscope|ɡal.va.kɔp
gammaglobuline|ɡa.ma.ɡlɔ.by.lin
gammiste|ɡa.mist
gamétange|ɡa.ɑ̃ʒ
garalde|ɡa.də
garba|ɡaʁ.ba
gardes-malades|ɡaʁ.nad
gargantua|ɡaʁ.y.a
gaspilleuse|ɡas.pi.pi.jøz
gattilier|ɡat.lje
gaufroir|ɡo.fʁwaʁ
gaulthérie|ɡo.ʁi
gayolle|ɡɛ.ʁɔl
gazonnement|ɡɑ.mɑ̃
gaïacol|ɡa.jak.kɔl
gendarmesque|ʒɑ̃.daʁm.mɛsk
gentamicine|ʒɑ̃.sin
gentianée|ʒɑ̃.ti.ne
gentilhommerie|ʒɑ̃.ti.ʁi
genépi|ʒə.pi
gestaltiste|ʒɛs.al.tist
giardia|ʒja.dja
gibbsite|ʒi.sit
gibbule|ʒi.byl
gingivectomie|ʒɛ̃.ʒi.tɔ.mi
gingivorragie|ʒɛ̃.ʒi.lɔ.ʒi
girouettisme|ʒi.tism
glaisière|ɡlɛ.zjɛʁ
glanage|ɡlɑ̃.naʒ
glauquement|ɡlok.mɑ̃
glockenspiel|ɡlɔ.sjɛl
glossette|ɡlɔs.sɛt
glosso-pharyngienne|ɡlɔ.ʒjɛ̃n
glossématique|ɡlɔs.ma.tik
glucanase|ɡly.naz
glucosinolate|ɡly.lat
glycanase|ɡli.kɔ.naz
glycogénolyse|ɡli.kɔ.liz
glycogénose|ɡli.kɔ.ʒe
glycosylée|ɡli.kɔ.le
glyptodonte|ɡlip.to.dɔ̃.dɔ̃t
gneissique|ɡnɛs.si.sik
gnoll|
gobeuse|ɡɔ.bøz
gogole|ɡɔɡ.ɡɔl
gomme-gutte|ɡɔm.tə
gonococcie|ɡɔ.si
gonococcique|ɡɔ.kɔk.sik
gonoréaction|ɡɔ.za.sjɔ̃
goulache|ɡu.aʃ
gourmade|ɡuʁ.meɪd
grafcet|ɡʁa.sɛt
gramicidine|ɡʁa.mi.din
gramscisme|ɡʁa.fa.ʃism
gram|ɡʁa.
grandiosement|ɡʁɑ̃.djoz.mɑ̃
grands-mamans|ɡʁɑ̃.mɑ̃
grapheuse|ɡʁaf.ʃøz
grassmannienne|ɡʁa.njɛn
gravatière|ɡʁa.tjɛʁ
grenadage|ɡʁə.na.a.daʒ
grenouillesque|ɡʁə.nuj.lɛsk
griffade|ɡʁi.fad
gringolée|ɡʁɛ̃.le
griséofulvine|ɡʁi.vin
grièche|ɡʁi.jɛʃ
gros-boutiste|ɡʁo.tist
groupoïde|ɡʁu.id
grugeuse|ɡʁy.ʒøz
grumier|ɡʁym.mje
gr|te
gréeuse|ɡʁe.øz
gréver|ɡʁe.vɛʁ
guaïfénésine|ɡwa.saɪn
guernouille|nuj
guerroyeuse|ɡɛ.jøz
guignarde|ɡi.ɲaʁd
guilleri|ɡij.ʁi
guillocheuse|ɡi.jɔ.ʃøz
gymnarque|ʒim.naʁk
gynerium|ʒi.ne.ʁjɔm
gynogenèse|ʒi.nɔ.ʒə.nɛz
gyrencéphale|ʒi.ʁɔ.se.fal
gyrobicoupole|ʒi.ʁɔ.ku.pɔl
gyrus|ʒi.ʁɔ.ʁys
génothérapie|ʒe.ne.te.ʁa.pi
généthliaque|ʒe.ne.ljak
génétisme|ʒe.ne.tism
génétiste|ʒe.ne.tist
géostrophique|ʒe.ɔ.ɡʁa.fik
géosynclinal|ʒe.ɔ.nal
géraniée|ʒe.ʁa.nje
gérontoxon|ʒe.ʁɔ̃.tɔ.sɔ̃
gîtage|ʒi.taʒ
habeas|ha.ɑs
hab|ha.av
hachischine|a.ʃiʃ.ʃin
hachischée|a.ʃi.ʃe
halioculture|a.kyl.tyʁ
haliotis|a.ti
halkiner|a.ne
hallucinose|a.noz
hand-ball|ɑ̃.bol
happement|ap.mɑ̃
harpe-luth|aʁp.lyt
haschichine|a.ʃiʃ.ʃin
haschichisme|a.ʃiʃ.ʃism
haschichée|a.ʃe
haschischine|a.ʃiʃ.ʃin
haschischisme|a.ʃiʃ.ʃism
haschischée|a.ʃiʃ.ʃe
hasmonéenne|ne.ɛn
hautes-contre|ot.kɔ̃tʁ
haïsseuse|a.søz
hebdomadière|ɛb.dɔ.djɛʁ
hectopièze|ɛk.piɛz
heimatlosat|aj.mat.los.za
hemigrammus|ɛm.mys
hendiadys|ɛ̃.de.ka.
hensélienne|ljɛn
heptoxyde|ɛp.ɔk.sid
hermesse|ɛʁ.mɛs
hertzienne|ɛʁ.zjɛn
hervienne|ɛʁ.vjɛn
hexachlorophène|ɛɡ.za.klo.ʁo.fi.lɔ.fen
hexacorde|ɛɡ.za.kɔʁd
hexanoïque|ɛɡ.zan.ik
hexitol|ɛʁ.tɔl
hilotisme|i.tism
hipparion|i.a.ʁjɔ̃
hippophaé|i.pɔ.
hobbesienne|bi.sjɛn
hodographe|od.ʒa.ɡʁaf
hojjat-al-islam|is.lam
hoki|o.ki
holomorphe|ɔ.lɔ.mɔʁf
holomorphie|ɔ.lɔ.ɡʁa.fi
holonome|ɔ.lɔ.nɔm
holostéen|ɔ.lɔ.ɑ̃
hominem|ɔ.mi.nɛm
homogénéisante|ɔ.mɔ.ʒe.zɑ̃t
homéothermie|o.me.tɛʁ.mi
hongreuse|ɔ̃ɡʁ.ɡʁøz
hongroyeuse|ɔ̃.ɡʁwa.jøz
horocycle|ɔ.sikl
horocyclique|ɔ.si.klik
horosphère|ɔ.sfɛʁ
hors-concours|ɔʁ.kɔ̃.kuʁ
hot-line|ɔt.withoutA-Z
houillification|uj.fi.ka.sjɔ̃
houspilleuse|us.pi.jøz
huitièmement|ɥi.tjɛm.mɑ̃
humagne|y.n
humidistance|ɔm.dis.tɑ̃s
hummock|ɔm.
husserlienne|y.ljɛn
hyaloclastite|ja.tit
hyaluronidase|ja.daz
hydranthe|i.dʁɔ.ljɑ̃t
hydrazone|i.dʁɔ.zon
hydrogénosulfate|i.dʁɔ.ʒe.syl.fat
hydrogénosulfite|i.dʁɔ.ʒe.syl.fit
hydrogénosulfure|i.dʁɔ.ʒe.syl.fyʁ
hydropathe|i.dʁɔ.pat
hydropulseur|i.dʁɔ.pʁɔ.pyl.sœʁ
hydroxylase|i.dʁɔ.si.laz
hydroxylation|i.dʁɔ.za.sjɔ̃
hydrurée|i.dʁɔ.y.ʁe
hygrostat|i.ɡʁɔ.ta
hylobatidé|i.de
hyperaldostéronisme|i.pɛ.nism
hypercholestérolémique|i.pɛʁ.mik
hypergame|i.pɛʁ.ɡam
hypergonar|i.pɛʁ.naʁ
hypernovæ|i.pɛʁ.nɔ.ve
hyperostose|i.pɛʁ.toz
hyperoxie|i.pɛʁ.si
hyperphalangie|hajp.
hyperprolactinémie|i.pɛʁ.mi
hyperémèse|i.pɛʁ.mɛz
hypodermose|i.pɔ.moz
hypogame|i.pɔ.ɡam
hypogonadisme|i.pɔ.dism
hypopituitarisme|i.pɔ.ta.ʁism
hypoprotéinémie|i.pɔ.mi
hélicase|e.li.kɑz
héloderme|e.dɛʁm
hémangiome|e.ma.ɑ̃.ʒjɔm
hémarthrose|e.ma.aʁ.tʁoz
hémiperméable|e.mi.pɛʁ.me.abl
hémosidérine|e.mɔ.e.ʁin
hémérobe|e.me.ʁɔb
héparane|e.pa.ʁan
hépiale|e.pa.pjal
hétéroprothallie|e.te.ʁo.li
ice-field|i.
ice-shelf|i.ɡɔlf
icositétraèdre|i.te.tʁa.ɛdʁ
idempotence|i.pɔ.tɑ̃s
identifieur|i.tœʁ
identitarisme|i.dɑ̃.ti.ta.ʁism
idiotype|i.djɔ.tip
ijtihad|ad
ilotisme|i.tism
imagoïque|i.ma.ɡo.ik
immortellement|i.mɔʁ.tɛl.mɑ̃
immunogénicité|i.my.nɔ.si.te
imperfectible|ɛ̃.pɛʁ.fɛk.tibl
imperforée|ɛ̃.pɛʁ.ɔ.ʁe
imports-exports|ɛ̃.pɔʁ.
impurement|ɛ̃.pyʁ.mɑ̃
impénitence|ɛ̃.pe.tɑ̃s
in.ɔk.ta.vo
inappliquée|i.na.pli.ke
inappréciée|i.na.sje
inassujettie|i.na.ti
inattaquée|i.na.ke
inciseur|ɛ̃.siz.zœʁ
incivilement|ɛ̃.si.vil.mɑ̃
incommodo|ɛ̃.kɔ.mɔ.dɔ
incoterm|ɛ̃.kɔ̃.
incrustante|ɛ̃.kʁys.tɑ̃t
incrusteuse|ɛ̃.kʁys.tøz
indianisme|ɛ̃.dja.nism
individualisable|ɛ̃.di.vi.dy.li.zabl
individualisante|ɛ̃.di.vi.dy.li.zɑ̃t
indéchiffrée|ɛ̃.de.fʁe
indéfinissablement|ɛ̃.de.fi.mɑ̃
indélicatement|ɛ̃.de.li.kat.mɑ̃
inengendrée|i.nɑ̃.dʁe
ineptement|i.nɛpt.mɑ̃
infigurabilité|ɛ̃.fi.bi.li.te
infinitum|ɛ̃.fi.ni.tɔm
infradienne|ɛ̃.fʁa.djɛ̃
iniquement|i.nik.mɑ̃
initio|in.sjo
injaculation|ɛ̃.za.sjɔ̃
insituable|ɛ̃.si.ty.abl
insulinase|ɛ̃.sy.li.naz
insulinome|ɛ̃.sy.li.nɔm
insurgente|ɛ̃.syʁ.yʁ.ʒɑ̃t
intellectisme|ɛ̃.te.lɛkt.tism
intellectualité|ɛ̃.te.lɛk.li.te
intemporellement|ɛ̃.tɑ̃.pɔ.ʁɛl.mɑ̃
interféron|ɛ̃.tɛʁ.fe.ʁɔ̃
interleukine|ɛ̃.tɛʁ.kin
interministérialité|ɛ̃.tɛʁ.mi.bi.li.te
intertrigo|ɛ̃.tɛʁ.ɡo
intraépithéliale|ɛ̃.tʁa.te
introublée|ɛ̃.tʁo.ble
intuitu|in.ty
invalidement|ɛ̃.va.lid.mɑ̃
inventoriage|ɛ̃.vɑ̃.ʁjaʒ
inversible|ɛ̃.vɛʁ.sibl
ipso|ip.pso
ipéca|i.pe.ka
iridocyclite|i.ʁi.klit
irish-terrier|i.ʁis.tɛ.ʁje
irrachetable|i.ʁa.aʃ.tabl
irrassasiée|i.ʁa.zje
irrotationnelle|sjɔ.nɛl
irréflexion|i.ʁe.flek.sjɔ̃
irréfutée|i.ʁe.fy.fy.te
irréligieusement|i.ʁe.li.ʒjøz.mɑ̃
irrévélée|i.ʁe.ve.le
irrévérente|i.ʁe.ve.ʁɑ̃t
isenthalpe|i.zɑ̃.alp
isocortex|i.zɔ.kɔʁ.tɛks
isogame|i.zo.ɡam
isolectotype|i.zɔ.tip
isomonodromique|i.zɔ.mik
isoniazide|i.zo.id
isopropanol|i.zo.ta.nɔl
isospectralité|i.zo.bi.li.te
isosporie|i.zo.ʁi
isosyntype|i.zo.tip
isozyme|i.zo.zim
italianiste|i.ta.lja.nist
ivressomètre|i.mɛtʁ
jacée|ʒa.se
jalap|ʒa.klap
jalonnement|ʒa.lɔ.mɑ̃
japonologie|ʒa.pɔ̃.lɔ.ʒi
jargonneuse|ʒaʁ.ɡɔ.nøz
jasmonate|ʒas.nat
jaunir|ʒɔ.y.niʁ
javer|ʒa.vɛʁ
jennérienne|ʒɛ.ne.ʁjɛn
jeun|ʒø.œ̃
jihadisme|ʒi.ad.dism
jointeuse|ʒwɛ̃.tøz
jointivement|ʒwɛ̃.tiv.tiv.mɑ̃
joncher|ʒɔ̃.ʃe
joncteur|ʒɔ̃k.sjɔ̃.tœʁ
jugeuse|ʒyʒ.ʒøz
juil|ʒɥi.il
jurement|ʒy.mɑ̃
jutage|ʒy.taʒ
ka.tʁə.vɛ̃.ɔ̃.zjɛm
ka.tʁə.vɛ̃.ɔ̃z
kafkaïenne|kɑ.jɛn
kala-azar|ka.zaʁ
kaotiser|ka.li.ze
kbit|bit
kentrophylle|kɛn.ʁɔ.fil
khalifale|ka.fal
khédiviale|ke.vjal
kibboutznik|ki.buts.nik
kimbanguisme|kim.lɛ̃.ɡwism
kissel|ki.sɛl
kleinienne|klɛp.njɛn
kn|sjɔ̃
kpc|pus
kriegspiel|kʁik.sjɛl
krishnaïsme|kʁa.ism
krump|lɔ̃p
kth|kon.traw.aʃ
kyriologique|ki.lɔ.ʒik
kénose|ke.noz
kératane|ke.ʁa.tan
kératocône|ke.ʁa.kon
kétoconazole|ke.a.zɔl
kɔ̃.tʁə.bʁa.ke
kɛl.kə.zyn
kɛl.kə.zœ̃
labadens|la.
labdanum|la.da.nɔm
labium|la.bjɔm
laboriste|la.bɔ.ʁist
lacanisme|la.nism
lacquemant|lak.mɑ̃
lacrima-christi|la.kʁi.sti
lactocoque|lak.kɔk
lagothrix|la.dʁi
lamaneuse|la.ma.nøz
lamarckisme|la.maʁ.kism
lambliase|lɑ̃.sə
lambourde|lɑ̃.buʁd
landammann|lɑ̃.man
landaulet|lɑ̃.do.lɛ
landgravine|lɑ̃d.ʁa.vin
landsturm|lɑ̃d.
laneret|lɑ̃.ʁɛ
langueyage|lɑ̃.jaʒ
lapidairement|la.pi.dɛʁ.mɑ̃
lastex|la.tɛks
lasting|la.tiŋ
latere|la.
laticifère|la.ti.fɛʁ
latomies|la.
lat|ɡol.a.və.ʁɛdʒ
layetière|lɛ.tjɛʁ
lazzarone|ladzi.ʁɔn
laïusseuse|la.jys.søz
lb|li.be
lectotype|lɛk.tip
lentigine|lɑ̃.ti.ʒin
lepte|lɛp.kɔ̃t
lesquerellique|le.kɛl.lik
lessivière|le.vjɛʁ
lestement|lɛst.mɑ̃
letchi|lɛt.tʃi
leucogranite|lø.kɔ.ɡʁa.nit
leucotrichie|lø.kɔ.ʃi
leucoxène|lø.kɔ.sɛn
libitum|li.bi.tɔm
licencieusement|li.sɑ̃.sjøz.mɑ̃
licitement|li.sit.mɑ̃
lignane|li.nan
lignarde|li.ɲaʁd
linalol|li.salɔl
linçoir|lɛ̃.swaʁ
litharge|li.ʃaʁʒ
lithiasique|li.zik
lithine|li.ti.tin
lithothamnium|li.to.njɔm
lm|li.
lombarthrose|lɔ̃.aʁ.tʁoz
lombostat|lɔ̃.ta
longimétrie|lɔ̃.ʒi.me.tʁi
longuéenne|lɔ̃ɡ.ɛn
longévive|lɔ̃.viv
lonotriche|lɔ̃.tʁiʃ
loranthacée|lɔ.se
ludospace|ly.pas
ludwigia|ly.dʒja
lumachellique|ly.lik
luministe|ly.mi.nist
lupercale|ly.kal
lutz|ly.buts
luxembourgiste|lyks.lɔ.ʒist
luxembourgophone|lyks.fɔn
luxuriance|lyk.va.ʁjɑ̃s
lx|li.
lychnide|lik.nid
lycra|li.kʁa
lysergide|li.ʒid
lysosomiale|lis.mjal
lécithine|le.tin
léonardesque|le.ɔ.dɛsk
lépidosirène|le.pi.si.ʁɛn
mR|ma.
ma.le.me
macassar|ma.saʁ
maceron|mak.ʁɔ̃
machiavel|ma.kja.ve.vɛl
macroscopiquement|ma.kʁo.skɔ.pik				.mɑ̃
macroscélide|mak.lid
madrinienne|ma.dʁi.kʁi.njɛn
madréporaire|ma.ʁɛʁ
maestoso|mal.zo
magadhi|ma.ɡa.di
maghzen|ma.zɛn
magnésioferrite|ma.ɲe.fɛ.ʁit
magouilleuse|ma.ɡuj.jøz
maharashtri|ma.a.ʁa.tʁi
mailing-list|maj.list
maillure|ma.jyʁ
malebranchiste|ma.plɑ̃.ʃist
malgré-nous|mal.ɡʁe.nu
malletière|ma.tjɛʁ
malmenage|mal.naʒ
maltôte|malt.kot
malvenante|mal.və.nɑ̃t
mandibulate|mɑ̃.lat
manilleuse|ma.nij.jøz
manuaire|mɑ̃.ɛʁ
manuscriptologie|ma.nys.lɔ.ʒi
maquereautage|ma.kʁo.taʒ
margaille|maʁ.ɡaj
marginalement|maʁ.ʒi.nal.mɑ̃
marmotteuse|maʁ.mɔt.tøz
maroquinière|ma.ʁɔ.kɛ̃.njɛʁ
marteleuse|maʁ.løz
maternologie|mat.lɔ.ʒi
matoufet|ma.tu.fɛ
matouner|ma.tu.ne
maugréante|mo.ɑ̃t
maurandie|mo.di
mauvéine|mo.te.in
mays|ma.pɛ.i
maïzena|ma.na
medecine-ball|me.bɑl
mefenoxam|
menthone|mɑ̃.fɔn
menuaille|mɑ̃.lə
merceriseuse|mɛʁ.sə.ʁi.zøz
metolachlore|mɛ.klɔʁ
meulage|mø.laʒ
mgr|ma.ɛʁ
mi-jambe|mi.ʒɑ̃b
microarray|mi.kʁo.
microdifférentiel|mi.kʁo.sjɛl
microfibrée|mi.kʁo.bʁe
microsomale|mi.kʁo.mal
microsomiale|mi.kʁo.mjal
millas|mi.ɑs
milliröntgen|mi.ʁœ̃nt.ɡɛn
millépore|mi.le.pɔʁ
mimesis|mim.zis
mimétiquement|mi.me.tik.mɑ̃
minibus|mi.bys
minispace|mi.pas
minnesang|mi.sɑ̃
miquelet|mi.lɛ
mirabilis|miːɐ̯.lis
miracidium|mi.djɔm
misologie|mi.zo.lɔ.ʒi
missilière|mi.ljɛʁ
mmHg|ma.
mobinaute|mɔb.not
modalisme|mɔ.da.li.a.lism
modiquement|mɔ.dik.mɑ̃
modulor|mɔ.dy.lo.lɔʁ
moksha|mɔ.ʃa
molinisme|mɔ.li.nism
molysmologie|mɔl.lɔ.ʒi
mondialement|mɔ̃.djal.mɑ̃
mondiovision|mɔ̃.dja.vi.zjɔ̃
monodromie|mɔ.tɔ.mi
monodromique|mɔ.mik
monométhylmercure|mɔ.no.me.mɛʁ.kyʁ
mononucléidique|mɔ.ny.dik
monophasique|mo.fa.zik
monophyodonte|mɔ.fi.dɔ̃t
monostiche|mɔ.tiʃ
monoxène|mɔ̃.sɛn
monsignor|mə.nɔʁ
monétairement|mɔ.ne.tɛʁ.mɑ̃
moringa|mɔ.ɡa
mornement|mɔʁn.mɑ̃
morphophonologie|mɔʁ.fɔ.lɔ.ʒi
morphophonologique|mɔʁ.fɔ.lɔ.ʒik
morphématique|mɔʁ.ma.tik
motorship|mɔ.tɔ.ʃip
mouchetage|muʃ.taʒ
moulineuse|mu.li.nøz
mouna|mu.na
moussage|mu.saʒ
moviola|mɔ.la
moyennable|mwa.nabl
mucolytique|my.kɔ.li.tik
mucoviscidosique|my.kɔ.zik
mullite|myl.ti.lit
muriate|my.ʁjat
museuse|myz.søz
mutationnisme|my.ta.sjɔ̃.sjɔ.nism
mutationniste|my.ta.sjɔ̃.sjɔ.nist
mutatis|my.ta.tis
mwa.jɛ.nɔ.ʁjɑ̃.tal
myocyte|mjɔ.sit
myofasciite|mjɔ.it
myofibrille|mjɔ.fi.bʁil
myogramme|mjɔ.ɡʁam
myologique|mjɔ.lɔ.ʒik
myomatose|mjɔ.ma.toz
myosis|mjɔ.zis
myringoplastie|mi.plas.ti
myrmidone|miʁ.me.kɔ.dɔn
myrtaie|miʁ.tɛ
mytilotoxine|mi.ti.li.tɔk.sin
myélotoxique|mje.lɔ.tɔk.sik
méandrine|me.dʁin
médailleuse|me.daj.jøz
médiopalatale|me.di.pa.la.tal
médusante|me.dy.y.zɑ̃t
mégacaryocyte|me.ɡa.sit
mégalocéphalie|me.ɡa.lo.se.fa.li
mégaloptère|me.ɡa.lo.tɛʁ
mégalérythème|me.ɡa.e.ʁi.tɛm
mégaptère|me.ɡa.aptɛʁ
mégatonnique|me.ɡa.nik
méjanage|me.naʒ
mélampyre|mel.piʁ
mélangeur-doseur|me.lɑ̃ʒ.zœʁ
mélanodermie|me.tɛʁ.mi
méligèthe|me.lit
mélioïdose|me.doz
mélongine|mel.ʒin
ménagiste|me.lɔ.ʒist
ménapienne|me.pjɛn
méphitisme|me.tism
mésadaptée|me.te
mésemploi|me.ɑ̃.plwa
mésothéliale|me.zo.te
métabotypage|me.ta.ti.paʒ
métallo|me.ta.lo
métaxiale|me.ta.ak.sjal
méthanoïque|me.ta.ik
méthaqualone|me.ta.lɔn
méthylcyclopropane|me.ti.pʁɔ.pan
méthylmercure|me.ti.mɛʁ.kyʁ
méthémoglobinémie|me.mi
métronidazole|me.tʁɔ.a.zɔl
mézail|me.aj
mɔ̃.tʁə.bʁas.lɛ
nahua|na.wa
nandrolone|nɑ̃.lɔn
nanite|na.nit
naphtol|naf.ta.tɔl
nargueuse|naʁɡ.ɡøz
nasopharynx|na.fa.ʁɛ̃ks
nauplius|nɔ.ys
naviplane|na.vi.plan
navrure|na.vʁyʁ
nec|nɔ̃.ɑ̃.ɡaʒ.mɑ̃
nervosisme|nɛʁ.zism
nescafé|nɛs.tɔ.li.te
netiquette|nɛt.kɛt
neuraminidase|nø.ʁɔ.daz
neuraminique|nø.ʁɔ.i.nik
neuroblaste|nø.ʁɔ.blast
neuroblastome|nø.ʁɔ.tɔm
neuroplégique|nø.ʁɔ.lɔ.ʒik
neurotensine|nø.ʁɔ.saɪn
neutralement|nø.tʁa.mɑ̃
neuvièmement|nœ.vjɛm.mɑ̃
nictitante|nik.tɑ̃t
nihilo|ni.i.lo
niobate|njɔ.bat
niobite|njɔ.bit
niqueuse|nik.køz
nitrifiante|ni.tʁi.ɑ̃t
nitrocellulose|ni.se.ly.lɔz
noblaillonne|nɔ.jɔn
nobscuriter|nɔ.te
noethérienne|ʁjɛn
nominalement|nɔ̃.mɑ̃
non-droit|nɔ̃.dʁwa
noncer|nɔ̃.se
noosphérique|no.sfe.ʁik
normoblaste|nɔʁ.blast
nosophobie|no.fɔ.bi
nov|bœʁ.na.ut
nucléolyse|ny.kle.liz
nummulite|ny.my.lit
nunc|ny.se
négrerie|ne.ʁi
némathelminthe|ne.ma.ɛl.mɛ̃t
nématoblaste|ne.ma.blast
nématocère|ne.ma.sɛʁ
néocomienne|ne.ɔ.mjɛn
néolamarckisme|ne.o.kism
néosynéphrine|fʁin
néphroangiosclérose|ne.skle.ʁoz
nûment|mɑ̃
nɔ.nɛɡ.zis.tɑ̃s
nɔ̃.eɡ.ze.ky.sjɔ̃
nɔ̃.ø.kli.djɛn
nɔ̃.ɑ̃.ɡa.ʒe
objecteur|ɔb.ʒɛk.tœʁ
obviation|ɔb.za.sjɔ̃
obédiencier|ɔ.be.sje
obélie|ɔ.li
octalogie|ɔk.ta.lɔ.ʒi
octanoïque|ɔ.tɑ̃.ik
octodon|ɔk.tɔ.dɔ̃
odontalgie|ɔ.dɔ̃.lɔ.ʒi
odontoblaste|ɔ.dɔ̃.tɔ.blast
ofbizextra|ɛks.tʁa
oiseaux-soleils|wa.zo.withoutA-Z
oldowayenne|jɛn
oligandrine|ɔ.li.dʁin
oligo-galacturonate|ɔ.li.ɡɔ.nat
oligodendrogliome|ɔ.li.ɡɔ.ɡli.joːm
oligothérapie|ɔ.li.ɡɔ.te.ʁa.pi
oligozoospermie|ɔ.li.ɡɔ.tɛʁ.mi
ollas-podridas|ɔ.
oléosome|ɔ.le.zɔm
oléum|ɔ.li.ɔm
ombrophile|ɔ̃.fil
omnipuissante|ɔm.ni.pɥi.sɑ̃t
omphacite|ɔ̃.fa.sit
oncogenèse|ɔ̃.kɔ.ʒə.nɛz
oolitique|o.tik
oomycète|o.mi.sɛt
opisthobranche|ɔ.pis.bʁɑ̃ʃ
opsonique|ɔp.sɔ.nik
op|ɔ.
opéras-bouffes|ɔ.pe.ʁa.ʃɛf
orchestie|ɔʁ.kɛs.ti
ordovicienne|ɔʁ.dɔ.ti.sjɛn
orientement|ɔ.ʁjɑ̃.mɑ̃
ornithischien|ɔʁ.ni.ʃjɛ̃
ornithogale|ɔʁ.ni.ɡal
orobe|ɔ.fɔb
oropharynx|ɔ.ʁɔ.fa.ʁɛ̃ks
osmotrophe|ɔs.tʁɔf
ossiculoplastie|ɔ.plas.ti
osso-buco|ɔ.ko
ostéichtyen|ɔs.jɛn
ostéocyte|ɔst.sit
ostéogénie|ɔs.ʒe.ni
ostéoplastie|ɔst.plas.ti
ostéopontine|ɔs.tin
ostéotomie|ɔst.tɔ.mi
otospongiose|ɔ.tɔ.oz
ourleuse|uʁ.løz
ourlienne|uʁ.ljɛn
outilleuse|u.ti.jøz
outrigger|u.ɡe
ouvre-gants|uvʁə.
ovariohystérectomie|ɔ.va.tɔ.mi
ovarite|ɔ.va.ʁit
ovigène|ɔ.vi.ʒɛn
oviné|ɔ.vɛ̃.li.te
ovoproduit|o.vo.pʁɔ.dɥi
oxazine|ɔk.sa.a.zin
oxycarbonée|ɔk.si.kaʁ.bɔ.ne
oxydimétrie|ɔk.si.me.tʁi
oxydoréductase|ɔk.si.dɔ.taz
oxyologie|ɔk.si.lɔ.ʒi
ozonation|o.zo.za.sjɔ̃
oz|ɔ.
pace-maker|peɪs.kœʁ
pacfung|pa.tuŋ
pagodon|pa.dɔ̃
paidologie|pa.lɔ.ʒi
paillardement|pa.jaʁd.mɑ̃
pailletage|pa.taʒ
paillet|pɑj.jɛ
palabreuse|pa.labʁ.bʁøz
palatinat|pa.la.na
palato-glosse|pa.la.ɡlɔs
palefrenière|pal.njɛʁ
palmacée|pal.ma.se
palmatiséquée|pal.ma.ke
palpitement|pal.pi.mɑ̃
pandanus|pɑ̃.da.a.nys
panhypopituitarisme|ta.ʁism
panniculite|pa.lit
panorpe|pa.nɔ.ʁa.kaʁp
pantouflière|pɑ̃.ɛʁ
papaver|pa.pa.pa.ve
papillomatose|pa.pi.ma.toz
papillonnement|pa.pi.jɔ.mɑ̃
papoteuse|pa.pɔ.tøz
paqueteuse|pak.tøz
parabiose|paʁ.bjoz
parachutale|pa.tal
paramédic|pa.dik
parasélène|paʁ.lɛn
paraxiale|paʁ.ak.sjal
parcheminière|paʁk.mi.njɛʁ
parfondre|paʁ.fɔ̃dʁ
parkinsonisme|paʁ.nism
parlementairement|paʁ.lə.mɑ̃.tɛʁ.mɑ̃
parme|paʁ.fɔʁm
parodontose|pa.ʁɔ.dɔ̃.toz
parotidienne|pa.ti.djɛn
paroxysmale|pa.ʁɔk.al
parqueteuse|paʁ.kə.tøz
partialement|paʁ.sjal.mɑ̃
partoche|paʁ.tɔʃ
passacaille|pa.kɑj
passavant|pa.a.vɑ̃
passette|pas.sɛt
pataugeage|pat.ʒaʒ
pataugement|pat.mɑ̃
patentage|pa.taʒ
pathomimie|pat.ʃi.mi
pathosystème|pat.sis.tɛm
patres|pa.
patriciale|pat.ʁi.sjal
paulienne|pɔ.ljɛn
pavimenteuse|pa.vi.mɑ̃.tøz
paysannat|pɛ.i.na
peignures|
peinturlurage|pɛ̃.ʁaʒ
peléenne|pɛl.le.ɛn
pemmican|e.kɑ̃
pemphigoïde|e.id
pentacrine|pɛ̃.ta.ta.ka.ʁin
pentakidodécaèdre|pɛ̃.ta.de.ka.ɛdʁ
pentapole|pɛ̃.ta.pɔl
pentastomide|pɛ̃.ta.mid
pentaérythritol|pɛ̃.ta.tɔl
pentitol|pɛ̃.tɔl
pentosane|pɛ̃.zan
penty|pɛ̃.ti
perceptionnisme|pɛʁ.sjɔ.nism
perchloréthylène|pɛʁ.klɔ.e.ti.lɛn
perforelieuse|pɛʁf.ʁə.ljøz
perlinguale|pɛʁ.lɛ̃.ɡwal
permanencière|pɛʁ.ma.sjɛʁ
permutante|pɛʁ.my.my.tɑ̃t
personæ|pɛʁ.sɔ.nɔ.ve
persuasivement|pɛʁ.sɥa.ziv.mɑ̃
persulfurée|pɛʁ.syl.y.ʁe
perthite|pɛʁ.tit
pervibrage|pɛʁ.vi.vi.bʁaʒ
pessière|si.sjɛʁ
petit-boutiste|pə.ti.tist
pfaffienne|fjɛn
pfft|f.fœ.jɛ
pfut|pa.fy
phallotoxine|fa.lɔ.tɔk.sin
phalloïdine|fa.lɔ.din
phelloderme|fe.dɛʁm
phlébothrombose|fle.bɔ.tʁɔ̃.bɔz
phonocaptrice|fɔ.no.tʁis
phonolite|fɔ.nɔ.lit
phosphatidylcholine|fɔs.fa.ti.kɔ.lin
phosphorylase|fɔs.fɔ.laz
phosphorémie|fɔs.fɔ.mi
photochromisme|fɔ.mism
photostéréosynthèse|fɔ.to.sɛ̃.tɛz
photosynthétiquement|fɔ.tɔ.tik.mɑ̃
phraseuse|fʁɑz.zøz
phrygane|fʁi.ɡan
phyllite|fi.lit
physiatrie|fi.me.tʁi
phytophthora|fi.tɔ.tɔ.ʁa
ph|pa.aʃ
phénacétine|fe.tin
phénoménologiquement|fe.nɔ.me.lɔ.ʒik.mɑ̃
phénylbutazone|fe.nil.zon
phéochromocytome|fe.tɔm
phœniciculture|fe.kyl.tyʁ
piaculaire|pja.ky.lɛʁ
piccalilli|pi.ji
picklage|pi.laʒ
picris|pi.ʁi
pied-de-cheval|pje.ʃə.val
pied-fort|pje.fɔʁ
pied-à-terre|pje.tɛʁ
pierrage|pjɛ.ʁaʒ
pimer|pɛ̃.mɛʁ
piochage|pjɔʃ.ʃaʒ
pipetage|pi.taʒ
piroguière|pi.ɡjɛʁ
pirole|pi.ʁɔl
piroplasmose|pi.plas
pissement|pis.mɑ̃
pistillée|pis.til.je
pitaude|pi.ta.tɔd
pittoresquement|pi.tɔ.ʁɛsk.mɑ̃
pizzaiolo|pid.lo
piétin|pje.tɛ̃
piézorésistive|pje.zɔ.ʁe.zis.tiv
planipenne|plɑ̃.pɛn
planiste|pla.nist
plantureusement|plɑ̃.ty.ʁøz.mɑ̃
planétésimale|plɑ̃.mal
plastifieuse|plas.ti.ma.fjøz
platinocyanure|pla.ti.sja.nyʁ
play-list|plɛ.list
plecquer|plɛktʁ.ke
pleurectomie|plœʁ.tɔ.mi
plissage|pli.saʒ
plumasserie|ply.ma.ʁi
pluridimensionnalité|ply.ʁi.di.li.te
plurispécifique|ply.ʁi.spe.si.fik
plɛ.nɑ̃.plwa
pneumallergène|pnø.ma.al.lɛʁ.ʒɛn
pneumatothérapie|pnø.ma.te.ʁa.pi
pneumectomie|pnø.mɔ.tɔ.mi
pneumomédiastin|pnø.mɔ.me.djas.tɛ̃
pneumonectomie|pnø.mɔ.tɔ.mi
pneumopéritoine|pnø.mɔ.pe.ʁi.twan
podologique|pɔ.dɔ.lɔ.ʒik
poljé|pus.li.te
polluposteuse|pɔ.tøz
polychlorobenzène|pɔ.li.bɛ̃.zɛn
polyembryonie|pɔ.li.ni
polyglobulie|pɔ.li.li
polyimide|pɔ.li.mid
polyméthylpentène|pɔ.li.me.tɛn
polypnée|pus.ne
polyptyque|pɔ.li.tik
polyradiculonévrite|pɔ.li.ne.vʁit
polythène|pɔ.li.stɛn
polytétrafluoroéthylène|e.ti.lɛn
polyvinylbutyral|pɔ.li.vi.
polyédrale|pɔ.li.dʁal
polémarque|pɔ.le.maʁk
polémiquement|pɔ.le.mik.mɑ̃
porphyra|pɔʁ.fi.ʁa
porpite|pɔʁ.fi.pit
porrection|pɔ.sjɔ̃
porte-affiches|pɔʁ.dɥitʃ
porte-barges|pɔʁ.ɡɔʁʒ
porte-chapeaux|pɔʁ.
portlandien|pɔʁ.lɑ̃d.djɛ̃
posément|pɔst.mɑ̃
potencée|pɔ.se
poteur|pɔt.tœʁ
potomètre|po.mɛtʁ
poudrin|pu.dʁi.dʁɛ̃
pourchasseuse|puʁ.ʃa.ʃa.søz
poursuiveuse|puʁ.sɥi.vøz
poya|pus.ja
poétisme|pɔe.ti.tism
poïkilocytose|pɔ.i.tɔz
pp|pa.
praguoise|pʁaɡ.kwaz
praxéologique|pʁak.se.lɔ.ʒik
prestigieusement|pʁɛs.ti.ʒjøz.mɑ̃
prima-donna|pʁi.ma.na
primage|pʁi.ma.i.maʒ
priorat|pʁi.jɔ.ʁi.ʁa
priori|pʁi.ʁi
probénécide|pʁɔ.sid
procordé|pʁɔ.de
prodigalement|pʁɔ.mɑ̃
productique|pʁɔd.tik
profitante|pʁɔf.tɑ̃t
profundis|pʁɔ.di
progénote|pʁɔ.ʒe.nɔt
propagule|pʁɔ.pa.ɡyl
propanal|pʁɔ.pa.nal
propanier|pʁɔ.pa.nje
propanol|pʁɔ.pa.ta.nɔl
propanoïque|pʁɔ.pa.ik
propective|pʁɔ.tiv
propranolol|pʁɔ.lɔl
propylée|pʁɔ.le
propyne|pʁɔ.ʒin
prosobranche|pʁɔ.bʁɑ̃ʃ
prosopagnosique|pʁɔ.zik
protamine|pʁɔ.a.min
prothioconazole|pʁɔ.a.zɔl
prothrombine|pʁɔ.tʁɔ̃.bin
protéinémie|pʁɔ.te.mi
protéoglycane|pʁɔ.te.kan
provection|pʁɔ.sjɔ̃
provençalisme|pʁɔ.a.lism
proverbialement|pʁɔ.vɛʁ.bjal.mɑ̃
provignement|pʁɔ.vi.mɑ̃
provisionnellement|pʁɔ.vi.zjɔ̃.mɑ̃
provisorat|pʁɔ.vi.ʁa
prudhommale|pʁy.mal
prâkrit|pʁe.kʁit
préceinte|pʁe.sɛ̃t
prédictrice|pʁe.dik.tʁis
prédiffusée|pʁe.di.fy.ze
prédiviseur|pʁe.di.vi.zœʁ
préfab|pʁe.av
prémontrée|pʁe.tʁe
présomptueusement|pʁe.zɔ̃p.tɥøz.mɑ̃
présélecteur|pʁe.se.tœʁ
prétensionneur|pʁe.nœʁ
prétentaine|pʁe.tɑ̃.ɛn
prétentieusement|pʁe.tɑ̃.sjøz.mɑ̃
préteuse|pʁe.tøz
psammophyte|psal.fit
pseudolangrayen|psø.do.jɛ̃
psilotum|psi.tɔm
psoralène|psɔ.lɛn
psoriasique|psɔ.zik
ptoléméenne|ptɔ.me.ɛn
ptyalisme|ptja.a.lism
pudendale|py.dal
pullorose|pyl.ʁɔz
pulmoné|pyl.mɔ.li.te
pulsomètre|pyl.mɛtʁ
puna|py.na
puncheuse|pœn.tʃ.ʃøz
punkette|pœŋk.kɛt
pupaison|pu.zɔ̃
purgeur|pyʁʒ.ʒœʁ
push-pull|py.pyl
puvathérapie|te.ʁa.pi
puérilisme|pɥe.lism
px|pa.
pygmalionisme|piɡ.me.nism
pyorrhée|pi.ʁe
pyothorax|tɔ.ʁaks
pyralène|pi.ʁa.lɛn
pyrocorise|pi.ʁɔ.pʁiz
pyroxylée|pi.ʁɔk.ksi.le
pyroxénite|pi.ʁɔk.nit
pyruvate|pi.vat
pyrétothérapie|pi.ʁe.te.ʁa.pi
pyurie|pi.ʁi
pz|pa.
pédobaptisme|pe.do.ba.tism
pédoflore|pe.do.flɔʁ
pékan|pe.kɑ̃
pélargonium|pe.la.njɔm
pénicillinase|pe.ni.si.naz
pénitence|pe.ni.tɑ̃s
pénitentiale|pe.ni.sjal
péquenotte|pek.nɔt
péribole|pe.ʁi.bɔl
péripatétisme|pe.ʁi.tism
périphériquement|pe.ʁi.fe.ʁik.mɑ̃
péristasis|pe.ʁi.zis
pérylène|pe.ʁi.lɛn
pétrarquiste|pe.tʁaʁ.kist
pétrir|pe.tʁiʁ
pétrogenèse|pe.tʁɔ.ʒə.nɛz
pœcilothermie|pe.si.tɛʁ.mi
qanat|ka.na
qbit|ka.bit
quadribande|kwad.bɑ̃d
quadrifide|kwad.fid
quadrivecteur|kwa.tœʁ
quaiche|ke.wɛʃ
quanti|kɑ̃.ɑ̃.ti
quartolet|kaʁ.tɔ.lɛ
quaterne|kwa.tɛʁ.tɛʁn
quatre-mâts|katʁ.
queuillère|kø.jɛʁ
quillette|kij.jɛt
quilleuse|kij.jøz
quipu|sov.ki.pø
quirite|ki.ʁit
quizalofop|kwiz.
rabaissante|ʁa.bɛ.sɑ̃t
rabibochage|ʁa.ʃaʒ
rabrouement|ʁa.mɑ̃
rabroueuse|ʁa.køz
rabâcheuse|ʁa.bɑ.ʃøz
raccrocheuse|ʁa.kʁɔ.ʁɔ.ʃøz
racheteuse|ʁaʃ.tøz
rachialgie|ʁa.lɔ.ʒi
racketteuse|ʁa.kɛt.tøz
radical-socialiste|ʁa.di.ka.sɔ.sja.list
radicale-socialiste|ʁa.di.kal.sɔ.sja.list
radiculalgie|ʁa.lɔ.ʒi
radiculite|ʁad.lit
radiodiffuseur|ʁa.djo.zœʁ
radiolarite|ʁa.ʁit
radique|ʁad.dik
radjah|ʁad.dʒa
radja|ʁad.dʒa
raffinose|ʁa.fi.noz
rafflésie|ʁa.zi
rag-time|ʁa.tim
raidement|ʁɛd.mɑ̃
rajeunir|ʁa.y.niʁ
rallongement|ʁa.lɔ̃ʒ.mɑ̃
ramasse-monnaie|ʁa.mas.mɔ.nɛ
rameter|ʁa.te
ramus|ɛks.tʁa.my.ʁɔs
rangeuse|rɑ̃.ʒøz
rapiéçage|ʁa.saʒ
rassasiement|ʁa.mɑ̃
rattachisme|ʁa.ʃism
rauwolfia|ʁo.fja
ravoirage|ʁa.vwaʁ.ʁaʒ
rebmane|ʁə.man
rebras|kɔ̃.tʁə.bʁa.kaʒ
recensable|ʁə.sɑ̃.sabl
recez|aʁ.jɛʁ.sɛʁ.vo
reclassification|ʁə.fi.ka.sjɔ̃
recognition|ʁə.kɔ̃.zi.sjɔ̃
recordage|ʁə.kɔʁ.daʒ
recorder|ʁə.kɔʁ.kɔʁ.de
recrudescente|ʁə.kʁy.de.sɑ̃t
rectilignement|ʁɛk.ti.liɲ.mɑ̃
rectoscope|ʁɛk.tɔ.kɔp
reculement|ʁə.kyl.mɑ̃
recycleuse|ʁə.si.kløz
recâblage|ʁə.blaʒ
redénomination|ʁə.de.za.sjɔ̃
refuznik|ʁə.nik
reginglard|ʁə.laʁ
regrèvement|ʁə.mɑ̃
rehaussement|ʁə.os.mɑ̃
rehausseur|ʁə.sœʁ
reines-des-prés|ʁɛn.
relampage|ʁə.paʒ
relanceuse|ʁə.lɑ̃s.søz
relaxologie|ʁə.laks.lɔ.ʒi
relevance|ʁəl.vɑ̃s
releveuse|ʁlə.vøz
reliage|ʁə.ljaʒ
rembuchement|ʁɑ̃.mɑ̃
remettante|ʁə.tɑ̃t
remisier|ʁə.zje
remmouleur|ʁɛm.lœʁ
renardière|ʁə.djɛʁ
renardée|ʁə.de
renforçatrice|ʁɑ̃.fɔʁ.tʁis
reniflage|ʁə.flaʒ
repoussement|ʁə.pu.mɑ̃
resarcelée|ʁə.sa.le
rescription|ʁəs.za.sjɔ̃
ressasseuse|ʁə.sa.søz
ressuyer|ʁɛ.je
restrictivement|ʁɛs.tʁik.tiv.tiv.mɑ̃
resuffixation|ʁə.za.sjɔ̃
retapage|ʁə.ta.paʒ
retissage|ʁə.ti.saʒ
retondre|ʁə.tɔ̃dʁ
retourneuse|ʁə.tuʁ.nøz
retroussement|ʁə.tʁu.mɑ̃
revenant-bon|ʁə.bɔ̃
revolving|ʁe.vɔl.viŋ
rhabdomyosarcome|ʁab.dɔ.saʁ.kom
rhamnolipide|ʁam.li.pid
rhizobium|ʁi.zɔ.bjɔm
rhizocarpée|ʁi.zɔ.pe
rhizoflagellé|ʁi.zɔ.le
rhizophore|ʁi.zɔ.fɔʁ
rhizopode|ʁi.zɔ.pɔd
rhizostome|ʁi.zɔ.tɔm
rhizotomie|ʁi.zɔ.tɔ.mi
rhomboèdre|ʁɔ̃.bɔ.ɛdʁ
rhynchocéphale|ʁɛ̃.se.fal
rhynchote|ʁɛ̃.ʃɔt
rhytidome|ʁi.dɔm
rhéogramme|ʁe.ɔ.ɡʁam
rhéologue|ʁe.ɔ.lɔɡ
rhéotaxie|ʁe.ɔ.tak.si
rhéotrope|ʁe.ɔ.tʁɔp
rhéotropisme|ʁe.ɔ.tʁɔ.pism
rhétoriqueur|ʁe.tɔ.kœʁ
rickettsiose|ʁi.oz
rigolote|ʁi.ɡɔ.lo.lɔt
ringardage|ʁiŋ.daʒ
risorius|ʁi.ys
riveraineté|ʁiv.ʁen.te
rohart|ʁɔ.aʁ
rolandique|ʁɔ.dik
ronflette|ʁɔ̃.flɛt
rotruenge|ʁɔt.taʒ
rottweiller|ʁɔt.je
rotulage|ʁɔ.laʒ
rouennière|ʁu.njɛʁ
roufler|ʁufl.fle
rougaille|ru.ɡaj.ɡaj
rougir|ʁu.ʒiʁ
rouloir|ʁu.lwaʁ
rousselet|ʁus.lɛ
rouverain|ʁu.tʁɛ̃
rouverin|ʁu.ʁɛ̃
rubéoleuse|ʁy.be.ɔl.løz
rudbeckia|ʁy.
rudbeckie|ʁy.ki
rudiste|ʁy.di.dist
rufflette|ʁy.flɛt
ruinure|ʁɥi.nyʁ
runabout|ʁy.a.bu
runiforme|ʁy.fɔʁm
russologue|ʁy.sɔ.lɔɡ
rutilement|ʁyt.mɑ̃
râtelage|ʁɑ.laʒ
récidivisme|ʁe.si.ti.vism
réciteuse|ʁe.si.tøz
récursoire|ʁe.kyʁ.swaʁ
rédemptoriste|ʁe.ʁist
réductase|ʁe.dyk.taz
réductionniste|ʁe.dyk.sjɔ̃.sjɔ.nist
réescomptable|ʁe.kɔ̃.tabl
réfaction|ʁe.za.sjɔ̃
réflexogramme|ʁe.flɛk.sɔ.ɡʁam
réflexogène|ʁe.flɛk.sɔ.ɛɡ.zɔ.ʒɛn
réimposition|ʁe.ɛ̃.pɔ.zi.sjɔ̃
réincarnationniste|ʁe.ɛ̃.kaʁ.na.sjɔ̃.sjɔ.nist
réincrudation|ʁe.ɛ̃.za.sjɔ̃
réindexation|ʁe.ɛ̃.za.sjɔ̃
réjecteur|ʁe.tœʁ
rélargir|ʁe.ʒiʁ
rémouleuse|ʁe.løz
rénitence|ʁe.tɑ̃s
réoxydation|ʁe.za.sjɔ̃
répétitorat|ʁe.pe.ti.ʁa
réserpine|ʁe.zɛʁ.pin
résolvance|ʁe.zɔl.vɑ̃s
rétamage|ʁe.ta.maʒ
rétractibilité|ʁe.tʁak.bi.li.te
réémission|ʁe.e.mi.sjɔ̃
sabéenne|sa.ɛn
sacramentellement|sa.kʁa.mɑ̃.tɛl.mɑ̃
sacredieu|sakʁ.djø
sadd|su.zad.mi.sibl
sahel|sa.kɛl
saisonnale|sɛ̃.nal
salicoque|sa.li.kɔk
salignon|sa.li.ɲɔ̃
salissement|sa.li.mɑ̃
salonguer|sa.lɔ̃.ɡe
salpingographie|sal.pɛ̃.ɡʁa.fi
saltationnisme|sal.ta.sjɔ̃.sjɔ.nism
samboïste|sɑ̃.ist
sampot|sɑ̃.po
san-benito|sɑ̃.to
sandalière|sɑ̃.ljɛʁ
sanderling|sɑ̃.liŋ
saponase|sa.pɔ.naz
sapristi|sa.pʁɔ.sti
sapropèle|sa.pʁɔ.zi.pɛl
saroual|sa.ʒwal
sassenage|sa.naʒ
satiriquement|sa.ti.ʁik.mɑ̃
sativum|sa.ti.vɔm
satyriasique|sa.ti.zik
saurin|so.ʁɛ̃
savart|sa.vaʁ
sb|be
scheik|
schleichera|ʃlø.ʁa
schlittage|taʒ
schlitteur|tœʁ
schnouf|ʃnɔʁ.ʃnuf
scholie|skɔ.li
schorre|
schupo|ʃus.pus
schwarzienne|zjɛn
scindage|sɛ̃.daʒ
scintillographie|sɛ̃.ti.ɡʁa.fi
scissile|si.sil
sclérifiante|skle.ɑ̃t
sclérotinia|skle.ʁɔ.si.nja
scléterectomie|skle.tɔ.mi
scoriacée|skɔʁ.se
scots|ɔʁ.kɔt
scriban|skʁi.bu.bɑ̃
scyphoméduse|si.me.dyz
sdcard|kaʁ
sea-line|sə.withoutA-Z
secoueur|sə.ku.œʁ
sectoriellement|sɛk.tɔ.ʁjɛl.mɑ̃
seigneuriage|ɲœ.ʁjaʒ
seinomarine|sɛ̃.ma.ʁin
semi-ouvrée|sə.mi.vʁe
senescence|sə.sɑ̃s
sensualisme|sɑ̃.a.lism
septime|sɛp.tim
serapeum|sɛʁ.
serlienne|sɛʁ.ljɛn
serpentement|sɛʁp.mɑ̃
sertraline|sɛʁ.lin
servocommande|sɛʁ.vo.kɔ.mɑ̃d
servodirection|sɛʁ.vo.sjɔ̃
sesquialtère|sɛs.tɛʁ
shafiisme|ʃa.ism
shlag|laɡ
shrapnell|ʃʁap.
shériff|ʃe.ʁif.ʁif
sialique|sja.lik
sidologie|si.de.lɔ.ʒi
sidérocyte|si.de.ʁɔ.sit
sidéroxylon|si.de.ʁɔ.lɔ̃
sifflotante|si.tɑ̃t
silicagel|sil.ʒɛl
siliconose|sil.noz
simaruba|si.mɑ.ba
simonienne|si.mɔ.ni.njɛn
simonisme|si.mɔ.nism
simpliciale|sɛ̃.sjal
sismogenèse|sis.mɔ.ʒə.nɛz
sitone|si.to.tɔn
situationnisme|si.tɥa.sjɔ̃.sjɔ.nism
situ|ka.zi.tɔ.ta.li.te
skarn|skɛt.baʁn
skons|
skuns|skɔ̃s.
slavisante|sla.zɑ̃t
smaragdine|sma.din
smilax|smi.laks
smillage|smi.jaʒ
smorrebrod|smɔʁ.
smurfeuse|smœʁf.føz
snowpark|sno.maʁk
sociatrie|sɔk.me.tʁi
soclage|sɔkl.klaʒ
soirer|swaʁ.ʁe
soman|sɔ.ma.mɑ̃
somatiquement|sɔ.ma.tik.mɑ̃
somatopleure|sɔ.ma.plœʁ
somatotrophine|sɔ.ma.fin
somnambuliquement|sɔm.nɑ̃.by.lik.mɑ̃
sondagière|sɔ̃.ʒjɛʁ
sondologie|sɔ̃.lɔ.ʒi
sonotrode|sɔ.tʁɔd
sonrer|sɔ̃.ʁe
sophorose|sɔ.ʁɔz
sophrologique|so.lɔ.ʒik
sotch|sɔ.tʃe
soucieusement|su.sjøz.mɑ̃
soudière|su.djɛʁ
soufrière|su.ʁjɛʁ
sous-gouverneur|su.nœʁ
souvlaki|su.ki
soûlote|su.lɔt
spacieusement|spa.sjøz.mɑ̃
spammeuse|spa.møz
sparganose|spaʁ.noz
spasmolytique|spas.mɔ.li.tik
spectrogramme|spɛ.ktʁɔ.ɡʁam
spermiducte|spɛʁ.ma.tə
spetsnaz|spɛt.
sphingolipide|sfɛ̃ʒ.li.pid
sphingosine|sfɛ̃ʒ.saɪn
spiramycine|spi.mi.sin
spirille|spi.ʁi.lə
spironolactone|spi.ʁɔ.lak.tɔn
spirorbe|spi.ʁɔ.ɔʁb
spitz|spi.
splanchnologie|splɑ̃k.lɔ.ʒi
splanchnopleure|splɑ̃k.plœʁ
splénectomie|sple.tɔ.mi
spondyle|spɔ̃.di.kɔ̃.dil
spondylose|spɔ̃.di.loz
spongiculture|spɔ̃.kyl.tyʁ
spongille|spɔ̃.ʒil
sporotriche|spɔ.ʁɔ.tʁiʃ
sporotrichose|spɔ.ʁɔ.ʃoz
sporozoïte|spɔ.ʁɔ.it
sprechgesang|sɑ̃
spéculativement|spe.ky.la.tiv.tiv.mɑ̃
squattage|skwa.taʒ
squirrhe|ski.siʁ
stagnance|staɡ.nɑ̃s
stagnationniste|staɡ.na.sjɔ̃.sjɔ.nist
stanneuse|sta.nøz
staphyline|sta.fi.lin
staphylome|sta.fi.lom
stathoudérat|sta.ʁa
stationnale|sta.sjɔ.nal
statiquement|sta.tik.mɑ̃
statokinésimètre|sta.mɛtʁ
statorique|sta.tɔʁ.tɔ.ʁik
statu|sta.ty
stayer|sta.je
steinbock|stɛʁ.bɔk
stelléride|stɛ.ʁid
sternum|stɛʁ.ny.nɔm
stimugène|sti.my.ʒɛn
stockeuse|stɔ.køz
stockfisch|stɔk.a.ʃiʃ
stomoxe|stɔ.ma.dɔks
storax|stɔ.tɔ.ʁaks
stoûpa|stɔ.pa
stricto|stʁik.to
strobilurine|stʁɔ.y.ʁin
strobophotographie|stʁɔ.ɡʁa.fi
strongyle|stʁɔ̃ɡl.til
strongylose|stʁɔ̃ɡl.loz
stylistiquement|sti.li.stik.mɑ̃
stéarique|ste.a.ʁik
stéréospondyle|ste.ʁe.o.kɔ̃.dil
stûpa|st.pa
su.zy.ti.li.ze
subduire|syb.dɥiʁ
subjacente|syb.ʒɛk.ʒa.sɑ̃t
substantivement|syp.stɑ̃.tiv.mɑ̃
subventionneuse|syb.vɑ̃.sjɔ̃.nøz
subéreuse|sy.ʁøz
suffète|sy.pʁe.fɛt
suicidalité|sɥi.li.te
suintine|sɥɛ̃.tin
sui|na.viʁ.y.zin
sukkeler|sy.le
sulfanilamide|syl.fa.a.mid
sulfhydrate|syl.id.ʁat
sulfhydrisme|syl.ʁism
sulfonation|syl.fɔ.za.sjɔ̃
sulfonique|syl.fɔ.nik
sulfonitrique|syl.fɔ.nit.ʁik
sulfonylurée|syl.fɔ.y.ʁe
super-huit|sy.pɛʁ.ɥit
supercarré|sy.pɛʁ.ʁe
supercavitante|sy.pɛʁ.tɑ̃t
supportérisme|sy.pɔʁ.te.ʁism
supranormale|sy.pʁa.na.nɔʁ.mal
supériorat|sy.pe.ʁa
surhumainement|sy.ʁy.mɛn.mɑ̃
surnumérariat|syʁ.ta.ʁja
suspensoïde|sys.pɑ̃.id
swa.sɑ̃.te.ɔ̃z
sweating-system|stɛm
sy.dɛst
sycone|sɛ̃.kɔn
sycosis|sɛ̃.zis
symphyse|sɛ̃.fɔ.fiz
syncrétiste|sɛ̃.kʁe.tist
syncytiale|sɛ̃.sjal
synergique|si.nɛʁ.lɔ.ʒik
synergisme|si.nɛʁ.ʒism
syngamie|sɛ̃.a.miː
syngnathe|sɛ̃.nat
synodique|si.dik
synthase|sɛ̃.te.az
synthème|sɛ̃.te.tɛm
synthétase|sɛ̃.te.tɑz
synthétiquement|sɛ̃.te.tik.mɑ̃
synthétiste|sɛ̃.te.tist
syntype|sɛ̃.tip
syrah|si.ʁa
syringomyélie|si.li
sèchement|sɛʃ.mɑ̃
sécréteuse|se.kʁe.tøz
sécurine|se.ky.ʁi.y.ʁin
séditieusement|se.di.sjøz.mɑ̃
sélacienne|se.la.sjɛn
séleucide|se.lɛk.sid
sélénienne|se.le.njɛn
sémantème|se.mɑ̃.sis.tɛm
sémiométrie|se.mjɔ.me.tʁi
sémitisme|se.tism
sénilisme|se.lism
séparase|se.pa.ʁa.ʁaz
séquentiellement|se.kɑ̃.sjɛl.mɑ̃
sérapéum|se.ʁa.ɔm
séricigraphie|se.ʁi.si.ɡʁa.fi
t'elle|ɛl
t'il|te.il
tabar|ta.ba.baʁ
tabasco|ta.ba.ko
tablar|ta.laʁ
tableautage|tɑbl.taʒ
tachisme|ta.ʃism
tachiste|ta.ʃist
tachistoscope|ta.kɔp
tachyphagie|ta.ki.lɔ.ʒi
tachypnée|ta.ki.ne
tachypsychie|ta.ki.ʃi
tagète|taɡ.ʒɛt
taijiquan|ta.ɑ̃
taiji|ta.ʒi
taleth|ta.lɛt
tallée|ta.le
talochage|ta.ʃaʒ
talonnière|ta.lɔ.njɛʁ
talure|ta.lyʁ
tamile|ta.majl
tamisière|ta.mi.zjɛʁ
tamponnade|tɑ̃.pɔ.nad
taota|ta.o.ta
tarantass|ta.
tararage|ta.ʁaʒ
tardillonne|taʁ.jɔn
tarpéienne|taʁ.jɛn
tarsectomie|taʁs.tɔ.mi
tarsienne|taʁ.sjɛn
tartinade|taʁ.nad
tarzan|taʁ.d͡zɑ̃
tassili|tɑ.li
tautochrone|to.kʁɔn
taxodium|tak.djɔm
taylorienne|tɛ.lɔ.ʁjɛn
taël|ta.ɛl
taïchichuan|taj.ɑ̃
taïchi|taj.ki
taôiste|ta.nist
tchadanthrope|tʃa.tʁɔp
tcharchaf|tʃa.
tchatteuse|tʃa.tøz
tchernoziom|tʃa.
tchitola|tʃa.la
tchérémisse|tʃe.mis
technicolor|tɛk.ni.kɔ.lɔʁ
technopathe|tɛk.no.pat
tecker|tɛk.ke
tellière|te.ljɛʁ
tellureuse|tɛl.ʁøz
tembotrione|tɑ̃.ɔn
tempera|tɑ̃p.ʁa
tenrecidé|tɑ̃.ʁɛk.de
tensionneur|tɑ̃.sjɔ̃.nœʁ
tenson|tɑ̃.sɔ̃
teocali|tə.li
teocalli|tə.li
teppanyaki|tɛp.ki
tergite|tɛʁ.ʒi.ʒit
terminographie|tɛʁ.mi.nɔ.ɡʁa.fi
terpine|tɛʁ.pin
terpinol|tɛʁ.nɔl
terpinéol|tɛʁ.ʃe.ɔl
terrafungine|tɛ.ʁa.ʒin
terraplane|tɛ.plan
terre-neuvas|tɛʁ.
tervueren|tɛʁ.ɑ̃
testable|tɛs.stabl
thalamus|ta.la.la
thanatopraxie|ta.na.pʁak.si
thari|ta.ʁi
thermisteur|tɛʁ.mi.tœʁ
thermistor|tɛʁ.mi.tɔʁ
thermoplongeur|tɛʁ.mɔ.ʒœʁ
thesmothète|tɛʁ.mɔ.tɛt
thiazine|tja.a.zin
thiocarbonate|kaʁ.bɔ.nat
thiocyanate|sja.nat
thioestérase|ɛs.te.ʁaz
thiosulfate|tjo.syl.fat
thirame|tɛʁ.ʁam
thlaspi|tɛʁ.spi
tholoi|to.lwa
thridace|tʁips.das
thriller|tʁips.je
thuyone|ty.jɔn
thyade|ti.jad
thylakoïde|ti.id
thylle|ti.fil
thyllose|ti.loz
thyratron|ti.tʁɔ̃
thyroglobuline|ti.ʁɔ.ɡlɔ.by.lin
thyrotrophine|ti.ʁɔ.fin
thyroxine|ti.ʁɔ.tɔk.sin
thyréotoxicose|ti.ʁeɔ.tɔk.si.ko.oz
thyréotoxique|ti.ʁeɔ.tɔk.sik
th|te.aʃ
théatralisme|te.a.lism
théodosienne|te.ɔ.sjɛn
théologiquement|te.ɔ.lɔ.ʒik.mɑ̃
théorématique|te.ɔ.ma.tik
théralite|te.ʁa.lit
théridion|te.djɔ̃
thériodonte|te.dɔ̃t
théropode|te.pɔd
théropsidé|te.de
thésauriseuse|te.ʁi.zøz
tiercéiste|tjɛʁ.se.ist
tiers-mondisme|tjɛʁ.dism
tigette|tiʒ.ʒɛt
tillandsie|ti.zi
timbre-amende|tɛ̃.a.mɑ̃d
timbre-quittance|tɛ̃.ki.tɑ̃s
timbres-quittances|tɛ̃bʁ.
tistre|ti.mɛtʁ
tiʁ.bʁɛz
toarcienne|tɔ.sjɛn
tof|kɑ̃.di.ʁa.tɔ̃
tokai|tɔ.
tokharienne|to.a.ʁjɛn
toluol|ly.
tolu|tɔ.ly
tomawak|tɔ.wak
tommy|tɔ.mi
tonification|tɔ̃.fi.ka.sjɔ̃
tonofibrille|to.fi.bʁil
topologiquement|tɔ.pɔ.lɔ.ʒik.mɑ̃
toquade|tɔ.nad
torah|tɔʁ.ʁa
torball|tɔʁ.bol
torchette|tɔʁʃ.ʃɛt
toreutique|tɔʁ.tik
tortis|tɔʁ.ti
tortricidé|tɔʁ.de
touarègue|tu.lɛɡ
toulonnaise|tu.nɛz
toupilleuse|tu.pi.pi.jøz
touselle|tu.sɛl
toussoteuse|tu.tøz
touvaine|tu.vɛn
toxicodermie|tɔk.si.ko.tɛʁ.mi
toxinique|tɔk.sin.i.nik
toxémique|tɔk.si.mik
trachéole|tʁak.ɔl
tractus|tʁakt.tys
tradescantia|tʁɛd.
trad|tʁɑ̃s.ʁad
traitance|tʁɛ.tɑ̃s
tramadol|tʁa.dɔl
tramping|tʁɑ̃p.piŋɡ
tramète|tʁam.ɡa.mɛt
transcriptase|tʁɑ̃s.kʁip.taz
transect|tʁɑ̃s.pɛ
transenne|tʁɑ̃s.sɛn
transférase|tʁɑ̃s.fe.ʁaz
transhumante|tʁɑ̃s.mɑ̃t
transilienne|tʁɑ̃s.bʁe.zi.ljɛn
transpadane|tʁɑ̃s.pa.dan
transvestisme|tʁɑ̃s.tism
trappeuse|tʁap.pøz
trappistine|tʁa.tin
travelling|tʁa.liŋ
treizièmement|tʁɛ.zjɛm.mɑ̃
tremblotte|tʁɑ̃.lɔt
tremens|tʁɑ̃.mɛ̃s
trench-coat|tʁɑ̃t.fəl.kot
trench|tʁɑ̃t.fʁɛntʃ
tresseuse|tʁɛs.søz
triallate|tʁial.lat
triamcinolone|tʁi.lɔn
tribart|tʁi.baʁ
triboulet|tʁi.lɛ
tributylphosphate|tʁi.by.fɔs.fat
trichomonase|tʁi.kɔ.naz
trichomonas|tʁi.kɔ.nas
trichroïque|tʁi.kʁɔ.ik
trichroïsme|tʁi.ism
tricouni|tʁi.ni
trimballement|tʁɛ̃.mɑ̃
trimurti|tʁi.ti
trinervée|tʁin.ve
trinitrobenzène|tʁi.ni.bɛ̃.zɛn
trinquart|tʁɛ̃.kaʁ
triomphaliste|tʁi.jɔ̃.list
triongulin|tʁi.jo.lɛ̃
trioxane|tʁi.jo.zan
tripang|tʁi.pɑ̃
triphasique|tʁi.fa.zik
tripodie|tʁi.di
trochet|tʁɔʃ.ʃɛ
trochin|tʁɔ.ʃɛ̃
tronculaire|tʁɔ̃.ky.lɛʁ
trophomicrobienne|tʁɔ.fɔ.mi.kʁɔ.bjɛn
truandaille|tʁy.dɑj
truble|tʁy.lybl
trudgeon|tʁy.ʒɔ̃
trullo|tʁy.lo
trypsine|tʁi.saɪn
tryptamine|tʁip.a.min
tr|te.te
tréhalase|tʁe.laz
trélingage|tʁe.ɡaʒ
tuberculide|tyb.lid
tubicole|ty.kɔl
tubipore|ty.pɔʁ
tubuleuse|tybyl.løz
tubulée|tœb.by.le
tularémie|ty.mi
tumorothèque|ty.mɔ.tɛk
tupinambis|tu.bi
turbellarié|tyʁb.tje
turbiditique|tyʁ.bi.di.tik
turbith|tyʁ.aʃ
turbocompressée|tyʁ.bo.pʁɛ.se
turnep|tœʁ.
turonienne|tyʁ.njɛn
turpidement|tyʁ.pid.mɑ̃
turquette|tyʁk.kɛt
turritelle|tyʁ.tɛl
tutsie|ty.tsi
tutti|ty.ti
tuvaluane|man
tuyauteuse|tɥi.jo.tøz
twirling|liŋ
typhacée|ti.fa.se
typification|ti.fi.ka.sjɔ̃
tyrosinase|ti.ʁɔ.naz
télencéphale|te.se.fal
télolécithe|te.sit
télécoms|tel.
ténébreusement|te.ne.bʁøz.mɑ̃
ténébrionidé|te.ne.bʁi.jɔ̃.ni.de
téphra|te.ʁa
térébinthacée|te.ʁe.se
téréphtalate|te.ʁe.fta.lat
téréphtalique|te.ʁe.fta.lik
tétanisme|te.ta.ni.nism
tétanotoxine|te.ta.tɔk.sin
tétonnière|te.tɔ̃.njɛʁ
tétrahydronaphtalène|te.tʁa.naf.ta.lɛn
tétrakihexaèdre|te.tʁa.eɡ.za.ɛdʁ
tétraméthylsilane|te.tʁa.si.lan
tétrasomie|te.tʁɑs.tɔ.mi
tûteler|le
tûter|tɛʁ
tœʁ.no.vœʁ
ubique|y.bi.tik
ubiquisme|y.bi.kism
ulmacée|yl.tʁa.se
ultravirus|yl.tʁa.vi.ʁys
umbanda|œ̃bo.da
unanimitaire|y.na.ni.tɛʁ
uniformitarisme|y.ni.fɔʁ.ta.ʁism
unisériée|y.ni.ʁje
universiade|y.ni.nad
univoquement|y.ni.vɔk.mɑ̃
unièmement|y.njɛm.mɑ̃
upwelling|liŋ
urbi|yʁ.ba.bi
uropygiale|y.ʁɔ.ʒjal
uropygienne|y.ʁɔ.ʒjɛn
urédospore|y.ʁe.spɔʁ
uréogenèse|y.ʁe.ʒə.nɛz
usuellement|y.zɥɛl.mɑ̃
usurairement|y.zyʁ.mɑ̃
uva-ursi|y.si
vacuomètre|va.mɛtʁ
vagolytique|va.ɡɔ.li.tik
vaguement|vaɡ.mɑ̃
valgus|val.ɡys
valorem|va.lɔ.ʁi.ʁɛm
valpolicella|val.sɛ.la
valvuloplastie|val.plas.ti
vancomycine|vɑ̃.mi.sin
vaporeusement|va.pɔ.ʁøz.mɑ̃
varheure|vaʁ.œʁ
variolite|va.ʁjɔ.lit
variolée|va.ʁjɔ.le
variorum|va.ʁjɔ.ʁɔm
variqueuse|va.køz
variure|va.jyʁ
varus|vaʁ.ʁys
vasogénique|va.zo.ʒe.nik
vaudouisme|vo.du.dwism
veinette|vɛn.nɛt
velot|və.lu.lo
velouteuse|və.lu.tøz
velvote|və.vɔt
venimeusement|və.ni.møz.mɑ̃
ventileuse|vɑ̃.ti.løz
ventosité|vɑ̃.li.te
verbomanie|vɛʁ.bɔ.ma.ni
vergetière|vɛʁ.tjɛʁ
verrucosité|vɛ.ʁy.li.te
verticilliose|vɛʁ.ti.ljoz
vertébrothérapie|vɛʁ.te.te.ʁa.pi
verviétoise|vɛʁ.twaz
vespertilion|vɛs.i.ljɔ̃
vespiste|vɛs.pist
vessigon|ve.ɡɔ̃
veuglaire|ɡlɛʁ
veveysanne|zan
vide-bouteilles|vid.tɛj
vidienne|vi.di.djɛn
vidoir|vi.dwaʁ
vidrecome|vi.saʁ.kom
vidure|vi.dyʁ
vidéotex|vi.de.o.tɛks
vielliste|vjɛ.list
vignot|vi.no
vigousse|vi.ɡu.ɡus
vilayet|vi.lɛn.e
vilement|vil.mɑ̃
vilipendage|vi.daʒ
vilipendeuse|vi.døz
villafranchien|vil.la.ʃjɛ̃
vinblastine|vɛ̃.tin
viride|vi.ʁi.ʁid
virtuosisme|viʁ.zism
viseuse|vi.søz
visonnière|vi.zɔ̃.njɛʁ
vitae|vi.ta.
vitam|vi.ta.tam
vitrectomie|vitʁ.tɔ.mi
vitroplant|vi.tro.plɑ̃
vitruvienne|vi.ʁy.vjɛn
vivement|viv.mɑ̃
vivendi|viv.di
vivoir|vi.vwaʁ
vogelpik|vɔ.
voilement|vwal.mɑ̃
volailleuse|vɔ.laj.jøz
volvulus|vɔl.my.lys
vomito|vɔ.to
vomérienne|vɔ.ʁjɛn
vousseau|vu.so
vouvray|vu.vwa.
vox|vɔk
voïvodat|vɔj.mɔ.da
voïvode|vɔj.ɔd
vreneli|li
vrillement|vʁij.mɑ̃
vuvuzela|vy.la
vécés|ve.
vélocement|ve.lɔs.mɑ̃
vénalement|ve.nal.mɑ̃
véniellement|ve.njɛl.mɑ̃
vérifieuse|ve.ʁi.ma.fjøz
vérétille|ve.tij
vétérance|ve.te.ʁɑ̃s
vɔlo.vɑ̃
wai|wa
wargame|va.ɡam
watergang|wa.ɡaŋ
wateringue|wa.ʁɛ̃ɡ
webmestrie|wɛb.me.tʁi
welwitschia|kja
weyr|wɛb.fiʁ
wiccane|kan
wicca|ka
willémite|wi.mit
windsurf|sœʁf
wolophiser|wɔ.li.ze
wormien|mjɛ̃
wurtzite|vuʁ.tsit
xanthate|ɡzɑ̃.fɔs.fat
xanthogénate|ɡzɑ̃.nat
xanthogénique|ɡzɑ̃.ʒe.nik
xanthélasma|ɡzɑ̃.plas.ma
xiloïdine|din
ximenia|ksi.nja
xingyiquan|
xinyiliuhequan|
xiphias|ksi.ɑs
xylopia|ksi.lɔ.
xénotime|ɡze.no.tim
xénotransplantation|ta.sjɔ̃
yeomanry|jo.man.ʁi
yersinia|si.nja
yersiniose|oz
ylangs-ylangs|i.tɑ̃
yoyette|jɔ.jɔ.jɛt
yuppie|pi
zakât|za.mɑ̃
zazoue|za.tik
zeitnot|zɛt.no
zemstvo|vo
zidovudine|din
zoanthaire|zo.ɛʁ
zonoèdre|zo.ɛdʁ
zygopetalum|zi.lɔm
zûner|ne
µR|
µas|ɑs
ásatrú|
ægosome|e.zom
ébouriffage|e.bu.faʒ
éburonne|e.byʁ.ʁɔn
échafaudeuse|e.ʃa.fo.døz
écharneuse|e.nøz
échevèlement|e.mɑ̃
échinocactus|e.ki.nɔ.kak.tys
éclairagisme|e.klɛ.ʒism
éclogite|e.ʒit
écorchage|e.kɔʁ.ʃaʒ
écrivaillée|e.kʁi.je
égalitairement|e.ɡa.li.tɛʁ.mɑ̃
égressive|e.ɡʁə.siv
élasticimétrie|e.las.me.tʁi
élicitine|e.li.tin
élicitrice|e.li.tʁis
éminatie|e.mi.kʁa.si
énarquienne|e.kjɛn
énergéticienne|e.nɛʁ.ʒe.ti.sjɛn
épaississeur|e.sœʁ
épeirogénique|e.ʒe.nik
éphéméroptère|e.fe.tɛʁ
épichlorhydrine|e.pi.dʁin
épidermomycose|e.pi.mi.kɔz
épidermophytie|e.pi.fi
épipodite|e.pi.pɔ.dit
épirogénique|e.pi.ʒe.nik
épistasique|e.pis.zik
épithélioïde|e.pi.id
épongement|e.pɔ̃ʒ.mɑ̃
époxydée|e.pɔk.si.de
équiprojectivité|e.ki.ti.vi.te
éraillement|e.ʁa.mɑ̃
érinye|e.
érotologique|e.ʁɔ.tɔ.lɔ.ʒik
érythrodermie|e.ʁi.tɛʁ.mi
étampeuse|e.tɑ̃p.pøz
étanchéiste|e.tɑ̃.ʃe.ist
éthanoïque|e.ta.ik
éthoxyler|e.tɔ.le
éthyl|e.ti.be.ʁil
îlotière|i.lo.tjɛʁ
œnotechnique|ø.nɔ.tɛk.nik
œsophagomalacie|e.zɔ.fa.la.si
œsophagoplastie|e.zɔ.fa.plas.ti
œstrogénothérapie|œs.te.ʁa.pi
ɛ̃.tʁa.my.ʁɔs
