abandonnisme|a.bɑ̃.dɔ̃.nism
-------
abillot|a.jo
-------
ablutiomanie|a.ma.ni
-------
abomber|a.bɔ.mi.be
-------
abottée|a.bo.te
-------
abouteuse|a.bu.tøz
-------
absorptiométrie|ap.sɔʁ.me.tʁi
-------
absorptive|ap.sɔʁ.tiv
-------
absurdisme|ap.dism
-------
absurdiste|ap.dist
-------
acariasis|a.ka.zis
-------
acatalasémie|a.ka.se.mi
-------
accoupleuse|a.kupl.løz
-------
acoumastique|a.ku.tik
tik
-------
acrodermatite|a.kʁɔ.dɛʁ.ma.tit
-------
acrosomiale|a.kʁɔ.mjal
-------
acrylonitrile|a.kʁi.fil
-------
actigramme|ak.ti.ɡʁam
-------
actéon|ak.e.ɔ̃
-------
acylation|a.za.sjɔ̃
-------
acyltransférase|ʁaz
-------
acésulfame|a.se.-------
acétabulaire|a.se.ta.by.lɛʁ
-------
acétanilide|a.se.lid
-------
acétocellulose|a.se.se.ly.lɔz
-------
acétophénone|a.se.nɔn
-------
acétylcellulose|a.se.til.se.ly.lɔz
-------
acétylcoenzyme|a.se.til.ko.ɑ̃.zim
-------
addisonienne|a.di.sɔ
-------
adelphophagie|lɔ.ʒi
-------
adeptat|a.ta
-------
adiabaticité|a.dja.ba.li.te
-------
adique|a.tik
-------
adlérienne|ʁjɛn
-------
adlérisme|ʁism
-------
adustible|a.dy.tibl
-------
adénomectomie|a.de.nom.tɔ.mi
-------
adénosarcome|a.de.nɔ.saʁ.kom
-------
affileuse|a.fi.løz
-------
affûtoir|a.fy.twaʁ
-------
afrikaander|a.fʁi.de
-------
agamospermie|a.ɡa.tɛʁ.mi
-------
agars-agars|a.ɡaʁ.aʁ
-------
agglutinement|a.ɡly.ti.mɑ̃
-------
agglutinogène|a.ɡly.ti.ʒɛn
ʒɛn
-------
agnosique|a.zik
-------
agrarisme|a.ta.ʁism
-------
agrippante|a.ɡʁi.pɑ̃t
-------
agrophysiologie|a.ɡʁɔ.lɔ.ʒi
-------
agropyrum|a.ɡʁɔ.ʁɔm
-------
agroressource|a.ɡʁɔ.ʁə.suʁs
-------
aides-éducateurs|ɛd.-------
aides-éducatrices|ɛd.-------
aiguilleteuse|ɛ.ɡɥij.tøz
-------
alcaptonurie|al.ka.ʁi
ʁi
-------
algale|al.ɡa.ɡal
-------
algonkine|al.ɡɔ̃.kin
-------
algérianisme|al.ʒe.nism
-------
alicot|a.li.ko
-------
alicyclique|a.li.si.klik
-------
aligneuse|a.li.ɲøz
-------
alismacée|a.li.se
-------
alkylante|al.ki.lɑ̃t
-------
alloc|a.lɔ.ɔk
-------
allométrie|a.lɔ.me.tʁi
-------
allométrique|a.lɔ.me.tʁik
-------
allurée|a.ly.y.ʁe
-------
alternostat|al.tɛʁ.ta
-------
alvéoloplastie|al.ve.plas.ti
-------
ambrienne|ɑ̃.ʁjɛn
-------
amenage|a.mɛn.naʒ
-------
amenokal|a.mɛn.-------
amidure|a.mi.dyʁ
-------
amination|a.mi.za.sjɔ̃
-------
aminer|a.mi.ne
-------
aminobutyrique|a.mi.by.ti.ʁik
-------
ammoniotélique|a.mɔ.te.lik
-------
ammoniurie|a.mɔ.ʁi
-------
amorphisme|a.mɔʁ.fism
-------
amorçable|a.mɔʁ.sabl
-------
amphibienne|ɑ̃.fi.bi.mi.bjɛn
-------
amphistome|ɑ̃.fi.tɔm
-------
amphotéricine|ɑ̃.fi.ʁi.sin
-------
amplis-syntoniseurs|ɑ̃.pli.-------
amplis-tuners|ɑ̃.pli.ɛʁ
-------
amylacée|a.mi.se
-------
aménokal|a.me.-------
anacardiacée|a.na.se
-------
anamorphoseur|a.na.mɔʁ.zœʁ
-------
anamostoser|a.na.ze
-------
anaphylactoïde|a.na.fi.id
-------
anatopisme|a.na.tɔ.tʁɔ.pism
-------
androconie|ɑ̃.se.ni
-------
andrologique|ɑ̃.dʁɔ.lɔ.ʒik
-------
androlâtre|ɑ̃.dʁɔ.lɑtʁ
-------
angiologue|ɑ̃.ʒjɔ.lɔɡ
-------
angiomatose|ɑ̃.ʒjɔ.ma.toz
-------
angoisseuse|ɑ̃.ɡwas.søz
-------
anguleusement|ɑ̃.ɡy.løz.mɑ̃
-------
anhypothétique|a.te.tik
-------
anionique|a.njɔ̃.nik
-------
aniridie|ɑ̃.di
-------
annoncière|a.nɔ̃.sja.sjɛʁ
-------
anomérique|a.nɔ.me.ʁik
-------
anonacée|ɑ̃.se
-------
anorthosite|a.nɔʁ.zit
-------
antennate|ɑ̃.ti.nat
-------
anthoméduse|ɑ̃.tɔ.me.dyz
-------
anthracosilicose|ɑ̃.tʁɔ.pɔ.si.li.koz
-------
anthropomorphiquement|ɑ̃.tʁɔ.pɔ.mɑ̃
mɑ̃
-------
anthropotechnie|ɑ̃.tʁɔ.pɔ.ni
-------
anthropotechnique|ɑ̃.tʁɔ.pɔ.tɛk.nik
-------
antibrouillée|ɑ̃.ti.bʁu.nu.je
-------
antihermitienne|ɑ̃.ti.ɛʁ.mi.sjen
-------
antiholomorphe|ɑ̃.ti.mɔʁf
-------
antillanisme|ɑ̃.ti.nism
-------
antilocapridé|ɑ̃.ti.ʁi.de
-------
antimalarique|ɑ̃.ti.ʁik
-------
antinaupathique|ɑ̃.ti.na.no.pa.tik
-------
antiplaquettaire|ɑ̃.ti.plak.ʒi.teʁ
-------
antiproliférative|ɑ̃.ti.pʁɔ.tiv
-------
antiséparatif|ɑ̃.ti.se.tif
-------
antitrypsine|ɑ̃.ti.sin
-------
antébrachiale|ɑ̃.te.bʁa.kjal
-------
anéjaculation|za.sjɔ̃
-------
anérection|a.ne.za.sjɔ̃
-------
aphodius|a.fɔ.ys
-------
apocalyptiquement|a.pɔ.ka.lip.tik.mɑ̃
-------
apocynacée|a.pɔ.se
-------
apoenzyme|a.pɔ.ɑ̃.zim
-------
apolipoprotéine|a.pɔ.li.pʁɔ.te.in
-------
apoptotique|a.pɔ.tik
-------
apostériorité|a.pɔs.li.te
-------
appropriable|a.pʁɔ.pʁi.ʁjabl
-------
appréciablement|a.pʁe.sjabl.mɑ̃
-------
appuie-livres|a.pɥi.-------
arachidonique|a.ʁak.nik
-------
aranéomorphe|a.ʁa.ne.mɔʁf
-------
archentéron|aʁʃ.ʁɔ̃
-------
archéozoïque|aʁk.zɔ.ik
-------
argenteuse|aʁ.ʒɑ̃.tøz
-------
armurée|aʁ.y.ʁe
-------
aromatase|a.ma.taz
-------
arpigner|aʁ.ne
-------
arsenite|aʁ.sə.nit
-------
articlier|aʁ.ti.ky.lje
-------
artinienne|aʁ.ti.njɛn
-------
asclépiadacée|se
-------
ascochyta|as.ta
-------
aspergès|asp.-------
asphaltène|as.tɛn
-------
assa-fœtida|a.da
-------
assidéenne|a.si.de.ɛn
-------
astralement|as.tʁal.mɑ̃
-------
astéréognosie|as.te.o.ɡno.zi
-------
atellane|a.lan
-------
athéophobe|a.te.fɔb
-------
athéophobie|a.te.fɔ.bi
-------
atm|at.mɔs
-------
atractyligénine|a.tʁa.nin
-------
atrière|a.ʁjɛʁ
-------
atrophiante|a.tʁɔ.fjɑ̃t
-------
atropinique|a.tʁɔ.i.nik
-------
atteloire|a.twaʁ
-------
attristement|a.mɑ̃
-------
auberon|o.ʁɔ̃
-------
audioguidée|o.djo.i.de
-------
audiotypiste|o.djo.ti.pist
-------
augustement|o.ɡyst.mɑ̃
-------
autologue|ɔ.to.lɔɡ
-------
autoprotolyse|o.to.pʁɔ.pʁo.to.liz
-------
autopsique|o.tɔp.zik
-------
autos-couchettes|o.to.-------
autos-patrouilles|o.to.-------
autoévaluante|ɔ.to.e.kɑ̃t
-------
autoïque|ɔ.to.ik
-------
auxiliariat|si.ta.ʁja
-------
avalancheuse|a.va.lɑ̃ʃ.ʃøz
-------
averdonaise|a.vɛʁ.nɛz
-------
avipelvien|a.vi.-------
avirulence|a.vi.ʁy.lɑ̃s
-------
aviveuse|a.vi.vøz
-------
axopode|ak.pɔd
-------
aérenchyme|a.e.ʁɔ.ʃim
-------
bacitracine|bak.ʁa.sin
-------
bactériochlorophylle|bak.te.ʁjɔ.klɔ.ʁɔ.fil
-------
bactériocine|bak.te.ʁjɔ.sin
-------
baddeleyite|ba.-------
bafoueuse|ba.køz
-------
baguazhang|ba.-------
baguiste|ba.nist
-------
baha'ie|ba.ʒi
-------
baha'isme|ba.lism
-------
bailecito|baj.to
-------
baligander|ba.de
-------
baloutchi|ba.ki
-------
balter|bal.te
-------
balénoptère|bal.nɔp.tɛʁ
-------
banachique|ba.ʃik
-------
bancheuse|bɑ̃ʃ.ʃøz
-------
banqueteuse|bɑ̃k.tøz
-------
barocepteur|ba.tœʁ
-------
barocline|ba.klin
-------
barogramme|ba.ɡʁam
-------
barotrope|ba.ʁɔ.tʁo.tʁɔp
-------
barrémienne|ba.mjɛn
-------
baryogenèse|ba.ʒə.nɛz
-------
basochienne|ba.ʃjɛn
-------
batholite|ba.lit
-------
batholithe|ba.lit
-------
batésienne|ba.sjɛn
-------
baxter|ba.te
-------
baylienne|ljɛn
-------
becquer|bɛk.ke
-------
bedonnement|bə.dɔ̃.mɑ̃
-------
bedonner|bə.dɔ̃.ne
-------
behaviouriste|a.ʁist
-------
bennage|bɛ̃.naʒ
-------
benzaldéhyde|bɛ̃.al.de.id
-------
benzalkonium|bɛ̃.njɔm
-------
benzonitrile|bɛ̃.fil
-------
berginisation|bɛʁ.li.za.sjɔ̃
-------
bergsonisme|bɛʁ.nism
-------
bessemer|bə.sə.me
-------
beugleuse|bœ.løz
-------
beurouette|bœʁ.ʁu.ɛt
-------
bhakti|ti
-------
bharatanatyam|-------
biangle|bi.ɑ̃ɡl
-------
bibarder|bi.de
-------
bibliologique|bi.bli.jɔ.lɔ.ʒik
-------
bibliologue|bi.bli.jɔ.lɔɡ
-------
bibliotechnicienne|bi.bli.jɔ.tɛk.ni.sjɛn
-------
biblio|bi.bli.ljo
-------
bicolorié|bi.-------
bidegré|bid.də.ɡʁe
-------
biglouser|bi.ze
ze
-------
bignoniacée|bi.ɲɔl.se
-------
bignonia|bi.ɲɔl.nja
-------
bigrer|bi.ɡʁe
-------
bigèbre|bi.-------
biholomorphe|bi.mɔʁf
-------
biholomorphisme|mɔʁ.fism
mɔʁ.fism
-------
bijuridisme|bi.ʁi.dism
-------
bilharziose|bi.oz
-------
biligénie|bi.ʒe.ni
-------
bilirubinémie|bi.ne.mi
-------
billbergia|bil.-------
bimesurable|bi.sy.ʁabl
-------
bimodule|bi.mɔ.mo.dyl
-------
binodale|bi.nɔ.dal
-------
biocœnose|bjɔ.noz
-------
biolubrifiant|bjɔ.lɔ.fjɑ̃
-------
biotrophe|bjɔ.tʁɔf
-------
birationnelle|sjɔ.nɛl
-------
biscottière|bis.tjɛʁ
-------
biseauteuse|bi.zo.tøz
-------
bisimpliciale|sjal
-------
bissexualité|bi.sɛk.li.te
li.te
-------
bisulfitique|bis.tik
-------
bivitelline|bi.te.lin
-------
bizuter|bi.zy.te
-------
blaguounette|nɛt
-------
blastopore|blas.pɔʁ
-------
blastoïde|blas.id
-------
bledarde|blɛd.daʁd
-------
bleuetier|blø.ɛ.tje
-------
blindicide|sid
-------
blottissement|mɑ̃
-------
blutiner|bly.ne
-------
bocarder|bɔ.kaʁ.de
-------
bodybuildeuse|bɔ.di.døz
-------
bonifiante|bɔ̃.fjɑ̃t
-------
bordeuse|bɔʁ.døz
-------
bordisme|bɔʁ.dism
-------
bordureuse|bɔʁ.dyʁ.ʁøz
-------
bornologie|bɔʁ.lɔ.ʒi
-------
borough|bɔʁ.ʁœf
-------
borraginacée|bɔʁ.se
-------
boskoop|bɔs.-------
boucholeuse|bu.løz
-------
bouchonnière|bu.ʃɔ̃.njɛʁ
-------
bouddhologue|bu.lɔɡ
-------
bouffir|bu.fi.fiʁ
-------
bouillage|bu.jaʒ
-------
bouillotter|bu.te
-------
bouletée|bul.te
-------
boulonneuse|bu.lɔ̃.nøz
-------
bourgeoisiale|buʁ.ʒwa.sjal
-------
bourrellement|buʁ.mɑ̃
-------
bourrinage|bu.ʁɛ̃.naʒ
-------
bousculement|bus.ky.mɑ̃
-------
boustifailler|bus.je
-------
boutante|bu.tɑ̃t
-------
boxonner|bɔk.sɔ̃.ne
-------
brachiocéphalique|bʁa.kjo.se.fa.lik
-------
braillante|bʁɛ.jɑ̃t
-------
branlage|bʁɑ̃.laʒ
-------
braseuse|ze.zøz
-------
bricolable|bʁi.kɔ.labl
-------
brigadeiro|bʁi.ɡad.-------
bringuebalement|ba.mɑ̃
-------
brinquebalement|bʁɛ̃k.ba.mɑ̃
-------
briocher|bʁi.jo.ʃe
-------
briqueteuse|bʁik.tøz
-------
broadcaster|bʁɔ.te
-------
bronchiectasie|bʁɔ̃.ɛk.ta.zi
-------
bronchioloalvéolaire|bʁɔ̃.al.ve.o.lɛʁ
-------
bronchiteuse|bʁɔ̃.ʃit.tøz
-------
bronchoconstriction|bʁɔ̃.kɔ.za.sjɔ̃
-------
brouilleuse|bʁuj.jøz
-------
brownienne|bʁɔ.njɛn
-------
bruineuse|bʁɥin.nøz
