abandonnisme|a.bɑ̃.dɔ̃.nism
-------
abillot|a.jo
-------
ablutiomanie|a.ma.ni
-------
abomber|a.bɔ.mi.be
-------
abottée|a.bo.te
-------
abouteuse|a.bu.tøz
-------
absorptiométrie|ap.sɔʁ.me.tʁi
-------
absorptive|ap.sɔʁ.tiv
-------
absurdisme|ap.dism
-------
absurdiste|ap.dist
-------
acariasis|a.ka.-------
acatalasémie|a.ka.mi
-------
accoupleuse|a.kupl.løz
-------
acoumastique|a.tik
-------
acrodermatite|a.kʁɔ.ma.tit
-------
acrosomiale|a.kʁɔ.mjal
-------
acrylonitrile|a.kʁi.-------
actigramme|ak.ti.ɡʁam
-------
actéon|ak.sjɔ̃
-------
acylation|a.la.sjɔ̃
-------
acyltransférase|-------
acésulfame|a.se.-------
acétabulaire|a.se.by.lɛʁ
-------
acétanilide|a.se.lid
-------
acétocellulose|a.se.ly
-------
acétophénone|a.se.nɔn
-------
acétylcellulose|a.se.ly
-------
acétylcoenzyme|a.se.ɑ̃.zim
-------
addisonienne|a.sɔ
-------
adelphophagie|fa.ʒi
-------
adeptat|a.ta
-------
adiabaticité|a.dja.si.te
-------
adique|a.tik
-------
adlérienne|ʁjɛn
-------
adlérisme|ʁism
-------
adustible|a.tibl
-------
adénomectomie|a.de.nom.mi
-------
adénosarcome|a.de.kom
-------
affileuse|a.fi.løz
-------
affûtoir|a.fy.twaʁ
-------
afrikaander|a.fʁi.de
-------
agamospermie|a.mi
-------
agars-agars|a.ɡaʁ.-------
agglutinement|a.ɡly.ti.mɑ̃
-------
agglutinogène|a.ɡly.ti.nɔ.ʒɛn
-------
agnosique|a.zik
-------
agrarisme|a.ʁism
-------
agrippante|a.pɑ̃t
-------
agrophysiologie|a.ɡʁɔ.lɔ.ʒi
-------
agropyrum|a.ɡʁɔ.-------
agroressource|a.ɡʁɔ.suʁs
-------
aides-éducateurs|ɛd.-------
aides-éducatrices|ɛd.-------
aiguilleteuse|ɛ.ɡɥij.tøz
-------
alcaptonurie|al.ka.ny.ʁi
-------
algale|al.ɡal
-------
algonkine|al.ɡo.kin
-------
algérianisme|al.ʒe.nism
-------
alicot|a.li.ko
-------
alicyclique|a.li.lik
-------
aligneuse|a.li.ɲøz
-------
alismacée|a.li.se
-------
alkylante|al.ki.lɑ̃t
-------
alloc|a.lɔ.-------
allométrie|a.lɔ.me.tʁi
-------
allométrique|a.lɔ.me.tʁik
-------
allurée|a.ly.ʁe
-------
alternostat|al.tɛʁ.ta
-------
alvéoloplastie|al.ve.plas.ti
-------
ambrienne|ɑ̃.ʁjɛn
-------
amenage|a.mɛn.naʒ
-------
amenokal|a.mɛn.-------
amidure|a.mi.dyʁ
-------
amination|a.na.sjɔ̃
-------
aminer|a.ne
-------
aminobutyrique|a.mi.ʁik
-------
ammoniotélique|a.mɔ.lik
-------
ammoniurie|a.mɔ.ʁi
-------
amorphisme|a.fism
-------
amorçable|a.sabl
-------
amphibienne|ɑ̃.fi.bi.bjɛn
-------
amphistome|ɑ̃.fi.-------
amphotéricine|ɑ̃.fi.sin
-------
amplis-syntoniseurs|ɑ̃.pli.-------
amplis-tuners|ɑ̃.pli.-------
amylacée|a.mi.la.se
-------
aménokal|a.me.-------
anacardiacée|a.na.se
-------
anamorphoseur|a.na.zœʁ
-------
anamostoser|a.na.ze
-------
anaphylactoïde|a.na.id
-------
anatopisme|a.na.tɔ.pism
-------
androconie|ɑ̃.dʁɔ.ni
-------
andrologique|ɑ̃.dʁɔ.tik
-------
androlâtre|ɑ̃.dʁɔ.-------
angiologue|ɑ̃.ʒjɔ.lɔɡ
-------
angiomatose|ɑ̃.ʒjɔ.ma.toz
-------
angoisseuse|ɑ̃.ɡwas.søz
-------
anguleusement|ɑ̃.ɡy.løz.mɑ̃
-------
anhypothétique|a.te.tik
-------
anionique|a.njɔ̃.nik
-------
aniridie|ɑ̃.di
-------
annoncière|a.sjɛʁ
-------
anomérique|a.nɔ.me.ʁik
-------
anonacée|a.na.se
-------
anorthosite|a.nɔ.zit
-------
antennate|ɑ̃.ti.nat
-------
anthoméduse|ɑ̃.ti.dyz.me
-------
anthracosilicose|ɑ̃.tʁɔ.koz
-------
anthropomorphiquement|ɑ̃.pɔ.tʁɔ.mɑ̃
-------
anthropotechnie|ɑ̃.tʁɔ.ni
-------
anthropotechnique|ɑ̃.tʁɔ.nik
-------
antibrouillée|ɑ̃.ti.je
-------
antihermitienne|ɑ̃.ti.tjɛn
-------
antiholomorphe|ɑ̃.ti.mɔʁf
-------
antillanisme|ɑ̃.ti.nism
-------
antilocapridé|ɑ̃.ti.de
-------
antimalarique|ɑ̃.ti.ʁik
-------
antinaupathique|ɑ̃.ti.pa.tik
-------
antiplaquettaire|ɑ̃.ti.tɛʁ
-------
antiproliférative|ɑ̃.ti.ʁa.tiv
-------
antiséparatif|ɑ̃.ti.tif
-------
antitrypsine|ɑ̃.ti.zin
-------
antébrachiale|ɑ̃.te.-------
anéjaculation|ky.la.sjɔ̃
-------
anérection|a.ne.ʁɛk.sjɔ̃
-------
aphodius|a.-------
apocalyptiquement|a.pɔ.ka.lip.tik.mɑ̃
-------
apocynacée|a.pɔ.na.se
-------
apoenzyme|a.pɔ.ɑ̃.zim
-------
apolipoprotéine|a.pɔ.in
-------
apoptotique|a.pɔ.tik
-------
apostériorité|a.pɔs.ʁi.te
-------
appropriable|a.pʁɔ.ʁjabl
-------
appréciablement|a.pʁe.sjabl.blə.mɑ̃
-------
appuie-livres|a.pɥi.-------
arachidonique|a.ʁak.nik
-------
aranéomorphe|a.ʁa.mɔʁf
-------
archentéron|aʁʃ.ʁɔ̃
-------
archéozoïque|aʁ.ke.ik
-------
argenteuse|aʁ.ʒɑ̃.mɑ̃.tøz
-------
armurée|aʁ.ʁe
-------
aromatase|a.ma.ʁɔ.staz
-------
arpigner|aʁ.ɲe
-------
arsenite|aʁ.sə.nit
-------
articlier|aʁ.ti.lje
-------
artinienne|aʁ.ti.njɛn
-------
asclépiadacée|da.se
-------
ascochyta|as.ta
-------
aspergès|as.-------
asphaltène|as.tɛn
-------
assa-fœtida|a.da
-------
assidéenne|a.si.de
-------
astralement|as.tʁal.mɑ̃
-------
astéréognosie|as.te.ɡno.zi
-------
atellane|a.-------
athéophobe|a.te.fɔb
-------
athéophobie|a.te.bi
-------
atm|a.
-------
atractyligénine|nin
-------
atrière|a.ʁjɛʁ
-------
atrophiante|a.tʁɔ.-------
atropinique|a.tʁɔ.nik
-------
atteloire|a.twaʁ
-------
attristement|a.mɑ̃
-------
auberon|o.ʁɔ̃
-------
audioguidée|o.djo.de
-------
audiotypiste|o.djo.pist
-------
augustement|o.ɡyst.mɑ̃
-------
autologue|ɔ.to.lɔɡ
-------
autoprotolyse|o.to.liz
-------
autopsique|o.tɔp.zik
-------
autos-couchettes|o.to.-------
autos-patrouilles|o.to.-------
autoévaluante|e.to.-------
autoïque|ɔ.to.ik
-------
auxiliariat|si.ʁja
-------
avalancheuse|a.va.lɑ̃ʃ.ʃøz
-------
averdonaise|a.nɛz
-------
avipelvien|a.-------
avirulence|a.lɑ̃s
-------
aviveuse|a.vøz
-------
axopode|ak.pɔd
-------
aérenchyme|a.e.ʃim
-------
bacitracine|ba.sin
-------
bactériochlorophylle|bak.te.fil
-------
bactériocine|bak.te.sin
-------
baddeleyite|ba.-------
bafoueuse|ba.-------
baguazhang|ba.-------
baguiste|ba.nist
-------
baha'ie|ba.ʒi
-------
baha'isme|ba.lism
-------
bailecito|baj.to
-------
baligander|ba.de
-------
baloutchi|ba.-------
balter|bal.te
-------
balénoptère|bal.tɛʁ
-------
banachique|ba.ʃik
-------
bancheuse|bɑ̃ʃ.ʃøz
-------
banqueteuse|bɑ̃k.tøz
-------
barocepteur|ba.sɛp.tœʁ
-------
barocline|ba.klin
-------
barogramme|ba.ɡʁam
-------
barotrope|ba.tʁɔp
-------
barrémienne|ba.mjɛn
-------
baryogenèse|ba.nɛz.ʒə
-------
basochienne|ba.ʃjɛn
-------
batholite|ba.lit
-------
batholithe|ba.lit
-------
batésienne|ba.zjɛn
-------
baxter|ba.te
-------
baylienne|ljɛn
-------
becquer|bɛk.ke
-------
bedonnement|bə.dɔ̃.mɑ̃
-------
bedonner|bə.dɔ̃.dɔ.ne
-------
behaviouriste|a.ʁist
-------
bennage|bɛ̃.naʒ
-------
benzaldéhyde|bɛ̃.id
-------
benzalkonium|bɛ̃.njɔm
-------
benzonitrile|bɛ̃.-------
berginisation|sjɔ̃
-------
bergsonisme|bɛʁ.nism
-------
bessemer|bi.me
-------
beugleuse|løz
-------
beurouette|bœʁ.-------
bhakti|ti
-------
bharatanatyam|-------
biangle|bi.-------
bibarder|bi.baʁ.de
-------
bibliologique|bi.bli.tik
-------
bibliologue|bi.bli.lɔɡ
-------
bibliotechnicienne|bi.bli.jɔ.ni.sjɛn
-------
biblio|bi.ljo
-------
bicolorié|bi.-------
bidegré|bid.ʁe
-------
biglouser|bi.ze
-------
bignoniacée|bi.se
-------
bignonia|bi.nja
-------
bigrer|bi.ɡʁe
-------
bigèbre|bi.-------
biholomorphe|bi.mɔʁf
-------
biholomorphisme|fism
-------
bijuridisme|bi.dism
-------
bilharziose|bi.-------
biligénie|bi.ni
-------
bilirubinémie|bi.mi
-------
billbergia|bil.-------
bimesurable|ʁabl
-------
bimodule|bi.dyl
-------
binodale|bi.dal
-------
biocœnose|bjɔ.noz
-------
biolubrifiant|bjɔ.lɔ.-------
biotrophe|bjɔ.tʁɔf
-------
birationnelle|nɛl
-------
biscottière|bis.tjɛʁ
-------
biseauteuse|bi.zo.tøz
-------
bisimpliciale|sjal
-------
bissexualité|bi.li.sɥa.te
-------
bisulfitique|bis.tik
-------
bivitelline|bi.lin
-------
bizuter|bi.zy.te
-------
blaguounette|nɛt
-------
blastopore|blas.spɔʁ
-------
blastoïde|blas.id
-------
bledarde|blɛd.daʁd
-------
bleuetier|blø.ɛ.tje
-------
blindicide|sid
-------
blottissement|mɑ̃
-------
blutiner|bly.ne
-------
bocarder|bɔ.kaʁ.de
-------
bodybuildeuse|bɔ.di.døz
-------
bonifiante|bɔ̃.fjɑ̃t
-------
bordeuse|bɔʁ.døz
-------
bordisme|bɔʁ.dism
-------
bordureuse|bɔʁ.dyʁ.ʁøz
-------
bornologie|bɔʁ.lɔ.ʒi
-------
borough|bɔʁ.-------
borraginacée|bɔʁ.na.se
-------
boskoop|bɔs.-------
boucholeuse|bu.løz
-------
bouchonnière|bu.ʃɔ̃.njɛʁ
-------
bouddhologue|bu.lɔɡ
-------
bouffir|bu.te
-------
bouillage|bu.jaʒ
-------
bouillotter|bu.lɔ.te
-------
bouletée|bul.te
-------
boulonneuse|bu.lɔ̃.jɔ.nøz
-------
bourgeoisiale|buʁ.-------
bourrellement|buʁ.mɑ̃
-------
bourrinage|bu.ʁɛ̃.naʒ
-------
bousculement|bus.mɑ̃
-------
boustifailler|je
-------
boutante|bu.tɑ̃t
-------
boxonner|bu.ne
-------
brachiocéphalique|bʁa.kjo.lik
-------
braillante|bʁɛ.jɑ̃t
-------
branlage|bʁɑ̃.laʒ
-------
braseuse|zøz
-------
bricolable|bʁi.labl
-------
brigadeiro|bʁi.ɡad.-------
bringuebalement|bʁɛ̃ɡ.mɑ̃
-------
brinquebalement|bʁɛ̃.mɑ̃
-------
briocher|bʁi.jo.ʃe
-------
briqueteuse|bʁik.tøz
-------
broadcaster|te
-------
bronchiectasie|bʁɔ̃.ta.zi
-------
bronchioloalvéolaire|bʁɔ̃.lɛʁ
-------
bronchiteuse|bʁɔ̃.ʃit.tøz
-------
bronchoconstriction|bʁɔ̃.kɔ.sjɔ̃.za
-------
brouilleuse|bʁuj.jøz
-------
brownienne|bʁo.ni.njɛn
-------
bruineuse|bʁɥin.nøz
-------
brutisme|bʁy.tism
-------
bréchique|bʁe.ʃik
-------
brélésienne|bʁe.zjɛn
-------
brévétoxine|bʁe.sin
-------
bulb-keel|-------
burgaudine|byʁ.ɡo.din
-------
burineuse|by.ʁɛ̃.nøz
-------
buronnière|by.ʁɔ̃.njɛʁ
-------
burséracée|ʁa.se
-------
buselure|byz.lyʁ
-------
butanal|by.nal
-------
butanée|by.ne
-------
buxacée|se
-------
bâtissable|bɑ.sabl
-------
bénéf|be.ne.-------
bérimbau|be.bo
-------
bêbête|bɛ.bɛt
-------
bûchage|ʃaʒ
-------
cP|-------
cSt|mɑ̃
-------
cadenassage|kad.saʒ
-------
cadrante|ka.dʁɑ̃.ʁɑ̃t
-------
caissonnée|kɛ.sɔ̃.ne
-------
calcitriol|kal.-------
calcosodique|kal.dik
-------
calière|ka.ljɛʁ
-------
calorescence|kal.sɑ̃s
-------
calvadosienne|kal.va.zjɛn
-------
camarine|ka.ma.ʁin
-------
camionneuse|ka.mjɔ.nøz
-------
camouflante|ka.mu.flɑ̃t
-------
camoufleur|ka.mu.flœʁ
-------
cancérophobie|kɑ̃.se.bi
-------
cancéropole|kɑ̃.se.pɔl
-------
cannabinacée|ka.na.na.se
-------
canyoniste|ka.ɲɔn.nist
-------
caoutchoutière|ka.ʃu.ut.tjɛʁ
-------
capacimètre|kap.mɛtʁ
-------
capacitiste|kap.tist
-------
capillotracter|ka.pi.te
-------
caproïque|ka.ik
-------
capsicum|kap.-------
caractérologique|ka.ʁak.te.tik
-------
carbohémoglobine|kaʁ.bin
-------
carboxamide|kaʁ.mid
-------
carburière|kaʁ.ʁjɛʁ
-------
carbutamide|kaʁ.mid
-------
carcinose|kaʁ.si.noz
-------
cardamone|kaʁ.mɔn
-------
carfentanyl|kaʁ.-------
carpettière|kaʁp.tjɛʁ
-------
carreautée|kaʁ.te
-------
cartellaire|kaʁt.lɛʁ
-------
carvacrol|kaʁ.-------
cary|kaʁ.ʁi
-------
casamançaise|ka.fʁɑ̃.sɛz
-------
casquante|ka.kɑ̃t
-------
casquettière|kask.tjɛʁ
-------
castrer|kas.tʁe
-------
catachrétique|ka.ta.ʁe.tik
-------
cataclysmale|ka.ta.mal
-------
catagenèse|ka.ta.nɛz.ʒə
-------
cataméniale|ka.ta.njal
-------
cathepsine|ka.zin
-------
cathodoluminescence|ka.to.mi.sɑ̃s
-------
catégoriale|ka.te.ʁjal
-------
caudine|ka.din
-------
caveuse|kav.vøz
-------
cd|-------
cedrela|la
-------
cellobiose|bjoz
-------
cellophaneuse|se.lɔ.fan.nøz
-------
cellophanée|ne
-------
cellulase|ly.se.-------
celtisme|sɛl.tism
-------
centipoise|sɑ̃.-------
centromérique|sɑ̃.me.ʁik
-------
centésimale|sɑ̃.mal
-------
cervicite|sɛʁ.vi.sit
-------
cgr|te
-------
chaabi|ʃa.bi
-------
chafiite|ʃa.-------
chaloupement|ʃa.lup.mɑ̃
-------
chamoiseuse|ʃa.zøz
-------
chancrelle|ʃɑ̃kʁ.ʁɛl
-------
chanfreineuse|ʃɑ̃.fʁɛ̃.nøz
-------
chaosienne|ʃa.zjɛn
-------
charlater|ʃaʁ.te
-------
chawer|ʃa.te
-------
chaîneuse|ʃɛn.nøz
-------
check-list|-------
cheiroptère|tɛʁ
-------
chevau-léger|ʒe
-------
chevaucheuse|ʃøz
-------
chevillarde|jaʁd
-------
chimiolithotrophe|ʃi.mjo.tʁɔf
-------
chiperie|tʃip.pʁi
-------
chitosan|ki.-------
chloramine|klɔ.min
-------
chlorobenzène|klɔ.ʁɔ.bɛ̃.zɛn
-------
chlorpromazine|klɔ.zin
-------
choanocyte|nɔ.sit
-------
choisisseuse|søz
-------
cholinestérasique|kɔ.lin.zik
-------
cholécystotomie|kɔ.le.mi
-------
chondrichtyen|-------
chondriosome|zom
-------
chondromatose|dʁɔ.kɔ̃.ma.toz
-------
chorio-épithéliome|-------
chorioméningite|kɔ.ʒit
-------
chorioépithéliome|-------
christocentrisme|kʁist.sɑ̃.tʁism
-------
chronaxie|kʁɔ.nɔ.si
-------
chronaxique|kʁɔ.nɔ.sik
-------
chrysanthémique|kʁi.mik
-------
chrysothérapie|kʁi.zɔ.pi.ʁa.te
-------
chutney|tʃe.nɛ
-------
châtelperronienne|njɛn
-------
chénodésoxycholique|lik
-------
cinétisme|ne.si.tism
-------
circalittorale|siʁ.ʁal
-------
cisailleuse|si.zɑj.jøz
-------
citernière|si.te.njɛʁ
-------
cladocère|kla.sɛʁ
-------
claveleuse|kla.løz
-------
clienter|kli.te
-------
clinopyroxène|klɛ̃.sɛn
-------
clinozoïsite|klɛ̃.zit
-------
clivante|kli.vɑ̃t
-------
cliveuse|kli.vøz
-------
clomifène|-------
clomiphène|-------
clostridiale|djal
-------
clusiacée|se
-------
cléchée|kle.ʃe
-------
cnidocil|-------
cnidocyste|sist.tɔ
-------
cnidosporidie|di
-------
coagglutination|a.ɡy.kɔ.na.sjɔ̃
-------
cocaliser|kɔ.ka.li.ze
-------
cochampionne|kɔ.pjɔn
-------
cochaîne|kɔ.ʃɛn
-------
cocréancière|kɔ.sjɛʁ
-------
codable|kɔ.da.dabl
-------
codéveloppement|de.mɑ̃
-------
cogouvernance|nɑ̃s
-------
cohomologique|tik
-------
cokéfiante|fjɑ̃t
-------
cold-cream|kɔl.-------
coliqueuse|kɔ.lik.køz
-------
colitigante|kɔ.ɡɑ̃t
-------
collaborationnisme|bɔ.kɔ.la.nism
-------
collagraphie|kɔ.la.fi.ɡʁa
-------
collenchyme|kɔl.ʃim
-------
colossienne|kɔ.sjɛn
-------
colzatière|kɔl.za.tjɛʁ
-------
commettante|kɔ.tɑ̃t
-------
commissurotomie|kɔ.mi.mi
-------
commuable|kɔ.my.-------
communicologue|kɔ.my.ni.kɔ.lɔɡ
-------
comourant|kɔm.ku.ʁɑ̃
-------
compatir|kɔ̃.pa.tiʁ
-------
complexuelle|kɔ̃.plɛk.nɛl
-------
componctueuse|kɔ̃.po.tɥøz
-------
conceptualité|kɔ̃.sɛp.tɥa.li.te.tɥa
-------
conciliarisme|kɔ̃.si.ʁism
-------
conciliatoire|kɔ̃.si.twaʁ
-------
concordiste|kɔ̃.kɔʁ.dist
-------
condruzienne|kɔ̃.-------
conductimètre|kɔ̃.mɛtʁ
-------
conductimétrie|kɔ̃.me.tʁi
-------
conducto-convective|kɔ̃.tiv
-------
conduiseuse|kɔ̃.zøz
-------
confisquer|kɔ̃.ke
-------
conjungo|kɔ̃.ʒy.ɡo
-------
connétablie|kɔ.li
-------
conobrer|kɔ̃.bʁe
-------
conodale|kɔ̃.dal
-------
conormale|kɔ̃.mal
-------
conoyau|kɔ̃.jo
-------
constater|kɔ̃s.ta.te
-------
contagieuse|kɔ̃.ta.ʒjøz
-------
contenante|kɔ̃.nɑ̃t
-------
contester|kɔ̃.tɛs
-------
contextualité|kɔ̃.tɛk.li.te.tɥa
-------
contractibilité|kɔ̃.tʁak.bi.li.te
-------
contractualiste|kɔ̃.tʁak.list
-------
contragestif|kɔ̃.tif
-------
contraignable|kɔ̃.ɲabl
-------
contrebattre|kɔ̃.batʁ
-------
coobtention|kɔ.sjɔ̃
-------
coqueleuse|kɔk.løz
-------
coralloïde|kɔ.id
-------
cornouaillaise|kɔʁ.jɛz
-------
corrigeuse|kɔ.ʒøz
-------
corroyeuse|kɔ.jøz
-------
corrélable|kɔ.ʁe.labl
-------
corticospinale|kɔʁ.ti.nal
-------
cortisonique|kɔʁ.ti.nik
-------
cosolvant|kɔs.vɑ̃
-------
cotylédonée|kɔ.ti.le.dɔ̃.ne
-------
court-vêtue|kuʁ.ty
-------
couteauner|ku.to.ne
-------
coutoyer|ku.je
-------
covecteur|kɔ.tœʁ
-------
covelline|kɔ.lin
-------
coésite|kɔ̃.zit
-------
coûtante|kut.tɑ̃t
-------
craniectomie|kʁɑ̃.mi
-------
craniopharyngiome|ʒjɔm
-------
cratonique|kʁa.tɔ̃.nik
-------
criblière|kʁi.ljɛʁ
-------
cristallogenèse|kʁis.ta.nɛz.ʒə
-------
crocidolite|kʁo.dɔ.lit
-------
croisetée|kʁwa.te
-------
croissantière|kʁwa.sɑ̃.tjɛʁ
-------
croissantée|kʁwa.sɑ̃.te
-------
cromoglycate|kat
-------
croquine|ki.kin
-------
crossoptérygien|ʁi.ʒjɛ̃
-------
crotonisation|kʁɔ.tɔ̃.sjɔ̃
-------
crwth|-------
crédobaptisme|kʁe.tism
-------
créolisme|kʁe.ɔ.lism
-------
créoliste|kʁe.ɔ.list
-------
crépisseuse|kʁe.pi.søz
-------
cucuterie|ky.tʁi
-------
cuiseuse|kɥi.zøz
-------
cuon|ky.sjɔ̃
-------
cupressinée|ky.ne
-------
cuscutacée|se
-------
cyclage|si.klaʒ
-------
cyclohexanone|si.klo.nɔn
-------
cycloplégie|si.klo.ple.ʒi
-------
cyclosporine|si.klo.ʁin
-------
cyclotomie|klɔ.si.mi
-------
cyclène|si.lɛn
-------
cyhalothrine|tʁin
-------
cylindraxe|si.-------
cymrique|si.tʁik
-------
cynodonte|si.dɔ̃t
-------
cyphoscoliose|-------
cyprotérone|si.ʁɔn
-------
cypéracée|si.ʁa.se
-------
cystoscopique|sis.pik
-------
cystostomie|sis.mi
-------
cytobactériologique|tik
-------
cytochrome|si.tɔ.kʁom
-------
cytodiérèse|si.tɔ.ʁɛz
-------
cytosolique|si.tɔ.sɔl.lik
-------
cégotter|se.ɡɔ.te
-------
célébrante|se.bʁɑ̃t
-------
cémentite|se.mɑ̃.tit
-------
cérébrovasculaire|ʁe.se.ky.lɛʁ
-------
césalpiniacée|se.se
-------
cézannienne|ma.njɛn
-------
cœliochirurgie|ʁyʁ.ʃi.ʒi
-------
cœlioscope|se.skɔp
-------
cœlioscopique|pik
-------
cœlostat|se.ta
-------
cœnesthésie|te.zi
-------
cœurse|kœʁ.-------
dB|de.-------
dacryoadénite|de.nit
-------
dalembertienne|sjɛn
-------
dantoniste|dan.nist
-------
dast|de.mɑ̃
-------
datographe|da.ɡʁaf
-------
denteleuse|dɑ̃.løz
-------
dentinome|dɑ̃.nɔm
-------
dermopharmacie|dɛʁ.mɔ.si
-------
dermopuncture|dɛʁ.mɔ.pɔ̃k.tyʁ
-------
desmodontite|de.tit
-------
dessalinisation|de.sjɔ̃
-------
dessicant|de.mɑ̃
-------
deutérocanonique|dø.te.nik
-------
deutéronomique|dø.te.ʁɔ̃.mik
-------
dextrinisation|ni.sjɔ̃.za
-------
dgr|de.te
-------
diacétylmorphine|dja.fin
-------
diamorphine|dja.fin
-------
diaphysaire|dja.fi
-------
diathermie|dja.mi
-------
diathermique|dja.mik.tɛʁ
-------
diazane|dja.zan
-------
diazoïque|dja.ik
-------
diazène|dja.zɛn
-------
dibasique|zik
-------
dicentra|di.tʁa
-------
didot|di.mɑ̃
-------
diffractogramme|di.fʁak.tɔ.ɡʁam
-------
digipuncture|di.ʒi.pɔ̃k.tyʁ
-------
dimissoriale|di.mi.ʁjal
-------
diméthylaniline|lin
-------
diméthylmercure|kyʁ
-------
dinitration|ni.sjɔ̃.tʁa
-------
dinitrile|-------
dinoflagellé|di.nɔ.-------
diodique|di.dik
-------
dione|di.-------
diphonique|di.fɔ.nik
-------
dipneumonée|di.ne
-------
dipsacée|di.se
-------
discompteuse|dis.kɔ̃t.tøz
-------
discounteur|dis.kunt.tœʁ
-------
discuputer|dis.py.te
-------
disilane|dis.-------
dismutase|dis.staz
-------
disodique|dis.dik
-------
dispatcheuse|dis.pa.ʃøz
-------
dispersante|dis.pɛʁ.zɑ̃t
-------
dispersive|dis.pɛʁ.siv
-------
disubstituée|dis.tɥe
-------
dittographie|di.fi.ɡʁa
-------
divulguable|di.vyl.-------
diédrale|dje.ʁal
-------
djibser|ze
-------
dodécylsulfate|de.dɔ.ka.fat.syl
-------
dominotée|dɔ̃.te
-------
dordognaise|dɔʁ.nɛz
-------
doucir|du.siʁ
-------
doudouisme|du.du.lism
-------
doxorubicine|dɔk.sin
-------
doxycycline|dɔk.klin
-------
dragline|dʁaɡ.lin
-------
dragéiste|dʁaɡ.ist
-------
droitosphère|dʁwa.sfɛʁ
-------
dry-farming|miŋ
-------
dysacromélie|dis.li
-------
dysboulique|dis.lik
-------
dysendocrinie|di.ni
-------
dysleptique|dis.lɛp.tik
-------
dysmorphophobique|dis.mɔʁ.bik
-------
dysorexie|dis.ʁɛk.si
-------
dysrythmie|dis.mi
-------
dystrophine|dis.tʁɔ.fin
-------
déactiver|ɑ̃.by.de.ti.ve
-------
débandage|de.daʒ
-------
débarrasseuse|de.søz
-------
débenzolage|de.laʒ
-------
débiteuse|de.bi.tøz
-------
déblayeuse|de.jøz
-------
déblocable|de.kabl
-------
débouillir|de.jiʁ
-------
débourbeur|de.bœʁ
-------
débourreuse|de.ʁøz
-------
débrôler|de.le
-------
décalqueuse|de.kalk.køz
-------
décanoïque|de.kɑ̃.ik
-------
décarottage|de.kaʁ.taʒ
-------
déchevelante|de.lɑ̃t
-------
déchronologie|de.lɔ.ʒi
-------
décivilisation|de.si.li.sjɔ̃.za
-------
décompteuse|de.kɔ̃t.tøz
-------
décorcer|de.kɔʁ.se
-------
découpable|de.ku.pabl
-------
décrasseur|de.sœʁ
-------
décrypteuse|de.tøz
-------
décuivrage|de.vʁaʒ
-------
dédoubleuse|de.du.bløz
-------
déflocage|de.flɔ.kaʒ
-------
défoliante|de.fɔ.-------
défragmenteur|de.tœʁ
-------
dégivrante|de.ʒi.vʁɑ̃t
-------
dégluer|de.ɡly.lɥe
-------
dégonflarde|de.ɡɔ̃.-------
dégravelante|de.ɡʁa.lɑ̃t
-------
dégression|de.sjɔ̃
-------
dégrever|de.ve
-------
dégrossisseuse|de.ɡʁo.søz
-------
déjecter|de.te
-------
délamination|de.mi.na.sjɔ̃
-------
délinquantielle|de.li.sjɛl
-------
délitescente|de.li.sɑ̃t
-------
déluter|de.te
-------
démarchandisation|de.di.sjɔ̃.za
-------
démarqueuse|de.maʁk.køz
-------
démasquable|de.kabl
-------
démasquage|de.kaʒ
-------
démucilagination|de.na.sjɔ̃
-------
démutualisation|de.sjɔ̃
-------
dénervation|de.sjɔ̃
-------
dénicotiniseur|de.ni.ni.zœʁ
-------
dénigrer|de.ni.ɡʁe
-------
déontique|de.ɔ̃.tɔ.tik
-------
dépariage|de.paʁ.ʁjaʒ
-------
dépeigner|de.ɲe
-------
dépelliculage|de.ky.laʒ
-------
dépelotonner|de.ne
-------
dépendeuse|de.døz
-------
déplanification|de.fi.ka.sjɔ̃
-------
dépolluante|de.pɔ.-------
dépoussiérante|de.pu.sje.ʁɑ̃t
-------
déprimogène|de.mɔ.ʒɛn
-------
désagrégeante|de.za.ʒɑ̃t
-------
désambiguïsatrice|de.za.tʁis
-------
désaméricanisation|de.za.ni.sjɔ̃.za
-------
désarçonnante|de.zaʁ.nɑ̃t
-------
désaxement|de.za.mɑ̃
-------
désenfler|de.zɑ̃.fle
-------
déserteuse|de.zɛʁt.tøz
-------
désherbante|de.bɑ̃t
-------
déshuilage|de.laʒ
-------
déshuntage|de.taʒ
-------
déshydrogénase|de.zi.-------
désiliciage|de.zɛ̃.taʒ
-------
désinfectrice|de.zɛ̃.tʁis
-------
désingularisation|de.zɛ̃.ʁi.sjɔ̃.za
-------
désoxyribonucléase|de.si.zɔk.-------
désoxyribonucléoprotéique|-------
déspiritualisation|li.sjɔ̃.za
-------
déstressante|de.sɑ̃t
-------
désyndicalisation|li.sjɔ̃.za
-------
détartrante|de.taʁ.ʁɑ̃t
-------
détoxifiante|de.si.tɔk.fjɑ̃t
-------
déverbatif|de.vɛʁ.tif
-------
dévésiculeur|de.lœʁ
-------
eV|ɑ̃.-------
ecballium|ljɔm
-------
ectotrophe|ɛk.tʁɔf
-------
efflorescente|e.sɑ̃t
-------
effractive|e.tiv
-------
effusivité|e.te.vi
-------
eisangélie|li
-------
elliptocytose|si
-------
elæis|-------
emballagiste|ɑ̃.ba.ʒist
-------
embobineuse|ɑ̃.bɔ.nøz
-------
embratteler|ɑ̃.le
-------
embryonnée|ɑ̃.bʁi.jɔ̃.ne
-------
embryophagie|ɑ̃.bʁi.fa.ʒi
-------
empaqueteuse|ɑ̃.tøz
-------
empathe|ɑ̃.pat
-------
encaissante|ɑ̃.sɑ̃t
-------
encapsulement|ɑ̃.kap.sy.mɑ̃
-------
enceindre|ɑ̃.-------
encenser|ɑ̃.sɑ̃.se
-------
enchausser|ɑ̃.se
-------
encliquetable|ɑ̃.tabl
-------
encroûtante|ɑ̃.tɑ̃t
-------
encéphalomyélite|ɑ̃.se.lit
-------
endolocalisation|ɑ̃.dɔ.li.sjɔ̃.za
-------
endophasie|ɑ̃.dɔ.fa.zi
-------
endoénergétique|ɑ̃.dɔ.tik
-------
enduiseuse|ɑ̃.zøz
-------
engazonneuse|ɑ̃.nøz
-------
engouiller|ɑ̃.je
-------
engrumeler|ɑ̃.le
-------
enguichée|ɑ̃.ʃe
-------
enjaveler|ɑ̃.le
-------
enlacer|ɑ̃.se
-------
enleveuse|ɑ̃.vøz
-------
ennealogie|ɑ̃.lɔ.ʒi
-------
enrichir|ɑ̃.ʃiʁ
-------
enroulable|ɑ̃.labl
-------
enrubanneuse|ɑ̃.nøz
-------
ensellement|ɑ̃.mɑ̃
-------
ensouillement|ɑ̃.mɑ̃
-------
entonner|ɑ̃.ne
-------
envieusement|ɑ̃.vjøz.mɑ̃
-------
envoûteuse|ɑ̃.tøz
-------
ergastoplasme|ɛʁ.plasm
-------
ergotine|ɛʁɡ.tin
-------
erratisme|ɛ.ʁa.tism
-------
escarrotique|ɛs.kaʁ.tik
-------
escompteuse|ɛs.kɔ̃t.tøz
-------
espaces-temps|ɛs.pas.tɑ̃
-------
esprofonder|ɛs.de
-------
esquintante|ɛs.tɑ̃t
-------
essencière|ɛs.sjɛʁ
-------
essorante|e.sɔʁ.ʁɑ̃t
-------
estampeuse|ɛs.tɑ̃p.pøz
-------
estampilleuse|ɛs.tɑ̃.pij.jøz
-------
estradiène|ɛs.djɛn
-------
estroprogestative|ta.tiv
-------
ethnomédecine|ɛt.nɔ.sin
-------
ethnométhodologue|ɛt.nɔ.dɔ.lɔɡ
-------
ethnosociologie|ɛd.no.lɔ.ʒi
-------
euchromatine|ø.ma.tin
-------
euménide|ø.nid
-------
eupnéique|ø.ik
-------
europhobe|ø.ʁɔ.fɔb
-------
européocentriste|ø.ʁɔ.sɑ̃.tʁist
-------
euryapside|ø.sid
-------
eurythermie|ø.mi
-------
excipée|ɛk.si.pe
-------
exfoliante|-------
exinscrite|ɛɡ.kʁit
-------
exocuticule|ɛɡ.kyl
-------
exogroupe|ɛɡ.zɔ.ɡʁup
-------
exogénéité|ɛɡ.zɔ.i.te
-------
exopolysaccharide|ʁid
-------
exorcistat|ɛɡ.zɔʁ.ta
-------
exothermicité|ɛɡ.mi.si.te
-------
exothermie|ɛɡ.mi
-------
expertes-comptables|ɛk.spɛʁt.-------
experts-comptables|ɛk.-------
expressiste|ɛk.spʁɛs.ɡʁɛ.sist
-------
expropriante|pʁi.ʁjɑ̃t
-------
extatisme|ɛk.tism
-------
extracorporelle|ɛks.tʁa.pɔ.ʁɛl
-------
extractabilité|ɛks.tʁa.bi.li.te
-------
extrapolable|ɛks.tʁa.labl
-------
extrovertie|ɛk.ti
-------
fagacée|fa.se
-------
faisandière|zɑ̃.djɛʁ
-------
faisanneau|fə.no
-------
falsificationnisme|fal.si.fi.ka.sjɔ̃.nism
-------
famennoise|fa.nwaz
-------
farnésol|faʁ.sɔl
-------
fastigiée|fa.-------
faubérer|fo.be.ʁe
-------
fauchet|foʃ.ʃɛ
-------
favique|fa.vik
-------
façonneuse|fa.sɔ̃.nøz
-------
feld-maréchal|-------
feldspathoïde|fɛl.dspat.fɔ.id
-------
fenwick|-------
fermenteur|fɛʁm.tœʁ
-------
ferricyanure|fɛ.nyʁ
-------
ferriprive|fɛ.tiv
-------
ferro-magnésienne|fɛ.ʁo.ne
-------
ferromagnésienne|fɛ.ʁɔ.ne
-------
ferrotypie|fɛ.ʁɔ.pi
-------
fettucine|sin
-------
feuillardière|fœ.jaʁ.djɛʁ
-------
fibrinolyse|fi.liz
-------
fibrinolytique|fi.li.tik
-------
fibrinémie|fi.mi
-------
fibrocyte|fi.sit
-------
figuriniste|fi.ɡy.nist
-------
filicinée|fi.ne
-------
filicophyte|fi.fit
-------
filonienne|fi.lɔ̃.njɛn
-------
fin'amor|fɛ̃.-------
financiarisme|fi.nɑ̃.ʁism
-------
finitiste|fi.ni.tist
-------
finslérienne|fɛ̃.ʁjɛn
-------
fish-eye|fi.-------
flingot|ɡo
-------
flognarde|ɲaʁd
-------
floridée|flɔ.de
-------
fluocompacte|fly.ɔ.kɔ̃.pakt
-------
fluofibre|fly.ɔ.-------
flupyrsulfuron|ʁɔ̃
-------
fluxomique|fly.mik
-------
focométrie|fɔk.me.tʁi
-------
focométrique|fɔk.me.tʁik
-------
fonctorielle|fɔ̃k.ʁjɛl
-------
fontanili|fɔ̃.li
-------
fordienne|fɔʁ.djɛn
-------
formicante|fɔʁ.mi.ka.kɑ̃t
-------
fouder|de
-------
fourgat|fuʁ.ɡa
-------
fractographie|fʁak.fi.ɡʁa
-------
frappologie|fʁɑ̃.lɔ.ʒi
-------
free-shop|-------
frigoporteur|fʁi.ɡo.pɔʁ.tœʁ
-------
frisko|fʁi.-------
frousser|fʁu.se
-------
fr|te
-------
fréquentiste|fʁe.tist
-------
ftp|fœ.jɛ.
-------
fuguée|fy.ɡe
-------
fulvique|fyl.vik
-------
fumariacée|fy.se
-------
funiculite|fy.lit
-------
fusionnante|fy.zjɔ.nɑ̃t
-------
fusuline|fy.lin
-------
futurible|fy.sibl
-------
fénéthylline|lin
-------
févier|fe.vje
-------
gabbroïque|ɡa.bʁo.ik
-------
gadzart|ɡa.mɑ̃
-------
galactane|ɡal.tan
-------
galactosamine|ɡa.lak.min
-------
galactosidase|ɡa.lak.daz
-------
galactosémie|ɡal.mi
-------
galbante|ɡal.bɑ̃t
-------
galvanoscope|ɡal.va.skɔp
-------
galéopithèque|ɡa.le.pi.tɛk
-------
gammaglobuline|by.lin
-------
gammiste|ɡa.mist
-------
gamétange|ɡa.-------
garalde|ɡa.-------
garba|ɡaʁ.ba
-------
gargantua|ɡaʁ.-------
gaspilleuse|ɡas.jøz
-------
gattilier|lje
-------
gaufroir|ɡa.-------
gaulthérie|ʁi
-------
gayolle|ɡɛ.-------
gazonnement|zɔ.mɑ̃
-------
gaïacol|ɡa.jak.-------
gendarmesque|ʒɑ̃.daʁm.tik
-------
gentamicine|ʒɑ̃.sin
-------
gentianacée|ʒɑ̃.na.se
-------
gentianée|ʒɑ̃.ne
-------
gentilhommerie|ʒɑ̃.ʁi
-------
genépi|pi
-------
gestaltiste|ɡeʃtalt.tist
-------
gestuaire|tɥɛʁ
-------
gewurztraminer|mi.ne
-------
giardia|ʒi.dja
-------
gibbsite|ʒi.zit
-------
gibbule|ʒi.byl
-------
gigantale|ʒi.mɑ̃.tal
-------
gingivectomie|mi
-------
gingivorragie|ʁa.ʒi
-------
girouettisme|ʒi.tism
-------
glaisière|ɡla.zjɛʁ
-------
glanage|ɡlɑ̃.naʒ
-------
glockenspiel|sjɛl
-------
glossette|sɛt
-------
glosso-pharyngienne|ʒjɛ̃n
-------
glossématique|ma.tik
-------
glucanase|ɡly.-------
glucosinolate|ɡly.lat
-------
glycanase|ɡli.-------
glycogénolyse|ɡli.kɔ.liz
-------
glycogénose|ɡli.kɔ.noz
-------
glycosylée|ɡli.kɔ.le
-------
glyptodonte|ɡlip.to.dɔ̃.dɔ̃t
-------
gneissique|sik
-------
gnoll|-------
gnotobiotique|bjɔ.tik
-------
gnétophyte|fit
-------
gobeuse|bøz
-------
gogole|ɡo.ɡo.ɡɔl
-------
gondolante|ɡɔ̃.lɑ̃t
-------
gonococcie|ɡɔ̃.si
-------
gonococcique|ɡɔ̃.sik
-------
gonopode|ɡɔ̃.nɔ.pɔd
-------
gonoréaction|ɡɔ̃.ak.ʁe.sjɔ̃
-------
gopi|pi
-------
gouelle|nɛl
-------
goulache|ɡu.-------
gourmade|ɡuʁ.-------
grabatisation|ɡʁa.ba.sjɔ̃
-------
grafcet|ɡʁa.mɑ̃
-------
graissante|ɡʁa.sɑ̃t
-------
gramicidine|ɡʁa.din
-------
graminacée|ɡʁa.na.se
-------
gramscisme|ɡʁa.fa
-------
granoclassement|ɡʁɑ̃.mɑ̃
-------
grapheuse|ɡʁaf.ʃøz
-------
grassmannienne|ma.njɛn
-------
gravatière|ɡʁa.tjɛʁ
-------
grenadage|ɡʁə.daʒ
-------
grenouillante|ɡʁə.jɑ̃t
-------
grenouillesque|ɡʁə.nuj.lɛsk
-------
griffade|ɡʁi.fad
-------
gringolée|ɡʁin.ɡo.le
-------
griséofulvine|ɡʁi.vin
-------
grièche|ɡʁi.-------
gros-boutiste|ɡʁo.tist
-------
groupoïde|ɡʁu.id
-------
grugeuse|ɡʁy.ʒøz
-------
grumier|ɡʁy.mje
-------
gr|te
-------
gréeuse|ɡʁe.øz
-------
gréver|ɡʁe.ve
-------
guaïfénésine|zin
-------
guernouille|nuj
-------
guerroyeuse|jøz
-------
guignarde|ɡi.ɲaʁd
-------
guilleri|ɡi.ʁi
-------
guillocheuse|ɡi.jɔ.ʃøz
-------
guttiféracée|ʁa.se
-------
gymnarque|ʒim.naʁk
-------
gynerium|ʒi.ʁjɔm
-------
gynogenèse|ne.ʒi.nɛz.ʒə
-------
gynogénétique|ne.tik
-------
gyrencéphale|ʁɔ.ʒi.fal.se
-------
gyrobicoupole|ʁɔ.ʒi.pɔl
-------
gyropilote|ʁɔ.ʒi.lɔt
-------
génosociogramme|ʒe.ɡʁam
-------
génothérapie|ʒe.pi
-------
généthliaque|ʒe.ljak
-------
génétisme|ʒe.tism
-------
génétiste|ʒe.tist
-------
géostrophique|ʒe.fik
-------
géosynclinal|ʒe.o.nal
-------
géraniée|ʒe.nje
-------
gérontoxon|ʒe.-------
gîtage|taʒ
-------
habeas|ha.-------
hachischine|a.ʃiʃ.ʃin
-------
hachischée|a.ʃe
-------
halioculture|a.kyl.tyʁ
-------
halkiner|a.ne
-------
hallucinose|ol.noz
-------
halotechnie|a.lo.ni
-------
hand-ball|ɑ̃.-------
handeler|ɑ̃.də.le
-------
haplo-diploïdisation|a.di.sjɔ̃.za
-------
happement|ap.mɑ̃
-------
haschichine|haːʃ.ʃin
-------
haschichisme|haːʃ.ʃism
-------
haschichée|haːʃ.ʃe
-------
haschischine|haːʃ.ʃin
-------
haschischisme|haːʃ.ʃism
-------
haschischée|haːʃ.ʃe
-------
hasmonéenne|ɛn
-------
haïsseuse|søz
-------
hebdomadière|ɛb.do.djɛʁ
-------
hectopièze|ɛk.-------
heimatlosat|-------
hemigrammus|mys
-------
hensélienne|ljɛn
-------
heptoxyde|ɛp.sid
-------
hermesse|ɛʁ.-------
herpétiforme|ɛʁ.fɔʁm
-------
herpétique|ɛʁ.tik
-------
hertzienne|ɛʁ.-------
hervienne|ɛʁ.vjɛn
-------
hexachlorophène|ɛɡ.za.-------
hexacorde|ɛɡ.za.kɔʁd
-------
hexafluorure|ɛɡ.za.klɔ.ʁyʁ
-------
hexanoïque|ɛɡ.za.ik
-------
hexatonique|ɛɡ.za.nik
-------
hexitol|ɛɡ.za.tɔl
-------
hibernante|i.nɑ̃t
-------
hilotisme|i.tism
-------
hipparion|i.sjɔ̃
-------
hippocastanacée|i.pɔ.na.se
-------
hippophaé|i.pɔ.-------
hobbesienne|zjɛn
-------
hodographe|ɡʁaf
-------
hojjat-al-islam|-------
hoki|ɔ.ki
-------
holocristalline|lɔ.ɔ.lin
-------
holomorphe|ɔ.mɔʁf
-------
holomorphie|ɔ.ʒi
-------
holomorphiquement|mɑ̃
-------
holonome|ɔ.nɔm
-------
holonomie|ɔ.mi
-------
holostéen|ɔ.-------
homoganique|ɔ.nik
-------
homogénéisante|mɔ.ɔ.zɑ̃t
-------
homogénéisateur|mɔ.ɔ.tœʁ
-------
homogénéisatrice|mɔ.ɔ.tʁis
-------
homéothermie|ɔ.mi
-------
hongreuse|ɔ̃ɡʁ.ʁøz
-------
hongroyeuse|ɔ̃.jøz
-------
horocycle|ɔ.sikl
-------
horocyclique|ɔ.lik
-------
horosphère|ɔ.sfɛʁ
-------
hot-line|ɔ.lin
-------
houillification|fi.ka.sjɔ̃
-------
houspilleuse|jøz
-------
hpz|i.
-------
humagne|y.-------
humidistance|y.dis.tɑ̃s
-------
hummock|y.-------
husserlienne|ljɛn
-------
hyaloclastite|ja.tit
-------
hyaluronidase|daz
-------
hydralcoolique|dʁɔ.i.al.lik
-------
hydranthe|dʁɔ.i.-------
hydrazone|dʁɔ.i.-------
hydrocharidée|dʁɔ.i.de
-------
hydrogénosulfate|i.ʒe.fat.syl
-------
hydrogénosulfite|i.ʒe.fit
-------
hydrogénosulfure|i.ʒe.fyʁ
-------
hydropathe|dʁɔ.i.pat
-------
hydropulseur|dʁɔ.i.pʁɔ.pyl.sœʁ
-------
hydroxylase|dʁɔ.i.laz
-------
hydroxylation|dʁɔ.i.la.sjɔ̃
-------
hydrozoaire|dʁɔ.i.lɛʁ
-------
hydrurée|i.ʁe
-------
hygrostat|i.ta
-------
hylobatidé|de
-------
hyperaldostéronisme|i.pɛ.nism
-------
hypercholestérolémique|i.pɛʁ.mik
-------
hypercorticisme|i.pɛʁ.sism
-------
hypergame|i.pɛʁ.ɡam
-------
hypergonar|i.pɛʁ.naʁ
-------
hypernovæ|i.pɛʁ.-------
hyperostose|i.pɛʁ.toz
-------
hyperoxie|i.pɛʁ.si
-------
hyperphalangie|i.pɛʁ.-------
hyperprolactinémie|i.pɛʁ.mi.ne
-------
hypersialie|i.pɛʁ.li
-------
hyperémèse|i.pɛʁ.-------
hypnothérapeutique|ip.pø.ʁa.tik
-------
hypoalgésie|a.i.zi
-------
hypodermose|i.pɔ.moz
-------
hypogame|i.pɔ.ɡam
-------
hypogonadisme|i.pɔ.dism
-------
hypopituitarisme|i.pɔ.ʁism
-------
hypoprotéinémie|i.pɔ.mi
-------
hélicase|e.li.-------
héliozoaire|e.ljo.lɛʁ
-------
héloderme|e.dɛʁm
-------
hémangiome|e.ma.ʒjɔm
-------
hémarthrose|e.ma.tʁoz
-------
hématique|e.ma.ma.tik
-------
hématoporphyrine|e.ma.ʁin
-------
hémiperméable|e.mi.abl
-------
hémosidérine|e.mɔ.ʁin
-------
hémérobe|e.me.-------
héparane|e.pa.-------
hépiale|e.pa.pjal
-------
hétérocentrique|e.ʁo.te.sɑ̃.tʁik
-------
hétéroprothallie|e.te.ʁo.-------
ice-field|-------
ice-shelf|-------
ichtyosaure|ik.zɔʁ
-------
icositétraèdre|ɛdʁ
-------
idempotence|id.pɔ.tɑ̃s
-------
idempotente|id.pɔ.tɑ̃t
-------
identifieur|id.tœʁ
-------
identitarisme|dɑ̃.i.ti.ʁism
-------
idiotype|i.tip
-------
iduronique|nik
-------
idéotype|i.ɔ.tip
-------
ijtihad|-------
ilicacée|i.ka.se
-------
illégitimement|i.le.ʒi.tim.mɑ̃
-------
ilotisme|il.tism
-------
imagoïque|i.ma.ɡo.ik
-------
immatériellement|ma.te.mɑ̃
-------
immodestement|i.mɔ.mɑ̃
-------
immortellement|i.mɔʁ.tɛl.mɑ̃
-------
immunogénicité|i.my.nɔ.ni.si.te
-------
immunosupprimée|i.my.nɔ.me
-------
imparidigitée|ɛ̃.paʁ.te
-------
imperfectible|ɛ̃.pɛʁ.tibl
-------
imperforée|ɛ̃.pɛʁ.ʁe
-------
imperçable|ɛ̃.pɛʁ.sabl
-------
imports-exports|ɛ̃.pɔʁ.-------
impurement|ɛ̃.pyʁ.mɑ̃
-------
impénitence|ɛ̃.pe.tɑ̃s
-------
inappliquée|i.na.pli.ke
-------
inapprivoisée|i.na.ze
-------
inappropriable|i.na.ʁjabl
-------
inappréciée|i.na.sje
-------
inarrachable|i.na.ʃabl
-------
inassujettie|i.na.ti
-------
inattaquée|i.na.ke
-------
inavouablement|i.na.vwabl.blə.mɑ̃
-------
incestueusement|ɛ̃.sɛs.tɥøz.mɑ̃
-------
inciseur|ɛ̃.siz.zœʁ
-------
incivilement|ɛ̃.si.vil.mɑ̃
-------
incoterm|ɛ̃.kɔ̃.-------
incrustante|ɛ̃.kʁys.tɑ̃t
-------
incrusteuse|ɛ̃.kʁys.tøz
-------
indianisme|ɛ̃.nism
-------
individualisable|di.ɛ̃.vi.li.zabl
-------
individualisante|di.ɛ̃.vi.li.zɑ̃t
-------
individualisation|di.ɛ̃.vi.li.sjɔ̃.za
-------
indivisément|ɛ̃.mɑ̃
-------
indébrouillable|de.ɛ̃.jabl
-------
indéchiffrée|ɛ̃.ʁe
-------
indécodable|ɛ̃.dabl
-------
indécrochable|de.ɛ̃.pʁɔ.ʃabl
-------
indéfinissablement|de.ɛ̃.fi.mɑ̃.sa
-------
indélicatement|de.ɛ̃.li.mɑ̃
-------
inengendrée|i.nɑ̃.dʁe
-------
ineptement|i.nɛpt.mɑ̃
-------
inexpiablement|i.nɛk.spjabl.blə.mɑ̃
-------
inexécutée|i.nɛk.te
-------
infigurabilité|ɛ̃.bi.li.te
-------
infradienne|ɛ̃.fʁa.djɛn
-------
infructueusement|ɛ̃.fʁyk.tɥø.mɑ̃
-------
iniquement|i.nik.mɑ̃
-------
injaculation|ɛ̃.ky.la.sjɔ̃
-------
inquestionnée|ɛ̃.ne
-------
insituable|ɛ̃.-------
insulinase|ɛ̃.sy.-------
insulinome|ɛ̃.sy.nɔm
-------
insurgente|ɛ̃.syʁ.ʒɑ̃t
-------
intellectisme|ɛ̃.te.lɛkt.tism
-------
intellectualité|ɛ̃.te.lɛkt.li.te.tɥa
-------
intemporellement|ɛ̃.tɑ̃.pɔ.ʁɛl.mɑ̃
-------
interféron|ɛ̃.tɛʁ.ʁɔ̃
-------
interleukine|ɛ̃.tɛʁ.kin
-------
interministérialité|ɛ̃.tɛʁ.li.ʁja.te
-------
internégatif|ɛ̃.tɛʁ.tif
-------
intertrigo|ɛ̃.tɛʁ.-------
intraépithéliale|ɛ̃.tʁa.ljal
-------
introublée|ɛ̃.tʁo.ble
-------
intuitu|in.ty
-------
intégrodifférentielle|ɛ̃.te.fe.ʁɑ̃.sjɛl
-------
invalidement|ɛ̃.va.lid.mɑ̃
-------
inventoriage|ɛ̃.vɑ̃.ʁjaʒ
-------
inversable|ɛ̃.vɛʁ.sabl
-------
inversible|ɛ̃.vɛʁ.sibl
-------
ipso|ɛ̃.so
-------
ipéca|i.pe.ka
-------
iridocyclite|i.ʁi.lit
-------
irish-terrier|i.ʁis.ʁje
-------
irrachetable|i.ʁa.tabl
-------
irrassasiée|i.ʁa.-------
irrotationnelle|ta
-------
irréflexion|i.ʁe.sjɔ̃
-------
irréfutée|i.ʁe.te
-------
irréligieusement|i.ʁe.li.ʒjøz.mɑ̃
-------
irrésignée|i.ʁe.zis.ɲe
-------
irrévélée|i.ʁe.ve.le
-------
irrévérente|i.ʁe.ve.ʁɑ̃t
-------
isenthalpe|i.zɑ̃.-------
isocortex|i.zɔ.-------
isogame|i.zɔ.ɡam
-------
isolectotype|i.zɔ.tip
-------
isomonodromique|i.mik
-------
isomorphiquement|i.mɑ̃
-------
isoniazide|i.zɔ.-------
isopropanol|i.zo.nɔl
-------
isoprénaline|i.zo.lin
-------
isoprénique|i.zo.nik
-------
isospectralité|i.zo.li.ʁa.te
-------
isosporie|i.zo.ʁi
-------
isosyntype|i.zo.tip
-------
isozyme|i.zɔ.zim
-------
italianiste|i.ta.nist
-------
ivressomètre|ivʁ.mɛtʁ
-------
jacée|ʒa.se
-------
jalap|ʒa.-------
jalonnement|ʒa.lɔ̃.mɑ̃
-------
japonologie|ʒa.pɔ̃.lɔ.ʒi
-------
japonologue|ʒa.pɔ̃.lɔɡ
-------
jargonneuse|ʒaʁ.ɡɔ̃.nøz
-------
jarovisation|ʒaʁ.sjɔ̃
-------
jasmonate|nat
-------
jasmonique|mɔ.nik
-------
jaunir|niʁ
-------
javer|ʒa.ve
-------
jennérienne|ne.ʁjɛn
-------
jihadisme|ʒi.ad.dism
-------
jocoler|ʒɔ.kɔ.le
-------
jointeuse|ʒwɛ̃.tøz
-------
joncher|ʒɔ̃.ʃe
-------
joncteur|ʒɔ̃.tœʁ
-------
jottereau|ʁo
-------
jugeuse|ʒyʒ.ʒøz
-------
jurement|ʒy.mɑ̃
-------
juridicisation|ʒy.si.sjɔ̃.za
-------
jutage|ʒy.taʒ
-------
kafkaïenne|jɛn
-------
kala-azar|ka.zaʁ
-------
kaotiser|ka.ti.ze
-------
kbit|bit
-------
kelvinomètre|kɛl.vin.mɛtʁ
-------
kentrophylle|fil
-------
kenyapithèque|pi.tɛk
-------
khalifale|fal
-------
khédiviale|ke.vjal
-------
kibboutznik|nik
-------
kimbanguisme|lism
-------
kissel|sɛl
-------
kleinienne|njɛn
-------
kn|sjɔ̃
-------
kpc|
-------
kravmaga|ɡa
-------
kriegspiel|sjɛl
-------
krishnaïsme|ism
-------
krump|-------
kth|kon.traw.
-------
kyriologique|tik
-------
kénose|ke.noz
-------
kératane|ke.ʁa.tan
-------
kératocône|ke.ʁa.kon
-------
kétoconazole|zɔl
-------
labdanum|la.nɔm
-------
labium|la.bjɔm
-------
laboriste|la.bo.ʁist
-------
lacanisme|lak.nism
-------
lacquemant|lak.mɑ̃
-------
lactocoque|lak.kɔk
-------
lacérante|lak.ʁɑ̃t
-------
lamaneuse|la.ma.nøz
-------
lamarckisme|la.maʁ.kism
-------
lambliase|lɑ̃.-------
lambourde|lɑ̃.-------
lamellophone|la.fɔn
-------
landammann|lɑ̃d.-------
landaulet|lɑ̃d.lɛ
-------
landgravine|lɑ̃d.vin
-------
landsturm|lɑ̃d.-------
laneret|lɑ̃.ʁɛ
-------
langueyage|lɑ̃ɡ.jaʒ
-------
lançable|lɑ̃.sabl
-------
laparoscopique|la.pa.pik
-------
lasting|la.tiŋ
-------
lasurer|la.zyʁ.ʁe
-------
laticifère|la.ti.fɛʁ
-------
layetière|tjɛʁ
-------
lazzarone|-------
laïusseuse|la.søz
-------
lb|-------
lectotype|lɛk.tip
-------
lemnacée|na.se
-------
lentigine|lɑ̃.ʒin
-------
lepte|lɛp.-------
lesquerellique|lik
-------
lessivable|le.vabl
-------
lessivière|le.vjɛʁ
-------
letchi|-------
leucocyturie|lø.ʁi
-------
leucoencéphalite|lø.lit
-------
leucogranite|lø.nit
-------
leucotrichie|lø.fi.ɡʁa
-------
leucoxène|lø.sɛn
-------
lewisite|zit
-------
lignane|li.nan
-------
lignarde|li.ɲaʁd
-------
linalol|lɛ̃.-------
linçoir|lɛ̃.swaʁ
-------
linéarisabilité|li.ne.bi.li.te
-------
litharge|li.ʃaʁʒ
-------
lithiasique|li.zik
-------
lithine|li.tin
-------
lithothamnium|li.to.njɔm
-------
lm|-------
loirétaine|lwaʁ.tɛn
-------
lombarthrose|lɔ̃.tʁoz
-------
lombostat|lɔ̃.ta
-------
longimétrie|lɔ̃.ʒi.me.tʁi
-------
longuéenne|lɔ̃.ɛn
-------
longévive|lɔ̃.viv
-------
lonotriche|lɔ̃.tʁiʃ
-------
loranthacée|se
-------
ludopoésie|ly.zi
-------
ludospace|ly.pas
-------
ludwigia|ly.-------
lumachelle|ly.ʃɛl
-------
lumachellique|lik
-------
luministe|ly.mi.nist
-------
luminomètre|ly.mi.mɛtʁ
-------
lupercale|ly.kal
-------
lutéinisation|ly.sjɔ̃
-------
luxembourgiste|lyks.ʒist
-------
luxembourgophone|lyks.fɔn
-------
luxuriance|lyk.ʁjɑ̃s
-------
lx|-------
lychnide|li.nid
-------
lysergide|liz.ʒid
-------
lysosomiale|li.mjal
-------
léchable|le.ʃabl
-------
lécithine|le.tin
-------
léonardesque|le.tik
-------
lépidosirène|le.pi.-------
lévamisole|le.-------
mR|ma.-------
macassar|ma.-------
maceron|mak.ʁɔ̃
-------
machiavel|ma.-------
macroglossie|mak.si
-------
macroscopique|kʁo.ma.pik
-------
macroscélide|mak.lid
-------
madrinienne|ma.njɛn
-------
madréporaire|ma.ʁɛʁ
-------
magadhi|ma.di
-------
maghzen|ma.sjɔ̃
-------
magnésioferrite|ma.ɲe.ʁit
-------
magouilleuse|ma.ɡuj.jøz
-------
maharashtri|ma.ʁi
-------
mailing-list|maj.-------
maillure|maj.jyʁ
-------
mainmortable|mɛ̃.tabl
-------
malebranchiste|ʃist
-------
malletière|mal.tjɛʁ
-------
malmenage|mal.naʒ
-------
maltôte|malt.-------
malvenante|mal.nɑ̃t
-------
mamelonnaire|mamə.lɔ̃.nɛʁ
-------
mandibulate|mɑ̃.lat
-------
manilleuse|ma.nij.jøz
-------
manodétendeur|ma.dœʁ
-------
manuaire|ma.lɛʁ
-------
manuscriptologie|ma.lɔ.ʒi
-------
maquereautage|ma.kʁo.taʒ
-------
maratoner|ma.tɔ
-------
margaille|maʁ.-------
marmotteuse|maʁ.mɔt.tøz
-------
maroquinière|ma.ʁɔ.kɛ̃.njɛʁ
-------
marteleuse|maʁ.løz
-------
matabicher|ma.ʃe
-------
matelotage|mat.taʒ
-------
maternologie|mat.lɔ.ʒi
-------
matoufet|ma.tu.fɛ
-------
matouner|ma.tu.ne
-------
maugréante|ɑ̃t
-------
maurandie|di
-------
mauvéine|ma.in
-------
maximisatrice|mak.si.tʁis
-------
maïzena|ma.na
-------
medecine-ball|-------
mefenoxam|-------
menthone|mɑ̃.fɔn
-------
menuaille|mɑ̃.-------
merceriseuse|mɛʁ.sə.zøz
-------
metolachlore|flɔʁ
-------
meulage|laʒ
-------
mgr|ma.te
-------
microarray|mi.kʁo.-------
microdifférentiel|mi.kʁo.sjɛl
-------
microfibrée|kʁo.mi.bʁe
-------
micromanipulateur|kʁo.mi.la.tœʁ
-------
microsomale|kʁo.mi.mal
-------
microsomiale|kʁo.mi.mjal
-------
microtracteur|kʁo.mi.tœʁ
-------
microzoaire|mi.kʁo.lɛʁ
-------
milliröntgen|mi.ɡɛn.ʁœ̃nt
-------
millépore|le.spɔʁ
-------
minispace|mi.pas
-------
minnesang|min.-------
minéralocorticoïde|mi.ne.ʁa.id
-------
miquelet|mi.lɛ
-------
miracidium|mi.djɔm
-------
misologie|mi.zo.lɔ.ʒi
-------
missilière|mi.ljɛʁ
-------
mmHg|ma.-------
mobinaute|mɔb.not
-------
modalisme|mɔ.lism
-------
modelable|mɔd.labl
-------
modelante|mɔd.lɑ̃t
-------
modulor|mɔ.dy.lo.te
-------
moksha|mɔ.-------
molinisme|mɔ.nism
-------
molysmologie|mɔl.lɔ.ʒi
-------
mondiovision|mɔ̃.sjɔ̃
-------
monodromie|mɔ.no.mi
-------
monodromique|mɔ.no.mik
-------
monométhylmercure|mɔ.no.kyʁ
-------
mononucléidique|mɔ.no.dik
-------
monophasique|mɔ.nɔ.fa.zik
-------
monophyodonte|mɔ.nɔ.dɔ̃t
-------
monostiche|mɔ.no.tiʃ
-------
monoxène|mɔ.no.sɛn
-------
monsignor|mɔ.nɔʁ
-------
moracée|mɔ.ʁa.se
-------
morcelable|mɔʁ.labl
-------
moringa|mɔ.ɡa
-------
morphophonologie|mɔʁ.lɔ.ʒi
-------
morphophonologique|mɔʁ.lɔ.ʒik
-------
morphématique|mɔʁ.ma.tik
-------
mortinaissance|mɔʁ.nɛ.sɑ̃s
-------
motorship|mɔ.ʃip
-------
mototracteur|mɔ.tœʁ
-------
mouchetage|muʃ.taʒ
-------
mouilleur|muj.jœʁ
-------
moulineuse|li.mu.nøz
-------
mouna|mu.na
-------
moussage|mu.saʒ
-------
moviola|mɔ.la
-------
moyennable|mwa.nabl
-------
mth|ma.
-------
mucolytique|my.li.tik
-------
mucopolysaccharide|ʁid
-------
mucoviscidosique|my.zik
-------
mucoïde|my.id
-------
mullite|myl.ti.lit
-------
muriate|myʁ.-------
museuse|myz.søz
-------
mutationnisme|my.ta.sjɔ̃.nism
-------
mutationniste|my.ta.sjɔ̃.nist
-------
myasthénique|mi.nik
-------
myoclonie|mjɔ.ni
-------
myocyte|mjɔ.sit
-------
myodésopsie|si
-------
myofasciite|-------
myofibrille|fi
-------
myogramme|ɡʁam
-------
myologique|tik
-------
myomatose|ma.toz
-------
myotatique|sta.tik
-------
myringoplastie|mi.plas.ti
-------
myrmidone|kɔ.me.miʁ.dɔn
-------
myrtacée|mi.se
-------
myrtaie|mi.ʒi
-------
mytilotoxine|mi.sin
-------
myélodysplasique|mje.pla.zik
-------
myéloproliférative|lɔ.mje.ʁa.tiv
-------
myélotoxique|mje.sik
-------
méandrine|me.dʁin
-------
méatoscopie|me.a.pi
-------
médaillable|me.jabl
-------
médailleuse|me.daj.jøz
-------
médaillier|me.je
-------
médiopalatale|me.la.pa.tal
-------
médusante|me.zɑ̃t
-------
mégacaryocyte|me.ɡa.sit
-------
mégacéphalie|me.ɡa.li
-------
mégaloblastique|ɡa.me.blas.tik
-------
mégalocéphalie|ɡa.me.li
-------
mégaloptère|ɡa.me.tɛʁ
-------
mégalérythème|ɡa.me.tɛm
-------
mégaptère|ɡa.me.tɛʁ
-------
mégatonnique|me.ɡa.nik
-------
méjanage|me.naʒ
-------
mélampyre|me.-------
mélangeur-doseur|me.lɑ̃ʒ.zœʁ
-------
mélanodermie|me.dɛʁ.mi
-------
méliacée|me.lja.lja.se
-------
méligèthe|me.-------
mélioïdose|me.doz
-------
mélongine|me.lo.ʒin
-------
ménagiste|me.ʒist
-------
ménapienne|me.-------
méphitisme|me.tism
-------
mérelle|me.ʁɛl
-------
mésadaptée|me.te
-------
mésemploi|me.-------
mésentérique|me.zɑ̃.ʁik
-------
mésothéliale|me.te.ljal
-------
métabotypage|me.ta.paʒ
-------
métaldéhyde|me.tal.id
-------
métallo|me.ta.lo
-------
métaxiale|me.ta.sjal
-------
méthanoïque|me.ta.ik
-------
méthaqualone|me.ta.-------
méthylcyclopropane|me.-------
méthylmercure|me.kyʁ
-------
méthémoglobinémie|mi
-------
métronidazole|me.tʁo.zɔl
-------
mézail|me.-------
nahua|na.-------
nandrolone|na.-------
nanite|na.nit
-------
naphtol|na.tɔl
-------
nargueuse|naʁɡ.ɡøz
-------
navalisation|na.sjɔ̃
-------
naviplane|na.vi.plan
-------
navrance|na.ʁɑ̃s
-------
navrure|na.ʁyʁ
-------
naïadacée|na.da.se
-------
nervosisme|nɛʁ.lism
-------
nescafé|nø.fe
-------
netiquette|kɛt
-------
neuraminidase|nø.ʁɔ.daz
-------
neuraminique|nø.ʁɔ.mi.nik
-------
neuroblaste|nø.ʁɔ.blast
-------
neuroblastome|nø.ʁɔ.-------
neuroplégique|nø.ʁɔ.ʒik
-------
neurotensine|nø.ʁɔ.zin
-------
newsmagazine|zin
-------
nictitante|ni.tɑ̃t
-------
niellage|laʒ
-------
nilvariété|ʁje.te
-------
niobate|bat
-------
niobite|bit
-------
niqueuse|nik.køz
-------
nitrifiante|ni.tʁi.fjɑ̃t
-------
nitrocellulose|ni.ly
-------
nivaquiner|ni.ki.ne
-------
noblaillonne|nɔ.jɔn
-------
nobo|nɔ.bo
-------
nobscuriter|nɔ.te
-------
noethérienne|ʁjɛn
-------
nomenklaturiste|nɔm.ʁist
-------
non-alignée|nɔ̃.ɲe
-------
non-droit|nɔ̃.-------
noncer|nɔ̃.se
-------
noosphérique|ʁik
-------
normoblaste|nɔʁ.blast
-------
nosophobie|nɔ.zɔ.bi
-------
nucléolyse|kle.ny.liz
-------
nummulite|me.ny.lit
-------
nyctaginacée|nik.na.se
-------
nævocarcinome|nɔm
-------
négrerie|ne.ʁi
-------
némathelminthe|ma.ne.-------
nématoblaste|ma.ne.blast
-------
nématocère|ma.ne.sɛʁ
-------
néocomienne|ne.o.mjɛn
-------
néolamarckisme|ne.kism
-------
néosynéphrine|ʁin
-------
néphritique|ne.tik
-------
néphroangiosclérose|ne.-------
névrodermite|ne.dɛʁ.mit
-------
oaï|ɔ.
-------
objecteur|ɔb.ʒɛk.tœʁ
-------
obsessivement|ɔp.sɛʁ.mɑ̃
-------
obsolescente|ɔp.lɛ.sɑ̃t
-------
obviation|ɔb.sja.sjɔ̃
-------
obédiencier|be.ɔ.sje
-------
obélie|ɔp.li
-------
occasionnaliste|ka.ɔ.zjɔ.list
-------
octalogie|ɔk.ta.lɔ.ʒi
-------
octanoïque|ɔ.tɑ̃.ik
-------
octodon|ɔk.dɔ̃
-------
odontalgie|ɔ.tal.ʒi
-------
odontalgique|ɔ.ʒik
-------
odontoblaste|ɔ.blast
-------
ofbizextra|tʁa
-------
oiseaux-soleils|wa.zo.-------
oldowayenne|-------
oligandrine|li.ɔ.dʁin
-------
oligo-galacturonate|ɡɔ.li.ɔ.nat
-------
oligodendrogliome|ɡɔ.li.ɔ.-------
oligogalacturonate|ɡɔ.li.ɔ.nat
-------
oligothérapie|li.ɔ.pi
-------
oligozoospermie|li.ɔ.mi
-------
olivaison|li.ɔ.vɛ.zɔ̃
-------
ollas-podridas|-------
oléfiante|le.ɔ.fjɑ̃t
-------
oléohydraulique|le.ɔ.lik
-------
oléopneumatique|le.ɔ.ma.tik
-------
oléosome|ɔ.zom
-------
oléum|ɔ.ɔm
-------
ombrophile|ɔ̃.fil
-------
omnipraticienne|ni.ɔm.sjɛn
-------
omnipuissante|ni.ɔm.pɥi.sɑ̃t
-------
omphacite|sit
-------
oncogenèse|kɔ.ɔ̃.nɛz.ʒə
-------
oniriquement|ni.ɔ.mɑ̃
-------
onkotique|tik
-------
oolitique|tik
-------
oomycète|mi.sɛt
-------
opalisation|ɔ.pa.sjɔ̃
-------
opisthobranche|ɔ.pis.bʁɑ̃ʃ
-------
opsonique|ɔp.nik
-------
opéras-bouffes|ɔ.pe.ʁa.-------
orbitofrontale|bi.ɔʁ.mɑ̃.tal
-------
orchestie|ɔʁ.ti
-------
ordovicienne|ɔʁ.dɔ.sjɛn
-------
organisationnellement|ɡa.ɔʁ.mɑ̃
-------
organomagnésienne|ɡa.ɔʁ.ne
-------
org|ɔʁ.
-------
orientement|ɔ.ʁjɑ̃.mɑ̃
-------
ornithischien|ɔʁ.-------
ornithogale|ɔʁ.ɡal
-------
orobe|ɔʁ.-------
oropharynx|ɔ.ʁɔ.-------
orthophonique|fɔ.ɔʁ.fɔ.nik
-------
orthoprothésiste|ɔʁ.to.zist
-------
osmoprotecteur|ɔs.tœʁ
-------
osmotrophe|ɔs.tʁɔf
-------
ossiculoplastie|ɔ.plas.ti
-------
osso-buco|ɔ.ko
-------
ostéichtyen|ɔst.-------
ostéocyte|ɔst.sit
-------
ostéogénie|ɔst.ni
-------
ostéoplastie|ɔs.plas.ti
-------
ostéopontine|ɔs.tin
-------
ostéotomie|ɔst.mi
-------
otospongiose|ɔ.tɔ.-------
ourdisserie|uʁ.sʁi
-------
ourleuse|uʁ.løz
-------
ourlienne|uʁ.ljɛn
-------
outilleuse|awt.jøz
-------
outrigger|u.ʒe
-------
ouvre-gants|u.-------
ovariohystérectomie|mi.tɔ
-------
ovarite|ɔ.ʁit
-------
ovigène|ɔ.ʒɛn
-------
oviné|ɔ.vɛ̃.ne
-------
ovoproduit|ɔ.dɥi
-------
oxazine|ɔk.sa.zin
-------
oxycarbonée|ɔk.si.ne
-------
oxydimétrie|ɔk.si.di.me.tʁi
-------
oxydoréductase|ɔk.staz
-------
oxyologie|ɔk.si.lɔ.ʒi
-------
ozonation|na.sjɔ̃
-------
oz|ɔ.-------
pace-maker|pa.kœʁ
-------
pacfung|pa.-------
pagodon|pa.dɔ̃
-------
paidologie|dɔ.lɔ.ʒi
-------
pailletage|pɑj.taʒ
-------
paillet|pɑj.jɛ
-------
palabreuse|pa.labʁ.bʁøz
-------
palatinat|pa.na
-------
palato-glosse|pa.ɡlɔs
-------
palefrenière|pal.njɛʁ
-------
palicinésie|pa.ki.ne.zi
-------
pallasite|pa.pa.ʁa.zit
-------
palmacée|pal.se
-------
palmatiséquée|pal.ke
-------
palpitement|pal.pi.mɑ̃
-------
paléothérium|pal.ʁjɔm
-------
panacher|pa.na.ʃe
-------
panhypopituitarisme|ʁism
-------
panniculite|pa.lit
-------
panorpe|pa.-------
pantouflière|pɑ̃.ljɛʁ
-------
papaver|pa.pa.pa.ve
-------
papavéracée|pa.pa.ʁa.se
-------
papillomatose|pa.pi.ma.toz
-------
papillonnement|jɔ.pa.pi.mɑ̃
-------
papoteuse|pa.tøz
-------
paqueteuse|pa.kɛ.tøz
-------
parabiose|pa.ʁa.-------
parachronisme|pa.ʁa.kʁɔ.nism
-------
parachutale|pa.ʁa.tal
-------
paraguante|pa.ʁa.-------
parahydroxybenzoïque|ik
-------
paramédic|pa.ʁa.-------
paraphrénie|pa.ʁa.fʁe.ni
-------
parasélène|pa.ʁa.lɛn
-------
paraxiale|pa.ʁa.sjal
-------
parcheminerie|paʁk.ʁi
-------
parcheminière|paʁk.njɛʁ
-------
parfondre|paʁ.fɔ̃dʁ
-------
paridigitidée|pa.ʁi.de
-------
parkinsonisme|paʁ.nism
-------
parodontolyse|pa.ʁɔ.liz
-------
parodontose|pa.ʁɔ.toz
-------
parotidienne|pa.djɛn
-------
paroxysmale|pa.ʁɔk.mal
-------
parqueteuse|paʁ.kɛ.tøz
-------
partoche|paʁ.tɔʃ
-------
passacaille|pa.kaj
-------
passavant|pa.vɑ̃
-------
passette|pas.sɛt
-------
pataugeage|pa.to.ʒaʒ
-------
pataugement|pa.to.mɑ̃
-------
patentage|pa.taʒ
-------
pathomimie|pa.tɔ.mi
-------
pathosystème|pa.tɔ.sis.tɛm
-------
patouillage|pa.jaʒ
-------
patriciale|pa.sjal
-------
paulienne|po.ljɛn
-------
pavimenteuse|pa.vi.mɑ̃.tøz
-------
paysannat|i.pɛ.na
-------
peccante|pɛʁ.kɑ̃t
-------
peignage|pɛʁ.ɲaʒ
-------
peinturlurage|pɛ̃.ʁaʒ
-------
pelanage|pɛʁ.naʒ
-------
pelletisation|pɛl.sjɔ̃
-------
peléenne|pɛʁ.ɛn
-------
pemmican|pɛʁ.kɑ̃
-------
pemphigoïde|id
-------
pentacrine|pɛ̃.ta.kʁin
-------
pentakidodécaèdre|pɛ̃.ta.ɛdʁ
-------
pentamidine|pɛ̃.ta.din
-------
pentapole|pɛ̃.ta.pɔl
-------
pentastomide|pɛ̃.ta.mid
-------
pentaérythritol|pɛ̃.ta.tɔl
-------
pentitol|pɛ̃.tɔl
-------
pentosane|pɛ̃.zan
-------
penty|pɛ̃.ti
-------
perceptionnisme|pɛʁ.sɛp.sjɔ̃.nism
-------
percevable|pɛʁs.vabl
-------
perchloréthylène|pɛʁ.lɛn
-------
perforelieuse|pɛʁf.-------
perlinguale|pɛʁ.ɡwal
-------
perlitique|pɛʁ.li.tik
-------
permacirculaire|pɛʁ.ky.lɛʁ
-------
permanencière|pɛʁ.sjɛʁ
-------
permutante|pɛʁ.tɑ̃t
-------
persulfurée|pɛʁ.ʁe
-------
perthite|pɛʁ.-------
pervibrage|pɛʁ.bʁaʒ
-------
pessière|pɛʁ.sjɛʁ
-------
petit-boutiste|pə.tist
-------
peuton|pɛʁ.tɔ̃
-------
pfaffienne|-------
phallotoxine|fa.lɔ.sin
-------
phalloïdine|fa.lɔ.din
-------
phelloderme|dɛʁm
-------
phencyclidine|din
-------
phlébothrombose|bɔ.fle.-------
phoma|fɔ.ma
-------
phonocaptrice|fɔ.no.tʁis
-------
phonolite|fɔ.no.lit
-------
phosphatidylcholine|fɔs.lin
-------
phosphatidylsérine|fɔs.ʁin
-------
phosphatidyléthanolamine|fɔs.la.min
-------
phosphorylase|fɔs.laz
-------
phosphorémie|fɔs.mi
-------
photochromisme|fo.to.mism
-------
photopique|fɔ.pik
-------
photostéréosynthèse|fɔ.tɔ.sɛ̃.tɛz
-------
phot|fɔ.mɑ̃
-------
phraseuse|fʁɑz.zøz
-------
phrygane|fi.ɡan
-------
phyllite|fi.lit
-------
physiatrie|fi.me.tʁi
-------
phytophthora|fi.to.ʁa
-------
ph|-------
phénacétine|fe.tin
-------
phénocopie|fe.nɔ.kɔ.pi
-------
phénylbutazone|fe.-------
phéochromocytome|-------
phœniciculture|kyl.tyʁ
-------
piaculaire|ky.lɛʁ
-------
piccalilli|pi.ji
-------
picklage|pi.laʒ
-------
pierrage|pi.ʁaʒ
-------
piluler|pi.lyl.le
-------
pimer|pi.me
-------
pincharde|pɛ̃.ʃaʁd
-------
piochage|pi.ʃaʒ
-------
pipetage|pip.taʒ
-------
piroguière|pi.tjɛʁ
-------
pirole|pi.ʁɔl
-------
piroplasmose|pi.moz
-------
pissement|pis.mɑ̃
-------
pistillée|pis.til.je
-------
pitaude|pi.ta.-------
pixellisation|pik.sɛl.sjɔ̃
-------
pizzaiolo|pi.dza.lo
-------
piétin|pje.tɛ̃
-------
piézorésistive|pje.zɔ.tiv
-------
planipenne|plɑ̃.pɛn
-------
planiste|plɑ̃.nist
-------
plantaginacée|plɑ̃.na.se
-------
planétésimale|plɑ̃.mal
-------
plastifieuse|plas.ti.-------
platinocyanure|pla.ti.nyʁ
-------
play-list|pla.-------
plecquer|ke
-------
pleurectomie|plœʁ.mi
-------
pleuronectiforme|ʁɔ.fɔʁm
-------
plissage|pli.saʒ
-------
plumasserie|ply.ʁi
-------
pluridimensionnalité|ply.ʁi.li.te
-------
plurisousharmonique|ply.ʁi.mɔ.nik
-------
plurispécifique|ply.ʁi.fik
-------
pneumallergène|pnø.ʒɛn
-------
pneumatothérapie|pnø.pi.ʁa.te
-------
pneumectomie|pnø.mi
-------
pneumomédiastin|pnø.tɛ̃
-------
pneumonectomie|pnø.mi.tɔ
-------
pneumopéritoine|pnø.twan
-------
podologique|pɔ.tik
-------
poljé|pus.te
-------
polluposteuse|pɔ.tøz
-------
polychlorobenzène|li.pɔ.bɛ̃.zɛn
-------
polyembryonie|pɔ.li.ni
-------
polyglobulie|li.pɔ.li
-------
polyimide|li.pɔ.mid
-------
polyméthylpentène|li.pɔ.tɛn
-------
polyoxyméthylène|pɔ.li.lɛn
-------
polyploïde|li.pɔ.id
-------
polypnée|pus.ne
-------
polyptyque|li.pɔ.tik
-------
polyradiculonévrite|ʁit
-------
polythène|li.pɔ.-------
polytétrafluoroéthylène|lɛn
-------
polyvinylbutyral|li.pɔ.vi.-------
polyédrale|pɔ.li.ʁal
-------
polémarque|le.pɔ.maʁk
-------
ponantaise|pɔ̃.tɛz
-------
pontuseau|pɔ̃.zo
-------
porphyra|pɔʁ.ʁa
-------
porpite|pɔʁ.pit
-------
porrection|pɔ.ʁɛk.sjɔ̃
-------
portlandien|pɔʁ.lɑ̃d.djɛ̃
-------
postformée|post.fɔʁ.me
-------
potencée|pɔt.se
-------
poteur|pɔt.tœʁ
-------
potomètre|po.mɛtʁ
-------
poudrin|pyd.ʁɛ̃
-------
pourchasseuse|puʁ.søz
-------
poursuiveuse|puʁ.vøz
-------
poya|pus.-------
poétisme|pus.tism
-------
poïkilocytose|si
-------
ppq|pe.
-------
pp|-------
praguoise|kwaz
-------
praxéologique|tik
-------
prima-donna|pʁi.na
-------
primage|pʁi.maʒ
-------
primulacée|pʁi.la.se
-------
principautaire|pʁɛ̃.si.my.no.tɛʁ
-------
priorat|pʁi.ʁa
-------
privatique|pʁi.va.ma.tik
-------
probénécide|pʁɔ.sid
-------
procordé|pʁɔ.de
-------
proctorrhée|pʁɔ.ʁe
-------
productique|pʁɔ.tik
-------
profitante|pʁɔf.tɑ̃t
-------
programmable|pʁɔ.mabl
-------
progénote|pʁɔ.ʒe.nɔt
-------
propagule|pʁɔ.ɡyl
-------
propanal|pʁɔ.nal
-------
propanier|pʁɔ.nje
-------
propanol|pʁɔ.nɔl
-------
propanoïque|pʁɔ.ik
-------
propective|pʁɔ.tiv
-------
propranolol|pʁɔ.-------
propylée|pʁɔ.le
-------
propyne|pʁɔ.-------
prosobranche|pʁɔs.bʁɑ̃ʃ
-------
prosopagnosique|pʁɔs.zik
-------
protamine|pʁɔ.min
-------
prothioconazole|pʁɔ.zɔl
-------
prothrombine|pʁɔ.bin
-------
protéinogène|pʁɔ.te.nɔ.ʒɛn
-------
protéinémie|pʁɔ.te.mi
-------
protéoglycane|pʁɔ.te.kan
-------
provection|pʁɔ.sjɔ̃
-------
provençalisme|pʁɔ.lism
-------
provignement|pʁɔ.vi.mɑ̃
-------
provisorat|pʁɔ.vi.ʁa
-------
prudhommale|pʁy.mal
-------
prâkrit|pʁe.mɑ̃
-------
préceinte|pʁe.-------
précipitable|pʁe.si.tabl
-------
prédictrice|pʁe.tʁis
-------
prédiffusée|pʁe.fy.ze
-------
prédiviseur|pʁe.vi.zœʁ
-------
préfab|pʁe.-------
prémontrée|pʁe.tʁe
-------
prérégulateur|pʁe.ʁe.la.tœʁ
-------
présélecteur|pʁe.se.tœʁ
-------
prétensionneur|pʁe.nœʁ
-------
prétentaine|pʁe.tɑ̃.tɛn
-------
préteuse|pʁe.tøz
-------
psammophyte|fit
-------
pseudolangrayen|psø.do.-------
psilotum|psi.tɔm
-------
psoralène|lɛn
-------
psoriasique|zik
-------
ptoléméenne|ɛn
-------
ptyalisme|lism
-------
pudendale|dal
-------
pullorose|pyl.-------
pulmoné|pyl.ne
-------
pulsomètre|pyl.mɛtʁ
-------
puna|py.na
-------
puncheuse|pœntʃ.ʃøz
-------
punkette|pœŋk.-------
pupaison|py.zɔ̃
-------
purgeur|pyʁʒ.ʒœʁ
-------
puvathérapie|pi
-------
puérilisme|pɥe.lism
-------
px|-------
pycnotique|pik.tik
-------
pygmalionisme|nism
-------
pyorrhée|pi.ʁe
-------
pyralène|pi.lɛn
-------
pyrocorise|pi.ʁɔ.-------
pyroxylée|pi.ʁɔ.le
-------
pyroxénite|pi.ʁɔ.nit
-------
pyruvate|pi.vat
-------
pyrétothérapie|pi.ʁe.pi.ʁa.te
-------
pyurie|pi.ʁi
-------
pz|-------
pédobaptisme|pe.tism
-------
pédoflore|pe.flɔʁ
-------
pékan|pe.sjɔ̃
-------
pélargonium|pe.njɔm
-------
pénicillinase|pe.-------
pénicillinorésistante|ni.pe.si.ʁe.tɑ̃t
-------
pénitence|pe.tɑ̃s
-------
pénitentiale|pe.sjal
-------
pépiante|pe.-------
péquenotte|nɔt
-------
péribole|pe.ʁi.bɔl
-------
péripatétisme|pe.ʁi.tism
-------
pérylène|pe.ʁi.lɛn
-------
pétrarquiste|pe.tʁaʁ.kist
-------
pétrir|pe.tʁiʁ
-------
pétrogenèse|pe.tʁɔ.nɛz.ʒə
-------
pétulante|pe.lɑ̃t
-------
pœcilitique|pe.fi.li.tik
-------
pœcilogynie|pe.ni
-------
pœcilothermie|pe.mi
-------
qanat|na
-------
qbit|bit
-------
quadribande|kwa.bɑ̃d
-------
quadrifide|kwa.fid
-------
quadrivecteur|kwa.tœʁ
-------
quaiche|ke.-------
quartolet|ka.lɛ
-------
quaterne|ka.tʁə.vɛ̃.tɛʁn
-------
queuillère|kø.jɛʁ
-------
quillette|kij.jɛt
-------
quilleuse|kij.jøz
-------
quipu|-------
quirite|ʁit
-------
quizalofop|-------
rabaissante|ʁa.sɑ̃t
-------
rabibochage|ʁa.ʃaʒ
-------
rabrouement|ʁab.mɑ̃
-------
rabroueuse|ʁab.-------
rabâcheuse|ʁa.ʃøz
-------
raccrocheuse|kʁɔ.ʁa.ʃøz
-------
rachetable|ʁa.tabl
-------
racheteuse|ʁa.tøz
-------
rachialgie|ʁa.lɔ.ʒi
-------
racketiciel|ʁak.sjɛl
-------
racketteuse|ʁak.tøz
-------
radiculalgie|ʁad.lɔ.ʒi
-------
radiculite|ʁad.lit
-------
radiodiffuseur|djo.ʁa.sœʁ
-------
radiolarite|ʁa.ʁit
-------
radionavigante|ʁa.djo.ɡɑ̃t
-------
radique|ʁad.dik
-------
radjah|ʁad.-------
radja|ʁad.-------
raffinose|ʁa.noz
-------
rafflésie|ʁa.zi
-------
rag-time|ʁa.tim
-------
rajeunir|ʁa.niʁ
-------
rallongement|ʁa.lɔ̃ʒ.mɑ̃
-------
ramander|ʁa.de
-------
rameter|ʁam.te
-------
rangeuse|rɑ̃.ʒøz
-------
rapipoter|ʁa.pɔ.te
-------
rapiéçage|ʁa.saʒ
-------
rassasiement|ʁa.mɑ̃
-------
ratatinement|ʁa.ta.mɑ̃
-------
rattachisme|ʁa.ʃism
-------
raturage|ʁa.ʁaʒ
-------
rauwolfia|fja
-------
ravoirage|ʁa.ʁaʒ
-------
rayonnisme|ʁɛ.jɔ̃.nism
-------
rebmane|ʁə.man
-------
recasquante|ʁə.kɑ̃t
-------
recensable|sɑ̃.sabl
-------
reclassification|ʁə.sjɔ̃.za
-------
recognition|ʁə.ni.sjɔ̃
-------
recollement|kɔ.ʁǝ.mɑ̃
-------
reconnexion|ʁə.sjɔ̃
-------
recordage|ʁə.kɔʁ.daʒ
-------
recorder|ʁə.kɔʁ.de
-------
recrudescente|ʁə.sɑ̃t
-------
rectoscope|ʁɛk.to.skɔp
-------
rectosigmoïdienne|ʁɛk.to.i
-------
rectosigmoïdoscopie|ʁɛk.to.pi
-------
reculement|ʁə.kyl.mɑ̃
-------
recycleuse|ʁə.si.kløz
-------
recâblage|ʁə.blaʒ
-------
redondée|ʁə.de
-------
redénomination|de.ʁə.mi.na.sjɔ̃
-------
refermement|ʁə.mɑ̃
-------
refuznik|ʁə.nik
-------
reginglard|ʁə.jaʁ
-------
regrèvement|ʁə.mɑ̃
-------
rehaussement|ʁə.os.mɑ̃
-------
rehausseur|ʁə.sœʁ
-------
relampage|ʁə.paʒ
-------
relanceuse|ʁə.lɑ̃s.søz
-------
relaxologie|ʁə.lɔ.ʒi
-------
relevance|ʁə.vɑ̃s
-------
releveuse|ʁə.vøz
-------
reliage|ʁə.taʒ
-------
rembuchement|ʁɑ̃.mɑ̃
-------
remettante|ʁə.tɑ̃t
-------
remisier|ʁə.zje
-------
remmouleur|ʁɛm.lœʁ
-------
renarder|ʁə.de
-------
renardière|ʁə.djɛʁ
-------
renardée|ʁə.de
-------
renforçante|ʁɑ̃.sɑ̃t
-------
renforçatrice|ʁɑ̃.tʁis
-------
reniflage|ʁə.flaʒ
-------
rentraiture|ʁɑ̃.tyʁ
-------
repercer|ʁə.pɛʁ.se
-------
reperçage|ʁə.saʒ
-------
repoussement|ʁə.mɑ̃
-------
reprogrammable|ɡʁa.mabl
-------
resarcelée|ʁə.sa.le
-------
rescindante|ʁə.dɑ̃t
-------
rescription|ʁə.kʁip.sjɔ̃
-------
respiritualisation|pi.li.sjɔ̃.za
-------
ressaisissement|ʁə.mɑ̃
-------
ressasseuse|ʁə.søz
-------
ressuyer|ʁə.je
-------
resuffixation|ʁə.fik.sa.sjɔ̃
-------
resurgissement|ʁə.mɑ̃
-------
retapage|ʁə.paʒ
-------
retissage|ʁə.saʒ
-------
retondre|ʁə.-------
retourneuse|ʁə.tuʁ.nøz
-------
retraitante|ʁə.tɑ̃t
-------
retroussement|ʁə.mɑ̃
-------
reverdissement|ʁə.vɛʁ.dis.mɑ̃
-------
rhabdomyosarcome|dɔ.ʁab.kom
-------
rhamnolipide|li.pid
-------
rhino-pharyngienne|nɔ.ʁi.ʒjɛ̃n
-------
rhizobium|ʁi.bjɔm
-------
rhizocarpée|ʁi.pe
-------
rhizoflagellé|ʁi.-------
rhizophore|ʁi.fɔʁ
-------
rhizopode|ʁi.pɔd
-------
rhizostome|ʁi.-------
rhizotomie|ʁi.mi
-------
rhomboèdre|ʁɔ̃.ɛdʁ
-------
rhynchocéphale|fal.se
-------
rhynchote|-------
rhytidome|-------
rhéogramme|ʁe.ɡʁam
-------
rhéologue|ʁe.lɔɡ
-------
rhéotaxie|ʁe.si
-------
rhéotrope|ʁe.tʁɔp
-------
rhéotropisme|ʁe.pism
-------
rhétoriqueur|ʁe.tɔ.kœʁ
-------
rickettsiose|ʁi.-------
rigolote|ʁi.ɡɔ.lo.lɔt
-------
ringardage|ʁɛ̃.daʒ
-------
riveraineté|ʁiv.ʁen.li.te
-------
rocailleur|ʁɔ.jœʁ
-------
rohart|-------
rolandique|ʁɔ.dik
-------
ronflette|ʁɔ̃.flɛt
-------
rosacée|se
-------
rotruenge|ʁo.-------
rottweiller|ʁo.je
-------
rotulage|ʁɔ.laʒ
-------
rouennière|ʁu.njɛʁ
-------
roufler|ʁufl.fle
-------
rougaille|ʁu.-------
rougir|ʁu.ʒiʁ
-------
rouloir|ʁu.lwaʁ
-------
rousselet|ʁus.lɛ
-------
rouverain|ʁu.-------
rouverin|ʁu.ʁɛ̃
-------
rubéoleuse|ʁy.be.ɔl.løz
-------
rudbeckia|ʁy.-------
rudbeckie|ʁy.ʒi
-------
rudiste|ʁy.dist
-------
rufflette|flɛt
-------
ruinure|ʁɥi.nyʁ
-------
runabout|ʁy.bu
-------
runiforme|fɔʁm
-------
russologue|ʁy.sɔ.lɔɡ
-------
rutacée|ʁyt.se
-------
rutilement|ʁy.til.mɑ̃
-------
râtelage|ʁɑ.tə.laʒ
-------
réarmable|ʁe.a.mabl
-------
récidivisme|ʁe.si.ti.vism
-------
réciteuse|ʁe.si.tøz
-------
récoltable|ʁe.tabl
-------
récursoire|ʁe.swaʁ
-------
rédemptoriste|ʁist
-------
réductase|ʁe.staz
-------
réductionniste|ʁe.dyk.sjɔ̃.nist
-------
réenchantement|ɑ̃.ʁe.mɑ̃
-------
réendettement|ɑ̃.ʁe.dɛt.mɑ̃
-------
réescomptable|kɔ̃.tabl
-------
réfaction|ʁe.sjɔ̃
-------
réflectomètre|flɛk.ʁe.tɔ
-------
réflexibilité|flɛk.ʁe.bi.li.te
-------
réflexogramme|flɛk.ʁe.sɔ.ɡʁam
-------
réflexogène|ʁe.ʒɛn
-------
réglante|ʁe.ɡlɑ̃t
-------
réimperméabilisation|ɛ̃.ʁe.li.sjɔ̃.za
-------
réimposition|ɛ̃.ʁe.sjɔ̃
-------
réincarnationniste|ɛ̃.ʁe.nist
-------
réincrudation|ɛ̃.ʁe.da.sjɔ̃
-------
réincruder|ɛ̃.ʁe.de
-------
réindexation|ɛ̃.ʁe.sa.sjɔ̃
-------
réjecteur|ʁe.tœʁ
-------
rélargir|ʁe.ʒiʁ
-------
rémouleuse|ʁe.løz
-------
rénitence|ʁe.tɑ̃s
-------
rénovasculaire|nɔ.ʁe.ky.lɛʁ
-------
réoxydation|ʁe.da.sjɔ̃
-------
répartement|ʁe.mɑ̃
-------
répétitorat|ʁe.ʁa
-------
réserpine|ʁe.pin
-------
résiliable|ʁe.zi.kɔ̃.ljabl.si
-------
résolvance|ʁe.vɑ̃s
-------
résolvante|ʁe.vɑ̃t
-------
résonateur|ʁe.na.tœʁ
-------
résonatrice|ʁe.na.tʁis
-------
rétamage|ʁe.maʒ
-------
rétractibilité|ʁe.tʁak.bi.li.te
-------
rétractrice|ʁe.tʁak.tʁis
-------
réémission|e.ʁe.mi.sjɔ̃
-------
sabéenne|sa.ɛn
-------
sadd|sa.-------
sahel|sa.-------
saisonnale|zɔ.nal
-------
salarisation|sa.sjɔ̃
-------
salicoque|sa.kɔk
-------
salignon|sa.ɲɔ̃
-------
salissement|sa.mɑ̃
-------
salonguer|sa.lɔ̃.ɡe
-------
salpingographie|sal.fi.ɡʁa
-------
salpêtrage|sal.tʁaʒ
-------
salsolacée|sa.la.se
-------
saltationnisme|sal.ta.sjɔ̃.nism
-------
salticidé|sal.de
-------
samboïste|ist
-------
sampot|sa.po
-------
san-benito|sɑ̃.to
-------
sandalière|sɑ̃.ljɛʁ
-------
sanderling|sɑ̃.-------
sapinage|sa.pɛ̃.naʒ
-------
sapindacée|sa.pɛ̃.da.se
-------
saponacée|sa.na.se
-------
saponase|sa.-------
sapropèle|sa.-------
saroual|sa.-------
sassenage|naʒ
-------
satyriasique|sa.zik
-------
saurin|so.ʁɛ̃
-------
savart|sa.-------
sb|-------
scheik|-------
schleichera|ʁa
-------
schlittage|taʒ
-------
schlitteur|tœʁ
-------
schnouf|-------
scholie|li
-------
schorre|-------
schupo|po
-------
schwarzienne|-------
scindage|sɛ̃.daʒ
-------
scintillogramme|sɛ̃.ti.ɡʁam
-------
scintillographie|sɛ̃.ti.fi.ɡʁa
-------
scissile|si.sil
-------
sclérifiante|skle.fjɑ̃t
-------
sclérifier|skle.fje
-------
sclérite|skle.ʁit
-------
sclérokératite|skle.tit
-------
sclérotinia|skle.nja
-------
scléterectasie|skle.ta.zi
-------
scléterectomie|skle.mi.tɔ
-------
scoriacée|skɔʁ.se
-------
scriban|bɑ̃
-------
scyphoméduse|dyz.me
-------
scyphozoaire|lɛʁ
-------
sdcard|kaʁ
-------
sea-line|lin
-------
secam|-------
secouante|-------
secoueur|tœʁ
-------
seigneuriage|se.ɲœʁ.ʁjaʒ
-------
seinomarine|sɛ̃.ma.ʁin
-------
semestrialisation|li.sjɔ̃.za
-------
semi-finie|sə.fi.ni
-------
semi-manufacturée|mi.sə.ʁe
-------
semi-ouvrée|sə.vʁe
-------
semnopithèque|pi.tɛk
-------
senescence|sə.sɑ̃s
-------
sensitographe|sɑ̃.si.to.ɡʁaf
-------
sensualisme|sɑ̃.lism
-------
septime|sɛp.tim
-------
serapeum|sɛʁ.-------
serfouissage|sɛʁ.saʒ
-------
serlienne|sɛʁ.ljɛn
-------
serpentement|sɛʁp.mɑ̃
-------
serpigineuse|sɛʁ.nøz
-------
sertraline|sɛʁ.lin
-------
servocommande|sɛʁ.vo.mɑ̃d
-------
servodirection|sɛʁ.vo.di.ʁɛk.sjɔ̃
-------
sesquialtère|sɛs.tɛʁ
-------
sevrage|vʁaʒ
-------
shafiisme|lism
-------
shlag|laɡ
-------
shrapnell|-------
shériff|ʃe.ʁif.-------
sialique|si.al.lik
-------
sidologie|de.si.lɔ.ʒi
-------
sidérocyte|de.si.sit
-------
sidéropénie|de.si.ni
-------
sidéroxylon|de.si.lɔ̃
-------
sifflotante|si.tɑ̃t
-------
silicagel|sil.-------
silicomanganèse|li.si.nɛz.ʒə
-------
siliconose|sil.noz
-------
silicotique|sil.tik
-------
siluriforme|sil.fɔʁm
-------
siluroïde|sil.id
-------
simaruba|si.mɑ.ba
-------
simonienne|si.mɔ.ni.njɛn
-------
simonisme|si.nism
-------
simpliciale|sɛ̃.sjal
-------
sismogenèse|sis.nɛz.ʒə
-------
sistership|sis.ʃip
-------
sitone|si.to.tɔn
-------
situationnisme|si.tɥa.sjɔ̃.nism
-------
skarn|sjɔ̃
-------
sky-surfing|skaj.sœʁf.fiŋ
-------
slavisante|sla.zɑ̃t
-------
smaragdine|din
-------
smillage|jaʒ
-------
smorrebrod|-------
smurfeuse|smœʁf.føz
-------
snowpark|-------
sociatrie|sɔk.me.tʁi
-------
soclage|sɔk.klaʒ
-------
soirer|swaʁ.ʁe
-------
soman|sɔ.ma.man
-------
somatopleure|ma.sɔ.tyʁ
-------
somatotrophine|ma.sɔ.fin
-------
sommatrice|sɔ.ma.tʁis
-------
sommeilleuse|sɔ.mɛj.jøz
-------
sondagière|sɔ̃.tjɛʁ
-------
sondologie|sɔ̃.dɔ.lɔ.ʒi
-------
sonotrode|sɔno.tʁɔd
-------
sonrer|sɔ̃.ʁe
-------
sophorose|sɔ.-------
sophrologique|sɔ.tik
-------
sophronique|sɔ.kʁɔ.nik
-------
sotch|sɔ.-------
soudière|su.djɛʁ
-------
soufrière|su.ʁjɛʁ
-------
sous-gouverneur|su.nœʁ
-------
sous-occipitale|su.tal
-------
soustracteur|sus.tœʁ
-------
souvlaki|su.ki
-------
soviétologue|sɔ.vje.lɔɡ
-------
soûlote|su.lɔt
-------
spammeuse|spam.møz
-------
sparganose|spaʁ.noz
-------
spasmolytique|spas.li.tik
-------
spectacularisation|spɛk.ʁi.sjɔ̃.za
-------
spectrogramme|spɛk.ɡʁam
-------
spermiducte|spɛʁ.-------
sphingolipide|li.pid
-------
sphingosine|zin
-------
sphérocytose|sfe.si
-------
spiraloïde|spi.id
-------
spiramycine|spi.mi.sin
-------
spirille|spi.-------
spironolactone|spi.tɔn
-------
spirorbe|spi.-------
spiroïde|spi.id
-------
splanchnologie|lɔ.ʒi
-------
splanchnopleure|tyʁ
-------
splénectomie|sple.mi
-------
spondaïque|spɔ̃.da.ik
-------
spondyle|spɔ̃.dil
-------
spondylose|spɔ̃.loz
-------
spongiaire|spɔ̃.ʒjɛʁ
-------
spongiculture|spɔ̃.kyl.tyʁ
-------
spongille|spɔ̃.-------
sporotriche|spɔ.tʁiʃ
-------
sporotrichose|spɔ.-------
sporozoaire|spɔ.lɛʁ
-------
sporozoïte|spɔ.it
-------
sprechgesang|-------
squattage|skwa.taʒ
-------
squirrhe|-------
stagnance|staɡ.nɑ̃s
-------
stagnationniste|staɡ.na.sjɔ̃.nist
-------
stanneuse|sta.nøz
-------
staphyline|sta.lin
-------
staphylome|sta.-------
stathoudérat|sta.ʁa
-------
stationnale|sta.sjɔ̃.nal
-------
statokinésimètre|sta.mɛtʁ
-------
statorique|sta.tɔʁ.ʁik
-------
statthalter|sta.te
-------
stayer|sta.je
-------
steinbock|-------
stellage|stɛ.laʒ
-------
stelléride|stɛ.ʁid
-------
sterculiacée|stɛʁ.lja.se
-------
sternum|stɛʁ.nɔm
-------
stimugène|sti.ʒɛn
-------
stockeuse|stɔk.køz
-------
stockfisch|stɔk.-------
stolonifère|stɔ.lɔ̃.fɛʁ
-------
stomoxe|stɔ.-------
stoûpa|stɔ.pa
-------
strobilurine|ʁin
-------
strobophotographie|fi.ɡʁa
-------
strongyle|-------
strongylose|loz
-------
strophante|fɑ̃t
-------
strophantine|tin
-------
stylisation|sti.sjɔ̃
-------
stéarique|ste.ʁik
-------
stégosaure|ste.zɔʁ
-------
stéréospondyle|ʁe.ste.dil
-------
stûpa|st.pa
-------
subduire|syb.dɥiʁ
-------
subintrante|syb.ʁɑ̃t
-------
subjacente|syb.ʒɛk.ʒa
-------
subventionneuse|syb.vɑ̃.sjɔ̃.nøz
-------
subéreuse|syb.ʁøz
-------
sudarabique|sy.bik
-------
suffète|sy.-------
suicidalité|sɥi.da.li.te
-------
suintine|sɥɛ̃.tin
-------
sukkeler|sy.le
-------
sulfadiazine|syl.zin
-------
sulfanilamide|syl.mid
-------
sulfhydrate|syl.-------
sulfhydrisme|syl.ʁism
-------
sulfhémoglobine|syl.bin
-------
sulfinisation|syl.sjɔ̃
-------
sulfonation|syl.na.sjɔ̃
-------
sulfonique|syl.nik
-------
sulfonitrique|syl.me.tʁik
-------
sulfonylurée|syl.ʁe
-------
supercarré|pɛʁ.sy.-------
supercavitante|pɛʁ.sy.tɑ̃t
-------
supportérisme|sy.pɔʁ.ʁism
-------
supranormale|pʁa.sy.mal
-------
supériorat|pe.sy.ʁa
-------
surlignante|syʁ.ɲɑ̃t
-------
surnageante|syʁ.ʒɑ̃t
-------
surnumérariat|syʁ.ʁja
-------
survirante|syʁ.vi.ʁɑ̃t
-------
suscrire|sys.kʁiʁ
-------
suspensoïde|sys.id
-------
sweating-system|-------
sycone|sɛ̃.-------
sympathicotonie|pa.sɛ̃.ni
-------
symphysaire|sɛ̃.fi
-------
symphyse|sɛ̃.fiz
-------
symposion|sɛ̃.zjɔ̃
-------
synapsie|si.si
-------
synchondrose|sɛ̃.dʁoz
-------
syncinésie|sɛ̃.ki.ne.zi
-------
syncrétiste|sɛ̃.tist
-------
syncytiale|sɛ̃.sjal
-------
synergique|si.ʒik
-------
synergisme|si.ʒism
-------
syngamie|sɛ̃.ɡa.mi
-------
syngnathe|sɛ̃.-------
synodique|si.dik
-------
synopsie|si.si
-------
synpériplanaire|nɛʁ
-------
synthase|sɛ̃.te.faz
-------
synthème|sɛ̃.te.tɛm
-------
synthétase|sɛ̃.te.staz
-------
synthétiste|sɛ̃.te.tist
-------
syntype|sɛ̃.tip
-------
syrah|sɛ̃.-------
syringomyélie|si.li
-------
sécréteuse|se.tøz
-------
sécurine|se.ʁin
-------
sélacienne|se.sjɛn
-------
séleucide|se.sid
-------
sélénienne|se.njɛn
-------
sémantème|se.tɛm
-------
sémillon|se.jɔ̃
-------
sémiométrie|se.me.tʁi
-------
sémitisme|se.tism
-------
sénilisme|se.lism
-------
séparase|se.-------
séquestrante|se.ʁɑ̃t
-------
sérapéum|se.ɔm
-------
séricigraphie|se.fi.ɡʁa
-------
t'elle|nɛl
-------
t'il|-------
tabacultrice|ta.ba.kyl.tʁis
-------
tabar|ta.baʁ
-------
tabasco|ta.ko
-------
tablar|ta.laʁ
-------
tableautage|tɑbl.taʒ
-------
tachante|ta.ʃɑ̃t
-------
tachisme|ta.ʃism
-------
tachiste|ta.ʃist
-------
tachistoscope|ta.skɔp
-------
tachistoscopique|ta.pik
-------
tachyphagie|ta.fa.ʒi
-------
tachypnée|ta.ne
-------
tachypsychie|ta.fi.ɡʁa
-------
tagète|taɡ.ʒɛt
-------
taijiquan|-------
taiji|ta.-------
taleth|ta.-------
tallée|ta.le
-------
talochage|ta.ʃaʒ
-------
talonnière|ta.lɔ̃.njɛʁ
-------
talpidé|ta.de
-------
talure|ta.lyʁ
-------
tambourinade|bu.tɑ̃.nad
-------
tamile|tɑ̃.-------
tamisière|tɑ̃.zjɛʁ
-------
tamponnade|tɑ̃.pɔ̃.nad
-------
taota|ta.o.ta
-------
tapotage|ta.pɔ.taʒ
-------
tarama|ta.ma
-------
tararage|ta.ʁaʒ
-------
tardillonne|taʁ.jɔn
-------
tarpéienne|taʁ.jɛn
-------
tarsectomie|taʁs.mi
-------
tarsienne|taʁ.zjɛn
-------
tartinade|taʁ.nad
-------
tarzan|taʁ.-------
tassili|ta.li
-------
tautochrone|-------
tautomérie|me.ʁi
-------
taxable|tak.-------
taxodium|tak.djɔm
-------
taylorienne|lɔ.ʁjɛn
-------
taël|ta.-------
taïchichuan|taj.-------
taïchi|taj.-------
taôiste|ta.nist
-------
tchadanthrope|tʃa.tʁɔp
-------
tcharchaf|-------
tchatteuse|t͡ʃat.tøz
-------
tchernoziom|-------
tchitola|la
-------
tchérémisse|-------
technicolor|tɛk.-------
technopathe|tɛk.no.pat
-------
technétronique|tɛk.nik
-------
tecker|tɛk.kœʁ
-------
tellière|tɛl.ljɛʁ
-------
tellureuse|tɛl.ʁøz
-------
tembotrione|tɑ̃.-------
tenrecidé|tɑ̃.ʁɛk.de
-------
tensionneur|tɑ̃.sjɔ̃.nœʁ
-------
tenson|tɑ̃.sɔ̃
-------
teocali|li
-------
teocalli|li
-------
teppanyaki|tɛp.ki
-------
tergite|tɛʁ.ʒit
-------
terminographie|tɛʁ.fi.ɡʁa
-------
terpine|tɛʁ.pin
-------
terpinol|tɛʁ.nɔl
-------
terpinéol|tɛʁ.-------
terpénoïde|tɛʁ.id
-------
terrafungine|tɛ.ʒin
-------
terramare|tɛ.-------
terraplane|tɛ.plan
-------
tertiairisation|tɛʁ.sjɔ̃
-------
tervueren|tɛʁ.-------
testable|tɛst.tabl
-------
thanatopraxie|na.ta.si
-------
thari|ta.ʁi
-------
thermistance|mɔ.tɛʁ.tɑ̃s
-------
thermisteur|mɔ.tɛʁ.tœʁ
-------
thermistor|mɔ.tɛʁ.tɔʁ
-------
thermodurcissable|mɔ.tɛʁ.sabl
-------
thermoplongeur|mɔ.tɛʁ.ʒœʁ
-------
thesmothète|mɔ.tɛʁ.tɛt
-------
thessalonicienne|ni.sjɛn
-------
thiazine|tɛʁ.zin
-------
thiocarbonate|bɔ.kaʁ.nat
-------
thiocyanate|nat
-------
thioestérase|-------
thiosulfate|fat.syl
-------
thiosulfurique|ʁik
-------
thirame|tɛʁ.-------
thlaspi|tɛʁ.pi
-------
thridace|tʁɔ̃.tʁis
-------
thriller|tʁɔ̃.je
-------
thuyone|tɛʁ.-------
thyade|ti.-------
thylakoïde|ti.id
-------
thylle|ti.-------
thyllose|ti.-------
thyratron|ti.tʁɔ̃
-------
thyroglobuline|ti.by.lin
-------
thyrotrophine|ti.fin
-------
thyroxine|ti.sin
-------
thyréotoxicose|ti.koz
-------
thyréotoxique|ti.sik
-------
th|-------
théatralisme|te.lism
-------
thébaine|te.bɛn
-------
théodosienne|te.zjɛn
-------
théorématique|ɔ.te.ma.tik
-------
théralite|te.lit
-------
théridion|te.djɔ̃
-------
thériodonte|te.dɔ̃t
-------
théropode|te.pɔd
-------
théropsidé|te.de
-------
thésauriseuse|te.zøz
-------
tiercéiste|tjɛʁ.ist
-------
tiers-mondisme|tjɛʁ.dism
-------
tigette|tiʒ.ʒɛt
-------
tiliacée|ti.lja.se
-------
tillandsie|zi
-------
tiraillante|ti.jɑ̃t
-------
tistre|ti.-------
toarcienne|sjɛn
-------
tokai|-------
tokharienne|ʁjɛn
-------
toluol|tɔ.-------
tolu|tɔ.-------
tomawak|tɔ.-------
tommy|tɔ.mi
-------
tonification|tɔ̃.n‿.fi.ka.sjɔ̃
-------
tonofibrille|tɔ̃.n‿.fi
-------
toquade|-------
toquet|kɛ
-------
torah|tɔʁ.-------
torball|tɔʁ.-------
torchette|tɔʁʃ.ʃɛt
-------
toreutique|tɔʁ.tik
-------
torsorielle|tɔʁ.ʁjɛl
-------
tortricidé|tɔʁ.de
-------
touarègue|tu.-------
toulonnaise|tu.nɛz
-------
toupilleuse|tu.jøz
-------
touselle|tu.zɛl
-------
toussoteuse|tu.tøz
-------
touvaine|tu.-------
toxicodermie|tɔk.si.ko.dɛʁ.mi
-------
toxinique|tɔk.nik
-------
toxémique|tɔk.mik
-------
trachéole|tʁa.ɔl
-------
tradescantia|tʁa.-------
traitance|tʁɛ.tɑ̃s
-------
tramadol|tʁam.-------
tramping|tʁɑ̃p.piŋ
-------
tramète|tʁam.ɡa.mɛt
-------
transcriptase|tʁɑ̃s.staz
-------
transect|tʁɑ̃s.-------
transenne|tʁɑ̃s.-------
transférase|tʁɑ̃s.-------
transhumante|tʁɑ̃s.mɑ̃t
-------
transilienne|tʁɑ̃.ljɛn
-------
transpadane|tʁɑ̃s.dan
-------
transvestisme|tʁɑ̃s.tism
-------
trappeuse|tʁap.pøz
-------
trappistine|tʁa.tin
-------
travelling|tʁa.-------
tremblotte|tʁɑ̃.lɔt
-------
trench-coat|-------
trench|-------
tresseuse|tʁɛs.søz
-------
triallate|tʁial.lat
-------
triamcinolone|tʁi.-------
triangulabilité|tʁi.bi.li.te
-------
triangularisation|tʁi.ʁi.sjɔ̃.za
-------
tribart|tʁi.mɑ̃
-------
triboulet|tʁi.lɛ
-------
tributylphosphate|tʁi.by.fat.fɔs
-------
trichomonase|tʁi.-------
trichroïque|tʁi.ik
-------
trichroïsme|tʁi.ism
-------
tricouni|tʁi.ni
-------
trifouillage|tʁi.jaʒ
-------
trigonale|tʁi.ɡɔ.nal
-------
trigonalisation|tʁi.sjɔ̃
-------
trimballement|tʁɛ̃.mɑ̃
-------
trimurti|tʁi.ti
-------
trinervée|tʁin.ve
-------
trinitrobenzène|ni.tʁi.bɛ̃.zɛn
-------
trinquart|tʁi.-------
triomphaliste|tʁi.jo.list
-------
triongulin|tʁi.jo.lɛ̃
-------
trioxane|tʁi.jo.-------
tripang|tʁi.-------
triphasique|tʁip.fa.zik
-------
triphénylméthane|tʁip.-------
tripodie|tʁi.di
-------
trochet|tʁɔʃ.ʃɛ
-------
trochin|tʁɔ.ʃɛ̃
-------
trompable|tʁɔ̃.pabl
-------
tronculaire|tʁɔ̃.ky.lɛʁ
-------
trophomicrobienne|tʁɔ.bjɛn
-------
trottinement|tʁɔ.tɛ̃.mɑ̃
-------
truandaille|tʁy.-------
truble|-------
trudgeon|ʒɔ̃
-------
trullo|lo
-------
trypsine|zin
-------
trypsinogène|nɔ.ʒɛn
-------
tryptamine|min
-------
tr|te
-------
tréhalase|tʁe.-------
trélingage|tʁe.ɡaʒ
-------
tréphone|tʁe.fɔn
-------
tuberculide|tyb.lid
-------
tuberculoïde|tyb.id
-------
tubicole|tœb.kɔl
-------
tubipore|tœb.spɔʁ
-------
tubuleuse|tybyl.løz
-------
tubulée|tœb.le
-------
tularémie|ty.mi
-------
tumorothèque|ty.tɛk
-------
turbellarié|tyʁb.-------
turbiditique|tyʁ.tik
-------
turbith|tyʁ.-------
turbocompressée|bo.tyʁ.se
-------
turbomoteur|tyʁ.bo.mɔ.tœʁ
-------
turnep|tyʁ.-------
turonienne|tyʁ.njɛn
-------
turquette|tyʁk.kɛt
-------
turritelle|tyʁ.tɛl
-------
tutsie|ty.zi
-------
tuvaluane|-------
tuyauteuse|tɥi.jo.tøz
-------
twirling|-------
tyndallisation|li.sjɔ̃.za
-------
typhacée|ti.fa.se
-------
typhobacillose|ti.ba.loz.si
-------
typification|ti.fi.ka.sjɔ̃
-------
tyrosinase|ti.-------
télencéphale|le.te.fal.se
-------
télesthésie|le.te.te.zi
-------
télolécithe|le.te.lit
-------
téléosaure|le.te.zɔʁ
-------
ténébrionidé|te.ne.bʁi.jɔ̃.de
-------
téphra|te.ʁa
-------
térébinthacée|ʁe.te.se
-------
téréphtalate|ʁe.te.lat
-------
téréphtalique|ʁe.te.lik
-------
tétanisme|te.nism
-------
tétanotoxine|te.sin
-------
tétonnière|te.tɔ̃.njɛʁ
-------
tétrahydronaphtaline|te.tʁa.lin
-------
tétrahydronaphtalène|te.tʁa.lɛn
-------
tétrakihexaèdre|te.tʁa.ɛdʁ
-------
tétraméthylsilane|te.tʁa.-------
tétraphonie|te.tʁa.fɔ.ni
-------
tétrarchique|te.tʁa.ʃik
-------
tétrasomie|te.tʁa.mi
-------
tûteler|le
-------
tûter|te
-------
ubique|y.tik
-------
ubiquisme|bi.y.lism
-------
ulmacée|tʁa.yl.se
-------
ultravirus|tʁa.yl.ʁys
-------
umbanda|da
-------
unanimitaire|y.tɛʁ
-------
uncinée|œ̃.ne
-------
uniformitarisme|ni.y.ʁism
-------
unisériée|ni.y.ʁje
-------
universiade|y.niv.-------
univoquement|y.niv.mɑ̃
-------
unièmement|y.njɛm.mɑ̃
-------
upwelling|-------
urobilinogène|nɔ.ʒɛn
-------
uropygiale|ʁɔ.y.-------
uropygienne|ʁɔ.y.ʒjɛn
-------
urticante|kɑ̃t
-------
urticée|y.se
-------
urédospore|ʁe.y.spɔʁ
-------
uréogenèse|ʁe.y.nɛz.ʒə
-------
ustilaginale|nal
-------
usuellement|y.zɥɛl.mɑ̃
-------
usurairement|y.zy.ʁɛʁ.mɑ̃
-------
uva-ursi|y.-------
vacuomètre|va.mɛtʁ
-------
vagolytique|va.li.tik
-------
valpolicella|val.la
-------
valvuloplastie|val.plas.ti
-------
vancomycine|vɑ̃.mi.sin
-------
varheure|vaʁ.tyʁ
-------
varicelliforme|va.ʁis.fɔʁm
-------
variolite|va.lit
-------
variolée|va.le
-------
variqueuse|va.køz
-------
variure|va.tyʁ
-------
vasogénique|va.zo.nik
-------
vaudouisme|vo.du.lism
-------
veinette|vɛn.nɛt
-------
velot|lu.mɑ̃
-------
velouteuse|lu.tøz
-------
velvote|vɛʁ.-------
venante|vɑ̃.nɑ̃t
-------
ventileuse|vɑ̃.løz
-------
ventosité|vɑ̃.te.zi
-------
verbomanie|vɛʁ.ma.ni
-------
vergetière|vɛʁ.tjɛʁ
-------
verrucosité|ʁy.te.zi
-------
verticilliose|vɛʁ.-------
vertébrothérapie|vɛʁ.pi.ʁa.te
-------
vervelle|vɛʁv.vɛl
-------
verviétoise|vɛʁ.twaz
-------
vespertilion|ljɔ̃
-------
vespiste|vɛʁ.pist
-------
vessigon|vɛʁ.ɡɔ̃
-------
veuglaire|lɛʁ
-------
veveysanne|-------
victimologue|vik.lɔɡ
-------
vidienne|vi.djɛn
-------
vidoir|vi.dwaʁ
-------
vidrecome|vi.kom
-------
vidure|vi.dyʁ
-------
vidéothécaire|vi.de.o.kɛʁ
-------
vielliste|vi.list
-------
vignot|vi.no
-------
vigousse|vi.-------
vilayet|vi.mɑ̃
-------
vilipendage|vi.daʒ
-------
vilipendeuse|vi.døz
-------
villafranchien|vil.la.-------
villagisation|vil.la.sjɔ̃
-------
vinblastine|vɛ̃.tin
-------
vinifère|vi.fɛʁ
-------
vinylidénique|vi.nik
-------
viride|vi.ʁid
-------
virolier|vi.lje
-------
virtuosisme|viʁ.lism
-------
viseuse|vi.søz
-------
visonnière|vi.zɔ̃.njɛʁ
-------
vitrectomie|vitʁ.mi
-------
vitroplant|vi.plɑ̃
-------
vitropression|vi.pʁɛ.sjɔ̃
-------
vitruvienne|vi.vjɛn
-------
vivoir|vi.vwaʁ
-------
vogelpik|vɔ.-------
voilement|vwal.mɑ̃
-------
volailleuse|vɔ.laj.jøz
-------
voluptuaire|vɔ.tɥɛʁ
-------
vomito|vɔ.to
-------
vomérienne|vɔ.ʁjɛn
-------
vousseau|vu.so
-------
vouvray|vɔ.-------
voïvodat|vɔ.da
-------
voïvode|vɔ.-------
vreneli|li
-------
vrillante|jɑ̃t
-------
vrillement|vʁij.mɑ̃
-------
vuvuzela|vyl.la
-------
vénéfice|ve.fis
-------
vérifieuse|ve.-------
vérétille|ve.tij
-------
vétérance|ve.ʁɑ̃s
-------
wai|
-------
wallingante|wɔːl.ɡɑ̃t
-------
wargame|ɡam
-------
watergang|wa.-------
wateringue|wa.-------
webmestrie|wɛb.me.tʁi
-------
welwitschia|-------
weyr|te
-------
wiccane|kan
-------
wicca|ka
-------
willémite|mit
-------
windsurf|sœʁf
-------
wolophiser|li.ze
-------
wormien|sjɔ̃
-------
wurtzite|wu.-------
www|
-------
xanthate|ɡzɑ̃.fat.fɔs
-------
xanthogénate|ɡzɑ̃.nat
-------
xanthogénique|ɡzɑ̃.nik
-------
xanthélasma|ɡzɑ̃.ma
-------
xiloïdine|din
-------
ximenia|nja
-------
xingyiquan|-------
xinyiliuhequan|-------
xyloglucane|ɡzi.lɔ.kan
-------
xylopia|ɡzi.lɔ.-------
xénotime|ɡze.tim
-------
xénotransplantation|plɑ̃.sjɔ̃.ta
-------
xénélasie|ɡze.pla.zi
-------
yeomanry|jo.man.ʁi
-------
yersinia|nja
-------
yersiniose|-------
ylangs-ylangs|-------
yoyette|jɛt
-------
yuppie|pi
-------
zakât|mɑ̃
-------
zazoue|-------
zeitnot|no
-------
zemstvo|-------
zidovudine|din
-------
zoanthaire|lɛʁ
-------
zonoèdre|zo.ɛdʁ
-------
zoopsie|zɔ.si
-------
zwinglianisme|lja.nism
-------
zygopetalum|zi.-------
zygotique|zi.tik
-------
zûner|ne
-------
µR|-------
µas|
-------
Ångström|-------
Églantine|tin
-------
Élias|e.-------
Éliette|e.li.-------
Éline|e.-------
Élyott|e.-------
Épictète|e.-------
Éram|e.-------
Ésaïe|-------
Étang-Salé|e.-------
Étiennette|e.tjɛn.nɛt
-------
Éveline|e.lin
-------
Ézéchias|-------
ásatrú|-------
ægosome|zom
-------
æschnidé|de
-------
ébouriffage|e.faʒ
-------
éburonne|e.-------
échafaudeuse|e.ʃa.fo.døz
-------
écharneuse|e.nøz
-------
échevèlement|e.mɑ̃
-------
échinocactus|e.ki.nɔ.tys
-------
éclairagisme|e.klɛ.ʒism
-------
éclogite|e.ʒit
-------
écorchage|e.kɔʁ.ʃaʒ
-------
écrivaillée|e.kʁi.je
-------
égalitairement|e.ɡa.li.tɛʁ.mɑ̃
-------
égressive|e.ɡʁə.siv
-------
élasticimétrie|e.me.tʁi
-------
élatéridé|e.de
-------
élicitine|e.tin
-------
élicitrice|e.tʁis
-------
élutriateur|e.ly.tœʁ
-------
éminatie|e.ti
-------
énarquienne|e.-------
énergéticienne|e.nɛʁ.ʒe.sjɛn
-------
énonçable|e.nɔ̃.sabl
-------
épaississeur|e.sœʁ
-------
épeirogénique|e.nik
-------
éphéméroptère|e.fe.tɛʁ
-------
épichlorhydrine|e.pi.dʁin
-------
épidermomycose|e.pi.koz
-------
épidermophytie|e.pi.fi
-------
épidémiologiquement|de.e.pi.mɑ̃
-------
épipodite|e.pi.dit
-------
épirogénique|e.pi.nik
-------
épisclérite|e.pis.ʁit
-------
épistasique|e.pis.zik
-------
épithélioïde|e.pi.id
-------
épongement|e.pɔ̃ʒ.mɑ̃
-------
épousable|e.pu.zabl
-------
époxydée|e.pɔk.si.de
-------
équiprojectivité|e.ki.te.ti.vi
-------
équisétale|e.ki.tal
-------
équisétinée|e.ki.ne
-------
équisétophyte|e.ki.fit
-------
éraillement|e.mɑ̃
-------
érinye|e.-------
érotologique|e.ʁɔ.tɔ.tik
-------
érotologue|e.ʁɔ.tɔ.lɔɡ
-------
érythroblastopénie|e.ʁi.ni.pe
-------
érythrodermie|e.ʁi.dɛʁ.mi
-------
étalonneuse|e.lɔ.ta.jɔ.nøz
-------
étampeuse|e.tɑ̃p.pøz
-------
étanchéiste|e.tɑ̃.ist
-------
éthanoïque|e.ta.ik
-------
éthoxyler|e.tɔ.le
-------
éthyl|e.-------
étymologue|e.ti.lɔɡ
-------
îlotière|i.lo.tjɛʁ
-------
œnotechnie|nɔ.ni
-------
œnotechnique|nɔ.nik
-------
œsophagomalacie|fa.zɔ.si
-------
œsophagoplastie|fa.zɔ.plas.ti
-------
œstradiène|djɛn
-------
œstrogénothérapie|pi.ʁa.te
-------
