abandonnisme|a.bɑ̃.dɔ.nism.
-------
abillot|a.lo.
-------
ablutiomanie|a.bly.sjɔ̃.ma.ni.
-------
abomber|a.bɔ.mi.bɛʁ.
-------
abottée|a.bo.te.
-------
abouteuse|a.bu.tøz.
-------
absorptiométrie|ap.sɔʁp.sjɔ̃.me.tʁi.
-------
absorptive|ap.sɔ.ly.tiv.
-------
absurdisme|ap.syʁ.di.dism.
-------
absurdiste|ap.syʁ.di.dist.
-------
acariasis|a.ka.fɑ̃.tja.zis
-------
acatalasémie|a.ka.se.mi.
-------
accoupleuse|a.kupl.løz
-------
acoumastique|a.ku.tik.
tik.
-------
acrodermatite|a.kʁɔ.di.dɛʁ.ma.tit.
-------
acrosomiale|a.kʁo.zo.al.
-------
acrylonitrile|a.kʁi.to.ni.tʁil
-------
actigramme|ak.ti.ɡʁam.
-------
actéon|ak.te.e.ɔ̃.
-------
acylation|a.sil.li.za.sjɔ̃.
-------
acyltransférase|a.sil.ʁaz.
-------
acésulfame|a.se.-------
acétabulaire|a.se.tal.ta.by.lɛʁ.
-------
acétanilide|a.se.tal.id.
-------
acétocellulose|a.se.tɔ.se.ly.lɔz.
-------
acétophénone|a.se.tɔ.nɔn.
-------
acétylcellulose|a.se.til.se.ly.lɔz.
-------
acétylcoenzyme|a.se.til.ɑ̃.zim.
-------
addisonienne|a.di.njɛn.
-------
adelphophagie|a.dɛlf.lɔ.ʒi.
-------
adeptat|a.dɛpt.ta
-------
adiabaticité|a.dja.ba.bi.li.te.
-------
adique|a.di.tik.
-------
adlérienne|te.ʁjɛn
-------
adlérisme|ʁism.
-------
adustible|a.dy.tibl
-------
adénomectomie|a.de.nom.tɔ.mi.
-------
adénosarcome|a.de.nɔ.saʁ.kom.
-------
affileuse|a.fi.le.løz.
-------
affûtoir|a.fy.twaʁ
-------
afrikaander|a.fʁi.kans.de.
-------
agamospermie|a.ɡa.tɛʁ.mi.
-------
agars-agars|a.ɡaʁ.aʁ.
-------
agglutinement|a.ɡly.ti.mɑ̃.
-------
agglutinogène|a.ɡly.ti.ʒɛn.
-------
agnosique|a.ɡno.zi.tik.
-------
agrarisme|a.ɡʁa.ʁjɛn.ta.ʁism.
-------
agrippante|a.ɡʁi.pɑ̃t.
-------
agrophysiologie|a.ɡʁɔ.tɔ.lɔ.ʒi.
-------
agropyrum|a.ɡʁɔ.ʁɔm
-------
agroressource|a.ɡʁɔ.ʁə.suʁs.
-------
aides-éducateurs|ɛd.swa.-------
aides-éducatrices|ɛd.swa.-------
aiguilleteuse|ɛ.ɡɥij.tøz.
-------
alcaptonurie|al.kɔ.ʁi.
-------
algale|al.ɡa.ɡal.
-------
algonkine|al.ɡɔ̃.kin
-------
algérianisme|al.ʒe.ʁjɛn.nism.
-------
alicot|a.li.ko
-------
alicyclique|a.li.si.klik.
-------
aligneuse|a.li.nøz.
-------
alismacée|a.lism.se.
-------
alkylante|al.ki.lɑ̃.ɑ̃t.
-------
alloc|a.lɔ.blɔk
-------
allométrie|a.lɔ.mɔʁf.me.tʁi.
-------
allométrique|a.lɔ.mɔʁf.me.tʁik.
me.tʁik.
-------
allurée|a.lyʁ.y.ʁe.
-------
alternostat|al.tɛʁ.ma.nɔ.sta
-------
alvéoloplastie|al.ve.ɔ.plas.ti.
-------
ambrienne|ɑ̃.ʁjɛn
-------
amenage|a.mɛn.naʒ.
-------
amenokal|a.mɛn.-------
amidure|a.mi.dɔ.dyʁ.
-------
amination|a.mi.li.za.sjɔ̃.
-------
aminer|a.mi.ne.
-------
aminobutyrique|a.mi.nɔ.by.ti.ʁik.
-------
ammoniotélique|a.mɔ.lik.
-------
ammoniurie|a.mɔ.njɔm.ʁi.
-------
amorphisme|a.mɔʁf.mɔʁ.fism.
-------
amorçable|a.mɔʁ.saʒ.abl.
-------
amphibienne|ɑ̃.fi.bi.mi.bjɛn
-------
amphistome|ɑ̃.fi.stɛʁ.tɔm.
-------
amphotéricine|ɑ̃.fɔ.tɛʁ.ʁi.sin.
-------
amplis-syntoniseurs|ɑ̃.pli.-------
amplis-tuners|ɑ̃.pli.ɛʁ.
-------
amylacée|a.mi.laz.se.
-------
aménokal|a.me.nɔ.-------
anacardiacée|a.na.kaʁ.se.
-------
anamorphoseur|a.na.mɔʁ.zœʁ
-------
anamostoser|a.na.mɔʁ.li.ze.
-------
anaphylactoïde|a.na.fi.id.
-------
anatopisme|a.na.tɔ.y.tɔ.pism
-------
androconie|ɑ̃.se.ni.
-------
andrologique|ɑ̃.dʁɔ.lɔ.lɔ.ʒik.
-------
androlâtre|ɑ̃.dʁɔ.lɑ.ɑtʁ.
-------
angiologue|ɑ̃.ʒjɔ.lɔ.lɔɡ.
-------
angiomatose|ɑ̃.ʒjɔm.ma.toz.
-------
angoisseuse|ɑ̃.ɡwas.søz.
-------
anguleusement|ɑ̃.ɡy.løz.mɑ̃.
-------
anhypothétique|a.ni.te.tik.
-------
anionique|a.njɔ̃.nik.
-------
aniridie|ɑ̃.di.
-------
annoncière|a.nɔ̃.sja.ɛʁ.
-------
anomérique|a.nɔ.ʁik.
-------
anonacée|ɑ̃.se.
-------
anorthosite|a.nɔʁ.sit.
-------
antennate|ɑ̃.tɛ.nat
-------
anthoméduse|ɑ̃.tɔ.me.dyz.
-------
anthracosilicose|ɑ̃.tʁa.koz.si.li.koz.
-------
anthropomorphiquement|ɑ̃.tʁɔ.pɔ.mɑ̃.
mɑ̃.
-------
anthropotechnie|ɑ̃.tʁɔ.pɔ.ni.
-------
anthropotechnique|ɑ̃.tʁɔ.pɔ.tɛk.nik.
-------
antibrouillée|ɑ̃.ti.bʁu.le.
-------
antihermitienne|ɑ̃.ti.ɛʁ.mi.sjen.
-------
antiholomorphe|ɑ̃.ti.ɔ.mɔʁf.
-------
antillanisme|ɑ̃.ti.jɛz.nism.
-------
antilocapridé|ɑ̃.ti.lɔ.de.
-------
antimalarique|ɑ̃.ti.maʁ.fa.la.ʁik
-------
antinaupathique|ɑ̃.ti.na.no.pa.tik.
-------
antiplaquettaire|ɑ̃.ti.plak.ʒi.teʁ.
-------
antiproliférative|ɑ̃.ti.pʁɔ.ʁa.tiv.
ta.tiv.
-------
antiséparatif|ɑ̃.ti.se.tif.
-------
antitrypsine|ɑ̃.ti.tʁəst.mɔ.tʁip.sin
-------
antébrachiale|ɑ̃.te.bʁa.kjal.
-------
anéjaculation|li.za.sjɔ̃.
-------
anérection|a.ne.ʁɔ.za.sjɔ̃.
-------
aphodius|a.fɔ.li.bʁi.jys
-------
apocalyptiquement|a.pɔ.ka.lip.tik.mɑ̃.
-------
apocynacée|a.pɔ.se.
-------
apoenzyme|a.pɔ.ɑ̃.zim.
-------
apolipoprotéine|a.pɔ.li.pʁɔ.te.in.
-------
apoptotique|a.pɔ.tik.
-------
apostériorité|a.pɔs.bi.li.te.
-------
appropriable|a.pʁɔ.pʁi.abl.
-------
appréciablement|a.pʁe.sjabl.mɑ̃.
-------
appuie-livres|a.pɥi.without_span.uniq.withoutA-Z
-------
arachidonique|a.ʁak.nik.
-------
aranéomorphe|a.ʁa.ne.mɔʁf.
-------
archentéron|aʁʃ.dø.te.ʁɔ̃
-------
archéozoïque|aʁk.ɔ.zɔ.ik
-------
argenteuse|aʁ.ʒɑ̃.tøz.
-------
armurée|aʁ.myʁ.y.ʁe.
-------
aromatase|a.ʁɔ.ma.taz
-------
arpigner|aʁ.pjɔ̃.ne.
-------
arsenite|aʁ.sə.nit.
-------
articlier|aʁ.ti.ky.lje.
-------
artinienne|aʁ.ti.njɛn.
-------
asclépiadacée|as.kle.pjad.se.
-------
ascochyta|as.kɔ.ta
-------
aspergès|asp.-------
asphaltène|as.fal.tɛn
-------
assa-fœtida|a.sa.da
-------
assidéenne|a.si.dy.de.ɛn
-------
astralement|as.tʁal.mɑ̃.
-------
astéréognosie|as.te.ɡno.zi.
-------
atellane|a.tə.lje.mɔ.zɛ.lan
-------
athéophobe|a.te.o.fɔb.
-------
athéophobie|a.te.o.fɔ.bi.
-------
atm|at.mɔs.
-------
atractyligénine|a.tʁa.nin
-------
atrière|a.tʁɔ.ɛʁ.
-------
atrophiante|a.tʁɔ.ɑ̃t.
-------
atropinique|a.tʁɔ.pin.i.nik.
-------
atteloire|a.tɑ̃.iʁ.
-------
attristement|a.tʁis.te.mɑ̃.
-------
auberon|ob.ʁɔ̃
-------
audioguidée|o.djo.ɡid.de.
-------
audiotypiste|o.djo.tɛks.pist.
-------
augustement|o.ɡyst.mɑ̃.
-------
autologue|ɔ.to.li.lɔɡ.
-------
autoprotolyse|o.tɔ.pʁɔ.pʁo.to.liz.
-------
autopsique|o.to.bjɔp.sik
-------
autos-couchettes|o.to.2
-------
autos-patrouilles|o.to.ɔm.ɡʁə.nuj
-------
autoévaluante|ɔ.to.e.ɑ̃t.
ɑ̃t.
-------
autoïque|ɔ.to.stɔ.ik
-------
auxiliariat|si.ta.ʁja.
-------
avalancheuse|a.va.lɑ̃ʃ.ʃøz.
-------
averdonaise|a.vɛʁ.ɛz.
-------
avipelvien|a.vi.-------
avirulence|a.vi.ʁɔ̃.lɑ̃s.
-------
aviveuse|a.vi.vøz.
-------
axopode|ak.pɔd.
-------
aérenchyme|a.e.ʁe.ʃim.
-------
bacitracine|bak.ʁa.sin.
-------
bactériochlorophylle|bak.te.ʁjɔ.klɔ.ʁɔ.fil.
-------
bactériocine|bak.te.ʁjɔ.si.tɔ.sin
-------
baddeleyite|ba.lit
-------
bafoueuse|ba.fwe.køz
-------
baguazhang|ba.ɡaʒ.-------
baguiste|ba.ɡje.ɡist
-------
baha'ie|ba.hɑ.ʒi
-------
baha'isme|ba.hɑ.lism
-------
bailecito|baj.to.
-------
baligander|bal.de.
-------
baloutchi|ba.lutʃ.ki.
-------
balter|bal.te.
-------
balénoptère|bal.ɛʁ.
-------
banachique|bɑ̃.ʃik.
-------
bancheuse|bɑ̃ʃ.ʃøz.
-------
banqueteuse|bɑ̃k.te.tøz.
-------
barocepteur|baʁ.tœʁ.
-------
barocline|baʁ.klin
-------
barogramme|baʁ.ɡʁam.
-------
barotrope|baʁ.tʁɔp.
-------
barrémienne|ba.mjɛn.
-------
baryogenèse|ba.ʒə.nɛz.
-------
basochienne|ba.zɔʃ.ʃjɛn.
-------
batholite|ba.ti.lit.
-------
batholithe|ba.ti.lit.
-------
batésienne|ba.sjɛn.
-------
baxter|ba.te.
-------
baylienne|bajl.ljɛn
-------
becquer|bɛ.ke.
-------
bedonnement|bə.dɔ̃.mɑ̃.
-------
bedonner|bə.dɔ̃.sjɔ.ne.
-------
behaviouriste|a.vjɔ.ʁist.
-------
bennage|bɛ̃.naʒ.
-------
benzaldéhyde|bɛ̃.al.de.id.
-------
benzalkonium|bɛ̃.njɔm.
-------
benzonitrile|bɛ̃.zɔ.to.ni.tʁil
-------
berginisation|bɛʁ.li.za.sjɔ̃.
-------
bergsonisme|bɛʁɡ.sɔ.njɛn.nism.
-------
bessemer|bə.sə.me.
-------
beugleuse|bø.ɡløz
-------
beurouette|bœʁ.ʁu.ɛt.
-------
bhakti|bu.ta.nɛz.ti
-------
bharatanatyam|-------
biangle|bi.a.nɥɛl.ɑ̃ɡl.
-------
bibarder|bi.de.
-------
bibliologique|bi.bljɔ.lɔ.lɔ.ʒik.
-------
bibliologue|bi.bljɔ.lɔ.lɔɡ.
-------
bibliotechnicienne|bi.bli.jɔ.tɛk.ni.sjɛn.
-------
biblio|bi.bli.jɔ.ljo
-------
bicolorié|bi.kɔ.lɔʁ.e.ʁje
-------
bidegré|bid.də.ɡʁe.
-------
biglouser|bi.li.ze.
-------
bignoniacée|bi.ɲɔl.se.
-------
bignonia|bi.ɲɔl.nja
-------
bigrer|bi.ʁe.
-------
bigèbre|bi.al.ʒɛbʁ
-------
biholomorphe|bi.o.ʁo.mɔʁf.
-------
biholomorphisme|bi.o.ʁo.mɔʁ.fism.
mɔʁ.fism.
-------
bijuridisme|bi.ʒu.dism.
-------
bilharziose|bi.laʁ.zi.oz.
-------
biligénie|bi.ʒe.ni.
-------
bilirubinémie|bi.li.ʁy.se.mi.
-------
billbergia|bil.lɔ.dʒja
-------
bimesurable|bi.mɛstʁ.abl.
-------
bimodule|bi.mɔ.dal.mo.dyl.
-------
binodale|bi.nɔ.dal.
-------
biocœnose|bjɔ.oz.
-------
biolubrifiant|bjɔ.lɔ.dɑ̃.ti.fjɑ̃
-------
biotrophe|bjɔ.tʁɛt.mɑ̃.tʁɔf
-------
birationnelle|bi.ʁe.ʁa.sjɔ.nɛl.
-------
biscottière|bis.kɔ.tjɛʁ.
-------
biseauteuse|bi.zɔ.te.tøz.
-------
bisimpliciale|al.
-------
bissexualité|bi.sɛk.bi.li.te.
-------
bisulfitique|bis.tik.
-------
bivitelline|bi.te.lin.
-------
bizuter|bi.zy.te.
-------
blaguounette|bla.nɛt.
-------
blastopore|blas.tɔ.pɔʁ.
-------
blastoïde|blas.tɔ.id.
-------
bledarde|blɛd.daʁd
-------
bleuetier|blø.ɛ.tjɛʁ.tje
-------
blindicide|blɛ̃.sid.
-------
blottissement|blɔ.tiʁ.mɑ̃.
-------
blutiner|bly.ne.
-------
bocarder|bɔ.kaʁ.de.
-------
bodybuildeuse|bɔ.di.døz.
-------
bonifiante|bɔ̃.ɑ̃t.
-------
bordeuse|bɔʁ.døz.
-------
bordisme|bɔʁ.dism.
-------
bordureuse|bɔʁ.dyʁ.ʁøz
-------
bornologie|bɔʁ.tɔ.lɔ.ʒi.
-------
borough|bɔʁ.ʁœf.
-------
borraginacée|bɔʁ.se.
-------
boskoop|bɔs.-------
boucholeuse|bu.løz.
-------
bouchonnière|bu.ʃɔ.ɛʁ.
-------
bouddhologue|bu.dɔ.lɔ.lɔɡ.
-------
bouffir|bu.fi.fiʁ
-------
bouillage|bu.jaʒ.
-------
bouillotter|bu.jɔt.te.
-------
bouletée|bul.te.
-------
boulonneuse|bu.lɔ.nøz.
-------
bourgeoisiale|buʁ.ʒwa.al.
-------
bourrellement|buʁ.mɑ̃.
-------
bourrinage|bu.ʁɛ̃.naʒ.
-------
bousculement|bus.ky.le.mɑ̃.
-------
boustifailler|bus.ti.faj.je.
-------
boutante|bu.tɑ̃t.
-------
boxonner|bɔk.sɔ̃.sjɔ.ne.
-------
brachiocéphalique|bʁa.kjo.se.fa.lik.
-------
braillante|bʁa.jaʁd.ɑ̃t.
-------
branlage|bʁɑ̃.lɑ̃t.aʒ.
-------
braseuse|ze.zøz
-------
bricolable|bʁi.kɔ.laʒ.abl.
-------
brigadeiro|bʁi.ɡad.mi.ʁo
-------
bringuebalement|bʁɛ̃ɡ.ba.mɑ̃.
-------
brinquebalement|bʁɛ̃k.ba.le.mɑ̃.
-------
briocher|bʁi.jɔʃ.ʃe.
-------
briqueteuse|bʁik.tøz.
-------
broadcaster|bʁɔ.te.
-------
bronchiectasie|bʁɔ̃.kɔ.ɛk.ta.zi.
-------
bronchioloalvéolaire|bʁɔ̃.kɔ.al.ve.o.lɛʁ.
-------
bronchiteuse|bʁɔ̃.ʃit.tøz.
-------
bronchoconstriction|bʁɔ̃.kɔ.za.sjɔ̃.
-------
brouilleuse|bʁuj.jøz.
-------
brownienne|bʁɔ.njɛn
-------
bruineuse|bʁɥi.ne.nøz.
-------
brutisme|bʁy.ta.tism.
-------
bréchique|bʁe.ʃɛ.ʃik.
-------
brélésienne|bʁe.sjɛn.
-------
brévétoxine|bʁe.vi.tɔk.sin.
-------
bulb-keel|byl.-------
burgaudine|byʁ.ɡo.din.
-------
burineuse|by.ʁɛ̃.nøz.
-------
buronnière|by.ʁɔ̃.ɛʁ.
-------
burséracée|byʁ.sit.se.
-------
buselure|byz.yʁ.
-------
butanal|by.ta.nal
-------
butanée|by.ta.ne.
-------
buxacée|by.se.
-------
bâtissable|bɑ.sabl.
-------
bénéf|be.ne.-------
bérimbau|be.ʁi.be.bo.
-------
bêbête|bɛ.bɛt.
-------
bûchage|by.ʃaʒ.
-------
cP|kɔ̃.-------
cSt|kɔ̃.mɑ̃
-------
cadenassage|kad.na.sabl.saʒ.
-------
cadrante|ka.dʁɑ̃.ɑ̃t.
-------
caissonnée|kɛ.sɔ̃.ne.
-------
calcitriol|kal.si.tʁjɔl.
-------
calcosodique|kal.sɔ.dik.
-------
calière|kal.ɛʁ.
-------
calorescence|kal.sɑ̃s.
-------
calvadosienne|kal.va.sjɛn.
-------
camarine|ka.ma.ʁi.ma.ʁin.
-------
camionneuse|kɑ̃.nøz.
-------
camouflante|kɑ̃.ɑ̃t.
-------
camoufleur|kɑ̃.flœʁ.
-------
cancérophobie|kɑ̃.se.ʁɔ.fɔ.bi.
-------
cancéropole|kɑ̃.se.ʁɔ.pɔl.
-------
cannabinacée|ka.na.bi.se.
-------
canyoniste|ka.ɲɔ.nist.
-------
caoutchoutière|ka.ʃu.tjɛʁ.
-------
capacimètre|kap.mɛtʁ.
-------
capacitiste|kap.tist.
-------
capillotracter|ka.pi.la.tʁak.te.
-------
caproïque|ka.kʁɔ.ik
-------
capsicum|kap.sid.se.kɔm
-------
caractérologique|ka.ʁak.te.lɔ.ʒik.
-------
carbohémoglobine|kaʁ.bɔ.e.mɔ.ɡlɔ.bin.
-------
carboxamide|kaʁ.bɔk.si.a.mid.
-------
carburière|kaʁ.by.ɛʁ.
-------
carbutamide|kaʁ.by.a.mid.
-------
carcinose|kaʁ.si.nɔ.oz.
-------
cardamone|kaʁ.da.mɔm.mɔn
-------
carfentanyl|kaʁ.be.ʁil
-------
carpettière|kaʁp.tjɛʁ.
-------
carreautée|kaʁ.te.
-------
cartellaire|kaʁt.ɛʁ.
-------
carvacrol|kaʁ.vi.ʁɔl
-------
cary|kaʁ.a.ʁja.ʁi
-------
casamançaise|ka.za.ɛz.
-------
casquante|kas.ɑ̃t.
-------
casquettière|kask.tjɛʁ.
-------
castrer|kas.tʁe.
-------
catachrétique|ka.ta.kʁɛz.tik.
-------
cataclysmale|ka.ta.al.
-------
catagenèse|ka.ta.ʒɛn.ʒə.nɛz.
-------
cataméniale|ka.ta.ma.al.
-------
cathepsine|ka.ta.sin
-------
cathodoluminescence|ka.to.ly.mi.ne.sɑ̃s.
-------
catégoriale|ka.te.ɡɔ.al.
-------
caudine|ko.din.
-------
caveuse|kav.vøz.
-------
cd|kɔ̃.-------
cedrela|sɑ̃.la
-------
cellobiose|sɛl.oz.
-------
cellophaneuse|se.ly.nøz.
-------
cellophanée|sɛl.ne.
-------
cellulase|sɛl.laz
-------
celtisme|sɛl.ti.zɑ̃t.tism.
-------
centipoise|sɑ̃.ti.pwaz.
-------
centromérique|sɑ̃.tʁo.mɛʁ.ʁik.
-------
centésimale|sɑ̃.al.
-------
cervicite|sɛʁ.vi.kal.sit.
-------
cgr|kɔ̃.te
-------
chaabi|ʃa.bi
-------
chafiite|ʃa.ʃi.it
-------
chaloupement|ʃa.lup.mɑ̃.
-------
chamoiseuse|ʃɑ̃.wa.zøz.
-------
chancrelle|ʃɑ̃kʁ.ɛl.
-------
chanfreineuse|ʃɑ̃.fʁɛ̃.fʁɛ.nøz.
-------
chaosienne|ʃa.sjɛn.
-------
charlater|ʃaʁ.la.te.
-------
chawer|ʃa.tɛʁ.vju.vœʁ
-------
chaîneuse|ʃɛn.nøz.
-------
check-list|ʃə.plɛ.list
-------
cheiroptère|ʃɛʁ.ɛʁ.
-------
chevau-léger|ʃə.ʒe.
-------
chevaucheuse|ʃə.ʃøz.
-------
chevillarde|ʃə.vi.jaʒ.jaʁd.
-------
chimiolithotrophe|ʃi.mjo.ly.tʁɔf
-------
chiperie|ʃi.pe.ʁi.
-------
chitosan|ki.tɔ̃.ʁil.sɑ̃
-------
chloramine|klɔ.ʁa.a.min.
-------
chlorobenzène|klɔ.ʁɔ.bɛ̃.zɛn.
-------
chlorpromazine|klɔ.a.zin.
-------
choanocyte|kɔ.an.sit.
-------
choisisseuse|kɔ.søz.
-------
cholinestérasique|kɔ.lin.stə.zik
-------
cholécystotomie|kɔ.le.si.tɔ.mi.
tɔ.mi.
-------
chondrichtyen|kɔ̃.dʁɔ.jɛn.
-------
chondriosome|kɔ̃.dʁɔ.zom
-------
chondromatose|kɔ̃.dʁɔ.ma.toz.
-------
chorio-épithéliome|kɔ.ʁjɔ̃.te.liom
-------
chorioméningite|kɔ.ʁjɔ̃.me.nɛ̃.ʒit.
-------
chorioépithéliome|kɔ.ʁjɔ̃.te.liom
-------
christocentrisme|kʁist.sɑ̃.tʁism.
sɑ̃.tʁism.
-------
chronaxie|kʁɔ.nɔ.si.
-------
chronaxique|kʁɔ.nɔ.tik.
-------
chrysanthémique|kʁi.zɔ.mik.
mik.
-------
chrysothérapie|kʁi.zɔ.til.te.ʁa.pi.
-------
chutney|ʃy.nɛ
-------
châtelperronienne|njɛn.
-------
chénodésoxycholique|ke.nɔ.lik.
-------
cinétisme|si.ne.tism.
-------
circalittorale|siʁ.ka.li.tɔ.ʁal.
-------
cisailleuse|si.zɑj.jøz.
-------
citernière|si.tɛʁn.njɛʁ.
-------
cladocère|kla.dɔ.ɛʁ.
-------
claveleuse|kla.və.le.løz
-------
clienter|kli.jɑ̃.te.te.
-------
clinopyroxène|klɛ̃.pi.ʁɔk.sɛn.
-------
clinozoïsite|klɛ̃.zɔ.i.zit.
-------
clivante|kli.ɑ̃t.
-------
cliveuse|kli.ve.vøz.
-------
clomifène|klɔ.mɔ.ksi.fɛn
-------
clomiphène|klɔ.fɛn
-------
clostridiale|klɔ.al.
-------
clusiacée|se.
-------
cléchée|kle.ʃe.
-------
cnidocil|kni.do.blast.sil.
-------
cnidocyste|kni.do.blast.tɔ.sist
-------
cnidosporidie|kni.do.blast.di.
-------
coagglutination|kɔ.a.ɡy.li.za.sjɔ̃.
-------
cocaliser|kɔ.ka.li.ze.
-------
cochampionne|kɔ.pjɔn.
-------
cochaîne|kɔ.ʃɛn.
ʃɛn.
-------
cocréancière|kɔ.ɛʁ.
-------
codable|kɔ̃.abl.
-------
codéveloppement|kɔ.de.mɑ̃.
-------
cogouvernance|ɡu.vɛʁ.nɑ̃s
-------
cohomologique|ko.o.mo.lɔ.ʒik.
-------
cokéfiante|kɔ.ke.fje.ɑ̃t.
-------
cold-cream|kɔl.37
-------
coliqueuse|kɔl.ti.køz
-------
colitigante|kɔl.ɑ̃t.
-------
collaborationnisme|kɔ.la.bɔ.ʁa.sjɔ̃.sjɔ.nism.
-------
collagraphie|kɔ.la.ɡʁa.fi.
-------
collenchyme|kɔl.ʃim.
-------
colossienne|kɔ.sjɛn.
-------
colzatière|kɔl.za.tjɛʁ.
-------
commettante|kɔ.mɛ.taʒ.tɑ̃t.
-------
commissurotomie|kɔ.mi.tɔ.mi.
-------
commuable|kɔm.abl.
-------
communicologue|kɔ.my.ni.lɔɡ.
-------
comourant|kɔm.mɑ̃.
-------
compatir|kɔ̃.pa.ti.tiʁ.
-------
complexuelle|kɔ̃.plɛk.ɛl.
-------
componctueuse|kɔ̃.pɔ̃k.sjɔ̃.ɔ̃k.tɥøz.
-------
conceptualité|kɔ̃.sɛpt.bi.li.te.
-------
conciliarisme|kɔ̃.si.ta.ʁism.
-------
conciliatoire|kɔ̃.si.lja.ʁa.twaʁ.
-------
concordiste|kɔ̃.kɔʁ.dism.kɔʁ.dist.
-------
condruzienne|kɔ̃.zjɛn
-------
conductimètre|kɔ̃.dyk.mɛtʁ.
-------
conductimétrie|kɔ̃.dyk.me.tʁi.
-------
conducto-convective|kɔ̃.dyk.64188.
tiv.
-------
conduiseuse|kɔ̃.dyk.zøz
-------
confisquer|kɔ̃.fis.ke.
-------
conjungo|kɔ̃.ʒy.ɡo
-------
connétablie|kɔ.ne.tabl.li.
-------
conobrer|kɔ̃.bʁe.
-------
conodale|kɔ̃.nɔ.dal.
-------
conormale|kɔ̃.nɔʁ.mal.
-------
conoyau|kɔ̃.nwa.jo.
-------
constater|kɔ̃s.ta.te.
-------
contagieuse|kɔ̃.ta.ʒjɔ.ʁə.li.ʒjøz
-------
contenante|kɔ̃t.nɑ̃s.tə.nɑ̃t.
-------
contester|kɔ̃.tʁə.te.
-------
contextualité|kɔ̃.tɛk.stɥa.bi.li.te.
-------
contractibilité|kɔ̃.tʁak.bi.li.te.
-------
contractualiste|kɔ̃.tʁak.tɥa.list.
list.
-------
contragestif|kɔ̃.tʁa.tif.
-------
contraignable|kɔ̃.tʁa.nabl.
-------
contrebattre|kɔ̃.tʁə.ʁǝ.batʁ.
-------
coobtention|kɔ.ɔʁ.za.sjɔ̃.
-------
coqueleuse|kɔk.lɛ.løz
-------
coralloïde|kɔʁ.id.
-------
cornouaillaise|kɔʁ.ɛz.
-------
corrigeuse|kɔ.ʁi.ʒøz.
-------
corroyeuse|kɔ.ʁwa.je.jøz.
-------
corrélable|kɔ.ʁe.la.abl.
-------
corticospinale|kɔʁ.ti.kɔ.spi.nal.
-------
cortisonique|kɔʁ.ti.zɔn.nik.
-------
cosolvant|kɔs.mɑ̃.
-------
cotylédonée|kɔ.ti.le.dɔ̃.ne.
-------
court-vêtue|kuʁ.te.ty
-------
couteauner|ku.to.ne.
-------
coutoyer|ku.tɔ.nɛʁ.je.
-------
covecteur|kɔ.tœʁ.
-------
covelline|kɔ.vlit.lin
-------
coésite|kɔ̃.sit.
-------
coûtante|kut.tɑ̃t.
-------
craniectomie|kʁɑ̃.tɔ.mi.
-------
craniopharyngiome|kʁa.njɔ.ʒjɔm
-------
cratonique|kʁa.tɔ̃.nik.
-------
criblière|kʁi.ɛʁ.
-------
cristallogenèse|kʁis.ta.lɔ.ʒə.nɛz.
-------
crocidolite|kʁo.lit.
-------
croisetée|kʁwa.zɛt.te.
-------
croissantière|kʁwa.sɑ̃.tjɛʁ.
-------
croissantée|kʁwa.sɑ̃.te.
-------
cromoglycate|kʁɔ.mɔʁn.si.li.kat
-------
croquine|kʁɔ.ki.kin.
-------
crossoptérygien|kʁɔs.te.ʁi.ʒjɛ̃
-------
crotonisation|kʁɔ.tɔ̃.li.za.sjɔ̃.
-------
crwth|kʁe.-------
crédobaptisme|kʁe.di.ba.tism.
-------
créolisme|kʁe.ɔ.li.lism.
-------
créoliste|kʁe.ɔ.li.list.
list.
-------
crépisseuse|kʁe.pi.pi.søz.
-------
cucuterie|ky.kyʁ.ʁi.
-------
cuiseuse|kɥi.zøz
-------
cuon|ky.ɔ̃.
-------
cupressinée|ky.ne.
-------
cuscutacée|kys.kyt.se.
-------
cyclage|si.klɔ.aʒ.
-------
cyclohexanone|si.klo.a.nɔn.
-------
cycloplégie|si.klɔ.lɔ.ʒi.
-------
cyclosporine|si.klo.klɔ.spɔ.ʁin
-------
cyclotomie|si.klɔ.tu.tɔ.mi.
-------
cyclène|si.klɔ.lɛn
-------
cyhalothrine|tʁin
-------
cylindraxe|si.lɛ̃.aks.
-------
cymrique|si.tik.
-------
cynodonte|si.nɔ.dʁom.dɔ̃t
-------
cyphoscoliose|si.foz.skɔ.ljoz.
-------
cyprotérone|si.ste.ʁɔn
-------
cypéracée|si.se.
-------
cystoscopique|sis.tɔs.kɔ.pik.
-------
cystostomie|sis.tɔs.tɔ.mi.
tɔ.mi.
-------
cytobactériologique|lɔ.ʒik.
-------
cytochrome|si.tɔ.kʁom.
-------
cytodiérèse|si.tɔ.djaɡ.dje.ʁɛz.
-------
cytosolique|si.tɔ.sɔl.lik.
-------
cégotter|se.te.
-------
célébrante|se.le.bʁɑ̃t.
-------
cémentite|se.mɑ̃.aʁ.ʒɑ̃.tit
-------
cérébrovasculaire|se.ʁe.bʁɔ.vas.ky.lɛʁ.
-------
césalpiniacée|se.za.se.
-------
cézannienne|ʁi.ma.njɛn
-------
cœliochirurgie|se.ljos.ko.ʃi.ʁyʁ.ʒi.
-------
cœlioscope|se.ljos.ko.ɔp.
-------
cœlioscopique|se.ljos.ko.pik.
-------
cœlostat|se.ta
-------
cœnesthésie|se.ɛs.te.zi.
-------
cœurse|kœʁ.-------
dB|de.-------
dacryoadénite|da.kʁi.jɔ.a.de.nit.
-------
dalembertienne|da.lo.tjɛn.
-------
dantoniste|dan.nist.
-------
dast|da.zjyʁ.st
-------
datographe|da.ɡʁaf.
-------
denteleuse|dɑ̃t.le.løz
-------
dentinome|dɑ̃.ti.nɔm.
-------
dermopharmacie|dɛʁ.ma.tɔ.faʁ.ma.si.
-------
dermopuncture|dɛʁ.ma.tɔ.tyʁ.
-------
desmodontite|de.ʁjɔ.dɔ̃.tit
-------
dessalinisation|dɛ.li.za.sjɔ̃.
-------
dessicant|de.si.ka.mɑ̃.
-------
deutérocanonique|dø.te.ʁɔ̃.nik.
-------
deutéronomique|dø.te.ʁɔ̃.kɔ.nɔ.mik.
-------
dextrinisation|dɛks.tʁin.li.za.sjɔ̃.
-------
dgr|de.te
-------
diacétylmorphine|dja.mɔʁ.fin.
-------
diamorphine|dja.mɔʁ.fin.
-------
diaphysaire|dja.fiz.ɛʁ.
-------
diathermie|dja.tɛʁ.mi.
-------
diathermique|dja.tɛʁ.mik.
-------
diazane|dja.zan
-------
diazoïque|dja.zɔ.ik
-------
diazène|dja.bɛ̃.zɛn
-------
dibasique|di.tik.
-------
dicentra|di.tʁa
-------
didot|di.dɔn.dɔt.
-------
diffractogramme|di.fe.ɡʁam.
-------
digipuncture|di.ʒi.tyʁ.
-------
dimissoriale|di.mi.swaʁ.al.
-------
diméthylaniline|di.me.tʁɔ.a.ni.lin.
-------
diméthylmercure|di.me.tʁɔ.mɛʁ.kyʁ.
-------
dinitration|di.li.za.sjɔ̃.
-------
dinitrile|di.to.ni.tʁil
-------
dinoflagellé|di.nɔ.le
-------
diodique|di.dik.
-------
dione|djɔ.fɔn
-------
diphonique|di.fɔs.nik.
-------
dipneumonée|dip.nøst.ne.
-------
dipsacée|di.se.
-------
discompteuse|dis.kɔ̃t.kɔ̃.tøz.
-------
discounteur|dis.kunt.tœʁ.
-------
discuputer|dis.ky.te.
-------
disilane|dis.si.lan.
-------
dismutase|dis.my.ta.staz
-------
disodique|dis.dik.
-------
dispatcheuse|dis.pa.tʃe.ʃøz.
-------
dispersante|dis.pɛʁ.sabl.ɑ̃t.
-------
dispersive|dis.pɛʁ.siv.
-------
disubstituée|dis.pʁɔs.ti.tɥe
-------
dittographie|di.ɡʁa.fi.
-------
divulguable|di.vɛʁ.abl.
-------
diédrale|dje.al.
-------
djibser|dʒi.bu.sjɛn.li.ze.
-------
dodécylsulfate|dɔ.de.ka.syl.fat.
-------
dominotée|dɔ̃.te.
-------
dordognaise|dɔʁ.ɛz.
-------
doucir|du.du.siʁ
-------
doudouisme|du.du.ɛ̃.dwism
-------
doxorubicine|dɔk.sɔ.sin.
-------
doxycycline|dɔk.sɔ.si.klin.
-------
dragline|dʁaɡ.lin
-------
dragéiste|dʁaɡ.ist.
-------
droitosphère|dʁwa.sfɛʁ.
-------
dry-farming|dʁi.bʁɛn.stɔʁ.miŋ
-------
dysacromélie|dis.a.ku.li.
-------
dysboulique|dis.ba.bu.lik.
-------
dysendocrinie|di.sɑ̃.do.ni.
-------
dysleptique|dis.lɛk.tik.
-------
dysmorphophobique|dis.mɔʁ.fo.fo.bik.
-------
dysorexie|dis.si.
-------
dysrythmie|dis.ʁe.ɡy.mi.
-------
dystrophine|dis.tɔ.fin
-------
déactiver|de.ɑ̃.by.ti.ve.
-------
débandage|de.bɑ̃.dad.daʒ.
-------
débarrasseuse|de.ba.ʁa.søz.
-------
débenzolage|de.bɛ̃.zɔ.aʒ.
-------
débiteuse|de.bi.te.tøz.
-------
déblayeuse|de.blɛ.je.jøz.
-------
déblocable|de.blɔ.kaʒ.abl.
-------
débouillir|de.bu.ji.bu.jiʁ
-------
débourbeur|de.buʁ.bœʁ.
-------
débourreuse|de.bu.ʁøz
-------
débrôler|de.le.
-------
décalqueuse|de.kalk.køz.
-------
décanoïque|de.kɑ̃.ik
-------
décarottage|de.kaʁ.taʒ.
taʒ.
-------
déchevelante|de.ʃəv.le.ɑ̃t.
-------
déchronologie|de.kʁo.me.tɔ.lɔ.ʒi.
-------
décivilisation|de.si.li.za.sjɔ̃.
-------
décompteuse|de.kɔ̃t.tøz.
-------
décorcer|de.kɔʁ.se.
-------
découpable|de.ku.paʒ.abl.
-------
décrasseur|de.kʁa.sœʁ.
-------
décrypteuse|de.kʁi.pte.tøz.
-------
décuivrage|de.ky.ʁaʒ.
-------
dédoubleuse|de.du.du.bløz
-------
déflocage|de.flɔ.kaʒ.
-------
défoliante|de.fɔ.lja.ljɑ̃t.
-------
défragmenteur|de.fʁɛ.tœʁ.
-------
dégivrante|de.ʒi.vʁaʒ.ɑ̃t.
-------
dégluer|de.ɡly.ti.ɡly.e
-------
dégonflarde|de.ɡɔ̃.flaʒ.pɑ̃.tu.flaʁd
-------
dégravelante|de.ɡʁa.vwa.ɑ̃t.
-------
dégression|de.ɡʁɛ.pʁɛ.sjɔ̃.
-------
dégrever|de.ɡʁɛ.ɡʁə.ve.
-------
dégrossisseuse|de.ɡʁo.søz.
-------
déjecter|de.ʒɛk.te.
-------
délamination|de.la.li.za.sjɔ̃.
-------
délinquantielle|de.lɛ̃.kɑ̃t.ʁɑ̃.sjɛl.
-------
délitescente|de.li.tɛ.fʁy.te.sɑ̃t
-------
déluter|de.ly.taʒ.te.
-------
démarchandisation|de.maʁ.ʃaʒ.li.za.sjɔ̃.
-------
démarqueuse|de.maʁk.køz.
-------
démasquable|de.mas.ke.abl.
-------
démasquage|de.mas.ke.kaʒ.
-------
démucilagination|de.myl.ti.li.za.sjɔ̃.
-------
démutualisation|de.my.ti.li.za.sjɔ̃.
-------
dénervation|de.nɛʁ.ve.li.za.sjɔ̃.
-------
dénicotiniseur|de.ni.kɔ.ni.zœʁ
-------
dénigrer|de.ni.ʁe.
-------
déontique|de.ɔ̃.tɔ.tik.
-------
dépariage|de.paʁ.aʒ.
-------
dépeigner|de.pɛ̃dʁ.ne.
-------
dépelliculage|de.aʒ.
-------
dépelotonner|de.sjɔ.ne.
-------
dépendeuse|de.pɑ̃.døz.
-------
déplanification|de.plɑ̃.li.za.sjɔ̃.
-------
dépolluante|de.pɔ.li.ɑ̃t.
ɑ̃t.
-------
dépoussiérante|de.pu.sje.ɑ̃t.
-------
déprimogène|de.pʁi.ʒɛn.
-------
désagrégeante|de.za.ɡʁe.ɑ̃t.
-------
désambiguïsatrice|de.za.tʁis.
-------
désaméricanisation|de.za.me.li.za.sjɔ̃.
-------
désarçonnante|de.zaʁ.sɔ.nɑ̃t.
-------
désaxement|de.zak.se.mɑ̃.
-------
désenfler|de.zɑ̃.fla.ɑ̃.fle.
-------
déserteuse|de.zɛʁt.tøz.
-------
désherbante|de.zɛʁ.baʒ.ɑ̃t.
-------
déshuilage|de.za.ɥi.laʒ.
-------
déshuntage|de.za.taʒ.
-------
déshydrogénase|de.zi.dʁa.tʁo.ʒe.nɑz
-------
désiliciage|de.zɛ̃.aʒ.
-------
désinfectrice|de.zɛ̃.fɛk.tʁis.
-------
désingularisation|de.zɛ̃.li.za.sjɔ̃.
-------
désoxyribonucléase|de.zɔk.si.ʁi.bo.ny.kle.az.
-------
désoxyribonucléoprotéique|de.zɔk.si.pʁɔ.tɛik.
-------
déspiritualisation|de.spi.ʁi.li.za.sjɔ̃.
-------
déstressante|de.za.ɑ̃t.
-------
désyndicalisation|de.sɛ̃.kʁɔ.li.za.sjɔ̃.
-------
détartrante|de.taʁ.tʁaʒ.ɑ̃t.
-------
détoxifiante|de.tɔk.si.ɑ̃t.
-------
déverbatif|de.vɛʁ.bal.tif.
-------
dévésiculeur|de.lœʁ.
-------
eV|ɑ̃.ti.y.ve
-------
ecballium|ljɔm
-------
ectotrophe|ɛk.tɔ.tɛʁm.tʁɔf
-------
efflorescente|e.flɔ.ʁɛ.ʁe.sɑ̃t
-------
effractive|e.fʁak.sjɔ̃.tiv.
-------
effusivité|fy.bi.li.te.
-------
eisangélie|li.
-------
elliptocytose|lip.oz.
-------
elæis|ɛl.-------
emballagiste|ɑ̃.ba.laʒ.lɔ.ʒist.
-------
embobineuse|ɑ̃.bu.bi.nøz.
-------
embratteler|ɑ̃.a.tə.le.
-------
embryonnée|ɑ̃.bʁi.jɔ̃.ne.
-------
embryophagie|ɑ̃.bʁi.jɔ.lɔ.ʒi.
-------
empaqueteuse|ɑ̃.pak.te.tøz.
-------
empathe|ɑ̃.pa.pat
-------
encaissante|ɑ̃.kɛ.sɑ̃t.
ɑ̃t.
sɑ̃t.
-------
encapsulement|ɑ̃.kap.sy.mɑ̃.
-------
enceindre|ɑ̃.-------
encenser|ɑ̃.sɑ̃.li.ze.
-------
enchausser|ɑ̃.se.
-------
encliquetable|ɑ̃.kli.kə.tɑbl.
-------
encroûtante|ɑ̃.kʁu.tɑ̃t.
-------
encéphalomyélite|ɑ̃.se.fa.mje.lit.
-------
endolocalisation|ɑ̃.dɔ.lɔ.li.za.sjɔ̃.
-------
endophasie|ɑ̃.dɔf.tal.pla.zi.
-------
endoénergétique|ɑ̃.dɔ.e.nɛʁ.ʒe.tik.
-------
enduiseuse|ɑ̃.dɥi.zaʒ.zøz
-------
engazonneuse|ɑ̃.ɡa.nøz.
-------
engouiller|ɑ̃.ɡu.je.
-------
engrumeler|ɑ̃.le.
le.
-------
enguichée|ɑ̃.ɡi.ʃyʁ.ʃe.
-------
enjaveler|ɑ̃.le.
-------
enlacer|ɑ̃.las.mɑ̃.la.se.
-------
enleveuse|ɑ̃l.vøz.
-------
ennealogie|ɑ̃.tɔ.lɔ.ʒi.
-------
enrichir|ɑ̃.ʁi.ʃiʁ
-------
enroulable|ɑ̃.ʁu.laʒ.abl.
-------
enrubanneuse|ɑ̃.ʁy.ba.nøz.
-------
ensellement|ɑ̃.mɑ̃.
-------
ensouillement|ɑ̃.su.mɑ̃.
-------
entonner|ɑ̃.tɔ.sjɔ.ne.
-------
envieusement|ɑ̃.vjøz.mɑ̃.
-------
envoûteuse|ɑ̃.vu.tøz.
-------
ergastoplasme|ɛʁ.ɡas.tyl.tɔ.plasm
-------
ergotine|ɛʁɡ.tin.
-------
erratisme|ɛ.ʁa.tik.tism.
-------
escarrotique|ɛs.ʁi.tik.
-------
escompteuse|ɛs.kɔ̃t.tøz.
-------
espaces-temps|ɛs.pas.tɑ̃
-------
esprofonder|ɛs.pʁi.de.
-------
esquintante|ɛs.kɛ̃.te.tɑ̃t.
-------
essencière|ɛs.ɛʁ.
-------
essorante|ɛ.ɔ.ʁɑ̃t.
-------
estampeuse|ɛst.pøz.
-------
estampilleuse|ɛs.tɑ̃.pij.pi.jøz.
-------
estradiène|ɛs.tʁa.djɛn.
-------
estroprogestative|ɛs.pje.pʁo.ʒɛs.ta.tif.
-------
ethnomédecine|ɛd.no.mɛd.sin.
-------
ethnométhodologue|ɛd.no.lɔɡ.
-------
ethnosociologie|ɛd.no.tɔ.lɔ.ʒi.
-------
euchromatine|ø.ka.ʁis.tin.
-------
euménide|ø.me.la.id.
-------
eupnéique|ø.fɔ.tik.
-------
europhobe|ø.ʁo.fɔb.
-------
européocentriste|ø.ʁo.sɑ̃.tʁist.
-------
euryapside|ø.ʁɔ.ap.sid.
-------
eurythermie|ø.ʁit.tɛʁ.mi.
-------
excipée|ɛk.si.pe.
-------
exfoliante|ɛks.fɔ.lja.ljɑ̃t.
-------
exinscrite|ɛɡ.zi.ʁit.
-------
exocuticule|ɛɡ.zɔ.ky.ti.kyl.
-------
exogroupe|ɛɡ.zɔ.ɡʁup.
-------
exogénéité|ɛɡ.zɔ.bi.li.te.
-------
exopolysaccharide|ɛɡ.zo.pɔ.sa.ka.ʁid.
-------
exorcistat|ɛɡ.zɔʁ.si.ta
-------
exothermicité|ɛɡ.zɔ.tɛʁ.bi.li.te.
-------
exothermie|ɛɡ.zɔ.tɛʁ.tɛʁ.mi.
-------
expertes-comptables|ɛk.spɛʁt.ɛd.kɔ̃.tabl
-------
experts-comptables|ɛk.spɛʁ.ɛd.kɔ̃.tabl
-------
expressiste|ɛks.pʁɔ.ɡʁɛ.sist
-------
expropriante|ɛks.pʁɔ.pʁi.pʁi.jɑ̃t.
-------
extatisme|ɛk.sta.tik.tism.
-------
extracorporelle|ɛk.stʁa.kɔʁ.pɔ.ʁel.
-------
extractabilité|ɛks.tʁak.bi.li.te.
-------
extrapolable|ɛks.tʁa.abl.
-------
extrovertie|ɛk.stʁa.tʁo.vɛʁ.ti
-------
fagacée|fa.ɡɔ.se.
-------
faisandière|fə.zɑ̃.djɛʁ.
-------
faisanneau|fə.zɑ̃.a.no.
-------
falsificationnisme|fal.si.fi.ka.sjɔ̃.sjɔ.nism.
-------
famennoise|fa.møz.nwaz.
-------
farnésol|faʁ.ɲɑ̃t.sɔl.
-------
fastigiée|fas.ti.djøz.ʒje
-------
faubérer|fo.ʁe.
-------
fauchet|foʃ.ʃɛ.
-------
favique|fa.vɔ.ʁi.tik.
-------
façonneuse|fa.sɔ.nøz.
-------
feld-maréchal|fɛl.se.ne.ʃal
-------
feldspathoïde|fɛl.dspat.id.
-------
fenwick|fə.-------
fermenteur|fɛʁm.tœʁ.
-------
ferricyanure|fɛ.ʁi.sja.nyʁ.
-------
ferriprive|fɛ.ʁi.ʁiv.
-------
ferro-magnésienne|fɛ.ʁɔ.sjɛn.
-------
ferromagnésienne|ʁo.ma.sjɛn.
-------
ferrotypie|fɛ.ʁɔ.pi.
-------
fettucine|fɛ.ta.sin.
-------
feuillardière|fœ.jaʁ.djɛʁ.
-------
fibrinolyse|fi.bʁi.nɔ.liz.
-------
fibrinolytique|fi.bʁi.nɔ.li.tik.
-------
fibrinémie|fi.bʁi.se.mi.
-------
fibrocyte|fi.bʁɔ.si.sit.
-------
figuriniste|fi.ɡy.ʁin.nist.
-------
filicinée|fil.ne.
-------
filicophyte|fil.fit.
-------
filonienne|fi.lɔ̃.njɛn.
-------
fin'amor|fɛ̃.ɔʁ
-------
financiarisme|fi.nɑ̃.sja.ta.ʁism.
-------
finitiste|fɛ̃.tist.
-------
finslérienne|fɛ̃.ʁjɛn
-------
fish-eye|fi.-------
flingot|flɛ̃.lɛ̃.ɡɔ
-------
flognarde|flɔ.ɲaʁd
-------
floridée|flɔ.ʁi.de.
-------
fluocompacte|fly.ɔ.kɔ̃.pakt.
-------
fluofibre|fly.ɔ.fibʁ.
-------
flupyrsulfuron|syl.fy.ʁɔ̃
-------
fluxomique|flyk.mik.
-------
focométrie|fɔk.me.tʁi.
-------
focométrique|fɔk.me.tʁik.
me.tʁik.
-------
fonctorielle|fɔ̃k.ʁja.li.ɛl.
-------
fontanili|fɔ̃.li.
-------
fordienne|fɔʁ.djɛn
-------
formicante|fɔʁ.mi.ka.ɑ̃t.
-------
fouder|fu.dʁwa.de.
-------
fourgat|fuʁ.ɡa
-------
fractographie|fʁak.ɡʁa.fi.
-------
frappologie|fʁa.tɔ.lɔ.ʒi.
-------
free-shop|fʁi.ʃɔp
-------
frigoporteur|fʁi.ɡo.tœʁ.
-------
frisko|fʁi.ko
-------
frousser|fʁu.se.
-------
fr|te
-------
fréquentiste|fʁe.kɑ̃.sjɛl.tist.
-------
ftp|fœ.jɛ.te.pe
-------
fuguée|fy.ɡe
-------
fulvique|fyl.tik.
-------
fumariacée|fy.se.
-------
funiculite|fy.ni.ku.lit
-------
fusionnante|fy.zjɔ.nɑ̃t.
-------
fusuline|fy.lin.
-------
futurible|fy.ty.ʁibl
-------
fénéthylline|fi.bi.lin
-------
févier|fe.vje
-------
gabbroïque|ɡa.bʁo.kʁɔ.ik
-------
gadzart|ɡa.ʁet.aʁ.
-------
galactane|ɡal.tan
-------
galactosamine|ɡa.lak.toz.a.min.
-------
galactosidase|ɡa.lak.toz.pɛp.ti.daz
-------
galactosémie|ɡal.se.mi.
-------
galbante|ɡal.ba.num.ɑ̃t.
-------
galvanoscope|ɡal.te.ʒi.ɔp.
-------
galéopithèque|ɡa.le.tɛk.
-------
gammaglobuline|ɡam.ɡlɔ.by.lin.
-------
gammiste|ɡam.mist.
-------
gamétange|ɡa.ɑ̃ʒ.
-------
garalde|ɡaʁ.-------
garba|ɡaʁ.byʁ.ba
-------
gargantua|ɡaʁ.ɡa.y.a
-------
gaspilleuse|ɡas.pi.je.pi.jøz.
-------
gattilier|ɡat.lje.
-------
gaufroir|ɡo.su.fʁwaʁ
-------
gaulthérie|ɡo.ʁi.
-------
gayolle|ɡɛ.ʁɔl
-------
gazonnement|ɡa.zɔ.mɑ̃.
-------
gaïacol|ɡa.jak.kɔl.
-------
gendarmesque|ʒɑ̃.daʁm.mɛsk
-------
gentamicine|ʒɑ̃.sin.
-------
gentianacée|ʒɑ̃.sjan.se.
-------
gentianée|ʒɑ̃.sjan.ne.
-------
gentilhommerie|ʒɑ̃.ti.jɔ.ʁi.
-------
genépi|ʒɑ̃.e.pi.
-------
gestaltiste|ɡeʃtalt.al.tist.
-------
gestuaire|ʒɛs.tɥa.li.ɛʁ.
-------
gewurztraminer|ne.
-------
giardia|ʒi.kaʁ.dja
-------
gibbsite|ʒi.sit.
-------
gibbule|ʒi.byl
-------
gigantale|ʒi.ɡɑ̃.tal.
tal.
-------
gingivectomie|ʒɛ̃.ʒi.tɔ.mi.
-------
gingivorragie|ʒɛ̃.ʒi.lɔ.ʒi.
-------
girouettisme|ʒi.tism.
-------
glaisière|ɡlɛ.ɛʁ.
-------
glanage|ɡlɑ̃.naʒ.
-------
glockenspiel|ɡlɔ.sjɛl
-------
glossette|ɡlɔ.sɛt.
-------
glosso-pharyngienne|ɡlɔ.so.fa.ʁẽ.ʒjɛ̃n
-------
glossématique|ɡlɔ.ma.tik.
-------
glucanase|ɡly.kan.naz
-------
glucosinolate|ɡly.ko.nɔ.lat
-------
glycanase|ɡli.kɔ.naz
-------
glycogénolyse|ɡli.kɔ.liz.
-------
glycogénose|ɡli.kɔ.oz.
-------
glycosylée|ɡli.kɔ.ksi.le
-------
glyptodonte|ɡlip.to.dɔ̃.mas.tɔ.dɔ̃t
-------
gneissique|si.sik
-------
gnoll|-------
gnotobiotique|bjɔ.tik.
-------
gnétophyte|fit.
-------
gobeuse|ɡɔ.bøz
-------
gogole|ɡɔɡ.ɡɔl
-------
gondolante|ɡɔ̃.dɔ.laʒ.ɑ̃t.
-------
gonococcie|ɡɔ̃.kɔk.si
-------
gonococcique|ɡɔ̃.sik.
-------
gonopode|ɡɔ̃.pɔd.
-------
gonoréaction|ɡɔ̃.za.sjɔ̃.
-------
gopi|ɡɔ.pi
-------
gouelle|ɡwɛ.ɛl.
-------
goulache|ɡu.aʃ.
-------
gourmade|ɡuʁ.mɑ̃.mad
-------
grabatisation|ɡʁa.ba.li.za.sjɔ̃.
-------
grafcet|ɡʁa.fi.sɛ
-------
graissante|ɡʁɛ.saʒ.sɑ̃t.
ɑ̃t.
sɑ̃t.
-------
gramicidine|ɡʁa.mi.ne.din.
-------
graminacée|ɡʁa.mi.ne.se.
-------
gramscisme|ɡʁa.sism.
-------
granoclassement|ɡʁɑ̃.mɑ̃.
-------
grapheuse|ɡʁaf.ʃøz
-------
grassmannienne|ɡʁa.os.ma.njɛn
-------
gravatière|ɡʁa.vi.tjɛʁ.
-------
grenadage|ɡʁə.na.a.daʒ.
-------
grenouillante|ɡʁə.nu.jaʒ.ɑ̃t.
-------
grenouillesque|ɡʁə.nuj.vod.vi.lɛsk
-------
griffade|ɡʁi.faʒ.fad.
-------
gringolée|ɡʁɛ̃.le.
-------
griséofulvine|ɡʁi.vin
-------
grièche|ɡʁi.-------
gros-boutiste|ɡʁo.tist.
-------
groupoïde|ɡʁu.id.
-------
grugeuse|ɡʁy.ʒøz.
-------
grumier|ɡʁym.mje
-------
gr|te
-------
gréeuse|ɡʁe.ze.øz
-------
gréver|ɡʁe.vist.vɛʁ.
-------
guaïfénésine|ɡwa.zin
-------
guernouille|nuj.
-------
guerroyeuse|ɡɛ.ʁwa.je.jøz.
-------
guignarde|ɡi.ɲaːʁ.ɲaʁd
-------
guilleri|ɡi.jɔ.sɛl.ʁi
-------
guillocheuse|ɡi.jɔ.ʃe.ʃøz.
-------
guttiféracée|ɡy.ty.ʁal.se.
-------
gymnarque|ʒim.naʁk
-------
gynerium|ʒi.ne.ʁjɔm.
-------
gynogenèse|ʒi.ne.ʒə.nɛz.
-------
gynogénétique|ʒi.nɔ.id.ʒe.ne.tik.
-------
gyrencéphale|ʒi.ʁɔ.se.fal.
-------
gyrobicoupole|ʒi.ʁɔ.ku.pɔl.
-------
gyropilote|ʒi.ʁɔ.pi.lɔt.
-------
génosociogramme|ʒe.nɔ.ɡʁam.
-------
génothérapie|ʒe.nɔ.te.ʁa.pi.
-------
généthliaque|ʒe.ne.ʁa.ljak
-------
génétisme|ʒe.ne.ʁa.tism.
-------
génétiste|ʒe.ne.ʁa.tist.
-------
géostrophique|ʒe.ɔ.stʁa.ɡʁa.fik.
-------
géosynclinal|ʒe.sɛ̃.nal.
-------
géraniée|ʒe.ʁa.nje
-------
gérontoxon|ʒe.ʁɔ̃.tɔ.bɔk.sɔ̃
-------
gîtage|ʒi.taʒ.
taʒ.
-------
habeas|ha.ɑs
-------
hachischine|a.ʃiʃ.ʃin.
-------
hachischée|a.ʃe.
-------
halioculture|a.ljɔ.tid.kyl.tyʁ.
-------
halkiner|a.ne.
-------
hallucinose|ol.oz.
-------
halotechnie|a.lo.tɔ.ni.
-------
hand-ball|ɑ̃.di.bol
-------
handeler|ɑ̃.di.le.
-------
haplo-diploïdisation|a.plɔ.li.za.sjɔ̃.
-------
happement|ap.mɑ̃.
-------
haschichine|a.ʃiʃ.ʃin.
-------
haschichisme|a.ʃiʃ.ʃism
-------
haschichée|a.ʃiʃ.ʃe.
-------
haschischine|a.ʃiʃ.ʃin.
-------
haschischisme|a.ʃiʃ.ʃism.
-------
haschischée|a.ʃiʃ.ʃe.
-------
hasmonéenne|ne.ɛn.
-------
haïsseuse|a.i.sabl.søz.
-------
hebdomadière|ɛb.dɔ.ma.djɛʁ.
-------
hectopièze|ɛk.to.me.piɛz.
-------
heimatlosat|za
-------
hemigrammus|mys
-------
hensélienne|ljɛn
-------
heptoxyde|ɛp.toz.ɔk.sid.
-------
hermesse|ɛʁ.me.mɛs.
-------
herpétiforme|ɛʁ.pe.tɔ.si.fɔʁm.
-------
herpétique|ɛʁ.pe.tɔ.tik.
-------
hertzienne|ɛʁ.zjɛn
-------
hervienne|ɛʁ.vjɛn
-------
hexachlorophène|ɛɡ.za.klɔ.klo.ʁo.fi.lɔ.fen.
-------
hexacorde|ɛɡ.za.kɔ̃.kɔʁd.
-------
hexafluorure|ɛɡ.za.fly.ɔ.ʁyʁ.
-------
hexanoïque|ɛɡ.zan.ik
-------
hexatonique|ɛɡ.za.nik.
-------
hexitol|ɛʁ.tɔl
-------
hibernante|i.bɛʁ.ɑ̃t.
-------
hilotisme|i.lɔt.tism.
-------
hipparion|i.pɔ.a.ʁjɔ̃.
-------
hippocastanacée|i.pɔ.kɑ̃p.se.
-------
hippophaé|i.pɔ.-------
hobbesienne|bi.sjɛn.
-------
hodographe|od.ʒa.ɡʁaf.
-------
hojjat-al-islam|is.lam.
-------
hoki|ɔ.ki
-------
holocristalline|ɔ.lɔ.kʁin.kʁis.ta.lin.
-------
holomorphe|ɔ.lɔ.me.mɔʁf.
-------
holomorphie|ɔ.lɔ.me.ɡʁa.fi.
-------
holomorphiquement|ɔ.lɔ.me.mɑ̃.
mɑ̃.
-------
holonome|ɔ.lɔ.nɔm.
-------
holonomie|ɔ.lɔ.nɔ.mi.
-------
holostéen|ɔ.lɔ.ɑ̃
-------
homoganique|ɔ.mɔ.nik.
-------
homogénéisante|ɔ.mɔ.ʒe.ɑ̃t.
-------
homogénéisateur|ɔ.mɔ.ʒe.tœʁ.
-------
homogénéisatrice|ɔ.mɔ.ʒe.tʁis.
-------
homéothermie|o.me.ɔ.tɛʁ.mi.
-------
hongreuse|ɔ̃ɡʁ.ɡʁøz
-------
hongroyeuse|ɔ̃.ɡʁwa.je.jøz.
-------
horocycle|ɔ.ʁɔ.sikl.
-------
horocyclique|ɔ.ʁɔ.si.klik.
-------
horosphère|ɔ.ʁɔ.sfɛʁ.
-------
hot-line|ɔ.without_span.uniq.withoutA-Z
-------
houillification|uj.li.za.sjɔ̃.
-------
houspilleuse|us.pi.je.pi.jøz.
-------
hpz|i.
-------
humagne|y.maʒ.li.ʁo.maɲ
-------
humidistance|y.mi.di.dis.tɑ̃s.
-------
hummock|y.-------
husserlienne|y.ljɛn
-------
hyaloclastite|ja.lɔ.pɑ̃.klas.tit
-------
hyaluronidase|ja.ly.ʁɔ.pɛp.ti.daz
-------
hydralcoolique|i.dʁa.al.kɔ.lik.
-------
hydranthe|i.dʁa.skle.ljɑ̃t
-------
hydrazone|i.dʁa.zin.zon.
-------
hydrocharidée|i.dʁɔ.de.
-------
hydrogénosulfate|i.dʁɔ.ʒe.syl.fat.
-------
hydrogénosulfite|i.dʁɔ.ʒe.syl.fit.
-------
hydrogénosulfure|i.dʁɔ.ʒe.syl.fyʁ.
-------
hydropathe|i.dʁɔ.pat
-------
hydropulseur|i.dʁɔ.pʁɔ.pyl.sœʁ.
-------
hydroxylase|i.dʁɔ.ɡzi.bok.si.laz
-------
hydroxylation|i.dʁɔ.ɡzi.li.za.sjɔ̃.
-------
hydrozoaire|i.dʁɔ.ɛʁ.
-------
hydrurée|i.dʁyʁ.y.ʁe.
-------
hygrostat|i.ɡʁɔ.ʁɔs.ta
-------
hylobatidé|i.lɔ.zɔ.de.
-------
hyperaldostéronisme|i.pɛʁ.ʁal.nism.
-------
hypercholestérolémique|i.pɛʁ.kɔ.se.mik.
-------
hypercorticisme|i.pɛʁ.kɔ.sism.
-------
hypergame|i.pɛʁ.ɡa.ɡam
-------
hypergonar|i.pɛʁ.sɔ.naʁ
-------
hypernovæ|i.pɛʁ.nɔ.-------
hyperostose|i.pɛʁ.oz.
-------
hyperoxie|i.pɛʁ.si.
-------
hyperphalangie|i.pɛʁ.fa.-------
hyperprolactinémie|i.pɛʁ.pʁɔ.ne.mi
-------
hypersialie|i.pɛʁ.fa.li.
-------
hyperémèse|i.pɛʁ.e.ma.te.mɛz
-------
hypnothérapeutique|ip.nɔ.ti.te.ʁa.pø.tik.
-------
hypoalgésie|i.pɔ.ne.zi.
-------
hypodermose|i.pɔ.dɛʁ.oz.
-------
hypogame|i.pɔ.ɡam.
-------
hypogonadisme|i.pɔ.dism.
-------
hypopituitarisme|i.pɔ.ta.ʁism.
-------
hypoprotéinémie|i.pɔ.se.mi.
-------
hélicase|e.li.kɑz.
-------
héliozoaire|e.ljo.ɛʁ.
-------
héloderme|e.li.dɛʁm.
-------
hémangiome|e.ma.ɑ̃.ʒjɔm.
-------
hémarthrose|e.ma.aʁ.tʁoz.
-------
hématique|e.ma.tɔ.tik.
-------
hématoporphyrine|e.ma.tɔ.pɔʁ.fi.ʁin.
-------
hémiperméable|e.mi.pɛʁ.me.abl.
-------
hémosidérine|e.mɔ.e.ʁin.
-------
hémérobe|e.mɔ.ʁɔb.
-------
héparane|e.te.ʁan
-------
hépiale|e.te.al.
-------
hétérocentrique|e.tə.ʁɔ.tʁik.
-------
hétéroprothallie|e.te.ʁo.li
-------
ice-field|i.-------
ice-shelf|i.ɡɔlf
-------
ichtyosaure|ik.tjos.sɔʁ.
-------
icositétraèdre|i.kɔ.zi.te.tʁa.ɛdʁ.
-------
idempotence|id.pɔ.tɑ̃s.
-------
idempotente|id.tɑ̃t.
-------
identifieur|id.tœʁ
-------
identitarisme|i.dɑ̃.ti.ta.ʁism.
-------
idiotype|i.djɔ.tip.
-------
iduronique|nik.
-------
idéotype|i.de.ɔ.tip.
-------
ijtihad|ad
-------
ilicacée|i.se.
-------
illégitimement|i.le.ʒi.tim.mɑ̃.
-------
ilotisme|il.tism.
-------
imagoïque|i.ma.ɡo.ik
-------
immatériellement|im.ma.te.ʁjɛl.mɑ̃.
-------
immodestement|i.mɔ.mɑ̃.
-------
immortellement|i.mɔʁ.tɛl.mɑ̃.
-------
immunogénicité|i.my.nɔ.ti.si.te.
-------
immunosupprimée|i.my.nɔ.me.
-------
imparidigitée|ɛ̃.paʁ.di.ʒi.te.
-------
imperfectible|ɛ̃.pɛʁ.fɛk.pɛʁ.fɛk.tibl
-------
imperforée|ɛ̃.pɛʁ.fɔ.ɔ.ʁe.
-------
imperçable|ɛ̃.pɛʁ.abl.
-------
imports-exports|ɛ̃.pɔʁ.ɔm.ni.spɔʁ
-------
impurement|ɛ̃.pyʁ.mɑ̃.
-------
impénitence|ɛ̃.pe.ni.pɔ.tɑ̃s.
-------
inappliquée|i.na.pli.ke.
-------
inapprivoisée|i.na.pʁi.ze.
-------
inappropriable|i.na.pʁɔ.abl.
-------
inappréciée|i.na.pʁe.sje
-------
inarrachable|i.na.ʁɑ̃.abl.
-------
inassujettie|i.na.su.ti
-------
inattaquée|i.na.ta.ke.
-------
inavouablement|i.na.vwabl.mɑ̃.
-------
incestueusement|ɛ̃.sɛs.tɥøz.mɑ̃.
-------
inciseur|in.zɛʁ.si.zœʁ
-------
incivilement|ɛ̃.si.vil.mɑ̃.
-------
incoterm|in.-------
incrustante|ɛ̃.kʁe.tɑ̃t.
-------
incrusteuse|ɛ̃.kʁe.tøz.
-------
indianisme|ɛ̃.dja.nism.
-------
individualisable|ɛ̃.di.vi.dy.li.zabl.
-------
individualisante|ɛ̃.di.vi.dy.li.zɑ̃t.
-------
individualisation|ɛ̃.di.vi.dy.li.za.sjɔ̃.
-------
indivisément|ɛ̃.di.vi.mɑ̃.
-------
indébrouillable|ɛ̃.de.bu.abl.
-------
indéchiffrée|ɛ̃.de.ʃi.fʁe
-------
indécodable|ɛ̃.de.abl.
-------
indécrochable|ɛ̃.de.kʁɔ.abl.
-------
indéfinissablement|ɛ̃.de.fi.blə.mɑ̃.
-------
indélicatement|ɛ̃.de.li.kat.mɑ̃.
-------
inengendrée|i.nɛk.dʁe
-------
ineptement|i.nɛpt.mɑ̃.
-------
inexpiablement|i.nɛk.spjabl.mɑ̃.
-------
inexécutée|i.nɛk.te.
-------
infigurabilité|ɛ̃.fi.bi.li.te.
-------
infradienne|ɛ̃.fʁa.yl.tʁa.djɛ̃
-------
infructueusement|ɛ̃.fʁa.mɑ̃.
-------
iniquement|i.nik.mɑ̃.
-------
injaculation|ɛ̃.li.za.sjɔ̃.
-------
inquestionnée|ɛ̃.ki.ne.
-------
insituable|ɛ̃.si.ty.abl.
-------
insulinase|ɛ̃.sy.li.naz
-------
insulinome|ɛ̃.sy.li.nɔm.
-------
insurgente|ɛ̃.syʁ.ʒe.yʁ.ʒɑ̃t.
-------
intellectisme|ɛ̃.tɛʁ.tism.
-------
intellectualité|ɛ̃.tɛʁ.bi.li.te.
-------
intemporellement|ɛ̃.tɑ̃.pɔ.ʁɛl.mɑ̃.
-------
interféron|ɛ̃.tɛʁ.fe.ʁɔ̃
-------
interleukine|ɛ̃.tɛʁ.lɛ.kin
-------
interministérialité|ɛ̃.tɛʁ.mi.bi.li.te.
-------
internégatif|ɛ̃.tɛʁ.ne.tif.
-------
intertrigo|ɛ̃.tɛʁ.tʁɔ.fʁi.ɡo
-------
intraépithéliale|ɛ̃.tʁa.te
-------
introublée|ɛ̃.tʁo.ble
-------
intuitu|in.ty
-------
intégrodifférentielle|ɛ̃.te.di.fe.ʁɑ̃.sjɛl.
-------
invalidement|ɛ̃.va.lid.mɑ̃.
-------
inventoriage|ɛ̃.vɑ̃.tɔ.aʒ.
-------
inversable|ɛ̃.vɛʁ.sabl.
-------
inversible|ɛ̃.vɛʁ.sibl.
-------
ipso|ip.se.i.ka.li.pso
-------
ipéca|i.pe.de.ka
-------
iridocyclite|i.ʁi.do.te.ʁɔ.klit
-------
irish-terrier|i.ʁis.tɛ.ʁje.
-------
irrachetable|i.ʁa.aʃ.tabl.
-------
irrassasiée|i.ʁa.sa.ta.na.zje
-------
irrotationnelle|sjɔ.nɛl.
-------
irréflexion|i.ʁe.fle.flek.sjɔ̃.
-------
irréfutée|i.ʁe.fy.fy.te.
-------
irréligieusement|i.ʁe.li.ʒjøz.mɑ̃.
-------
irrésignée|i.ʁe.zis.ne.
-------
irrévélée|i.ʁe.ve.le
-------
irrévérente|i.ʁe.ve.ʁɑ̃t.
-------
isenthalpe|i.zɑ̃.tal.alp.
-------
isocortex|i.zɔ.tɛks.
-------
isogame|i.zo.ɡam.
-------
isolectotype|i.zɔ.tip.
-------
isomonodromique|i.zɔ.mɔʁ.mik.
mik.
-------
isomorphiquement|i.zɔ.mɔʁ.mɑ̃.
mɑ̃.
-------
isoniazide|i.zɔ.id.
-------
isopropanol|i.zo.pʁɔ.e.ta.nɔl
-------
isoprénaline|i.zo.pʁɔ.dʁe.na.lin
-------
isoprénique|i.zo.pʁɔ.nik.
nik.
-------
isospectralité|i.zo.spɛk.bi.li.te.
-------
isosporie|i.zo.spo.ʁi.
-------
isosyntype|i.zo.tip.
-------
isozyme|i.zɔ.zim
-------
italianiste|i.ta.lja.nist.
-------
ivressomètre|ivʁ.mɛtʁ.
-------
jacée|ʒa.se.
-------
jalap|ʒa.klap
-------
jalonnement|ʒa.lɔ.mɑ̃.
-------
japonologie|ʒa.pɔ̃.tɔ.lɔ.ʒi.
-------
japonologue|ʒa.pɔ̃.lɔɡ.
-------
jargonneuse|ʒaʁ.ɡɔ.ne.nøz.
-------
jarovisation|ʒaʁ.li.za.sjɔ̃.
-------
jasmonate|ʒas.mɛ̃.kaʁ.bɔ.nat
-------
jasmonique|ʒas.mɛ̃.nik.
-------
jaunir|ʒɔ.y.niʁ.
-------
javer|ʒa.vɛʁ.
-------
jennérienne|ʒɛ.ni.ve.ne.ʁjɛn
-------
jihadisme|ʒi.ad.dism.
-------
jocoler|ʒɔ.le.
-------
jointeuse|ʒwɛ̃.te.tøz.
-------
joncher|ʒɔ̃.ʃe.
-------
joncteur|ʒɔ̃k.sjɔ̃.tœʁ.
-------
jottereau|xɔ.ta.o.
-------
jugeuse|ʒyʒ.ʒøz.
-------
jurement|ʒy.mɑ̃.
-------
juridicisation|ʒy.ʁi.dik.li.za.sjɔ̃.
-------
jutage|ʒy.taʒ.
taʒ.
-------
kafkaïenne|kɑ.fiʁ.jɛn
-------
kala-azar|ka.zaʁ
-------
kaotiser|ka.o.te.li.ze.
-------
kbit|bit.
-------
kelvinomètre|kɛl.vin.mɛtʁ.
-------
kentrophylle|kɛn.tja.ʁɔ.fil
-------
kenyapithèque|tɛk.
-------
khalifale|ka.li.fa.al.
-------
khédiviale|ke.di.vja.al.
-------
kibboutznik|ki.bi.nik
-------
kimbanguisme|kim.ban.ɡist.lɛ̃.ɡwism
-------
kissel|ki.sɛl.
-------
kleinienne|klɛp.tɔ.njɛn.
-------
kn|sjɔ̃
-------
kpc|pus
-------
kravmaga|kʁav.ma.ɡa.ɡa.
-------
kriegspiel|kʁik.sjɛl
-------
krishnaïsme|kʁa.it.ism.
-------
krump|lɔ̃p
-------
kth|kon.traw.
-------
kyriologique|ki.ʁjɛl.lɔ.ʒik.
-------
kénose|ke.ʁa.oz.
-------
kératane|ke.ʁa.tan
-------
kératocône|ke.ʁa.kon.
-------
kétoconazole|ke.ta.min.a.zɔl.
-------
labdanum|la.da.nɔm
-------
labium|la.bjɔm
-------
laboriste|la.bɔ.ʁjøz.ʁist.
-------
lacanisme|lak.nism.
-------
lacquemant|lak.mɑ̃
-------
lactocoque|lak.to.kɔk.
-------
lacérante|lak.ɑ̃t.
-------
lamaneuse|la.ma.nøz.
-------
lamarckisme|la.maʁ.kist.kism
-------
lambliase|lɑ̃.-------
lambourde|lɑ̃.buʁd.
-------
lamellophone|lam.fɔn.
-------
landammann|lɑ̃.kwi.nja.man
-------
landaulet|lɑ̃.do.lɛ
-------
landgravine|lɑ̃d.ɡʁa.vja.ʁa.vin.
-------
landsturm|lɑ̃d.-------
laneret|lɑ̃.ʁɛ
-------
langueyage|lɑ̃ɡ.aʒ.
-------
lançable|lɑ̃.saʒ.abl.
-------
laparoscopique|la.pa.ʁos.pik.
-------
lasting|la.kas.tiŋ
-------
lasurer|la.zyʁ.ty.ʁe.
-------
laticifère|la.ti.klav.fɛʁ.
-------
layetière|lɛ.jɛt.tjɛʁ.
-------
lazzarone|ladzi.kal.ka.ʁɔn
-------
laïusseuse|la.i.søz.
-------
lb|li.-------
lectotype|lɛk.tɔ.ʁa.tip.
-------
lemnacée|lɛ.ma.se.
-------
lentigine|lɑ̃.ti.ɔ.ʁi.ʒin
-------
lepte|lɛp.-------
lesquerellique|mɑ̃.tɛ.lik
-------
lessivable|lɛs.abl.
-------
lessivière|lɛs.ɛʁ.
-------
letchi|lɛ.ki.
-------
leucocyturie|lø.kɔ.ʁi.
-------
leucoencéphalite|lø.kɔ.ɑ̃.se.fa.lit.
-------
leucogranite|lø.kɔ.ɡʁa.nit.
-------
leucotrichie|lø.kɔ.tɔ.ʃi.
-------
leucoxène|lø.kɔ.pi.ʁɔk.sɛn
-------
lewisite|sit.
-------
lignane|li.ʁe.nan
-------
lignarde|li.ɲaʁd
-------
linalol|li.salɔl
-------
linçoir|lɛ̃.se.ʁɑ̃.swaʁ
-------
linéarisabilité|li.ne.a.bi.li.te.
-------
litharge|li.tɔ.ʃaʁʒ
-------
lithiasique|li.tjaz.tik.
-------
lithine|li.ti.tin
-------
lithothamnium|li.to.ɔm.njɔm
-------
lm|li.-------
loirétaine|lwaʁ.ɛn.
-------
lombarthrose|lɔ̃.baʁd.aʁ.tʁoz.
-------
lombostat|lɔ̃.bo.sja.ta
-------
longimétrie|lɔ̃.ʒi.me.tʁi.
-------
longuéenne|lɔ̃.ʃi.ke.ɛn
-------
longévive|lɔ̃.ʒe.vi.viv.
-------
lonotriche|lɔ̃.tʁiʃ.
-------
loranthacée|lɔ.se.
-------
ludopoésie|ly.dɔ.pɔ.e.zi.
-------
ludospace|ly.dɔ.eɪs.
-------
ludwigia|ly.lɔ.dʒja
-------
lumachelle|ly.mi.ɛl.
-------
lumachellique|mɑ̃.tɛ.lik
-------
luministe|ly.mi.nism.nist.
-------
luminomètre|ly.mi.nɔ.mɛtʁ.
-------
lupercale|ly.kal.
-------
lutéinisation|ly.te.i.li.za.sjɔ̃.
-------
luxembourgiste|lyks.lɔ.ʒist.
-------
luxembourgophone|lyks.fɔn.
-------
luxuriance|lyk.sy.ʁjɑ̃t.va.ʁjɑ̃s
-------
lx|li.-------
lychnide|li.tʃi.id.
-------
lysergide|liz.id.
-------
lysosomiale|li.zɔ.al.
-------
léchable|le.ʃaʒ.abl.
-------
lécithine|le.tin
-------
léonardesque|le.ɔ.koʃ.maʁ.dɛsk
-------
lépidosirène|le.pi.dɔs.si.ʁɛn.
-------
lévamisole|le.vi.sɔl.
-------
mR|ma.-------
macassar|mak.saʁ.
-------
maceron|mak.ʁɔ̃
-------
machiavel|ma.ʃi.vɛl
-------
macroglossie|mak.zi.
-------
macroscopique|ma.kʁo.sko.pik.
-------
macroscélide|mak.id.
-------
madrinienne|ma.dʁi.njɛn.
-------
madréporaire|ma.dʁe.ʁɛʁ.
-------
magadhi|ma.ɡa.di
-------
maghzen|ma.ɲe.zɛn.
-------
magnésioferrite|ma.ɲe.to.fɛ.ʁit.
-------
magouilleuse|ma.ɡuj.jøz.
-------
maharashtri|ma.a.ʁa.tʁi.
-------
mailing-list|maj.plɛ.list
-------
maillure|ma.yʁ.
-------
mainmortable|mɛ̃.mɔʁt.tɑbl.
-------
malebranchiste|ma.lɑ̃.plɑ̃.ʃist
-------
malletière|mal.tjɛʁ.
-------
malmenage|mal.mə.ne.naʒ.
-------
maltôte|malt.kot
-------
malvenante|mal.və.ny.nɑ̃t.
-------
mamelonnaire|mamə.lɔ̃.sjɔ.nɛʁ.
-------
mandibulate|mɑ̃.di.byl.lat
-------
manilleuse|ma.nij.jøz.
-------
manodétendeur|ma.nɔ.de.tɑ̃.dœʁ.
-------
manuaire|mɑ̃.ɛʁ.
-------
manuscriptologie|ma.nys.tɔ.lɔ.ʒi.
-------
maquereautage|ma.kʁo.taʒ.
-------
maratoner|ma.ʁa.ne.
-------
margaille|maʁ.ɡa.ɡaj
-------
marmotteuse|maʁ.mɔt.tøz.
-------
maroquinière|maʁ.ɛʁ.
-------
marteleuse|maʁ.tə.le.løz
-------
matabicher|ma.ta.biʃ.ʃe.
-------
matelotage|mat.lɔt.taʒ.
taʒ.
-------
maternologie|mat.tɔ.lɔ.ʒi.
-------
matoufet|ma.tu.fɛ
-------
matouner|ma.tu.ne.
-------
maugréante|mo.ɡʁe.e.ɑ̃t.
-------
maurandie|mo.di.
-------
mauvéine|mo.te.in.
-------
maximisatrice|mak.si.mi.tʁis.
-------
maïzena|ma.na.
-------
medecine-ball|me.dɛʁ.sa.bol
-------
mefenoxam|-------
menthone|mɑ̃.fɔn.
-------
menuaille|mɑ̃.nɛl
-------
merceriseuse|mɛʁ.sə.ʁi.pʁi.zøz
-------
metolachlore|mɛ.klɔʁ.
-------
meulage|mø.aʒ.
-------
mgr|ma.te
-------
microarray|mi.kʁo.-------
microdifférentiel|mi.kʁo.nə.mɑ̃.sjɛl
-------
microfibrée|mi.kʁo.ka.li.bʁe
-------
micromanipulateur|mi.kʁo.ma.tœʁ.
-------
microsomale|mi.kʁo.al.
-------
microsomiale|mi.kʁo.al.
-------
microtracteur|mi.kʁo.tœʁ.
-------
microzoaire|mi.kʁo.ɛʁ.
-------
milliröntgen|mi.ʁœ̃nt.ɡɛn.
-------
millépore|mi.le.pɔʁ.
-------
minispace|min.eɪs.
-------
minnesang|min.sɑ̃.
-------
minéralocorticoïde|mi.ne.ʁa.kɔʁ.ti.ko.id.
-------
miquelet|mi.kɔk.lɛ
-------
miracidium|miːɐ̯.djɔm.
-------
misologie|mi.zo.tɔ.lɔ.ʒi.
-------
missilière|mi.sil.ɛʁ.
-------
mmHg|ma.-------
mobinaute|mɔb.not
-------
modalisme|mɔ.da.li.a.lism.
-------
modelable|mɔd.laʒ.abl.
-------
modelante|mɔd.laʒ.ɑ̃t.
-------
modulor|mɔ.dy.lo.lɔʁ
-------
moksha|mɔ.ka.ʃa
-------
molinisme|mɔl.nism.
-------
molysmologie|mɔl.tɔ.lɔ.ʒi.
-------
mondiovision|mɔ̃.dja.vi.zjɔ̃.
-------
monodromie|mɔ.no.di.tɔ.mi.
-------
monodromique|mɔ.no.di.mik.
mik.
-------
monométhylmercure|mɔ.no.me.mɛʁ.kyʁ.
-------
mononucléidique|mɔ.no.ny.dik.
-------
monophasique|mɔ.no.fa.zik
-------
monophyodonte|mɔ.no.di.fjɔ.dɔ̃t
-------
monostiche|mo.no.tiʃ
-------
monoxène|mɔ.no.pi.ʁɔk.sɛn
-------
monsignor|mɔ.no.te.nɔʁ
-------
moracée|mɔʁ.se.
-------
morcelable|mɔʁ.abl.
-------
moringa|mɔʁ.ɡa.
-------
morphophonologie|mɔʁ.fɔ.psi.tɔ.lɔ.ʒi.
-------
morphophonologique|mɔʁ.fɔ.psi.lɔ.ʒik.
-------
morphématique|mɔʁ.ma.tik.
-------
mortinaissance|mɔʁ.ti.na.ne.sɑ̃s.
-------
motorship|mɔ.tɔ.ʁi.li.dœʁ.ʃip
-------
mototracteur|mɔ.tœʁ.
-------
mouchetage|muʃ.taʒ.
-------
mouilleur|muj.lœʁ.
-------
moulineuse|mu.li.nøz.
-------
mouna|mu.na.
-------
moussage|mu.sa.saʒ.
-------
moviola|mɔ.la
-------
moyennable|mwa.jɛ.nabl.
-------
mth|ma.
-------
mucolytique|my.kɔ.li.tik.
-------
mucopolysaccharide|sa.ka.ʁid.
-------
mucoviscidosique|my.kɔ.vi.zik
-------
mucoïde|my.kɔ.id.
-------
mullite|myl.ti.lit
-------
muriate|myl.ti.bu.ʁjat
-------
museuse|myl.ti.søz
-------
mutationnisme|my.ta.sjɔ̃.sjɔ.nism.
-------
mutationniste|my.ta.sjɔ̃.sjɔ.nist.
-------
myasthénique|mi.jaz.ste.nik.
-------
myoclonie|mjɔ.kaʁ.klo.ni.
-------
myocyte|mjɔ.kaʁ.sit.
-------
myodésopsie|mjɔ.zi.
-------
myofasciite|mjɔ.ʃi.it
-------
myofibrille|mjɔ.fi.bʁil.
-------
myogramme|mjɔ.ɡʁam.
-------
myologique|mjɔ.lɔ.ʒi.lɔ.ʒik.
-------
myomatose|mjɔ.oz.
-------
myotatique|mjo.tik.
-------
myringoplastie|mi.ʁja.plas.ti.
-------
myrmidone|miʁ.me.kɔ.dɔn
-------
myrtacée|miʁ.se.
-------
myrtaie|miʁ.tɛ.
-------
mytilotoxine|mi.tɔ.tɔk.sin.
-------
myélodysplasique|mje.lɔ.dis.pla.pla.zik.
-------
myéloproliférative|mje.lɔ.pa.pʁɔ.li.fe.ʁa.tif.
-------
myélotoxique|mje.lɔ.tɔk.sik.
-------
méandrine|me.ʁi.fɔʁm.lɛk.sɑ̃.dʁin
-------
méatoscopie|me.a.skɔ.pi.
skɔ.pi.
-------
médaillable|me.da.abl.
-------
médailleuse|me.daj.jøz.
-------
médaillier|me.da.lje.
-------
médiopalatale|me.djɔ.pa.la.tal.
-------
médusante|me.dy.y.zɑ̃t.
-------
mégacaryocyte|me.ɡa.sit.
-------
mégacéphalie|me.ɡa.a.se.fa.li.
-------
mégaloblastique|me.ɡa.lo.tik.
tik.
-------
mégalocéphalie|me.ɡa.lo.se.fa.li.
-------
mégaloptère|me.ɡa.lo.ɛʁ.
-------
mégalérythème|me.ɡa.e.ʁi.tɛm.
-------
mégaptère|me.ɡa.aptɛʁ.
-------
mégatonnique|me.ɡa.tɔn.nik.
-------
méjanage|me.ʒy.ʒe.naʒ.
-------
mélampyre|me.la.mi.lɑ̃.piʁ
-------
mélangeur-doseur|me.lɑ̃ʒ.zœʁ
-------
mélanodermie|me.la.no.tɛʁ.mi.
-------
méliacée|me.lja.se.
-------
méligèthe|me.lit
-------
mélioïdose|me.ljɔ.ʁa.doz.
-------
mélongine|me.lo.ʒin
-------
ménagiste|me.naʒ.lɔ.ʒist.
-------
ménapienne|me.pjɛn
-------
méphitisme|me.fi.tik.tism.
-------
mérelle|me.ʁi.ɛl.
-------
mésadaptée|me.za.te.
-------
mésemploi|me.zɑ̃.ɑ̃.plwa.
-------
mésentérique|me.zɑ̃.ɑ̃.te.ʁik.
-------
mésothéliale|me.zo.te.al.
-------
métabotypage|me.ta.bɔ.ti.paʒ.
-------
métaldéhyde|me.tal.al.de.id.
-------
métallo|me.ta.ɡa.lo
-------
métaxiale|me.ta.ak.sjal.
-------
méthanoïque|me.ta.ik
-------
méthaqualone|me.ta.a.ba.lɔn
-------
méthylcyclopropane|me.ti.pʁɔ.pan.
-------
méthylmercure|me.ti.mɛʁ.kyʁ.
-------
méthémoglobinémie|me.te.e.se.mi.
-------
métronidazole|me.tʁɔ.a.zɔl.
-------
mézail|me.aj.
-------
nahua|na.ɥatl.wa
-------
nandrolone|nɑ̃.du.ki.lɔn
-------
nanite|na.ni.nit.
-------
naphtol|naf.ta.se.ʁɔf.tɔl
-------
nargueuse|naʁ.ɡi.le.ɡøz.
-------
navalisation|na.val.li.za.sjɔ̃.
-------
naviplane|na.vi.plan.
-------
navrance|na.vʁɑ̃t.ʁɑ̃s.
-------
navrure|na.yʁ.
-------
naïadacée|na.jad.se.
-------
nervosisme|nɛʁ.vɔ.zi.zism
-------
nescafé|nɛs.tɔ.bi.li.te.
-------
netiquette|ne.twa.kɛt.
-------
neuraminidase|nø.ʁɔ.pɛp.ti.daz
-------
neuraminique|nø.ʁɔ.i.nik.
-------
neuroblaste|nø.ʁɔ.bjɔ.blast.
-------
neuroblastome|nø.ʁɔ.bjɔ.tɔm.
-------
neuroplégique|nø.ʁɔ.plas.lɔ.ʒik.
-------
neurotensine|nø.ʁɔ.tɛk.ʒjɔ.tɑ̃.sin
-------
newsmagazine|njuz.lɛ.tœʁ.ma.ɡa.zin.
-------
nictitante|nik.ti.ta.tɑ̃t.
-------
niellage|njɛ.jaʒ.
-------
nilvariété|nil.va.ʁje.te.
-------
niobate|ni.bat
-------
niobite|ni.bit.
-------
niqueuse|nik.køz
-------
nitrifiante|ni.tʁi.fi.ɑ̃t.
-------
nitrocellulose|ni.se.ly.lɔz.
-------
nivaquiner|ni.val.ne.
-------
noblaillonne|nɔ.jɔn
-------
nobo|nɔ.bo
-------
nobscuriter|nɔ.te.
-------
noethérienne|ly.te.ʁjɛn
-------
nomenklaturiste|nɔm.ʁist.
-------
non-alignée|nɔ̃.li.ɲe.
-------
non-droit|nɔ̃.dʁwa
-------
noncer|nɔ̃.ʃa.se.
-------
noosphérique|o.sfe.ʁik.
-------
normoblaste|nɔʁ.ma.blast.
-------
nosophobie|nɔ.zɔ.fɔ.bi.
-------
nucléolyse|ny.kle.ɔl.liz.
-------
nummulite|ny.my.li.lit
-------
nyctaginacée|nik.ta.se.
-------
nævocarcinome|kaʁ.si.kaʁ.si.nom.
-------
négrerie|ne.ɡʁɛs.ʁi.
-------
némathelminthe|ne.ma.ɛl.mɛ̃t.
-------
nématoblaste|ne.ma.tɔ.blast.
-------
nématocère|ne.ma.tɔ.ɛʁ.
-------
néocomienne|ne.o.mjɛn.
-------
néolamarckisme|ne.o.la.kism
-------
néosynéphrine|pi.ne.fʁin
-------
néphritique|ne.fʁit.tik.
-------
néphroangiosclérose|ne.fʁɔ.skle.ʁoz.
-------
névrodermite|ne.vʁɔ.dɛʁ.mit.
-------
oaï|ɔ.a.a.i
-------
objecteur|ɔb.ʒɛk.te.tœʁ.
-------
obsessivement|ɔp.sɛ.siv.mɑ̃.
-------
obsolescente|ɔp.sɔ.lɛ.dɔ.lɛ.sɑ̃t
-------
obviation|ɔb.vje.li.za.sjɔ̃.
-------
obédiencier|ɔ.be.djɑ̃s.sje.
-------
obélie|ɔp.li.
-------
occasionnaliste|ɔ.ka.zjɔ.sjɔ.na.list.
-------
octalogie|ɔk.tal.tɔ.lɔ.ʒi.
-------
octanoïque|ɔ.tɑ̃.ik
-------
octodon|ɔk.tɔ.dɔ̃.
-------
odontalgie|ɔ.dɔ̃.tɔ.lɔ.ʒi.
-------
odontalgique|ɔ.dɔ̃.tɔ.al.ʒik.
-------
odontoblaste|o.dɔ̃.tɔ.blast.
-------
ofbizextra|ɛks.tʁa.
-------
oiseaux-soleils|wa.zo.il.
-------
oldowayenne|ʁa.ɡɥe.jɛn
-------
oligandrine|ɔ.li.ɡaʁ.lɛk.sɑ̃.dʁin
-------
oligo-galacturonate|ɔ.li.ɡɔ.kaʁ.bɔ.nat
-------
oligodendrogliome|ɔ.li.ɡɔ.ɡli.joːm.
-------
oligogalacturonate|ɔ.li.ɡɔ.kaʁ.bɔ.nat
-------
oligothérapie|ɔ.li.ɡɔ.te.ʁa.pi.
-------
oligozoospermie|ɔ.li.ɡɔ.tɛʁ.mi.
-------
olivaison|ɔ.li.zɔ̃.
-------
ollas-podridas|ɔ.-------
oléfiante|ɔ.le.fin.ɑ̃t.
-------
oléohydraulique|ɔ.le.i.dʁo.lik.
-------
oléopneumatique|ɔ.le.ɔ.pnø.ma.tik.
pnø.ma.tik.
-------
oléosome|ɔ.le.kle.ɔ.zɔm
-------
oléum|ɔ.le.ɔm
-------
ombrophile|ɔ̃.fil.
fil.
-------
omnipraticienne|ɔm.ni.pʁe.pʁa.ti.sjɛn.
-------
omnipuissante|ɔm.ni.pʁe.pɥi.sɑ̃t.
-------
omphacite|ɔ̃.fa.sit
-------
oncogenèse|ɔ̃.kɔ.ʒɛn.ʒə.nɛz.
-------
oniriquement|ɔ.ni.ʁik.mɑ̃.
-------
onkotique|tik.
-------
oolitique|o.lit.tik.
-------
oomycète|o.mi.sɛt.
-------
opalisation|ɔ.pa.li.li.za.sjɔ̃.
-------
opisthobranche|ɔ.pis.tɔ.bʁɑ̃ʃ.
-------
opsonique|ɔp.sɔ.nik.
-------
opéras-bouffes|o.pe.ʁa.dʒy.dɑ̃t.ʃɛf
-------
orbitofrontale|bi.to.fʁɔ̃.tal.
-------
orchestie|ɔʁ.kɛs.mɔ.dɛs.ti
-------
ordovicienne|ɔʁ.dɔ.ti.sjɛn
-------
organisationnellement|ɔʁ.ɡa.ni.za.sjɔ̃.mɑ̃.
-------
organomagnésienne|ɔʁ.ɡa.nɔ.sjɛn.
-------
org|ɔʁ.ɡa.
-------
orientement|ɔ.ʁjɑ̃.mɑ̃.
-------
ornithischien|ɔʁ.ni.tɔ.kʁɛv.ʃjɛ̃
-------
ornithogale|ɔʁ.ni.tɔ.ɡal.
-------
orobe|ɔʁ.fɔb
-------
oropharynx|ɔ.ʁɔ.-------
orthophonique|ɔʁ.to.fɔ.nik.
-------
orthoprothésiste|ɔʁ.to.pe.pʁɔ.te.zist.
-------
osmoprotecteur|ɔs.tœʁ.
-------
osmotrophe|ɔs.mo.tik.tʁɔf
-------
ossiculoplastie|ɔ.sja.plas.ti.
-------
osso-buco|ɔ.ko
-------
ostéichtyen|ɔst.jɛn.
-------
ostéocyte|ɔst.sit.
-------
ostéogénie|ɔst.ʒe.ni.
-------
ostéoplastie|ɔst.plas.ti.
-------
ostéopontine|ɔst.tin.
-------
ostéotomie|ɔst.tɔ.mi.
-------
otospongiose|ɔ.tɔ.oz.
-------
ourdisserie|uʁ.di.søz.ʁi.
-------
ourleuse|uʁ.løz
-------
ourlienne|uʁ.ljɛn
-------
outilleuse|awt.jøz.
-------
outrigger|u.dʒi.ɡe
-------
ouvre-gants|u.-------
ovariohystérectomie|ɔ.va.tɔ.mi.
-------
ovarite|ɔ.va.ʁit.
-------
ovigène|ɔ.vi.ʒɛʁ.ʒɛn.
-------
oviné|ɔ.vɛ̃.bi.li.te.
-------
ovoproduit|ɔ.vɔ.pʁɔ.dɥi.
-------
oxazine|ɔk.sa.a.zin.
-------
oxycarbonée|ɔk.si.kaʁ.bɔ.ne.
-------
oxydimétrie|ɔk.si.me.tʁi.
-------
oxydoréductase|ɔk.si.dɔ.lak.taz
-------
oxyologie|ɔk.si.tɔ.lɔ.ʒi.
-------
ozonation|o.zo.li.za.sjɔ̃.
-------
oz|ɔ.-------
pace-maker|pa.kœʁ
-------
pacfung|pa.ʃɑ̃.tuŋ
-------
pagodon|pa.ɡɔd.dɔ̃.
-------
paidologie|pa.tɔ.lɔ.ʒi.
-------
pailletage|pɑj.taʒ.
-------
paillet|pɑj.jɛ
-------
palabreuse|pa.labʁ.bʁøz
-------
palatinat|pal.na.
-------
palato-glosse|pa.la.ɡlɔs
-------
palefrenière|pal.fʁwa.ɛʁ.
-------
palicinésie|pal.ki.ne.zi.
-------
pallasite|la.sit.
-------
palmacée|pal.ma.se.
-------
palmatiséquée|pal.ma.ti.ke.
-------
palpitement|pal.pi.te.mɑ̃.
-------
paléothérium|pal.ʁjɔm.
-------
panacher|pɑ̃.ʃe.
-------
panhypopituitarisme|ta.ʁism.
-------
panniculite|pa.ni.kyl.ku.lit
-------
panorpe|pa.nɔ.ʁa.kaʁp
-------
pantouflière|pɑ̃.tu.ɛʁ.
-------
papaver|pa.ve.pa.ve.
-------
papavéracée|pa.ve.se.
-------
papillomatose|pa.pi.jɔm.ma.toz.
-------
papillonnement|pa.pi.jɔ.mɑ̃.
-------
papoteuse|pa.pɔ.te.tøz.
-------
paqueteuse|pak.tøz.
-------
parabiose|pa.ʁa.oz.
-------
parachronisme|pa.ʁa.ʃy.nism.
-------
parachutale|pa.ʁa.ʃy.tal.
-------
paraguante|pa.ʁa.ɡɥe.ɑ̃t.
-------
parahydroxybenzoïque|bɛ̃.zɔik.
-------
paramédic|pa.ʁa.me.dik
-------
paraphrénie|pa.ʁa.fʁa.ni.
-------
parasélène|pa.ʁa.zi.lɛn
-------
paraxiale|pa.ʁa.ak.sjal.
-------
parcheminerie|paʁk.ʁi.
-------
parcheminière|paʁk.mi.njɛʁ.
-------
parfondre|pa.ʁa.fɔ̃dʁ.
-------
paridigitidée|pa.ʁi.de.de.
-------
parkinsonisme|paʁ.kin.sɔ.nism.
-------
parodontolyse|pa.ʁɔ.dɔ̃.liz.
-------
parodontose|pa.ʁɔ.dɔ̃.oz.
-------
parotidienne|pa.ʁa.kɔ.ti.djɛn
-------
paroxysmale|pa.ʁɔk.sism.al.
-------
parqueteuse|paʁ.kə.tøz.
-------
partoche|paʁ.tu.tɔʃ
-------
passacaille|pa.kɑj.
-------
passavant|pa.a.vɑ̃.
-------
passette|pas.sɛt.
-------
pataugeage|pa.to.aʒ.
-------
pataugement|pa.to.mɑ̃.
-------
patentage|pa.tɑ̃.tabl.taʒ.
taʒ.
-------
pathomimie|pa.tɔ.lɔ.ʃi.mi.
-------
pathosystème|pa.tɔ.lɔ.sis.tɛm.
-------
patouillage|pa.tu.jaʁ.jaʒ.
-------
patriciale|pat.ʁi.al.
-------
paulienne|pɔ.li.ljɛn
-------
pavimenteuse|pa.vi.jɔ.mɑ̃.tøz.
-------
paysannat|i.zan.na.
-------
peccante|pɛk.ɑ̃t.
-------
peignage|pɛʁ.naʒ.
-------
peinturlurage|pɛ̃.tyʁ.ly.ʁaʒ.
-------
pelanage|pə.naʒ.
-------
pelletisation|pɛl.li.za.sjɔ̃.
-------
peléenne|pɛl.le.ɛn
-------
pemmican|pɛʁ.kɑ̃
-------
pemphigoïde|e.ta.ni.id.
-------
pentacrine|pɛ̃.kʁi.nit.ta.ka.ʁin.
-------
pentakidodécaèdre|pɛ̃.ta.de.ka.ɛdʁ.
de.ka.ɛdʁ.
-------
pentamidine|pɑ̃.din.
-------
pentapole|pɑ̃.pɔl
-------
pentastomide|pɑ̃.id.
-------
pentaérythritol|pɛ̃.ta.tɔl
-------
pentitol|pɑ̃.tɔl
-------
pentosane|pɛ̃.toz.zan
-------
penty|pɑ̃.pɑ̃.ti
-------
perceptionnisme|pɛʁs.sjɔ.nism.
-------
percevable|pɛʁs.abl.
-------
perchloréthylène|pɛʁ.klɔ.e.ti.lɛn.
-------
perforelieuse|pɛʁf.ʁə.ljøz.
-------
perlinguale|pɛʁ.lɛ̃.ɡwal.
-------
perlitique|pɛʁ.lit.tik.
-------
permacirculaire|pɛʁ.ma.kyl.ky.lɛʁ.
-------
permanencière|pɛʁ.ma.nɑ̃s.ɛʁ.
-------
permutante|pɛʁ.ma.my.tɑ̃t.
-------
persulfurée|pɛʁ.syl.fyʁ.y.ʁe.
-------
perthite|pɛʁ.tyʁ.a.nɔʁ.tit
-------
pervibrage|pɛʁ.vi.bʁe.vi.bʁaʒ.
-------
pessière|si.ɛʁ.
-------
petit-boutiste|pə.tist.
-------
peuton|pɛʁ.tɔ̃.n‿.
-------
pfaffienne|fjɛn
-------
phallotoxine|fa.lɔ.tɔk.sin.
-------
phalloïdine|fa.lɔ.din.
-------
phelloderme|fe.lɔ.ʒɛn.dɛʁm.
-------
phencyclidine|din.
-------
phlébothrombose|fle.bɔ.tʁɔ̃.bɔz.
-------
phoma|fi.ma.
-------
phonocaptrice|fɔ.no.tʁis.
-------
phonolite|fɔ.nɔ.li.lit.
-------
phosphatidylcholine|fɔs.fa.ti.kɔ.lin.
-------
phosphatidylsérine|fɔs.fa.ti.se.ʁin.
-------
phosphatidyléthanolamine|fɔs.fa.ti.e.ta.nɔl.a.min.
-------
phosphorylase|fɔs.fɔ.ʁi.bok.si.laz
-------
phosphorémie|fɔs.fɔ.se.mi.
-------
photochromisme|fɔ.tɔ.kʁɔ.mism.
-------
photopique|fo.to.pil.tɔ.pik.
-------
photostéréosynthèse|fɔ.tɔ.sɛ̃.tɛz.
-------
phot|fi.ʃo
-------
phraseuse|fʁɑz.zøz
-------
phrygane|fi.ɡan
-------
phyllite|fi.li.ʁɔ.fi.lit
-------
physiatrie|fi.zjatʁ.me.tʁi.
-------
phytophthora|fi.tɔ.tɔ.ʁa.
-------
ph|pa.-------
phénacétine|fe.nɔ.tin.
-------
phénocopie|fe.nɔ.kʁis.kɔ.pi.
-------
phénylbutazone|fe.nil.zon.
-------
phéochromocytome|fe.o.tɔm.
-------
phœniciculture|kyl.tyʁ.
-------
piaculaire|pja.ky.lɛʁ.
-------
piccalilli|pi.ko.lo.ji
-------
picklage|pik.pɔ.kɛt.aʒ.
-------
pierrage|pjɛ.ʁaʒ.
-------
piluler|pi.lyl.le.
-------
pimer|pɛ̃.mɛʁ.
-------
pincharde|pɛ̃.aʁd.
-------
piochage|pjɔʃ.ʃaʒ.
-------
pipetage|pi.taʒ.
taʒ.
-------
piroguière|pi.ʁɔɡ.ɛʁ.
-------
pirole|pi.ʁɔl
-------
piroplasmose|pi.oz.
-------
pissement|pis.mɑ̃.
-------
pistillée|pis.til.le.
-------
pitaude|pi.ta.tɔd
-------
pixellisation|pik.sɛl.li.za.sjɔ̃.
-------
pizzaiolo|pid.lo.
-------
piétin|pje.tɛ̃.
-------
piézorésistive|pje.zɔ.ʁe.zis.tiv.
-------
planipenne|plɑ̃.pɛn.
-------
planiste|pla.nist.
-------
plantaginacée|plɑ̃.taʒ.se.
-------
planétésimale|plɑ̃.al.
-------
plastifieuse|plas.ti.fje.ma.fjøz
-------
platinocyanure|pla.ti.nɔ.sja.nyʁ.
-------
play-list|plɛ.plɛ.list
-------
plecquer|plɛktʁ.ke.
-------
pleurectomie|plœʁ.tɔ.mi.
-------
pleuronectiforme|plœʁ.si.fɔʁm.
-------
plissage|pli.saʒ.
-------
plumasserie|ply.ma.so.ʁi.
-------
pluridimensionnalité|ply.ʁi.di.na.li.te.
-------
plurisousharmonique|ply.ʁi.se.nik.
-------
plurispécifique|ply.ʁi.se.spe.si.fik.
-------
pneumallergène|pnø.ma.al.lɛʁ.ʒɛn.
-------
pneumatothérapie|pnø.ma.tɔ.te.ʁa.pi.
-------
pneumectomie|pnø.mɔ.tɔ.mi.
-------
pneumomédiastin|pnø.mɔ.me.djas.tɛ̃.
-------
pneumonectomie|pnø.mɔ.tɔ.mi.
-------
pneumopéritoine|pnø.mɔ.pa.pe.ʁi.twan.
-------
podologique|pɔ.dɔ.lɔ.lɔ.ʒik.
-------
poljé|pus.bi.li.te.
-------
polluposteuse|pɔ.li.tøz.
-------
polychlorobenzène|pɔ.li.klɔ.bɛ̃.zɛn.
-------
polyembryonie|pɔ.li.ɛs.ni.
-------
polyglobulie|pɔ.li.ɡlɔt.li.
-------
polyimide|pɔ.li.id.
-------
polyméthylpentène|pɔ.li.me.pɑ̃.tɛn
-------
polyoxyméthylène|pɔ.li.me.ti.lɛn.
-------
polyploïde|pɔ.li.id.
-------
polypnée|pus.ne.
-------
polyptyque|pɔ.li.ptɛʁ.tik
-------
polyradiculonévrite|pɔ.li.ne.vʁit.
-------
polythène|pɔ.li.te.stɛn
-------
polytétrafluoroéthylène|e.ti.lɛn.
-------
polyvinylbutyral|pɔ.li.vi.-------
polyédrale|pɔ.lje.dʁik.al.
-------
polémarque|pɔ.le.maʁk.
-------
ponantaise|pɔ̃.ɛz.
-------
pontuseau|pɔ̃.o.
-------
porphyra|pɔʁ.fi.ʁa
-------
porpite|pɔʁ.fi.pit.
-------
porrection|pɔ.ʁo.za.sjɔ̃.
-------
portlandien|pɔʁ.lɑ̃d.djɛ̃
-------
postformée|pɔst.me.
-------
potencée|pɔt.se.
-------
poteur|pɔt.tœʁ.
-------
potomètre|po.mɛtʁ.
-------
poudrin|pu.dʁi.dʁɛ̃
-------
pourchasseuse|puʁ.ʃa.se.ʃa.søz.
-------
poursuiveuse|puʁ.sɥi.vøz.
-------
poya|pus.ja
-------
poétisme|pɔe.ti.tism.
-------
poïkilocytose|pɔ.i.ki.oz.
-------
ppq|pe.
-------
pp|pa.-------
praguoise|pʁaɡ.ma.kwaz
-------
praxéologique|pʁak.se.ɔ.lɔ.ʒik.
-------
prima-donna|pʁi.ma.na.
-------
primage|pʁi.ma.i.maʒ.
-------
primulacée|pʁi.se.
-------
principautaire|pʁɛ̃.si.pɔ.tɛʁ.
-------
priorat|pʁi.jɔ.ʁi.tɔ.ʁa.
-------
privatique|pʁi.va.ti.tik.
-------
probénécide|pʁo.sid.
-------
procordé|pʁɔ.lɔ.kɔʁ.de
-------
proctorrhée|pʁɔk.ʁe.
-------
productique|pʁɔd.tik.
-------
profitante|pʁɔf.tɑ̃t.
-------
programmable|pʁɔ.ɡʁa.ma.abl.
-------
progénote|pʁɔ.ʒe.ni.nɔt.
-------
propagule|pʁɔ.pa.ɡyl
-------
propanal|pʁɔ.pa.nal
-------
propanier|pʁɔ.pa.nje.
-------
propanol|pʁɔ.pa.e.ta.nɔl
-------
propanoïque|pʁɔ.pa.nɔn.ik
-------
propective|pʁɔ.tiv.
-------
propranolol|pʁɔ.pʁi.lɔl
-------
propylée|pʁɔ.ksi.le
-------
propyne|pʁɔ.-------
prosobranche|pʁɔs.bʁɑ̃ʃ.
-------
prosopagnosique|pʁɔs.zik
-------
protamine|pʁɔ.a.min.
-------
prothioconazole|pʁɔ.a.zɔl.
-------
prothrombine|pʁɔ.tʁɔ̃.bin.
-------
protéinogène|pʁɔ.tɛi.nɔ.ʒɛn.
-------
protéinémie|pʁɔ.te.i.se.mi.
-------
protéoglycane|pʁɔ.te.ɔ.kan.
-------
provection|pʁɔ.za.sjɔ̃.
-------
provençalisme|pʁɔ.vi.a.lism.
-------
provignement|pʁo.mɑ̃.
-------
provisorat|pʁo.tɔ.ʁa.
-------
prudhommale|pʁy.dɔ.al.
-------
prâkrit|pʁe.kʁit
-------
préceinte|pʁe.ɑ̃.sɛ̃t
-------
précipitable|pʁe.si.pi.tɑbl.
-------
prédictrice|pʁe.dik.tʁis.
-------
prédiffusée|pʁe.di.fy.ze.
-------
prédiviseur|pʁe.di.vi.zœʁ.
-------
préfab|pʁe.-------
prémontrée|pʁe.mɔ̃.taʒ.kɔ̃.tʁe
-------
prérégulateur|pʁe.ʁe.tœʁ.
-------
présélecteur|pʁe.se.lɛk.tœʁ.
-------
prétensionneur|pʁe.tɑ̃.li.zjɔ.nœʁ
-------
prétentaine|pʁe.tɑ̃.tɛn.
-------
préteuse|pʁe.tøz.
-------
psammophyte|psal.fit.
-------
pseudolangrayen|psø.do.jɛn.
-------
psilotum|psi.ta.tɔm
-------
psoralène|lɛn
-------
psoriasique|tik.
-------
ptoléméenne|ptɔ.le.ma.me.ɛn
-------
ptyalisme|ptja.lin.a.lism.
-------
pudendale|py.dœʁ.al.
-------
pullorose|pyl.ovɛʁ.ʁɔz.
-------
pulmoné|pyl.mɔ.bi.li.te.
-------
pulsomètre|pyl.sɔ.ʁe.mɛtʁ.
-------
puna|py.na.
-------
puncheuse|pœntʃ.ʃøz.
-------
punkette|pœŋk.ɡi.kɛt
-------
pupaison|py.zɔ̃.
-------
purgeur|pyʁ.ɡa.laʁ.ʒœʁ
-------
puvathérapie|te.ʁa.pi.
-------
puérilisme|pɥe.ʁi.li.lism.
-------
px|pa.-------
pycnotique|pik.tik.
-------
pygmalionisme|piɡ.me.nism.
-------
pyorrhée|pi.ʁe.
-------
pyralène|pi.ʁal.lɛn
-------
pyrocorise|pi.ʁɔ.pʁiz
-------
pyroxylée|pi.ʁɔk.sil.ksi.le
-------
pyroxénite|pi.ʁɔk.nit.
-------
pyruvate|pi.ʁɔ.vat
-------
pyrétothérapie|pi.ʁe.te.ʁa.pi.
-------
pyurie|pi.ʁi.
-------
pz|pa.-------
pédobaptisme|pe.do.ba.tism.
-------
pédoflore|pe.do.flɔʁ.
-------
pékan|pe.as.tʁa.kɑ̃
-------
pélargonium|pe.la.njɔm.
-------
pénicillinase|pe.ni.si.naz
-------
pénicillinorésistante|pe.ni.si.ʁe.zis.tɑ̃t.
-------
pénitence|pe.ni.tɑ̃.pɔ.tɑ̃s.
-------
pénitentiale|pe.ni.tɑ̃.al.
-------
pépiante|pe.pi.ɑ̃t.
-------
péquenotte|pek.nɔd.kə.nɔt
-------
péribole|pe.ʁi.by.fa.ʁi.bɔl
-------
péripatétisme|pe.ʁi.pa.tism.
-------
pérylène|pe.ʁi.ti.lɛn
-------
pétrarquiste|pe.tʁɔ.kist
-------
pétrir|pe.tʁɔ.tʁiʁ
-------
pétrogenèse|pe.tʁɔ.ʒə.nɛz.
-------
pétulante|pe.ty.lɑ̃s.ɑ̃t.
-------
pœcilitique|pe.si.tik.
-------
pœcilogynie|pe.si.lɔ.ni.
-------
pœcilothermie|pe.si.lɔ.tɛʁ.mi.
-------
qanat|ka.ta.na.
-------
qbit|ka.bit.
-------
quadribande|kwad.bɑ̃d.
-------
quadrifide|kwad.id.
-------
quadrivecteur|kwad.tœʁ.
-------
quaiche|ke.wɛʃ
-------
quartolet|kaʁ.tɔ.lɛ.
-------
quaterne|ka.tʁə.vɛ̃.tɛʁn.
-------
queuillère|kø.jɛʁ.
-------
quillette|kij.jɛt
-------
quilleuse|kij.jøz.
-------
quipu|ki.ʁɔ̃.py
-------
quirite|kɛ̃.ʁit.
-------
quizalofop|kɛ̃.-------
rabaissante|ʁa.sɑ̃t.
ɑ̃t.
sɑ̃t.
-------
rabibochage|ʁa.bi.bɔ.ʃaʒ.
-------
rabrouement|ʁab.mɑ̃.
-------
rabroueuse|ʁab.køz
-------
rabâcheuse|ʁab.ʃøz.
-------
raccrocheuse|ʁa.kʁɔ.ʁɔ.ʃøz.
-------
rachetable|ʁaʃ.te.tɑbl.
-------
racheteuse|ʁaʃ.te.tøz.
-------
rachialgie|ʁa.ʃi.lɔ.ʒi.
-------
racketiciel|ʁa.kɛt.sjɛl.
-------
racketteuse|ʁa.kɛt.tøz.
-------
radiculalgie|ʁad.lɔ.ʒi.
-------
radiculite|ʁad.ku.lit
-------
radiodiffuseur|ʁa.djo.di.e.pu.zœʁ
-------
radiolarite|ʁad.ʁit.
-------
radionavigante|ʁa.djo.na.ɑ̃t.
-------
radique|ʁad.dik.
-------
radjah|ʁad.a.ʁa.dʒa
-------
radja|ʁad.dʒa
-------
raffinose|ʁa.fi.oz.
-------
rafflésie|ʁa.ne.zi.
-------
rag-time|ʁa.tim
-------
rajeunir|ʁa.ʒœ.nis.y.niʁ.
-------
rallongement|ʁa.lɔ̃ʒ.mɑ̃.
-------
ramander|ʁa.ma.mɑ̃.de.
-------
rameter|ʁam.te.
-------
rangeuse|rɑ̃.ʒøz.
-------
rapipoter|ʁa.te.
-------
rapiéçage|ʁa.pje.sə.aʒ.
-------
rassasiement|ʁa.sa.zje.mɑ̃.
-------
ratatinement|ʁa.ta.ti.mɑ̃.
-------
rattachisme|ʁa.ʃism
-------
raturage|ʁa.ʁaʒ.
-------
rauwolfia|ʁo.ta.fja
-------
ravoirage|ʁa.ʁaʒ.
-------
rayonnisme|ʁɛ.jɔ.nism.
-------
rebmane|ʁə.man.
-------
recasquante|ʁə.ka.ze.ɑ̃t.
-------
recensable|ʁə.sɑ̃.sabl.
-------
reclassification|ʁə.kla.fi.ka.sjɔ̃.
-------
recognition|ʁə.kɔ̃.za.sjɔ̃.
-------
recollement|ʁǝ.kɔ.mɑ̃.
-------
reconnexion|ʁə.kɔ̃.jɔ̃.
-------
recordage|ʁə.kɔʁ.daʒ.
-------
recorder|ʁə.kɔʁ.kɔʁ.de.
-------
recrudescente|ʁə.kʁy.de.de.sɑ̃t.
-------
rectoscope|ʁɛk.tɔ.skɔ.ɔp.
-------
rectosigmoïdienne|ʁɛk.tɔ.siɡ.siɡ.mɔ.id
-------
rectosigmoïdoscopie|ʁɛk.tɔ.siɡ.skɔ.pi.
skɔ.pi.
-------
reculement|ʁky.le.mɑ̃.
-------
recycleuse|ʁə.si.kløz
-------
recâblage|ʁə.ka.ble.aʒ.
-------
redondée|ʁə.dɔ̃.de.
-------
redénomination|ʁə.de.li.za.sjɔ̃.
-------
refermement|ʁə.fɛʁ.mɑ̃.
-------
refuznik|ʁə.fy.nik
-------
reginglard|ʁɛɡ.laʁ.
-------
regrèvement|ʁə.mɑ̃.
mɑ̃.
-------
rehaussement|ʁə.os.mɑ̃.
-------
rehausseur|ʁə.o.sœʁ.
-------
relampage|ʁə.la.paʒ.
-------
relanceuse|ʁə.lɑ̃s.søz.
-------
relaxologie|ʁə.lak.tɔ.lɔ.ʒi.
-------
relevance|ʁə.vɑ̃s
-------
releveuse|ʁə.vøz.
-------
reliage|ʁə.ljabl.ljaʒ.
-------
rembuchement|ʁɑ̃.by.ʃe.mɑ̃.
-------
remettante|ʁə.mɛ.taʒ.tɑ̃t.
-------
remisier|ʁɛm.zje.
-------
remmouleur|ʁɑ̃.lœʁ.
-------
renarder|ʁə.de.
-------
renardière|ʁə.djɛʁ.
-------
renardée|ʁə.de.
-------
renforçante|ʁɑ̃.fɔʁ.ɑ̃t.
-------
renforçatrice|ʁɑ̃.fɔʁ.sa.tʁis.
-------
reniflage|ʁɑ̃.aʒ.
-------
rentraiture|ʁɑ̃.tyʁ.
-------
repercer|ʁə.pɛʁ.se.
-------
reperçage|ʁə.saʒ.
aʒ.
-------
repoussement|ʁə.pu.se.mɑ̃.
-------
reprogrammable|ʁə.pʁɔ.ɡʁa.abl.
-------
resarcelée|ʁə.sa.fi.sə.le
-------
rescindante|sɛ̃.ɑ̃t.
-------
rescription|ʁəs.kʁi.za.sjɔ̃.
-------
respiritualisation|ʁɛs.pi.li.za.sjɔ̃.
-------
ressaisissement|ʁə.sɛ.ziʁ.mɑ̃.
-------
ressasseuse|ʁə.sa.sa.søz.
-------
ressuyer|ʁə.je.
-------
resuffixation|ʁə.syʁ.li.za.sjɔ̃.
-------
resurgissement|ʁə.syʁ.ʒiʁ.mɑ̃.
-------
retapage|ʁə.ta.ta.paʒ.
-------
retissage|ʁə.ti.se.saʒ.
-------
retondre|ʁə.tɔ̃dʁ.
-------
retourneuse|ʁə.tuʁ.nøz.
-------
retraitante|ʁə.tʁɛ.tɑ̃t.
-------
retroussement|ʁə.tʁu.se.mɑ̃.
-------
reverdissement|ʁə.vɛʁ.mɑ̃.
-------
rhabdomyosarcome|ʁa.dɔ.saʁ.kom.
-------
rhamnolipide|ʁam.noz.li.pid.
-------
rhino-pharyngienne|ʁi.nɔ.fa.ʁẽ.ʒjɛ̃n
-------
rhizobium|ʁi.zɔ.njɔ.bjɔm
-------
rhizocarpée|ʁi.zɔ.ktɔn.pe.
-------
rhizoflagellé|ʁi.zɔ.le
-------
rhizophore|ʁi.zɔ.faʒ.fɔʁ.
-------
rhizopode|ʁi.zɔ.faʒ.pɔd.
-------
rhizostome|ʁi.zɔ.sfɛʁ.tɔm.
-------
rhizotomie|ʁi.zɔ.tɔm.tɔ.mi.
-------
rhomboèdre|ʁɔ̃.bɔ.ɛdʁ
-------
rhynchocéphale|ʁɛ̃.ko.nɛl.se.fal.
-------
rhynchote|ʁi.mɑ̃.ʃɔt
-------
rhytidome|ʁi.tɔ̃.i.bʁi.dɔm
-------
rhéogramme|ʁe.ɔ.ɡʁam.
-------
rhéologue|ʁe.ɔ.lɔ.lɔɡ.
-------
rhéotaxie|ʁe.ɔ.tak.si.
-------
rhéotrope|ʁe.ɔ.tʁɔp.
-------
rhéotropisme|ʁe.ɔ.tʁɔ.pism.
-------
rhétoriqueur|ʁe.tɔ.ʁik.li.kœʁ
-------
rickettsiose|ʁi.kɛ.tsi.oz.
-------
rigolote|ʁi.ɡɔ.lo.lɔt
-------
ringardage|ʁiŋ.daʒ.
-------
riveraineté|ʁiv.ʁen.te.
te.
-------
rocailleur|ʁɔ.ka.lœʁ.
-------
rohart|ʁɔ.in.ɡa.aʁ.
-------
rolandique|ʁɔ.dik.
-------
ronflette|ʁɔ̃.flɛt.
-------
rosacée|ʁɔ.zas.se.
-------
rotruenge|ʁo.taʒ
-------
rottweiller|ʁo.je.
-------
rotulage|ʁo.aʒ.
-------
rouennière|ʁu.ɛʁ.
-------
roufler|ʁufl.fle.
-------
rougaille|ʁu.ɡaj
-------
rougir|ʁu.ʒiʁ.
-------
rouloir|ʁu.lɔ.lwaʁ.
-------
rousselet|ʁus.lɛ
-------
rouverain|ʁu.tʁɛ̃
-------
rouverin|ʁu.ʁɛ̃
-------
rubéoleuse|ʁy.be.ɔl.løz.
-------
rudbeckia|ʁy.-------
rudbeckie|ʁy.ki
-------
rudiste|ʁy.di.mɑ̃.dist.
-------
rufflette|ʁy.fjɑ̃.flɛt.
-------
ruinure|ʁɥi.yʁ.
-------
runabout|ʁy.a.bu.
-------
runiforme|ʁy.nik.si.fɔʁm.
-------
russologue|ʁy.sɔ.lɔɡ.
-------
rutacée|ʁyt.se.
-------
rutilement|ʁyt.mɑ̃.
-------
râtelage|ʁɑ.tə.aʒ.
-------
réarmable|ʁe.aʁ.abl.
-------
récidivisme|ʁe.si.di.ti.vism.
-------
réciteuse|ʁe.si.te.tøz.
-------
récoltable|ʁe.kɔl.tɑ̃t.tɑbl.
-------
récursoire|ʁe.kyʁ.iʁ.
-------
rédemptoriste|ʁe.ʁist.
-------
réductase|ʁe.dyk.lak.taz
-------
réductionniste|ʁe.dyk.sjɔ.sjɔ.nist.
-------
réenchantement|ʁe.ɑ̃.ʃɑ̃.mɑ̃.
-------
réendettement|ʁe.ɑ̃.mɑ̃.
-------
réescomptable|ʁe.ɛs.kɔ̃t.kɔ̃.tabl.
-------
réfaction|ʁe.fe.za.sjɔ̃.
-------
réflectomètre|ʁe.flɛk.mɛtʁ.
-------
réflexibilité|ʁe.flɛk.bi.li.te.
-------
réflexogramme|ʁe.flɛk.sɔ.ɡʁam.
-------
réflexogène|ʁe.flɛk.sɔ.ɛɡ.zɔ.ʒɛn.
-------
réglante|ʁe.ɑ̃t.
-------
réimperméabilisation|ʁe.ɛ̃.pɛʁ.li.za.sjɔ̃.
-------
réimposition|ʁe.ɛ̃.po.za.sjɔ̃.
-------
réincarnationniste|ʁe.ɛ̃.kaʁ.na.sjɔ̃.sjɔ.nist.
-------
réincrudation|ʁe.ɛ̃.kaʁ.li.za.sjɔ̃.
-------
réincruder|ʁe.ɛ̃.kaʁ.de.
-------
réindexation|ʁe.ɛ̃.dys.li.za.sjɔ̃.
-------
réjecteur|ʁe.ʒek.sjɔ̃.tœʁ.
-------
rélargir|ʁe.lyk.tɑ̃s.e.laʁ.ʒiʁ
-------
rémouleuse|ʁe.mu.lad.løz.
-------
rénitence|ʁe.ni.tɑ̃t.pɔ.tɑ̃s.
-------
rénovasculaire|ʁe.nɔ.va.vas.ky.lɛʁ.
-------
réoxydation|ʁe.ɔʁ.li.za.sjɔ̃.
-------
répartement|ʁe.paʁ.mɑ̃.
mɑ̃.
-------
répétitorat|ʁe.pe.ti.tɔ.ʁa.
-------
réserpine|ʁe.zɛʁ.pin.
-------
résiliable|ʁe.zi.lja.abl.
-------
résolvance|ʁe.zɔl.vœʁ.vɑ̃s
-------
résolvante|ʁe.zɔl.vœʁ.ɑ̃t.
-------
résonateur|ʁe.zɔ.nɑ̃s.tœʁ.
-------
résonatrice|ʁe.zɔ.nɑ̃s.tʁis.
-------
rétamage|ʁe.ta.maʒ.
-------
rétractibilité|ʁe.tʁak.bi.li.te.
-------
rétractrice|ʁe.tʁak.tʁis.
tʁis.
-------
réémission|ʁe.e.mi.sjɔ̃.
-------
sabéenne|sa.be.ism.ʁi.be.ɛn
-------
sadd|sa.-------
sahel|sa.ʃnɔʁ.kɛl
-------
saisonnale|se.nal.
-------
salarisation|sa.la.li.za.sjɔ̃.
-------
salicoque|sa.li.kɔk.
-------
salignon|sa.li.ɲɔ̃.
-------
salissement|sa.li.mɑ̃.
-------
salonguer|sa.lɔ̃.ɡe.
-------
salpingographie|sal.pɛ̃.ɡʁa.fi.
-------
salpêtrage|sal.pɛ.ʁaʒ.
-------
salsolacée|sal.se.
-------
saltationnisme|sal.ta.sjɔ̃.sjɔ.nism.
-------
salticidé|sal.ta.de.
-------
samboïste|sa.o.bɔ.ist
-------
sampot|sɑ̃.po.
-------
san-benito|sɑ̃.kɔ.ɲi.to
-------
sandalière|sɑ̃.da.ɛʁ.
-------
sanderling|sɑ̃.liŋ
-------
sapinage|sa.pɛ̃.naʒ.
-------
sapindacée|sa.pɛ̃.se.
-------
saponacée|sa.pɔ.nɛʁ.se.
-------
saponase|sa.pɔ.nɛʁ.naz
-------
sapropèle|sa.pʁɔ.ʁi.zi.pɛl
-------
saroual|sa.ʁwɛl.ʒwal
-------
sassenage|sa.naʒ.
-------
satyriasique|sa.ti.tʁi.jɑ.zik
-------
saurin|so.ʁɛ̃
-------
savart|sa.aʁ.
-------
sb|-------
scheik|-------
schleichera|ʃlø.ʁa
-------
schlittage|taʒ.
-------
schlitteur|tœʁ.
-------
schnouf|ʃnɔʁ.ʃnɔk.ʃnuf
-------
scholie|skɔ.ljast.li.
-------
schorre|-------
schupo|pus
-------
schwarzienne|zjɛn
-------
scindage|sɛ̃.dabl.daʒ.
-------
scintillogramme|sɛ̃.ti.ɡʁam.
-------
scintillographie|sɛ̃.ti.ɡʁa.fi.
-------
scissile|si.sjɔ.mi.sil
-------
sclérifiante|skle.ʁɔ.ɑ̃t.
-------
sclérifier|skle.ʁɔ.ti.fje.
-------
sclérite|skle.ʁɔ.ʁit.
-------
sclérokératite|skle.ʁɔ.ke.ʁa.tit.
-------
sclérotinia|skle.ʁo.si.nja
-------
scléterectasie|skle.ʁɔ.ɛk.ta.zi.
-------
scléterectomie|skle.ʁɔ.tɔ.mi.
-------
scoriacée|skɔʁ.se.
-------
scriban|skʁi.bu.bɑ̃.
-------
scyphoméduse|me.dyz.
-------
scyphozoaire|ɛʁ.
-------
sdcard|kaʁ
-------
sea-line|sə.without_span.uniq.withoutA-Z
-------
secam|sə.wɛb.kam
-------
secouante|sə.ku.aʒ.ɑ̃t.
-------
secoueur|sə.ku.œʁ
-------
seigneuriage|ɲœ.aʒ.
-------
seinomarine|sɛ̃.ma.ʁin.
-------
semestrialisation|sə.mɛs.tʁi.li.za.sjɔ̃.
-------
semi-finie|sə.mi.ni.
-------
semi-manufacturée|y.ʁe.
-------
semi-ouvrée|sə.mi.de.zœ.vʁe
-------
semnopithèque|tɛk.
-------
senescence|sɛn.sɑ̃s.
-------
sensitographe|sɑ̃.si.to.ɡʁaf.
-------
sensualisme|sɛn.a.lism.
-------
septime|sɛp.ti.tim
-------
serapeum|sɛʁ.-------
serfouissage|sɛʁ.fwiʁ.saʒ.
-------
serlienne|sɛʁ.ljɛn
-------
serpentement|sɛʁ.pɑ̃.mɑ̃.
-------
serpigineuse|sɛʁ.pɑ̃.nøz.
-------
sertraline|sɛʁ.ti.te.tʁa.lin
-------
servocommande|sɛʁ.vo.kɔ.mɑ̃d.
-------
servodirection|sɛʁ.vo.za.sjɔ̃.
-------
sesquialtère|sɛs.kɥi.ɛʁ.
-------
sevrage|sə.vʁe.ʁaʒ.
-------
shafiisme|ʃa.ʃi.ism
-------
shlag|laɡ
-------
shrapnell|ʃʁap.nɛl.-------
shériff|ʃe.ʁif.ʁif.
-------
sialique|sja.lik.
-------
sidologie|si.de.tɔ.lɔ.ʒi.
-------
sidérocyte|si.de.ʁɔ.sit.
-------
sidéropénie|si.de.ʁɔ.ni.
-------
sidéroxylon|si.de.ʁɔ.ʁo.ɡzi.lɔ̃
-------
sifflotante|si.tɑ̃t.
-------
silicagel|sil.ʒɛl.
-------
silicomanganèse|si.li.mɑ̃.ɡa.nɛz.
-------
siliconose|sil.oz.
-------
silicotique|sil.tik.
-------
siluriforme|si.ly.ʁjɛ̃n.si.fɔʁm.
-------
siluroïde|si.id.
-------
simaruba|si.maʁ.ba.
-------
simonienne|si.mɔ.ni.njɛn.
-------
simonisme|si.mɔ.nism.
-------
simpliciale|sɛ̃.pli.si.al.
-------
sismogenèse|sis.mɔ.ʒə.nɛz.
-------
sistership|sis.tœʁ.ʃip.li.dœʁ.ʃip
-------
sitone|si.to.tɔn
-------
situationnisme|si.ty.a.sjɔ.nism.
-------
skarn|skɛt.baʁn
-------
sky-surfing|skaj.de.bʁi.fiŋ
-------
slavisante|sla.ɑ̃t.
-------
smaragdine|sma.ʁaɡ.dit.din.
-------
smillage|smi.jaʒ.
-------
smorrebrod|smɔʁ.tsɑ̃.do.-------
smurfeuse|smœʁf.sœʁ.føz
-------
snowpark|sno.maʁk
-------
sociatrie|sɔk.me.tʁi.
-------
soclage|sɔkl.aʒ.
-------
soirer|swaʁ.ʁe.
-------
soman|sɔ.ma.mɑ̃.
-------
somatopleure|sɔ.ma.to.yʁ.
-------
somatotrophine|sɔ.ma.tɔ.fin
-------
sommatrice|sɔ.ma.tʁis.
-------
sommeilleuse|sɔ.mɛj.jøz.
-------
sondagière|sɔ̃.daʒ.ɛʁ.
-------
sondologie|sɔ̃.tɔ.lɔ.ʒi.
-------
sonotrode|sɔ.ɔd.
-------
sonrer|sɔ̃.ʁe.
-------
sophorose|sɔ.fɔ.ʁa.ʁɔz.
-------
sophrologique|sɔ.lɔ.ʒik.
-------
sophronique|sɔ.fʁɔ.nist.nik.
-------
sotch|sɔ.tʃe
-------
soudière|su.djɛʁ.
-------
soufrière|su.ɛʁ.
-------
sous-gouverneur|su.nœʁ
-------
sous-occipitale|su.tal.
-------
soustracteur|sus.tʁak.tœʁ.
-------
souvlaki|su.ki
-------
soviétologue|sɔ.vje.lɔɡ.
-------
soûlote|su.lɔt
-------
spammeuse|spam.møz.
-------
sparganose|spaʁ.ɡa.nje.oz.
-------
spasmolytique|spas.mɔ.li.tik.
-------
spectacularisation|spɛk.ta.ky.li.za.sjɔ̃.
-------
spectrogramme|spɛk.tʁɔ.ɡʁam.
-------
spermiducte|spɛʁ.ma.-------
sphingolipide|sfɛ̃ʒ.li.pid.
-------
sphingosine|sfɛ̃ʒ.zin
-------
sphérocytose|sfe.ʁɔ.oz.
-------
spiraloïde|spi.ʁa.id.
-------
spiramycine|spi.ʁi.mi.sin
-------
spirille|spi.ʁi.ʒi.nɛl
-------
spironolactone|spi.ʁɔ.lak.tɔn.
-------
spirorbe|spi.ʁɔ.ɔʁb.
-------
spiroïde|spi.ʁɔ.i.id.
-------
splanchnologie|splɑ̃k.nik.tɔ.lɔ.ʒi.
-------
splanchnopleure|splɑ̃k.nik.yʁ.
-------
splénectomie|sple.tɔ.mi.
-------
spondaïque|spɔ̃.di.ik.
-------
spondyle|spɔ̃.di.kɔ̃.dil
-------
spondylose|spɔ̃.di.oz.
-------
spongiaire|spɔ̃.ɛʁ.
-------
spongiculture|spɔ̃.kyl.tyʁ.
-------
spongille|spɔ̃.ʒil.
-------
sporotriche|spɔ.ʁɔ.tʁiʃ.
-------
sporotrichose|spɔ.ʁɔ.ʃoz.
-------
sporozoaire|spɔ.ʁɔ.ɛʁ.
-------
sporozoïte|spɔ.ʁɔ.it
-------
sprechgesang|sɑ̃.
-------
squattage|skwa.taʒ.
taʒ.
-------
squirrhe|ski.ʁøz.siʁ
-------
stagnance|staɡ.nɑ̃t.nɑ̃s
-------
stagnationniste|staɡ.na.sjɔ̃.sjɔ.nist.
-------
stanneuse|stɑ̃.nøz.
-------
staphyline|sta.fi.lɔ.lin
-------
staphylome|sta.fi.lɔ.kɔ̃.di.lom
-------
stathoudérat|sta.tu.dɛʁ.ʁa
-------
stationnale|sta.sjɔ.nal.
-------
statokinésimètre|sta.mɛtʁ.
-------
statorique|sta.tɔʁ.tɔ.ʁik.
-------
statthalter|sta.te.
-------
stayer|sta.je.
-------
steinbock|bɔk.
-------
stellage|stɛ.ljo.na.jaʒ.
-------
stelléride|stɛ.ljo.na.ʁid.
-------
sterculiacée|stɛʁ.kɔ.se.
-------
sternum|stɛʁ.ny.ta.baʁ.nɔm
-------
stimugène|sti.my.ʒɛn.
-------
stockeuse|stɔk.ʁɔ.køz
-------
stockfisch|stɔk.a.ʃiʃ
-------
stolonifère|stɔ.lɔ̃.lɔ.fɛʁ.
-------
stomoxe|stɔ.ma.dɔks
-------
stoûpa|stɔ.pa
-------
strobilurine|stʁa.y.ʁin.
-------
strobophotographie|stʁɔ.bɔ.ɡʁa.fi.
-------
strongyle|stʁɔ̃ɡl.til
-------
strongylose|stʁɔ̃ɡl.oz.
-------
strophante|stʁɔf.ɑ̃t.
-------
strophantine|stʁɔf.tin.
-------
stylisation|sti.li.li.za.sjɔ̃.
-------
stéarique|ste.a.ʁin.tik.
-------
stégosaure|ste.ɡo.sɔʁ.
-------
stéréospondyle|ste.ʁe.o.kɔ̃.dil
-------
stûpa|st.pa
-------
subduire|syb.di.iʁ.
-------
subintrante|sy.ɑ̃t.
-------
subjacente|syb.ʒɛk.ti.ʒa.sɑ̃t
-------
subventionneuse|syb.vɑ̃.sjɔ.nøz.
-------
subéreuse|syb.ʁøz
-------
sudarabique|sy.da.a.ʁa.bik.
-------
suffète|sy.pʁe.fɛt
-------
suicidalité|sɥi.si.dɛʁ.bi.li.te.
-------
suintine|sɥɛ̃.tin.
-------
sukkeler|sy.le.
-------
sulfadiazine|syl.fa.dja.zin.
-------
sulfanilamide|syl.fa.fi.a.mid.
-------
sulfhydrate|syl.fid.ʁik.id.ʁat.
-------
sulfhydrisme|syl.fid.ʁik.ʁism
-------
sulfhémoglobine|syl.fid.ʁik.e.mɔ.ɡlɔ.bin.
-------
sulfinisation|syl.fi.li.za.sjɔ̃.
-------
sulfonation|syl.fɔ.li.za.sjɔ̃.
-------
sulfonique|syl.fɔ.nik.
-------
sulfonitrique|syl.fɔ.nit.ʁik.
-------
sulfonylurée|syl.fɔ.y.ʁe.
-------
supercarré|sy.pɛʁ.fu.ʁe
-------
supercavitante|sy.pɛʁ.tɑ̃t.
-------
supportérisme|sy.pɔʁ.ʁism.
-------
supranormale|sy.pʁa.na.nɔʁ.mal.
-------
supériorat|sy.pe.ʁjɔ.tɔ.ʁa.
-------
surlignante|syʁ.li.ɲaʒ.ɑ̃t.
-------
surnageante|syʁ.na.ʒe.ɑ̃t.
-------
surnumérariat|syʁ.na.ta.ʁja.
-------
survirante|syʁ.vi.ʁaʒ.ɑ̃t.
-------
suscrire|sys.kʁip.sjɔ̃.ʁiʁ.
-------
suspensoïde|sys.pɑ̃.swaʁ.id.
-------
sweating-system|stɛm.
-------
sycone|sɛ̃.kɔn
-------
sympathicotonie|sɛ̃.pa.ti.tɔ.ni.
-------
symphysaire|sɛ̃.fɔ.ɛʁ.
-------
symphyse|sɛ̃.fɔ.fiz.
-------
symposion|sɛ̃.pa.sjɔ̃.
-------
synapsie|si.zi.
-------
synchondrose|sɛ̃.kʁɔ.ni.ʁɔz.
-------
syncinésie|sɛ̃.kʁɔ.ki.ne.zi.
-------
syncrétiste|sɛ̃.kʁe.tism.tist.
-------
syncytiale|sɛ̃.kʁɔ.al.
-------
synergique|si.nɛʁ.lɔ.ʒik.
-------
synergisme|si.nɛʁ.lɔ.ʒism.
-------
syngamie|sɛ̃.a.miː.
-------
syngnathe|sɛ̃.nat
-------
synodique|si.dik.
-------
synopsie|si.nɔps.zi.
-------
synpériplanaire|pla.nɛʁ.
-------
synthase|sɛ̃.te.ti.az.
-------
synthème|sɛ̃.te.ti.tɛm.
-------
synthétase|sɛ̃.te.ti.pe.tɑz
-------
synthétiste|sɛ̃.te.ti.tist.
-------
syntype|sɛ̃.tip.
-------
syrah|si.ʁa
-------
syringomyélie|si.ʁɛ̃ʒ.li.
-------
sécréteuse|se.kʁe.te.tøz.
-------
sécurine|se.ky.ʁi.y.ʁin.
-------
sélacienne|se.la.sjɛ̃.sjɛn
-------
séleucide|se.lɛk.sid.
-------
sélénienne|se.le.njɛn
-------
sémantème|se.mɑ̃.sis.tɛm
-------
sémillon|se.mi.jɑ̃.jɔ̃.
-------
sémiométrie|se.mjɔ.me.tʁi.
-------
sémitisme|se.mi.tik.tism.
-------
sénilisme|se.ne.lism.
-------
séparase|se.pa.ʁa.ʁaz.
-------
séquestrante|se.kɛs.ɑ̃t.
-------
sérapéum|se.ʁa.ɔm
-------
séricigraphie|se.ʁi.si.ɡʁa.fi.
-------
t'elle|ɛl.
-------
t'il|te.il
-------
tabacultrice|ta.ba.tʁis.
-------
tabar|ta.ba.baʁ.
-------
tabasco|ta.ba.fjas.ko
-------
tablar|ta.laʁ
-------
tableautage|tɑbl.taʒ.
taʒ.
-------
tachante|tak.ɑ̃t.
-------
tachisme|tak.ʃism
-------
tachiste|tak.ʃist
-------
tachistoscope|ta.kin.ɔp.
-------
tachistoscopique|ta.kin.pik.
-------
tachyphagie|tak.lɔ.ʒi.
-------
tachypnée|tak.ne.
-------
tachypsychie|tak.ʃi.
-------
tagète|taɡ.ʒɛt
-------
taijiquan|ta.ɑ̃
-------
taiji|ta.ʒi
-------
taleth|ta.ɛd.
-------
tallée|ta.le.
-------
talochage|ta.lɔ.ʃaʒ.
-------
talonnière|ta.lɔ.ɛʁ.
-------
talpidé|tal.pak.de.
-------
talure|ta.yʁ.
-------
tambourinade|tɑ̃.buʁ.nad.
-------
tamile|tɑ̃.majl.
-------
tamisière|tɑ̃.ɛʁ.
-------
tamponnade|tɑ̃.pɔ.nad.
-------
taota|ta.o.ta.
-------
tapotage|ta.pɔ.pɔ.taʒ.
-------
tarama|ta.ma.
-------
tararage|ta.ʁaʁ.ʁaʒ.
-------
tardillonne|taʁ.div.jɔn
-------
tarpéienne|taʁ.pɔ̃.pe.jɛn
-------
tarsectomie|taʁs.tɔ.mi.
-------
tarsienne|taʁ.sje.sjɛn.
-------
tartinade|taʁ.ti.nabl.nad.
-------
tarzan|taʁ.li.pi.d͡zɑ̃
-------
tassili|ta.li.
-------
tautochrone|to.i.zɔ.kʁɔn
-------
tautomérie|to.mɛʁ.ʁi.
-------
taxable|tak.sa.abl.
-------
taxodium|tak.nɔ.djɔm.
-------
taylorienne|tɛ.lɔ.tɔ.ʁjɛn
-------
taël|ta.nɔ.ɛl
-------
taïchichuan|taj.ɑ̃
-------
taïchi|taj.ki.
-------
taôiste|ta.o.ism.nist
-------
tchadanthrope|tʃa.ɔp.
-------
tcharchaf|tʃa.-------
tchatteuse|t͡ʃat.tøz.
-------
tchernoziom|-------
tchitola|tʃi.pe.la
-------
tchérémisse|tʃe.pʁe.mis
-------
technicolor|tɛk.ni.kɔ.lɔʁ
-------
technopathe|tɛk.nɔ.pat
-------
technétronique|tɛk.no.nik.
-------
tecker|tɛk.ke
-------
tellière|tɛl.ɛʁ.
-------
tellureuse|tɛ.lyʁ.ʁøz
-------
tembotrione|tɑ̃.pɔ.e.mi.ɔn
-------
tenrecidé|tɑ̃.ʁɛk.de.
-------
tensionneur|tɑ̃.sjɔ̃.li.zjɔ.nœʁ
-------
tenson|tɑ̃.sɔ̃.
-------
teocali|tɑ̃.al.ka.li
-------
teocalli|tɑ̃.o.kal.li
-------
teppanyaki|tɛp.ʁi.ja.ki
-------
tergite|tɛʁ.ʒi.vɛʁ.dɛ̃.bɛʁ.ʒit
-------
terminographie|tɛʁ.mi.nɔ.ɡʁa.fi.
-------
terpine|tɛʁ.pin.
-------
terpinol|tɛʁ.nɔl
-------
terpinéol|tɛʁ.ʃe.ɔl
-------
terpénoïde|tɛʁ.pe.nik.id.
-------
terrafungine|tɛ.ʁa.fɔʁ.ʒin
-------
terramare|tɛ.ʁa.mɑʁ.
-------
terraplane|tɛ.ʁa.plan.
-------
tertiairisation|tɛʁ.sja.ʁi.li.za.sjɔ̃.
-------
tervueren|tɛʁ.ɑ̃
-------
testable|tɛst.stabl.
-------
thanatopraxie|ta.na.to.pʁak.si.
-------
thari|ta.ʁi
-------
thermistance|tɛʁ.mi.stɑ̃s.
-------
thermisteur|tɛʁ.mi.tœʁ.
-------
thermistor|tɛʁ.mi.tɔʁ.
-------
thermodurcissable|tɛʁ.mɔ.di.sabl.
-------
thermoplongeur|tɛʁ.mɔ.vi.dɑ̃.ʒœʁ
-------
thesmothète|tɛʁ.mɔ.nɔ.mɔ.tɛt
-------
thessalonicienne|ni
-------
thiazine|tja.zɔl.a.zin.
-------
thiocarbonate|kaʁ.bɔ.nat.
-------
thiocyanate|sja.nat.
-------
thioestérase|ɛs.te.ʁaz.
-------
thiosulfate|syl.fat.
-------
thiosulfurique|syl.fy.ʁik.
-------
thirame|tɛʁ.ʁam.
-------
thlaspi|tɛʁ.spi.
-------
thridace|tɛʁ.eɪs.
-------
thriller|tɛʁ.je.
-------
thuyone|ty.ja.bʁi.jɔn
-------
thyade|ti.jad
-------
thylakoïde|ti.la.sin.id.
-------
thylle|ti.la.sin.fil
-------
thyllose|ti.la.sin.oz.
-------
thyratron|ti.ʁɔ.tʁɔ̃
-------
thyroglobuline|ti.ʁɔ.i.ɡlɔ.by.lin.
-------
thyrotrophine|ti.ʁɔ.tɔk.fin
-------
thyroxine|ti.ʁɔ.i.tɔk.sin.
-------
thyréotoxicose|ti.ʁeɔ.tʁɔp.tɔk.si.ko.oz.
-------
thyréotoxique|ti.ʁeɔ.tʁɔp.tɔk.sik.
-------
th|te.-------
théatralisme|te.a.tɛ̃.a.lism.
-------
thébaine|te.ba.ɛn.
-------
théodosienne|te.ɔ.dɔ.sjɛn.
-------
théorématique|te.ɔ.ʁe.ma.tik.
-------
théralite|te.ʁa.lit.
-------
théridion|te.tʁɔp.jɔ̃.
-------
thériodonte|te.tʁɔp.dɔ̃t
-------
théropode|te.pɔd.
-------
théropsidé|te.de.
-------
thésauriseuse|te.ʁi.pʁi.zøz
-------
tiercéiste|tjɛʁ.se.i.ist.
-------
tiers-mondisme|tjɛʁ.dism.
-------
tigette|tiʒ.ʒɛt
-------
tiliacée|ti.se.
-------
tillandsie|ti.zi.
-------
tiraillante|ti.ɑ̃t.
-------
tistre|ti.mɛtʁ
-------
toarcienne|tɔ.aʁ.sjɛ̃.sis.tɛʁ.sjɛn
-------
tokai|tɔ.-------
tokharienne|to.a.ʁjɛn.
-------
toluol|tɔ.le.-------
tolu|tɔ.le.ly
-------
tomawak|tɔ.a.ʁa.wak
-------
tommy|tɔ.mi
-------
tonification|tɔ.ni.li.za.sjɔ̃.
-------
tonofibrille|tɔ̃.n‿.fi.bʁil.
-------
toquade|tɔ.nad
-------
toquet|tɔ.kɛ
-------
torah|tɔʁ.ʁa
-------
torball|tɔʁ.bɛʁ.nit.bol
-------
torchette|tɔʁʃ.ʃɛt.
-------
toreutique|tɔʁ.tik.
-------
torsorielle|tɔʁ.ɛl.
-------
tortricidé|tɔʁ.de.
-------
touarègue|tu.a.ʁɛɡ.lɛɡ
-------
toulonnaise|tu.nɛz.
-------
toupilleuse|tu.pi.je.pi.jøz.
-------
touselle|tu.sɛl.
-------
toussoteuse|tu.tøz.
-------
touvaine|tu.vɛn.
-------
toxicodermie|tɔk.si.ko.tɛʁ.mi.
-------
toxinique|tɔk.sin.i.nik.
-------
toxémique|tɔk.si.mik.
-------
trachéole|tʁak.ɔl
-------
tradescantia|tʁɑ̃s.-------
traitance|tʁɛ.tɑ̃t.tɑ̃s
-------
tramadol|tʁa.dɔl.
-------
tramping|tʁɑ̃p.kam.piŋɡ
-------
tramète|tʁam.ɡa.mɛt
-------
transcriptase|tʁɑ̃s.kʁip.si.nap.taz
-------
transect|tʁɑ̃s.pɛ
-------
transenne|tʁɑ̃s.sɛn.
-------
transférase|tʁɑ̃s.fe.ʁabl.ʁaz.
-------
transhumante|tʁɑ̃s.zy.mɑ̃t.
-------
transilienne|tʁɑ̃s.i.ly.bʁe.zi.ljɛn
-------
transpadane|tʁɑ̃s.pa.dan
-------
transvestisme|tʁɑ̃s.tism.
-------
trappeuse|tʁap.pøz.
-------
trappistine|tʁa.pist.tin.
-------
travelling|tʁa.vɛʁ.ʁi.tɛ.liŋ
-------
tremblotte|tʁɑ̃.blɔt.lɔt.
-------
trench-coat|tʁɑ̃t.dœ.fəl.kot
-------
trench|tʁɑ̃t.tʃe
-------
tresseuse|tʁɛs.søz.
-------
triallate|tʁial.lat
-------
triamcinolone|tʁi.ki.lɔn
-------
triangulabilité|tʁi.jɑ̃.ɡy.bi.li.te.
bi.li.te.
-------
triangularisation|tʁi.jɑ̃.ɡy.li.za.sjɔ̃.
-------
tribart|tʁi.ba.aʁ.
-------
triboulet|tʁi.bɔ.lɛ
-------
tributylphosphate|tʁi.by.ti.fɔs.fat.
-------
trichomonase|tʁi.kɔ.ma.naz
-------
trichroïque|tʁi.kʁɔ.ik
-------
trichroïsme|tʁi.ism.
-------
tricouni|tʁik.ni.
-------
trifouillage|tʁi.fu.jaʒ.
-------
trigonale|tʁi.ɡɔ.nɔ.nal.
-------
trigonalisation|tʁi.ɡɔ.nɔ.li.za.sjɔ̃.
-------
trimballement|tʁi.mɑ̃.
-------
trimurti|tʁi.paʁ.ti
-------
trinervée|tʁin.e.nɛʁ.ve
-------
trinitrobenzène|tʁi.ni.tʁɔ.bɛ̃.zɛn.
-------
trinquart|tʁɛ̃.aʁ.
-------
triomphaliste|tʁi.jɔ̃.list.
list.
-------
triongulin|tʁi.jo.lɛ̃.
-------
trioxane|tʁi.jo.ɛɡ.zan
-------
tripang|tʁip.pɑ̃
-------
triphasique|tʁi.fɑ.ze.tik.
-------
triphénylméthane|tʁi.me.tan.
-------
tripodie|tʁip.di.
-------
trochet|tʁɔʃ.ʃɛ.
-------
trochin|tʁɔ.ki.ʃɛ̃
-------
trompable|tʁɔ̃.abl.
-------
tronculaire|tʁɔ̃.ky.lɛʁ.
-------
trophomicrobienne|tʁɔ.fɔ.mi.kʁɔ.bjɛn.
-------
trottinement|tʁɔ.ti.mɑ̃.
-------
truandaille|tʁy.ɑ̃d.dɑj
-------
truble|tʁy.bli.jɔ̃.lybl
-------
trudgeon|tʁy.ʒɔ̃
-------
trullo|tʁy.lo
-------
trypsine|tʁi.pa.nɔ.mɔ.tʁip.sin
-------
trypsinogène|tʁi.pa.nɔ.ʒɛn.
-------
tryptamine|tʁip.to.fan.a.min.
-------
tr|te.te
-------
tréhalase|tʁe.a.loz.ka.ta.laz
-------
trélingage|tʁe.ɡaʒ.
ɡaʒ.
-------
tréphone|tʁe.fo.sit.fɔn.
-------
tuberculide|tyb.id.
-------
tuberculoïde|tyb.id.
-------
tubicole|tœb.kɔl.
-------
tubipore|tœb.pɔʁ.
-------
tubuleuse|tybyl.løz.
-------
tubulée|tœb.by.le
-------
tularémie|ty.se.mi.
-------
tumorothèque|ty.mɔ.tɛk.
-------
turbellarié|tyʁ.bo.e.ʁje
-------
turbiditique|tyʁ.bi.di.tik.
-------
turbith|tyʁ.bi.-------
turbocompressée|tyʁ.bo.kɔ̃.pʁɛ.se.
-------
turbomoteur|tyʁ.bo.ma.tœʁ.
-------
turnep|tyʁ.-------
turonienne|tyʁ.njɛn.
-------
turquette|tyʁk.kɛt.
-------
turritelle|tyʁ.tɛl.
-------
tutsie|ty.zi.
-------
tuvaluane|man
-------
tuyauteuse|tɥi.jɔ.tøz.
-------
twirling|liŋ
-------
tyndallisation|li.za.sjɔ̃.
-------
typhacée|ti.fa.se.
-------
typhobacillose|ti.fɔ.ba.si.loz.
-------
typification|ti.pi.li.za.sjɔ̃.
-------
tyrosinase|ti.ʁɔ.naz
-------
télencéphale|te.le.se.fal.
-------
télesthésie|te.le.ɛs.te.zi.
-------
télolécithe|te.lo.a.le.sit
-------
téléosaure|te.le.ɔsteɛ̃.sɔʁ.
-------
ténébrionidé|te.ne.bʁi.jɔ̃.ni.de.
-------
téphra|te.ʁa
-------
térébinthacée|te.ʁe.bɛ̃t.se.
-------
téréphtalate|te.ʁe.fta.lat.
-------
téréphtalique|te.ʁe.fta.lik.
-------
tétanisme|te.tʁa.nism.
-------
tétanotoxine|te.tʁa.tɔk.sin.
-------
tétonnière|te.tɔ̃.ɛʁ.
-------
tétrahydronaphtaline|te.tʁa.ʔi.naf.ta.lin.
-------
tétrahydronaphtalène|te.tʁa.ʔi.naf.ta.lɛn.
-------
tétrakihexaèdre|te.tʁa.kɛn.eɡ.za.ɛdʁ.
-------
tétraméthylsilane|te.tʁa.si.lan.
-------
tétraphonie|te.tʁa.fɔ.ni.
-------
tétrarchique|te.tʁaʁ.ʃi.ʃik.
-------
tétrasomie|te.tʁa.sɔ.tɔ.mi.
-------
tûteler|le.
-------
tûter|te.
-------
ubique|y.bi.kɥi.tik.
-------
ubiquisme|y.bi.kɥist.kism
-------
ulmacée|yl.mɛʁ.se.
-------
ultravirus|yl.tʁa.vjɔ.vi.ʁys
-------
umbanda|œ̃bo.da.
-------
unanimitaire|y.na.ni.tɛʁ.
-------
uncinée|œ̃.ne.
-------
uniformitarisme|y.nif.ta.ʁism.
-------
unisériée|y.ni.sɛk.fe.ʁje
-------
universiade|y.niv.nad
-------
univoquement|y.ni.vɔk.mɑ̃.
-------
unièmement|y.njɛm.mɑ̃.
-------
upwelling|ʁi.tɛ.liŋ
-------
urobilinogène|y.ʁɔ.bi.ʒɛn.
-------
uropygiale|y.ʁɔ.al.
-------
uropygienne|y.ʁɔ.ʒjɛn
-------
urticante|yʁ.ti.ɑ̃t.
-------
urticée|yʁ.ti.se.
-------
urédospore|y.ʁe.di.spɔʁ.
-------
uréogenèse|y.ʁe.ɔ.ʒə.nɛz.
-------
ustilaginale|ys.tɑ̃.nal.
-------
usuellement|y.zɥɛl.mɑ̃.
-------
usurairement|y.zyʁ.mɑ̃.
-------
uva-ursi|y.val.si
-------
vacuomètre|va.kɥɔ.mɛtʁ.
-------
vagolytique|va.ɡɔ.tɔ.li.tik.
-------
valpolicella|val.sɛ.la.
-------
valvuloplastie|val.vy.lo.plas.ti.
-------
vancomycine|vɑ̃.mi.sin
-------
varheure|vaʁ.œʁ.
-------
varicelliforme|va.ʁis.si.fɔʁm.
-------
variolite|va.ʁjɔ.lit.
-------
variolée|va.ʁjɔ.le.
-------
variqueuse|va.ti.køz
-------
variure|va.yʁ.
-------
vasogénique|va.zo.ʒe.nik.
-------
vaudouisme|vod.ɛ̃.dwism
-------
veinette|vɛn.nɛt.
-------
velot|vɛʁ.lo.
-------
velouteuse|və.lu.te.tøz.
-------
velvote|vɛʁ.vɔt.
-------
venante|vɑ̃.ɑ̃t.
-------
ventileuse|vɑ̃.ti.le.løz.
-------
ventosité|vɑ̃.bi.li.te.
-------
verbomanie|vɛʁ.bɔ.ma.ni.
-------
vergetière|vɛʁʒ.tjɛʁ.
-------
verrucosité|vɛ.ʁy.bi.li.te.
-------
verticilliose|vɛʁ.ti.si.oz.
-------
vertébrothérapie|vɛʁ.te.te.ʁa.pi.
-------
vervelle|vɛʁv.ɛl.
-------
verviétoise|vɛʁ.twaz.
-------
vespertilion|vɛs.i.ljɔ̃.
-------
vespiste|vɛs.pist.
-------
vessigon|ve.si.ɡɔ̃
-------
veuglaire|ɡlɛʁ.
-------
veveysanne|pe.i.zan
-------
victimologue|vik.ti.mɔ.lɔɡ.
-------
vidienne|vi.di.me.djɛn
-------
vidoir|vi.de.o.dwaʁ
-------
vidrecome|vi.de.o.saʁ.kom
-------
vidure|vi.dɥi.te.dyʁ.
-------
vidéothécaire|vi.de.o.ɛʁ.
-------
vielliste|vjɛ.list.
list.
-------
vignot|vi.no
-------
vigousse|vi.ɡu.ʁøz.ɡus.
-------
vilayet|vi.lɛn.lɛ
-------
vilipendage|vi.li.pɑ̃.pɑ̃.daʒ.
-------
vilipendeuse|vi.li.pɑ̃.døz.
-------
villafranchien|vi.la.kʁɛv.ʃjɛ̃
-------
villagisation|vil.la.li.za.sjɔ̃.
-------
vinblastine|vɛ̃.tin.
-------
vinifère|vɛ̃.fɛʁ.
-------
vinylidénique|vi.ni.nik.
-------
viride|vi.ʁi.ʁid.
-------
virolier|vi.ʁɔ.lje.
-------
virtuosisme|viʁ.li.zism
-------
viseuse|vi.zœʁ.søz
-------
visonnière|vi.zɔ̃.ɛʁ.
-------
vitrectomie|vi.tʁi.tɔ.mi.
-------
vitroplant|vi.tʁi.plɑ̃
-------
vitropression|vi.tʁi.pʁe.sjɔ̃.
-------
vitruvienne|vi.tʁi.pe.ʁy.vjɛn
-------
vivoir|vi.vɔ.te.vwaʁ.
-------
vogelpik|vɔ.-------
voilement|vwal.mɑ̃.
-------
volailleuse|vɔ.laj.jøz.
-------
voluptuaire|vɔl.ɛʁ.
-------
vomito|vɔ.mi.to.
-------
vomérienne|vɔ.te.ʁjɛn
-------
vousseau|vu.so.
-------
vouvray|vu.vwa.-------
voïvodat|vɔj.vɔ.di.kɔ.mɔ.da
-------
voïvode|vɔj.vɔ.di.ɔd.
-------
vreneli|li
-------
vrillante|vʁi.jaʒ.ɑ̃t.
-------
vrillement|vʁij.mɑ̃.
-------
vuvuzela|vyl.la
-------
vénéfice|ve.ne.tʁis.
-------
vérifieuse|ve.ʁi.fje.ma.fjøz
-------
vérétille|ve.tij.
-------
vétérance|ve.te.ʁan.ʁɑ̃s.
-------
wai|wa.
-------
wallingante|wɔːl.ɑ̃t.
-------
wargame|wa.ɡam
-------
watergang|wa.tɛʁ.ɡaŋ.
-------
wateringue|wa.tɛʁ.ʁɛ̃ɡ
-------
webmestrie|wɛb.mɛstʁ.me.tʁi.
-------
welwitschia|kja.
-------
weyr|wɛb.ze.fiʁ
-------
wiccane|kan.
-------
wicca|ka
-------
willémite|wi.lja.min.mit.
-------
windsurf|sœʁf.
-------
wolophiser|wɔ.lɔf.li.ze.
-------
wormien|pʁɔ.si.mjɛ̃
-------
wurtzite|wu.kwaʁ.tsit
-------
www|
-------
xanthate|ɡzɑ̃.fɔs.fat
-------
xanthogénate|ɡzɑ̃.ø.ʒe.nat
-------
xanthogénique|ɡzɑ̃.ʒe.nik.
-------
xanthélasma|ɡzɑ̃.ma.
-------
xiloïdine|din.
-------
ximenia|ksi.fɔ.nja
-------
xingyiquan|-------
xinyiliuhequan|-------
xyloglucane|ɡzi.lɔ.ɡlɔ.ɡly.kan.
-------
xylopia|ksi.lɔ.-------
xénotime|ɡze.no.tim
-------
xénotransplantation|li.za.sjɔ̃.
-------
xénélasie|ɡze.no.pla.zi.
-------
yeomanry|jo.man.ɑ̃.ʁi
-------
yersinia|si.nja
-------
yersiniose|oz.
-------
ylangs-ylangs|i.lɑ̃ɡ.i.ʁɑ̃.u.tɑ̃
-------
yoyette|jɔ.te.jɛt
-------
yuppie|pi.
-------
zakât|za.ku.ski.mɑ̃
-------
zazoue|za.tik
-------
zeitnot|zɛt.gajst.no
-------
zemstvo|ta.vo
-------
zidovudine|din.
-------
zoanthaire|zo.ɑ̃.tʁɔ.ɛʁ.
-------
zonoèdre|zo.ɛdʁ
-------
zoopsie|zɔ.ɔ.zi.
-------
zwinglianisme|nism.
-------
zygopetalum|zi.ɡɔ.sɛ̃.ba.lɔm
-------
zygotique|zi.ɡɔt.tik.
-------
zûner|ne.
-------
µR|-------
µas|ɑs
-------
Ångström|ɑ̃ɡ
-------
Églantine|tin.
-------
Élias|e.ljan.ɑs
-------
Éliette|e.li.nɛt
-------
Éline|e.li.tin
-------
Élyott|e.li.ze.-------
Épictète|e.pi.kyʁ.ze.tɛt
-------
Éram|e.ʁa.-------
Ésaïe|e.zɔp.-------
Étang-Salé|e.a.wa.le
-------
Étiennette|e.tjɛn.nɛt.
-------
Éveline|ev.lin.lin
-------
Ézéchias|ɑs
-------
ásatrú|-------
ægosome|e.ʒi.zom
-------
æschnidé|ɛʃn.de.
-------
ébouriffage|e.bu.ʁi.aʒ.
-------
éburonne|e.byʁ.ne.ʁɔn
-------
échafaudeuse|e.ʃɑ̃.døz.
-------
écharneuse|e.ʃaʁ.nøz.
-------
échevèlement|e.ʃə.mɑ̃.
-------
échinocactus|e.ki.nɔ.tys
-------
éclairagisme|e.klɛ.ʁa.lɔ.ʒism.
-------
éclogite|e.klɔ.ʒit
-------
écorchage|e.kɔʁ.ʃaʒ.
-------
écrivaillée|e.kʁi.vɑ.le.
-------
égalitairement|e.ɡa.li.tɛʁ.mɑ̃.
mɑ̃.
-------
égressive|e.ɡʁə.siv.
-------
élasticimétrie|e.las.ti.me.tʁi.
-------
élatéridé|e.la.de.
-------
élicitine|e.li.si.tin.
-------
élicitrice|e.li.si.tʁis.
-------
élutriateur|e.ly.tʁi.tœʁ.
-------
éminatie|e.mi.kʁa.si.
-------
énarquienne|e.naʁk.al.ɡɔ̃.kjɛn
-------
énergéticienne|e.nɛʁ.ʒe.ti.sjɛn.
-------
énonçable|e.nɔ̃.sja.abl.
-------
épaississeur|e.pɛ.sœʁ.
-------
épeirogénique|e.pɛʁ.ʒe.nik.
-------
éphéméroptère|e.fe.me.ɛʁ.
-------
épichlorhydrine|e.pi.dʁin
-------
épidermomycose|e.pi.dɛʁ.mi.kɔz.
-------
épidermophytie|e.pi.dɛʁ.fi
-------
épidémiologiquement|e.pi.de.mjɔ.lɔ.ʒik.mɑ̃.
-------
épipodite|e.pi.pɔ.dit
-------
épirogénique|e.pi.ʒe.nik.
-------
épisclérite|e.pis.kɔ.ʁit.
-------
épistasique|e.pis.ta.tik.
-------
épithélioïde|e.pi.te.id.
-------
épongement|e.pɔ̃ʒ.mɑ̃.
-------
épousable|e.pu.zaj.sabl.
-------
époxydée|e.pu.de.
-------
équiprojectivité|e.pʁɔ.ti.vi.te.
-------
équisétale|e.ki.sɛ̃.tal.
-------
équisétinée|e.ki.sɛ̃.ne.
-------
équisétophyte|e.ki.sɛ̃.fit.
-------
éraillement|e.ʁa.mɑ̃.
-------
érinye|e.ʁin.-------
érotologique|e.ʁɔ.tɔ.lɔ.ʒik.
-------
érotologue|e.ʁɔ.tɔ.lɔɡ.
-------
érythroblastopénie|e.ʁi.tʁo.to.pe.ni
-------
érythrodermie|e.ʁi.tʁɔ.tɛʁ.mi.
-------
étalonneuse|e.tal.nøz.
-------
étampeuse|e.tɑ̃p.pøz.
-------
étanchéiste|e.tɑ̃.ʃe.ist.
-------
éthanoïque|e.ta.nɔl.ik
-------
éthoxyler|e.tɔ.lɔ.le.
-------
éthyl|e.ti.be.ʁil
-------
étymologue|e.ti.mɔ.lɔɡ.
-------
îlotière|i.lo.tjɛʁ.
-------
œnotechnie|e.nɔ.ni.
-------
œnotechnique|e.nɔ.tɛk.nik.
-------
œsophagomalacie|e.zɔ.fa.si.
-------
œsophagoplastie|e.zɔ.fa.plas.ti.
-------
œstradiène|ɛs.tʁa.djɔl.djɛn.
-------
œstrogénothérapie|tʁɔ.te.ʁa.pi.
-------
