abandonnisme|a.bɑ̃.dɔ̃.nism
abillot|a.jo
ablutiomanie|a.ma.ni
abomber|a.bɔ.mi.be
abottée|a.bo.te
abouteuse|a.bu.tøz
absorptiométrie|ap.sɔʁ.me.tʁi
absorptive|ap.sɔʁ.tiv
absurdisme|ap.dism
absurdiste|ap.dist
acariasis|a.ka.zis
acatalasémie|a.ka.mi
accoupleuse|a.kupl.løz
acoumastique|a.ku.tik
acrodermatite|a.kʁɔ.dɛʁ.ma.tit
acrosomiale|a.kʁɔ.mjal
acrylonitrile|a.kʁi.tʁil
actigramme|ak.ti.ɡʁam
actéon|ak.e.ɔ̃
acylation|a.za.sjɔ̃
acyltransférase|a.ʁaz
acésulfame|a.se.
acétabulaire|a.se.ta.by.lɛʁ
acétanilide|a.se.lid
acétocellulose|a.se.se.ly.lɔz
acétophénone|a.se.nɔn
acétylcellulose|a.se.se.ly.lɔz
acétylcoenzyme|a.se.ko.ɑ̃.zim
addisonienne|a.di.sɔ.njɛn
adelphophagie|a.lɔ.ʒi
adeptat|a.ta
adiabaticité|a.dja.ba.li.te
adique|a.tik
adlérienne|ʁjɛn
adlérisme|ʁism
adustible|a.dy.tibl
adénomectomie|a.de.nom.tɔ.mi
adénosarcome|a.de.saʁ.kom
affileuse|a.fi.løz
affûtoir|a.fy.twaʁ
afrikaander|a.fʁi.de
agamospermie|a.ɡa.tɛʁ.mi
agars-agars|a.ɡaʁ.aʁ
agglutinement|a.ɡlɔ.mɑ̃
agglutinogène|a.ɡlɔ.ʒɛn
agnosique|a.zik
agrarisme|a.ta.ʁism
agrippante|a.ɡʁi.pɑ̃t
agrophysiologie|a.ɡʁɔ.lɔ.ʒi
agropyrum|a.ɡʁɔ.ʁɔm
agroressource|a.ɡʁɔ.ʁə.suʁs
aides-éducateurs|ɛd.
aides-éducatrices|ɛd.
aiguilleteuse|ɛ.ɡɥij.tøz
alcaptonurie|al.ka.ʁi
algale|al.ɡa.ɡal
algonkine|al.ɡɔ̃.kin
algérianisme|al.ʒe.nism
alicot|a.li.ko
alicyclique|a.li.si.klik
aligneuse|a.li.nøz
alismacée|a.li.se
alkylante|al.ki.ɑ̃t
alloc|a.lɔ.blɔk
allométrie|a.lɔ.me.tʁi
allométrique|a.lɔ.me.tʁik
allurée|a.ly.y.ʁe
alternostat|al.tɛʁ.sta
alvéoloplastie|al.ve.plas.ti
ambrienne|ɑ̃.ʁjɛn
amenage|a.mɛn.naʒ
amenokal|a.mɛn.
amidure|a.mi.dyʁ
amination|a.mi.za.sjɔ̃
aminer|a.mi.ne
aminobutyrique|a.mi.by.ti.ʁik
ammoniotélique|a.mɔ.lik
ammoniurie|a.mɔ.ʁi
amorphisme|a.mɔʁ.fism
amorçable|a.mɔʁ.abl
amphibienne|ɑ̃.fi.bi.mi.bjɛn
amphistome|ɑ̃.fi.tɔm
amphotéricine|ɑ̃.fi.ʁi.sin
amplis-syntoniseurs|ɑ̃.pli.
amplis-tuners|ɑ̃.pli.ɛʁ
amylacée|a.mi.se
aménokal|a.me.
anacardiacée|a.na.se
anamorphoseur|a.na.zœʁ
anamostoser|a.na.ze
anaphylactoïde|a.na.id
anatopisme|a.na.tɔ.pism
androconie|ɑ̃.dʁɔ.ni
andrologique|ɑ̃.dʁɔ.lɔ.ʒik
androlâtre|ɑ̃.dʁɔ.ɑtʁ
angiologue|ɑ̃.ʒjɔ.lɔɡ
angiomatose|ɑ̃.ʒjɔ.ma.toz
angoisseuse|ɑ̃.ɡwas.søz
anguleusement|ɑ̃.ɡy.løz.mɑ̃
anhypothétique|a.te.tik
anionique|a.njɔ̃.nik
aniridie|ɑ̃.di
annoncière|a.nɔ̃.sjɛʁ
anomérique|a.nɔ.me.ʁik
anonacée|ɑ̃.se
anorthosite|a.nɔʁ.sit
antennate|ɑ̃.ti.nat
anthoméduse|ɑ̃.tɔ.me.dyz
anthracosilicose|ɑ̃.tʁɔ.si.li.koz
anthropomorphiquement|ɑ̃.tʁɔ.pɔ.mɑ̃
anthropotechnie|ɑ̃.tʁɔ.pɔ.ni
anthropotechnique|ɑ̃.tʁɔ.pɔ.tɛk.nik
antibrouillée|ɑ̃.ti.nu.je
antihermitienne|ɑ̃.ti.ɛʁ.mi.sjen
antiholomorphe|ɑ̃.ti.mɔʁf
antillanisme|ɑ̃.ti.nism
antilocapridé|ɑ̃.ti.de
antimalarique|ɑ̃.ti.ʁik
antinaupathique|ɑ̃.ti.na.no.pa.tik
antiplaquettaire|ɑ̃.ti.plak.ʒi.teʁ
antiproliférative|ɑ̃.ti.pʁɔ.tiv
antiséparatif|ɑ̃.ti.se.tif
antitrypsine|ɑ̃.ti.sin
antébrachiale|ɑ̃.te.bʁa.kjal
anéjaculation|za.sjɔ̃
anérection|a.ne.za.sjɔ̃
aphodius|a.fɔ.jys
apocalyptiquement|a.pɔ.ka.lip.tik.mɑ̃
apocynacée|a.pɔ.se
apoenzyme|a.pɔ.ɑ̃.zim
apolipoprotéine|a.pɔ.pʁɔ.te.in
apoptotique|a.pɔ.tik
apostériorité|a.pɔs.li.te
appropriable|a.pʁɔ.pʁi.abl
appréciablement|a.pʁe.sjabl.mɑ̃
appuie-livres|a.pɥi.withoutA-Z
arachidonique|a.ʁak.nik
aranéomorphe|a.ʁa.mɔʁf
archentéron|aʁʃ.ʁɔ̃
archéozoïque|aʁ.ik
argenteuse|aʁ.ʒɑ̃.tøz
armurée|aʁ.y.ʁe
aromatase|a.ʁɔ.ma.taz
arpigner|aʁ.ne
arsenite|aʁ.sə.nit
articlier|aʁ.ti.lje
artinienne|aʁ.ti.njɛn
asclépiadacée|as.se
ascochyta|as.ta
aspergès|asp.
asphaltène|as.tɛn
assa-fœtida|a.da
assidéenne|a.si.de.ɛn
astralement|as.tʁal.mɑ̃
astéréognosie|as.te.ɡno.zi
atellane|a.lan
athéophobe|a.te.fɔb
athéophobie|a.te.fɔ.bi
atm|at.mɔs
atractyligénine|a.tʁa.nin
atrière|a.ʁjɛʁ
atrophiante|a.tʁɔ.ɑ̃t
atropinique|a.tʁɔ.i.nik
atteloire|a.lwaʁ
attristement|a.mɑ̃
auberon|o.ʁɔ̃
audioguidée|o.djo.de
audiotypiste|o.djo.pist
augustement|o.ɡyst.mɑ̃
autologue|ɔ.to.lɔɡ
autoprotolyse|o.to.pʁɔ.pʁo.to.liz
autopsique|o.tɔp.sik
autos-couchettes|o.to.2
autos-patrouilles|o.to.nuj
autoévaluante|ɔ.to.e.ɑ̃t
autoïque|ɔ.to.ik
auxiliariat|o.ta.ʁja
avalancheuse|a.va.lɑ̃ʃ.ʃøz
averdonaise|a.vɛʁ.ɛz
avipelvien|a.vi.
avirulence|a.vi.ʁy.lɑ̃s
aviveuse|a.vi.vøz
axopode|ak.pɔd
aérenchyme|a.e.ʃim
bacitracine|bak.ʁa.sin
bactériochlorophylle|bak.te.ʁjɔ.klɔ.ʁɔ.fil
bactériocine|bak.te.ʁjɔ.sin
baddeleyite|ba.lit
bafoueuse|ba.køz
baguazhang|ba.
baguiste|ba.ɡist
baha'ie|ba.ʒi
baha'isme|ba.lism
bailecito|baj.to
baligander|ba.de
baloutchi|ba.tʃi
balter|bal.te
balénoptère|bal.tɛʁ
banachique|ba.ʃik
bancheuse|bɑ̃ʃ.ʃøz
banqueteuse|bɑ̃k.tøz
barocepteur|ba.tœʁ
barocline|ba.klin
barogramme|ba.ɡʁam
barotrope|ba.ʁɔ.tʁɔp
barrémienne|ba.mjɛn
baryogenèse|ba.ʒə.nɛz
basochienne|ba.ʃjɛn
batholite|ba.lit
batholithe|ba.lit
batésienne|ba.sjɛn
baxter|ba.te
baylienne|bajl.ljɛn
becquer|bɛ.ke
bedonnement|bə.dɔ̃.mɑ̃
bedonner|bə.dɔ̃.ne
behaviouriste|be.ʁist
bennage|bɛ̃.naʒ
benzaldéhyde|bɛ̃.al.de.id
benzalkonium|bɛ̃.njɔm
benzonitrile|bɛ̃.tʁil
berginisation|bɛʁ.li.za.sjɔ̃
bergsonisme|bɛʁɡ.nism
bessemer|bə.sə.me
beugleuse|bø.ɡløz
beurouette|bœʁ.ʁu.ɛt
bhakti|bu.ti
bharatanatyam|
biangle|bi.ɑ̃ɡl
bibarder|bi.de
bibliologique|bi.bli.lɔ.ʒik
bibliologue|bi.bli.lɔɡ
bibliotechnicienne|bi.bli.jɔ.tɛk.ni.sjɛn
biblio|bi.bli.ljo
bicolorié|bi.ʁje
bidegré|bid.də.ɡʁe
biglouser|bi.ze
bignoniacée|bi.ɲɔl.se
bignonia|bi.ɲɔl.nja
bigrer|bi.ʁe
bigèbre|bi.ʒɛbʁ
biholomorphe|bi.mɔʁf
biholomorphisme|bi.mɔʁ.fism
bijuridisme|bi.dism
bilharziose|bi.oz
biligénie|bi.ʒe.ni
bilirubinémie|bi.mi
billbergia|bil.dʒja
bimesurable|bi.abl
bimodule|bi.mɔ.mo.dyl
binodale|bi.nɔ.dal
biocœnose|bjɔ.noz
biolubrifiant|bjɔ.ly.fjɑ̃
biotrophe|bjɔ.tʁɔf
birationnelle|bi.sjɔ.nɛl
biscottière|bis.tjɛʁ
biseauteuse|bi.zo.tøz
bisimpliciale|sjal
bissexualité|bi.sɛk.li.te
bisulfitique|bi.tik
bivitelline|bi.te.lin
bizuter|bi.zy.te
blaguounette|bla.nɛt
blastopore|blas.pɔʁ
blastoïde|blas.id
bledarde|blɛd.daʁd
bleuetier|blø.ɛ.tje
blindicide|blɛ̃.sid
blottissement|blɔ.mɑ̃
blutiner|bly.ne
bocarder|bɔ.kaʁ.de
bodybuildeuse|bɔ.di.døz
bonifiante|bɔ̃.fjɑ̃t
bordeuse|bɔʁ.døz
bordisme|bɔʁ.dism
bordureuse|bɔʁ.dyʁ.ʁøz
bornologie|bɔ.lɔ.ʒi
borough|bɔʁ.ʁœf
borraginacée|bɔ.se
boskoop|bɔs.
boucholeuse|bu.løz
bouchonnière|bu.ʃɔ̃.njɛʁ
bouddhologue|bu.lɔɡ
bouffir|bu.fi.fiʁ
bouillage|bu.jaʒ
bouillotter|bu.te
bouletée|bu.te
boulonneuse|bu.lɔ̃.nøz
bourgeoisiale|buʁ.ʒwa.sjal
bourrellement|bu.mɑ̃
bourrinage|bu.ʁɛ̃.naʒ
bousculement|bus.ky.mɑ̃
boustifailler|bus.je
boutante|bu.tɑ̃t
boxonner|bɔk.sɔ̃.ne
brachiocéphalique|bʁa.kjo.se.fa.lik
braillante|bʁa.ɑ̃t
branlage|bʁɑ̃.laʒ
braseuse|ze.zøz
bricolable|bʁi.kɔ.abl
brigadeiro|bʁi.ɡad.ʁo
bringuebalement|bʁɛ̃kə.mɑ̃
brinquebalement|bʁɛ̃k.ba.mɑ̃
briocher|bʁi.jo.ʃe
briqueteuse|bʁik.tøz
broadcaster|bʁɔ.te
bronchiectasie|bʁɔ̃.ɛk.ta.zi
bronchioloalvéolaire|bʁɔ̃.al.ve.o.lɛʁ
bronchiteuse|bʁɔ̃.ʃit.tøz
bronchoconstriction|bʁɔ̃.kɔ.za.sjɔ̃
brouilleuse|bʁuj.jøz
brownienne|bʁɔ.njɛn
bruineuse|bʁɥin.nøz
brutisme|bʁy.tism
bréchique|bʁe.ʃik
brélésienne|bʁe.sjɛn
brévétoxine|bʁe.tɔk.sin
bulb-keel|byl.
burgaudine|byʁ.ɡo.din
burineuse|by.ʁɛ̃.nøz
buronnière|by.ʁɔ̃.njɛʁ
burséracée|byʁ.se
buselure|byz.lyʁ
butanal|by.nal
butanée|by.ne
buxacée|by.se
bâtissable|bɑ.sabl
bénéf|be.ne.
bérimbau|be.bo
bêbête|bɛ.bɛt
bûchage|by.ʃaʒ
cP|kɔ̃.
cSt|kɔ̃.mɑ̃
cadenassage|kad.na.saʒ
cadrante|ka.dʁɑ̃.ɑ̃t
caissonnée|kɛ.sɔ̃.ne
calcitriol|kal.tʁjɔl
calcosodique|kal.dik
calière|ka.ljɛʁ
calorescence|kal.sɑ̃s
calvadosienne|kal.va.sjɛn
camarine|ka.ma.ʁin
camionneuse|ka.mjɔ.nøz
camouflante|ka.mu.ɑ̃t
camoufleur|ka.mu.flœʁ
cancérophobie|kɑ̃.se.fɔ.bi
cancéropole|kɑ̃.se.pɔl
cannabinacée|ka.na.se
canyoniste|ka.ɲɔ.nist
caoutchoutière|ka.ut.ʃu.tjɛʁ
capacimètre|kap.mɛtʁ
capacitiste|ka.tist
capillotracter|ka.pi.tʁak.te
caproïque|ka.ik
capsicum|kap.kɔm
caractérologique|ka.ʁak.te.lɔ.ʒik
carbohémoglobine|kaʁ.bɔ.e.mɔ.ɡlɔ.bin
carboxamide|kaʁ.bɔ.a.mid
carburière|kaʁ.by.ʁjɛʁ
carbutamide|kaʁ.by.a.mid
carcinose|kaʁ.si.noz
cardamone|kaʁ.da.mɔn
carfentanyl|kaʁ.be.ʁil
carpettière|kaʁ.tjɛʁ
carreautée|ka.ʁo.te
cartellaire|kaʁ.lɛʁ
carvacrol|kaʁ.ʁɔl
cary|kaʁ.ʁi
casamançaise|ka.ɛz
casquante|kas.ɑ̃t
casquettière|kas.tjɛʁ
castrer|kas.tʁe
catachrétique|ka.ta.tik
cataclysmale|ka.ta.al
catagenèse|ka.ta.ʒə.nɛz
cataméniale|ka.ta.njal
cathepsine|ka.ta.sin
cathodoluminescence|ka.to.ly.mi.ne.sɑ̃s
catégoriale|ka.te.ɡɔ.tɔ.ʁjal
caudine|kaw.din
caveuse|kav.vøz
cd|kɔ̃.
cedrela|sɑ̃.la
cellobiose|se.bjoz
cellophaneuse|se.lɔ.fan.nøz
cellophanée|se.ne
cellulase|sɛ.ly.laz
celtisme|sɛl.tism
centipoise|sɑ̃.pwaz
centromérique|sɑ̃.me.ʁik
centésimale|sɑ̃.mal
cervicite|sɛʁ.vi.sit
cgr|kɔ̃.te
chaabi|ʃa.bi
chafiite|ʃa.it
chaloupement|ʃa.lup.mɑ̃
chamoiseuse|ʃɑ̃.wa.zøz
chancrelle|ʃɑ̃kʁ.ɛl
chanfreineuse|ʃɑ̃.fʁɛ̃.fʁɛ.nøz
chaosienne|ʃa.sjɛn
charlater|ʃaʁ.la.te
chawer|ʃa.vœʁ
chaîneuse|ʃɛn.nøz
check-list|ʃe.list
cheiroptère|ʃɛʁ.tɛʁ
chevau-léger|ʃə.ʒe
chevaucheuse|ʃə.ʃøz
chevillarde|ʃə.jaʁd
chimiolithotrophe|ʃi.mjo.tʁɔf
chiperie|ʃi.pe.ʁi
chitosan|ki.sɑ̃
chloramine|klɔ.a.min
chlorobenzène|klɔ.ʁɔ.bɛ̃.zɛn
chlorpromazine|klɔ.a.zin
choanocyte|kɔ.sit
choisisseuse|ʃwa.søz
cholinestérasique|kɔ.lin.zik
cholécystotomie|kɔ.le.tɔ.mi
chondrichtyen|kɔ̃.jɛn
chondriosome|kɔ̃.zom
chondromatose|kɔ̃.dʁɔ.ma.toz
chorio-épithéliome|kɔ.ʁjɔ̃.te.liom
chorioméningite|kɔ.ʁjɔ̃.me.nɛ̃.ʒit
chorioépithéliome|kɔ.ʁjɔ̃.te.liom
christocentrisme|kʁis.sɑ̃.tʁism
chronaxie|kʁɔ.nɔ.si
chronaxique|kʁɔ.nɔ.sik
chrysanthémique|kʁi.mik
chrysothérapie|kʁi.zɔ.te.ʁa.pi
chutney|ʃy.nɛ
châtelperronienne|ʁɔ.njɛn
chénodésoxycholique|ke.nɔ.lik
cinétisme|si.ne.tism
circalittorale|siʁ.ka.li.tɔ.ʁal
cisailleuse|si.zɑj.jøz
citernière|si.te.njɛʁ
cladocère|kla.sɛʁ
claveleuse|kla.løz
clienter|kli.te
clinopyroxène|klɛ̃.pi.ʁɔk.sɛn
clinozoïsite|klɛ̃.zɔ.i.zit
clivante|kli.ɑ̃t
cliveuse|kli.vøz
clomifène|klɔ.fɛn
clomiphène|klɔ.fɛn
clostridiale|klɔ.djal
clusiacée|se
cléchée|kle.ʃe
cnidocil|kni.sil
cnidocyste|kni.tɔ.sist
cnidosporidie|kni.di
coagglutination|kɔ.a.ɡy.za.sjɔ̃
cocaliser|kɔ.ka.li.ze
cochampionne|kɔ.pjɔn
cochaîne|kɔ.ʃɛn
cocréancière|ko.sjɛʁ
codable|kɔ.da.abl
codéveloppement|kɔ.de.mɑ̃
cogouvernance|nɑ̃s
cohomologique|ko.o.lɔ.ʒik
cokéfiante|kɔ.ke.ɑ̃t
cold-cream|kɔl.37
coliqueuse|kɔ.lik.køz
colitigante|kɔ.ɑ̃t
collaborationnisme|kɔ.la.bɔ.ʁa.sjɔ̃.sjɔ.nism
collagraphie|kɔ.la.ɡʁa.fi
collenchyme|kɔl.ʃim
colossienne|kɔ.sjɛn
colzatière|kɔl.za.tjɛʁ
commettante|kɔ.tɑ̃t
commissurotomie|kɔ.mi.tɔ.mi
commuable|kɔ.abl
communicologue|kɔ.my.ni.lɔɡ
comourant|kɔm.ku.ʁɑ̃
compatir|kɔ̃.pa.tiʁ
complexuelle|kɔ̃.plɛk.ɛl
componctueuse|kɔ̃.po.ɔ̃k.tɥøz
conceptualité|kɔ̃.sɛp.tɥa.li.te
conciliarisme|kɔ̃.si.ta.ʁism
conciliatoire|kɔ̃.si.twaʁ
concordiste|kɔ̃.kɔʁ.kɔʁ.dist
condruzienne|kɔ̃.zjɛn
conductimètre|kɔ̃.dyk.mɛtʁ
conductimétrie|kɔ̃.dyk.me.tʁi
conducto-convective|kɔ̃.dyk.tiv
conduiseuse|kɔ̃.dyk.zøz
confisquer|kɔ̃.ke
conjungo|kɔ̃.ʒy.ɡo
connétablie|kɔ.ne.bli
conobrer|kɔ̃.bʁe
conodale|kɔ̃.nɔ.dal
conormale|kɔ̃.nɔʁ.mal
conoyau|kɔ̃.nwa.jo
constater|kɔ̃s.ta.te
contagieuse|kɔ̃.ta.li.ʒjøz
contenante|kɔ̃t.tə.nɑ̃t
contester|kɔ̃t.te
contextualité|kɔ̃.tɛk.li.te
contractibilité|kɔ̃.tʁak.bi.li.te
contractualiste|kɔ̃.tʁak.list
contragestif|kɔ̃.tif
contraignable|kɔ̃t.nabl
contrebattre|kɔ̃.ʁǝ.batʁ
coobtention|ko.za.sjɔ̃
coqueleuse|kɔk.løz
coralloïde|kɔʁ.id
cornouaillaise|kɔʁ.ɛz
corrigeuse|kɔ.ʁi.ʒøz
corroyeuse|kɔ.ʁwa.jøz
corrélable|kɔ.ʁe.la.abl
corticospinale|kɔʁ.ti.kɔ.spi.nal
cortisonique|kɔʁ.ti.nik
cosolvant|kɔs.sɔl.vɑ̃
cotylédonée|kɔ.ti.le.dɔ̃.ne
court-vêtue|kuʁ.ty
couteauner|ku.to.ne
coutoyer|ku.je
covecteur|kɔ.tœʁ
covelline|kɔ.lin
coésite|kɔ̃.sit
coûtante|kut.tɑ̃t
craniectomie|kʁɑ̃.tɔ.mi
craniopharyngiome|kʁa.njɔ.ʒjɔm
cratonique|kʁa.tɔ̃.nik
criblière|kʁi.ljɛʁ
cristallogenèse|kʁis.ta.lɔ.ʒə.nɛz
crocidolite|kʁo.lit
croisetée|kʁwa.te
croissantière|kʁwa.sɑ̃.tjɛʁ
croissantée|kʁwa.sɑ̃.te
cromoglycate|kʁɔ.kat
croquine|kʁɔ.ki.kin
crossoptérygien|kʁɔs.ʁi.ʒjɛ̃
crotonisation|kʁɔ.tɔ̃.li.za.sjɔ̃
crwth|kʁe.
crédobaptisme|kʁe.ba.tism
créolisme|kʁe.ɔ.lism
créoliste|kʁe.ɔ.list
crépisseuse|kʁe.pi.pi.søz
cucuterie|ky.ʁi
cuiseuse|kɥi.zøz
cuon|ky.ɔ̃
cupressinée|ky.ne
cuscutacée|kys.se
cyclage|si.klaʒ
cyclohexanone|si.klo.a.nɔn
cycloplégie|si.klo.lɔ.ʒi
cyclosporine|si.klo.ʁin
cyclotomie|si.klɔ.tɔ.mi
cyclène|si.lɛn
cyhalothrine|tʁin
cylindraxe|si.lɛ̃.aks
cymrique|sɛ̃.ʁik
cynodonte|si.nɔ.dɔ̃t
cyphoscoliose|si.skɔ.ljoz
cyprotérone|si.ʁɔn
cypéracée|si.se
cystoscopique|sis.tɔs.pik
cystostomie|sis.tɔs.tɔ.mi
cytobactériologique|lɔ.ʒik
cytochrome|si.tɔ.kʁom
cytodiérèse|si.tɔ.dje.ʁɛz
cytosolique|si.tɔ.sɔl.lik
cégotter|se.te
célébrante|se.le.bʁɑ̃t
cémentite|se.mɑ̃.tit
cérébrovasculaire|se.ʁe.vas.ky.lɛʁ
césalpiniacée|se.za.se
cézannienne|ma.njɛn
cœliochirurgie|se.ʃi.ʁyʁ.ʒi
cœlioscope|se.kɔp
cœlioscopique|se.pik
cœlostat|se.ta
cœnesthésie|se.zi
cœurse|kœʁ.
dB|de.
dacryoadénite|da.a.de.nit
dalembertienne|da.tjɛn
dantoniste|dɑ̃.nist
dast|da.st
datographe|da.ɡʁaf
denteleuse|dɑ̃t.løz
dentinome|dɑ̃.nɔm
dermopharmacie|dɛʁ.mɔ.faʁ.ma.si
dermopuncture|dɛʁ.mɔ.tyʁ
desmodontite|dɛs.tit
dessalinisation|dɛ.li.za.sjɔ̃
dessicant|de.si.ka.kɑ̃
deutérocanonique|dø.te.nik
deutéronomique|dø.te.ʁɔ̃.nɔ.mik
dextrinisation|dɛks.li.za.sjɔ̃
dgr|de.te
diacétylmorphine|dja.mɔʁ.fin
diamorphine|dja.mɔʁ.fin
diaphysaire|dja.ɛʁ
diathermie|dja.tɛʁ.mi
diathermique|dja.tɛʁ.mik
diazane|dja.zan
diazoïque|dja.zɔ.ik
diazène|dja.zɛn
dibasique|di.zik
dicentra|di.tʁa
didot|di.dɔt
diffractogramme|di.fʁak.tɔ.ɡʁam
digipuncture|di.ʒi.tyʁ
dimissoriale|di.mi.tɔ.ʁjal
diméthylaniline|di.a.ni.lin
diméthylmercure|di.mɛʁ.kyʁ
dinitration|di.za.sjɔ̃
dinitrile|di.tʁil
dinoflagellé|di.nɔ.le
diodique|di.dik
dione|djɔ.fɔn
diphonique|di.fɔs.nik
dipneumonée|dip.ne
dipsacée|di.se
discompteuse|dis.kɔ̃t.kɔ̃.tøz
discounteur|dis.kunt.tœʁ
discuputer|dis.ky.te
disilane|dis.si.lan
dismutase|dis.staz
disodique|dis.dik
dispatcheuse|dis.pa.ʃøz
dispersante|dis.pɛʁ.ɑ̃t
dispersive|dis.pɛʁ.siv
disubstituée|dis.tɥe
dittographie|di.ɡʁa.fi
divulguable|di.vyl.abl
diédrale|dje.dʁal
djibser|dʒi.ze
dodécylsulfate|dɔ.de.ka.syl.fat
dominotée|mi.te
dordognaise|dɔʁ.ɛz
doucir|du.du.siʁ
doudouisme|du.du.dwism
doxorubicine|dɔk.sɔ.sin
doxycycline|dɔk.si.klin
dragline|dʁaɡ.lin
dragéiste|dʁa.ist
droitosphère|dʁwa.sfɛʁ
dry-farming|dʁi.miŋ
dysacromélie|dis.li
dysboulique|dis.ba.lik
dysendocrinie|di.ni
dysleptique|dis.lɛk.tik
dysmorphophobique|dis.mɔʁ.fo.bik
dysorexie|dis.ʁɛk.si
dysrythmie|dis.ʁit.mi
dystrophine|dis.tʁɔ.fin
déactiver|de.ɑ̃.by.ti.ve
débandage|de.bɑ̃.daʒ
débarrasseuse|de.ba.søz
débenzolage|de.laʒ
débiteuse|de.bi.tøz
déblayeuse|de.blɛ.jøz
déblocable|de.blɔ.abl
débouillir|de.bu.jiʁ
débourbeur|de.buʁ.bœʁ
débourreuse|de.buʁ.ʁøz
débrôler|de.le
décalqueuse|de.kalk.køz
décanoïque|de.kɑ̃.ik
décarottage|de.kaʁ.taʒ
déchevelante|de.ɑ̃t
déchronologie|de.lɔ.ʒi
décivilisation|de.si.li.za.sjɔ̃
décompteuse|de.kɔ̃t.tøz
décorcer|de.kɔʁ.se
découpable|de.ku.abl
décrasseur|de.sœʁ
décrypteuse|de.tøz
décuivrage|de.ʁaʒ
dédoubleuse|de.du.bløz
déflocage|de.flɔ.kaʒ
défoliante|de.fɔ.ljɑ̃t
défragmenteur|de.fʁaɡ.tœʁ
dégivrante|de.ʒi.ɑ̃t
dégluer|de.ɡly.ɡly.e
dégonflarde|de.ɡɔ̃.flaʁd
dégravelante|de.ɡʁa.ɑ̃t
dégression|de.ɡʁɛ.sjɔ̃
dégrever|de.ɡʁɛ.ɡʁə.ve
dégrossisseuse|de.ɡʁo.søz
déjecter|de.ʒɛk.te
délamination|de.za.sjɔ̃
délinquantielle|de.lɛ̃.sjɛl
délitescente|de.li.sɑ̃t
déluter|de.te
démarchandisation|de.maʁ.li.za.sjɔ̃
démarqueuse|de.maʁk.køz
démasquable|de.mas.abl
démasquage|de.mas.kaʒ
démucilagination|de.za.sjɔ̃
démutualisation|de.my.li.za.sjɔ̃
dénervation|de.za.sjɔ̃
dénicotiniseur|de.ni.ni.zœʁ
dénigrer|de.ni.ʁe
déontique|de.ɔ̃.tɔ.tik
dépariage|de.paʁ.ʁjaʒ
dépeigner|de.ne
dépelliculage|de.laʒ
dépelotonner|de.ne
dépendeuse|de.døz
déplanification|de.plɑ̃.za.sjɔ̃
dépolluante|de.pɔ.ɑ̃t
dépoussiérante|de.pu.sje.ɑ̃t
déprimogène|de.pʁi.ʒɛn
désagrégeante|de.za.ɡʁe.ɑ̃t
désambiguïsatrice|de.zɑ̃.tʁis
désaméricanisation|de.za.li.za.sjɔ̃
désarçonnante|de.zaʁ.nɑ̃t
désaxement|de.zak.mɑ̃
désenfler|de.zɑ̃.ɑ̃.fle
déserteuse|de.zɛʁt.tøz
désherbante|de.zɛʁ.ɑ̃t
déshuilage|de.zy.ɥi.laʒ
déshuntage|de.zy.taʒ
déshydrogénase|de.zi.nɑz
désiliciage|de.zɛ̃.sjaʒ
désinfectrice|de.zɛ̃.fɛk.tʁis
désingularisation|de.zɛ̃.li.za.sjɔ̃
désoxyribonucléase|de.zɔk.si.ʁi.bo.ny.kle.az
désoxyribonucléoprotéique|de.zɔk.pʁɔ.tɛik
déspiritualisation|de.li.za.sjɔ̃
déstressante|de.ɑ̃t
désyndicalisation|de.sɛ̃.li.za.sjɔ̃
détartrante|de.taʁ.ɑ̃t
détoxifiante|de.tɔk.si.fjɑ̃t
déverbatif|de.vɛʁ.tif
dévésiculeur|de.lœʁ
eV|ɑ̃.ve
ecballium|ljɔm
ectotrophe|ɛk.tɔ.tʁɔf
efflorescente|e.flɔ.ʁe.sɑ̃t
effractive|e.tiv
effusivité|ɛ.li.te
eisangélie|li
elliptocytose|lip.tɔz
elæis|ɛl.
emballagiste|ɑ̃.ba.lɔ.ʒist
embobineuse|ɑ̃.bɔ.bi.nøz
embratteler|ɑ̃.a.tə.le
embryonnée|ɑ̃.bʁi.jɔ̃.ne
embryophagie|ɑ̃.bʁi.lɔ.ʒi
empaqueteuse|ɑ̃.pak.tøz
empathe|ɑ̃.pa.pat
encaissante|ɑ̃.sɑ̃t
encapsulement|ɑ̃.kap.sy.mɑ̃
enceindre|ɑ̃.
encenser|ɑ̃.sɑ̃.ze
enchausser|ɑ̃.se
encliquetable|ɑ̃.kli.tɑbl
encroûtante|ɑ̃.tɑ̃t
encéphalomyélite|ɑ̃.se.fa.mje.lit
endolocalisation|ɑ̃.dɔ.li.za.sjɔ̃
endophasie|ɑ̃.dɔ.zi
endoénergétique|ɑ̃.dɔ.e.nɛʁ.ʒe.tik
enduiseuse|ɑ̃.zøz
engazonneuse|ɑ̃.ɡa.nøz
engouiller|ɑ̃.je
engrumeler|ɑ̃.le
enguichée|ɑ̃.ʃe
enjaveler|ɑ̃.le
enlacer|ɑ̃.la.se
enleveuse|ɑ̃.vøz
ennealogie|ɑ̃.lɔ.ʒi
enrichir|ɑ̃.ʁi.ʃiʁ
enroulable|ɑ̃.abl
enrubanneuse|ɑ̃.ʁy.nøz
ensellement|ɑ̃.mɑ̃
ensouillement|ɑ̃.mɑ̃
entonner|ɑ̃.ne
envieusement|ɑ̃.vjøz.mɑ̃
envoûteuse|ɑ̃.tøz
ergastoplasme|ɛʁ.tɔ.plasm
ergotine|ɛʁ.tin
erratisme|ɛ.ʁa.tism
escarrotique|ɛs.kaʁ.tik
escompteuse|ɛs.kɔ̃t.tøz
espaces-temps|ɛs.pas.tɑ̃
esprofonder|ɛs.de
esquintante|ɛs.tɑ̃t
essencière|ɛs.sjɛʁ
essorante|e.sɔʁ.ɔ.ʁɑ̃t
estampeuse|ɛs.tɑ̃p.pøz
estampilleuse|ɛs.tɑ̃.pij.pi.jøz
estradiène|ɛs.tʁa.djɛn
estroprogestative|ɛs.pʁo.ʒɛs.ta.tif
ethnomédecine|ɛt.nɔ.mɛd.sin
ethnométhodologue|ɛt.nɔ.lɔɡ
ethnosociologie|ɛd.no.lɔ.ʒi
euchromatine|ø.ka.tin
euménide|ø.nid
eupnéique|ø.ne.ik
europhobe|ø.ʁɔ.fɔb
européocentriste|ø.ʁɔ.pe.sɑ̃.tʁist
euryapside|ø.ʁɔ.ap.sid
eurythermie|ø.ʁɔ.tɛʁ.mi
excipée|ɛk.si.pe
exfoliante|ɛks.ljɑ̃t
exinscrite|ɛɡ.ʁit
exocuticule|ɛɡ.zɔ.kyl
exogroupe|ɛɡ.zɔ.ɡʁup
exogénéité|ɛɡ.zɔ.li.te
exopolysaccharide|ɛɡ.sa.ka.ʁid
exorcistat|ɛɡ.zɔʁ.ta
exothermicité|ɛɡ.zɔ.li.te
exothermie|ɛɡ.zɔ.tɛʁ.mi
expertes-comptables|ɛk.spɛʁt.tabl
experts-comptables|ɛk.spɛʁ.tabl
expressiste|ɛk.spʁɛs.ɡʁɛ.sist
expropriante|ɛks.pʁi.pʁi.jɑ̃t
extatisme|ɛk.sta.tism
extracorporelle|ɛks.tʁa.kɔʁ.pɔ.ʁel
extractabilité|ɛks.tʁak.bi.li.te
extrapolable|eks.tʁa.abl
extrovertie|ɛk.stʁa.ti
fagacée|fa.se
faisandière|fə.zɑ̃.djɛʁ
faisanneau|fə.zɑ̃.a.no
falsificationnisme|fal.si.fi.ka.sjɔ̃.sjɔ.nism
famennoise|fa.nwaz
farnésol|faʁ.zɔl
fastigiée|fas.ʒje
faubérer|fo.ʁe
fauchet|foʃ.ʃɛ
favique|fa.vik
façonneuse|fa.sɔ.nøz
feld-maréchal|fɛl.ʃal
feldspathoïde|fɛl.dspat.id
fenwick|fə.
fermenteur|fɛʁm.tœʁ
ferricyanure|fɛ.sja.nyʁ
ferriprive|fɛ.ʁiv
ferro-magnésienne|fɛ.ʁɔ.sjɛn
ferromagnésienne|fɛ.ʁɔ.sjɛn
ferrotypie|fɛ.ʁɔ.ti.pi
fettucine|fɛ.sin
feuillardière|fœ.jaʁ.djɛʁ
fibrinolyse|fi.liz
fibrinolytique|fi.li.tik
fibrinémie|fi.mi
fibrocyte|fi.bʁɔ.sit
figuriniste|fi.ɡy.nist
filicinée|fi.ne
filicophyte|fi.fit
filonienne|fi.lɔ̃.njɛn
fin'amor|fɛ̃.ɔʁ
financiarisme|fi.nɑ̃.ta.ʁism
finitiste|fi.tist
finslérienne|fɛ̃.ʁjɛn
fish-eye|fi.
flingot|flɛ̃.ɡɔ
flognarde|flɔ.ɲaʁd
floridée|flɔ.ʁi.de
fluocompacte|fly.ɔ.kɔ̃.pakt
fluofibre|fly.ɔ.fibʁ
flupyrsulfuron|ʁɔ̃
fluxomique|flyk.mik
focométrie|fɔ.me.tʁi
focométrique|fɔ.me.tʁik
fonctorielle|fɔ̃k.sjɔ.ɛl
fontanili|fɔ̃.li
fordienne|fɔʁ.djɛn
formicante|fɔʁ.mi.ka.ɑ̃t
fouder|fu.de
fourgat|fuʁ.ɡa
fractographie|fʁak.ɡʁa.fi
frappologie|fʁa.lɔ.ʒi
free-shop|fʁi.ʃɔp
frigoporteur|fʁi.ɡo.tœʁ
frisko|fʁi.ko
frousser|fʁu.se
fr|te
fréquentiste|fʁe.kɑ̃.tist
ftp|fœ.jɛ.pe
fuguée|fy.ɡe
fulvique|fyl.vik
fumariacée|fy.se
funiculite|fy.ni.lit
fusionnante|fy.zjɔ.nɑ̃t
fusuline|fy.lin
futurible|fy.ty.ʁibl
fénéthylline|lin
févier|fe.vje
gabbroïque|ɡa.bʁo.ik
gadzart|ɡa.aʁ
galactane|ɡa.tan
galactosamine|ɡa.lak.a.min
galactosidase|ɡa.lak.daz
galactosémie|ɡa.mi
galbante|ɡal.ɑ̃t
galvanoscope|ɡal.va.kɔp
galéopithèque|ɡa.le.tɛk
gammaglobuline|ɡa.ɡlɔ.by.lin
gammiste|ɡam.mist
gamétange|ɡa.ɑ̃ʒ
garalde|ɡa.
garba|ɡaʁ.ba
gargantua|ɡaʁ.y.a
gaspilleuse|ɡas.pi.pi.jøz
gattilier|ɡat.lje
gaufroir|ɡo.fʁwaʁ
gaulthérie|ɡo.ʁi
gayolle|ɡɛ.ʁɔl
gazonnement|ɡa.zɔ.mɑ̃
gaïacol|ɡa.jak.kɔl
gendarmesque|ʒɑ̃.daʁm.mɛsk
gentamicine|ʒɑ̃.sin
gentianacée|ʒɑ̃.se
gentianée|ʒɑ̃.ne
gentilhommerie|ʒɑ̃.ti.ʁi
genépi|ʒə.pi
gestaltiste|ɡeʃtalt.al.tist
gestuaire|ʒɛs.ɛʁ
gewurztraminer|ne
giardia|ʒja.dja
gibbsite|ʒi.sit
gibbule|ʒi.byl
gigantale|ʒi.ɡɑ̃.tal
gingivectomie|ʒɛ̃.ʒi.tɔ.mi
gingivorragie|ʒɛ̃.ʒi.lɔ.ʒi
girouettisme|ʒi.tism
glaisière|ɡlɛ.zjɛʁ
glanage|ɡlɑ̃.naʒ
glockenspiel|ɡlɔ.sjɛl
glossette|ɡlɔ.sɛt
glosso-pharyngienne|ɡlɔ.ʒjɛ̃n
glossématique|ɡlɔ.ma.tik
glucanase|ɡly.naz
glucosinolate|ɡly.lat
glycanase|ɡli.kɔ.naz
glycogénolyse|ɡli.kɔ.liz
glycogénose|ɡli.kɔ.ʒe
glycosylée|ɡli.kɔ.le
glyptodonte|ɡlip.to.dɔ̃.dɔ̃t
gneissique|si.sik
gnoll|
gnotobiotique|tik
gnétophyte|fit
gobeuse|ɡɔ.bøz
gogole|ɡɔɡ.ɡɔl
gondolante|ɡɔ̃.ɑ̃t
gonococcie|ɡɔ.si
gonococcique|ɡɔ.kɔk.sik
gonopode|ɡɔ̃.pɔd
gonoréaction|ɡɔ.za.sjɔ̃
gopi|ɡɔ.pi
gouelle|ɡwɛ.ɛl
goulache|ɡu.aʃ
gourmade|ɡuʁ.mad
grabatisation|ɡʁa.ba.li.za.sjɔ̃
grafcet|ɡʁa.sɛ
graissante|ɡʁɛ.sɑ̃t
gramicidine|ɡʁa.din
graminacée|ɡʁa.se
gramscisme|ɡʁa.fa.ʃism
granoclassement|ɡʁɑ̃.mɑ̃
grapheuse|ɡʁaf.ʃøz
grassmannienne|ɡʁa.njɛn
gravatière|ɡʁa.tjɛʁ
grenadage|ɡʁə.na.a.daʒ
grenouillante|ɡʁə.nu.ɑ̃t
grenouillesque|ɡʁə.nuj.lɛsk
griffade|ɡʁi.fad
gringolée|ɡʁɛ̃.le
griséofulvine|ɡʁi.vin
grièche|ɡʁi.
gros-boutiste|ɡʁo.tist
groupoïde|ɡʁu.id
grugeuse|ɡʁy.ʒøz
grumier|ɡʁym.mje
gr|te
gréeuse|ɡʁe.øz
gréver|ɡʁe.vɛʁ
guaïfénésine|ɡwa.zin
guernouille|nuj
guerroyeuse|ɡɛ.jøz
guignarde|ɡi.ɲaʁd
guilleri|ɡij.ʁi
guillocheuse|ɡi.jɔ.ʃøz
guttiféracée|ɡy.se
gymnarque|ʒim.naʁk
gynerium|ʒi.ne.ʁjɔm
gynogenèse|ʒi.ne.ʒə.nɛz
gynogénétique|ʒi.ʒe.ne.tik
gyrencéphale|ʒi.ʁɔ.se.fal
gyrobicoupole|ʒi.ʁɔ.ku.pɔl
gyropilote|ʒi.ʁɔ.pi.lɔt
génosociogramme|ʒe.ɡʁam
génothérapie|ʒe.te.ʁa.pi
généthliaque|ʒe.ne.ljak
génétisme|ʒe.ne.tism
génétiste|ʒe.ne.tist
géostrophique|ʒe.ɔ.ɡʁa.fik
géosynclinal|ʒe.ɔ.nal
géraniée|ʒe.ʁa.nje
gérontoxon|ʒe.ʁɔ̃.tɔ.sɔ̃
gîtage|ʒi.taʒ
habeas|ha.ɑs
hachischine|a.ʃiʃ.ʃin
hachischée|a.ʃe
halioculture|a.kyl.tyʁ
halkiner|a.ne
hallucinose|a.noz
halotechnie|a.lo.ni
hand-ball|ɑ̃.di.bol
handeler|ɑ̃.di.le
haplo-diploïdisation|a.plɔ.li.za.sjɔ̃
happement|ap.mɑ̃
haschichine|a.ʃiʃ.ʃin
haschichisme|a.ʃiʃ.ʃism
haschichée|a.ʃe
haschischine|a.ʃiʃ.ʃin
haschischisme|a.ʃiʃ.ʃism
haschischée|a.ʃiʃ.ʃe
hasmonéenne|ne.ɛn
haïsseuse|a.søz
hebdomadière|ɛb.dɔ.djɛʁ
hectopièze|ɛk.piɛz
heimatlosat|za
hemigrammus|mys
hensélienne|ljɛn
heptoxyde|ɛp.ɔk.sid
hermesse|ɛʁ.mɛs
herpétiforme|ɛʁ.pe.fɔʁm
herpétique|ɛʁ.pe.tik
hertzienne|ɛʁ.zjɛn
hervienne|ɛʁ.vjɛn
hexachlorophène|ɛɡ.za.klo.ʁo.fi.lɔ.fen
hexacorde|ɛɡ.za.kɔʁd
hexafluorure|ɛɡ.za.fly.ɔ.ʁyʁ
hexanoïque|ɛɡ.zan.ik
hexatonique|ɛɡ.za.nik
hexitol|ɛʁ.tɔl
hibernante|i.bɛʁ.nɑ̃t
hilotisme|i.tism
hipparion|i.a.ʁjɔ̃
hippocastanacée|i.pɔ.se
hippophaé|i.pɔ.
hobbesienne|bi.sjɛn
hodographe|od.ʒa.ɡʁaf
hojjat-al-islam|is.lam
hoki|ɔ.ki
holocristalline|ɔ.lɔ.kʁis.ta.lin
holomorphe|ɔ.lɔ.mɔʁf
holomorphie|ɔ.lɔ.ɡʁa.fi
holomorphiquement|ɔ.mɑ̃
holonome|ɔ.lɔ.nɔm
holonomie|ɔ.lɔ.nɔ.mi
holostéen|ɔ.lɔ.ɑ̃
homoganique|ɔ.mɔ.nik
homogénéisante|ɔ.mɔ.zɑ̃t
homogénéisateur|ɔ.mɔ.tœʁ
homogénéisatrice|ɔ.mɔ.tʁis
homéothermie|o.me.tɛʁ.mi
hongreuse|ɔ̃ɡʁ.ɡʁøz
hongroyeuse|ɔ̃.ɡʁwa.jøz
horocycle|ɔ.sikl
horocyclique|ɔ.si.klik
horosphère|ɔ.sfɛʁ
hot-line|ɔ.withoutA-Z
houillification|uj.za.sjɔ̃
houspilleuse|us.pi.jøz
hpz|i
humagne|y.ma.maɲ
humidistance|y.mi.di.dis.tɑ̃s
hummock|y.
husserlienne|y.ljɛn
hyaloclastite|ja.tit
hyaluronidase|ja.daz
hydralcoolique|i.dʁɔ.al.kɔ.lik
hydranthe|i.dʁɔ.ljɑ̃t
hydrazone|i.dʁɔ.zon
hydrocharidée|i.dʁɔ.de
hydrogénosulfate|i.dʁɔ.ʒe.syl.fat
hydrogénosulfite|i.dʁɔ.ʒe.syl.fit
hydrogénosulfure|i.dʁɔ.ʒe.syl.fyʁ
hydropathe|i.dʁɔ.pat
hydropulseur|i.dʁɔ.pʁɔ.pyl.sœʁ
hydroxylase|i.dʁɔ.si.laz
hydroxylation|i.dʁɔ.za.sjɔ̃
hydrozoaire|i.dʁɔ.ɛʁ
hydrurée|i.dʁɔ.y.ʁe
hygrostat|i.ɡʁɔ.ta
hylobatidé|i.de
hyperaldostéronisme|i.pɛ.nism
hypercholestérolémique|i.pɛʁ.mik
hypercorticisme|i.pɛʁ.sism
hypergame|i.pɛʁ.ɡam
hypergonar|i.pɛʁ.naʁ
hypernovæ|i.pɛʁ.
hyperostose|i.pɛʁ.toz
hyperoxie|i.pɛʁ.si
hyperphalangie|i.pɛʁ.
hyperprolactinémie|i.pɛʁ.mi
hypersialie|i.pɛʁ.li
hyperémèse|i.pɛʁ.mɛz
hypnothérapeutique|ip.nɔ.te.ʁa.pø.tik
hypoalgésie|i.po.zi
hypodermose|i.pɔ.moz
hypogame|i.pɔ.ɡam
hypogonadisme|i.pɔ.dism
hypopituitarisme|i.pɔ.ta.ʁism
hypoprotéinémie|i.pɔ.mi
hélicase|e.li.kɑz
héliozoaire|e.ljo.ɛʁ
héloderme|e.dɛʁm
hémangiome|e.ma.ɑ̃.ʒjɔm
hémarthrose|e.ma.aʁ.tʁoz
hématique|e.ma.tik
hématoporphyrine|e.ma.pɔʁ.fi.ʁin
hémiperméable|e.mi.pɛʁ.me.abl
hémosidérine|e.mɔ.e.ʁin
hémérobe|e.me.ʁɔb
héparane|e.pa.ʁan
hépiale|e.pa.pjal
hétérocentrique|e.te.ʁo.tʁik
hétéroprothallie|e.te.ʁo.li
ice-field|i.
ice-shelf|i.ɡɔlf
ichtyosaure|ik.sɔʁ
icositétraèdre|i.te.tʁa.ɛdʁ
idempotence|id.pɔ.tɑ̃s
idempotente|id.tɑ̃t
identifieur|i.tœʁ
identitarisme|i.dɑ̃.ti.ta.ʁism
idiotype|i.djɔ.tip
iduronique|nik
idéotype|i.de.ɔ.tip
ijtihad|ad
ilicacée|i.se
illégitimement|i.le.ʒi.tim.mɑ̃
ilotisme|i.tism
imagoïque|i.ma.ɡo.ik
immatériellement|i.ma.te.mɑ̃
immodestement|i.mɔ.mɑ̃
immortellement|i.mɔʁ.tɛl.mɑ̃
immunogénicité|i.my.nɔ.si.te
immunosupprimée|i.my.nɔ.me
imparidigitée|ɛ̃.pa.te
imperfectible|ɛ̃.pɛʁ.fɛk.tibl
imperforée|ɛ̃.pɛʁ.ɔ.ʁe
imperçable|ɛ̃.pɛʁ.abl
imports-exports|ɛ̃.pɔʁ.spɔʁ
impurement|ɛ̃.pyʁ.mɑ̃
impénitence|ɛ̃.pe.tɑ̃s
inappliquée|i.na.pli.ke
inapprivoisée|i.na.ze
inappropriable|i.na.abl
inappréciée|i.na.sje
inarrachable|i.na.abl
inassujettie|i.na.ti
inattaquée|i.na.ke
inavouablement|i.na.vwabl.mɑ̃
incestueusement|ɛ̃.sɛs.tɥøz.mɑ̃
inciseur|ɛ̃.siz.zœʁ
incivilement|ɛ̃.si.vil.mɑ̃
incoterm|ɛ̃.kɔ̃.
incrustante|ɛ̃.kʁys.tɑ̃t
incrusteuse|ɛ̃.kʁys.tøz
indianisme|ɛ̃.dja.nism
individualisable|ɛ̃.di.vi.dy.li.zabl
individualisante|ɛ̃.di.vi.dy.li.zɑ̃t
individualisation|ɛ̃.di.vi.dy.li.za.sjɔ̃
indivisément|ɛ̃.di.vi.mɑ̃
indébrouillable|ɛ̃.de.abl
indéchiffrée|ɛ̃.de.fʁe
indécodable|ɛ̃.de.abl
indécrochable|ɛ̃.de.abl
indéfinissablement|ɛ̃.de.fi.blə.mɑ̃
indélicatement|ɛ̃.de.li.kat.mɑ̃
inengendrée|i.nɑ̃.dʁe
ineptement|i.nɛpt.mɑ̃
inexpiablement|i.nɛk.spjabl.mɑ̃
inexécutée|i.neɡ.te
infigurabilité|ɛ̃.fi.bi.li.te
infradienne|ɛ̃.fʁa.djɛ̃
infructueusement|ɛ̃.fʁa.mɑ̃
iniquement|i.nik.mɑ̃
injaculation|ɛ̃.za.sjɔ̃
inquestionnée|ɛ̃.ne
insituable|ɛ̃.si.ty.abl
insulinase|ɛ̃.sy.li.naz
insulinome|ɛ̃.sy.li.nɔm
insurgente|ɛ̃.syʁ.yʁ.ʒɑ̃t
intellectisme|ɛ̃.te.lɛkt.tism
intellectualité|ɛ̃.te.lɛk.li.te
intemporellement|ɛ̃.tɑ̃.pɔ.ʁɛl.mɑ̃
interféron|ɛ̃.tɛʁ.fe.ʁɔ̃
interleukine|ɛ̃.tɛʁ.kin
interministérialité|ɛ̃.tɛʁ.mi.bi.li.te
internégatif|ɛ̃.tɛʁ.tif
intertrigo|ɛ̃.tɛʁ.ɡo
intraépithéliale|ɛ̃.tʁa.te
introublée|ɛ̃.tʁo.ble
intuitu|in.ty
intégrodifférentielle|ɛ̃.te.di.fe.ʁɑ̃.sjɛl
invalidement|ɛ̃.va.lid.mɑ̃
inventoriage|ɛ̃.vɑ̃.ʁjaʒ
inversable|ɛ̃.vɛʁ.sabl
inversible|ɛ̃.vɛʁ.sibl
ipso|ip.pso
ipéca|i.pe.ka
iridocyclite|i.ʁi.klit
irish-terrier|i.ʁis.tɛ.ʁje
irrachetable|i.ʁa.aʃ.tabl
irrassasiée|i.ʁa.zje
irrotationnelle|sjɔ.nɛl
irréflexion|i.ʁe.flek.sjɔ̃
irréfutée|i.ʁe.fy.fy.te
irréligieusement|i.ʁe.li.ʒjøz.mɑ̃
irrésignée|i.ʁe.zis.ne
irrévélée|i.ʁe.ve.le
irrévérente|i.ʁe.ve.ʁɑ̃t
isenthalpe|i.zɑ̃.alp
isocortex|i.zɔ.tɛks
isogame|i.zo.ɡam
isolectotype|i.zɔ.tip
isomonodromique|i.zɔ.mik
isomorphiquement|i.zɔ.mɑ̃
isoniazide|i.zɔ.id
isopropanol|i.zo.ta.nɔl
isoprénaline|i.zo.na.lin
isoprénique|i.zo.nik
isospectralité|i.zo.bi.li.te
isosporie|i.zo.ʁi
isosyntype|i.zo.tip
isozyme|i.zɔ.zim
italianiste|i.ta.lja.nist
ivressomètre|i.mɛtʁ
jacée|ʒa.se
jalap|ʒa.klap
jalonnement|ʒa.lɔ.mɑ̃
japonologie|ʒa.pɔ̃.lɔ.ʒi
japonologue|ʒa.pɔ̃.lɔɡ
jargonneuse|ʒaʁ.ɡɔ.nøz
jarovisation|ʒa.li.za.sjɔ̃
jasmonate|ʒas.nat
jasmonique|ʒas.nik
jaunir|ʒɔ.y.niʁ
javer|ʒa.vɛʁ
jennérienne|ʒɛ.ne.ʁjɛn
jihadisme|ʒi.ad.dism
jocoler|ʒɔ.le
jointeuse|ʒwɛ̃.tøz
joncher|ʒɔ̃.ʃe
joncteur|ʒɔ̃k.sjɔ̃.tœʁ
jottereau|xɔ.o
jugeuse|ʒyʒ.ʒøz
jurement|ʒy.mɑ̃
juridicisation|ʒy.ʁi.dik.li.za.sjɔ̃
jutage|ʒy.taʒ
kafkaïenne|kɑ.jɛn
kala-azar|ka.zaʁ
kaotiser|ka.li.ze
kbit|bit
kelvinomètre|kɛl.vin.mɛtʁ
kentrophylle|kɛn.ʁɔ.fil
kenyapithèque|tɛk
khalifale|ka.fal
khédiviale|ke.vjal
kibboutznik|ki.bi.nik
kimbanguisme|kim.lɛ̃.ɡwism
kissel|ki.sɛl
kleinienne|klɛp.njɛn
kn|sjɔ̃
kpc|pus
kravmaga|kʁav.ɡa
kriegspiel|kʁik.sjɛl
krishnaïsme|kʁa.ism
krump|lɔ̃p
kth|kon.traw
kyriologique|ki.lɔ.ʒik
kénose|ke.noz
kératane|ke.ʁa.tan
kératocône|ke.ʁa.kon
kétoconazole|ke.a.zɔl
labdanum|la.da.nɔm
labium|la.bjɔm
laboriste|la.bo.ʁist
lacanisme|la.nism
lacquemant|lak.mɑ̃
lactocoque|lak.kɔk
lacérante|la.ɑ̃t
lamaneuse|la.ma.nøz
lamarckisme|la.maʁ.kism
lambliase|lɑ̃.
lambourde|lɑ̃.buʁd
lamellophone|lam.fɔn
landammann|lɑ̃.man
landaulet|lɑ̃.do.lɛ
landgravine|lɑ̃d.ʁa.vin
landsturm|lɑ̃d.
laneret|lɑ̃.ʁɛ
langueyage|lɑ̃.jaʒ
lançable|lɑ̃.abl
laparoscopique|la.pa.pik
lasting|la.tiŋ
lasurer|la.zyʁ.ʁe
laticifère|la.ti.fɛʁ
layetière|lɛ.tjɛʁ
lazzarone|ladzi.ʁɔn
laïusseuse|la.i.søz
lb|li.
lectotype|lɛk.tip
lemnacée|lɛm.se
lentigine|lɑ̃.ti.ʒin
lepte|lɛp.
lesquerellique|lik
lessivable|le.abl
lessivière|le.vjɛʁ
letchi|lɛ.tʃi
leucocyturie|lø.kɔ.ʁi
leucoencéphalite|lø.ɑ̃.se.fa.lit
leucogranite|lø.ɡʁa.nit
leucotrichie|lø.ʃi
leucoxène|lø.sɛn
lewisite|sit
lignane|li.nan
lignarde|li.ɲaʁd
linalol|li.salɔl
linçoir|lɛ̃.swaʁ
linéarisabilité|li.ne.a.bi.li.te
litharge|li.ʃaʁʒ
lithiasique|li.zik
lithine|li.ti.tin
lithothamnium|li.to.njɔm
lm|li.
loirétaine|lwaʁ.tɛn
lombarthrose|lɔ̃.aʁ.tʁoz
lombostat|lɔ̃.ta
longimétrie|lɔ̃.ʒi.me.tʁi
longuéenne|lɔ̃.ɛn
longévive|lɔ̃.viv
lonotriche|lɔ̃.tʁiʃ
loranthacée|lɔ.se
ludopoésie|ly.zi
ludospace|ly.pas
ludwigia|ly.dʒja
lumachelle|ly.mi.ɛl
lumachellique|lik
luministe|ly.mi.nist
luminomètre|ly.mi.mɛtʁ
lupercale|ly.kal
lutéinisation|ly.te.li.za.sjɔ̃
luxembourgiste|lyks.lɔ.ʒist
luxembourgophone|lyks.fɔn
luxuriance|lyk.sy.va.ʁjɑ̃s
lx|li.
lychnide|li.nid
lysergide|li.ʒid
lysosomiale|li.zɔ.mjal
léchable|le.abl
lécithine|le.tin
léonardesque|le.ɔ.dɛsk
lépidosirène|le.pi.si.ʁɛn
lévamisole|le.sɔl
mR|ma.
macassar|mak.saʁ
maceron|mak.ʁɔ̃
machiavel|ma.kja.vɛl
macroglossie|ma.zi
macroscopique|ma.kʁo.pik
macroscélide|ma.lid
madrinienne|ma.dʁi.kʁi.njɛn
madréporaire|ma.ʁɛʁ
magadhi|ma.ɡa.di
maghzen|ma.zɛn
magnésioferrite|ma.ɲe.fɛ.ʁit
magouilleuse|ma.ɡuj.jøz
maharashtri|ma.a.ʁa.tʁi
mailing-list|maj.list
maillure|ma.jyʁ
mainmortable|mɛ̃.tɑbl
malebranchiste|ma.plɑ̃.ʃist
malletière|ma.tjɛʁ
malmenage|mal.naʒ
maltôte|malt.kot
malvenante|mal.nɑ̃t
mamelonnaire|mamə.lɔ̃.nɛʁ
mandibulate|mɑ̃.lat
manilleuse|ma.nij.jøz
manodétendeur|ma.de.tɑ̃.dœʁ
manuaire|mɑ̃.ɛʁ
manuscriptologie|ma.nys.lɔ.ʒi
maquereautage|ma.kʁo.taʒ
maratoner|ma.ne
margaille|maʁ.ɡaj
marmotteuse|maʁ.mɔt.tøz
maroquinière|ma.ʁɔ.kɛ̃.njɛʁ
marteleuse|maʁ.løz
matabicher|ma.ʃe
matelotage|mat.taʒ
maternologie|mat.lɔ.ʒi
matoufet|ma.tu.fɛ
matouner|ma.tu.ne
maugréante|mo.ɑ̃t
maurandie|mo.di
mauvéine|mo.te.in
maximisatrice|mak.si.tʁis
maïzena|ma.na
medecine-ball|me.bol
mefenoxam|
menthone|mɑ̃.fɔn
menuaille|mɑ̃.nɛl
merceriseuse|mɛʁ.sə.ʁi.zøz
metolachlore|mɛ.klɔʁ
meulage|mø.laʒ
mgr|ma.te
microarray|mi.kʁo.
microdifférentiel|mi.kʁo.sjɛl
microfibrée|mi.kʁo.bʁe
micromanipulateur|mi.kʁo.tœʁ
microsomale|mi.kʁo.mal
microsomiale|mi.kʁo.mjal
microtracteur|mi.kʁo.tœʁ
microzoaire|mi.kʁo.ɛʁ
milliröntgen|mi.ʁœ̃nt.ɡɛn
millépore|mi.le.pɔʁ
minispace|mi.pas
minnesang|mi.sɑ̃
minéralocorticoïde|mi.ne.ʁa.kɔʁ.ti.ko.id
miquelet|mi.lɛ
miracidium|mi.djɔm
misologie|mi.zo.lɔ.ʒi
missilière|mi.ljɛʁ
mmHg|ma.
mobinaute|mɔb.not
modalisme|mɔ.da.li.a.lism
modelable|mɔd.abl
modelante|mɔd.ɑ̃t
modulor|mɔ.dy.lo.lɔʁ
moksha|mɔ.ʃa
molinisme|mɔ.li.nism
molysmologie|mɔl.lɔ.ʒi
mondiovision|mɔ̃.dja.vi.zjɔ̃
monodromie|mɔ.no.tɔ.mi
monodromique|mɔ.no.mik
monométhylmercure|mɔ.no.me.mɛʁ.kyʁ
mononucléidique|mɔ.ny.dik
monophasique|mɔ.no.fa.zik
monophyodonte|mɔ.fi.dɔ̃t
monostiche|mo.no.tiʃ
monoxène|mɔ.no.sɛn
monsignor|mɔ̃s.nɔʁ
moracée|mɔ.se
morcelable|mɔʁ.abl
moringa|mɔ.ɡa
morphophonologie|mɔʁ.fɔ.lɔ.ʒi
morphophonologique|mɔʁ.fɔ.lɔ.ʒik
morphématique|mɔʁ.ma.tik
mortinaissance|mɔʁ.ti.ne.sɑ̃s
motorship|mɔ.tɔ.ʃip
mototracteur|mɔ.tœʁ
mouchetage|muʃ.taʒ
mouilleur|muj.lœʁ
moulineuse|mu.li.nøz
mouna|mu.na
moussage|mu.saʒ
moviola|mɔ.la
moyennable|mwa.nabl
mth|ma
mucolytique|my.li.tik
mucopolysaccharide|sa.ka.ʁid
mucoviscidosique|my.zik
mucoïde|my.id
mullite|myl.ti.lit
muriate|my.ʁjat
museuse|myz.søz
mutationnisme|my.ta.sjɔ̃.sjɔ.nism
mutationniste|my.ta.sjɔ̃.sjɔ.nist
myasthénique|mi.ste.nik
myoclonie|mjɔ.ni
myocyte|mjɔ.sit
myodésopsie|mjɔ.zi
myofasciite|mjɔ.it
myofibrille|mjɔ.fi.bʁil
myogramme|mjɔ.ɡʁam
myologique|mjɔ.lɔ.ʒik
myomatose|mjɔ.ma.toz
myotatique|mjo.tik
myringoplastie|mi.plas.ti
myrmidone|miʁ.me.kɔ.dɔn
myrtacée|miʁ.se
myrtaie|miʁ.tɛ
mytilotoxine|mi.ti.li.tɔk.sin
myélodysplasique|mje.lɔ.dis.pla.pla.zik
myéloproliférative|mje.lɔ.pʁɔ.li.fe.ʁa.tif
myélotoxique|mje.lɔ.tɔk.sik
méandrine|me.dʁin
méatoscopie|me.a.pi
médaillable|me.da.abl
médailleuse|me.daj.jøz
médaillier|me.da.lje
médiopalatale|me.di.pa.la.tal
médusante|me.dy.y.zɑ̃t
mégacaryocyte|me.ɡa.sit
mégacéphalie|me.ɡa.a.se.fa.li
mégaloblastique|me.ɡa.lo.tik
mégalocéphalie|me.ɡa.lo.se.fa.li
mégaloptère|me.ɡa.lo.tɛʁ
mégalérythème|me.ɡa.e.ʁi.tɛm
mégaptère|me.ɡa.aptɛʁ
mégatonnique|me.ɡa.nik
méjanage|me.naʒ
mélampyre|me.la.piʁ
mélangeur-doseur|me.lɑ̃ʒ.zœʁ
mélanodermie|me.la.tɛʁ.mi
méliacée|me.lja.se
méligèthe|me.lit
mélioïdose|me.doz
mélongine|me.lo.ʒin
ménagiste|me.lɔ.ʒist
ménapienne|me.pjɛn
méphitisme|me.tism
mérelle|me.ɛl
mésadaptée|me.te
mésemploi|me.ɑ̃.plwa
mésentérique|me.zɑ̃.ɑ̃.te.ʁik
mésothéliale|me.zo.te
métabotypage|me.ta.ti.paʒ
métaldéhyde|me.tal.al.de.id
métallo|me.ta.lo
métaxiale|me.ta.ak.sjal
méthanoïque|me.ta.ik
méthaqualone|me.ta.lɔn
méthylcyclopropane|me.ti.pʁɔ.pan
méthylmercure|me.ti.mɛʁ.kyʁ
méthémoglobinémie|me.mi
métronidazole|me.tʁɔ.a.zɔl
mézail|me.aj
nahua|na.wa
nandrolone|nɑ̃.lɔn
nanite|na.nit
naphtol|naf.ta.tɔl
nargueuse|naʁɡ.ɡøz
navalisation|na.li.za.sjɔ̃
naviplane|na.vi.plan
navrance|na.ʁɑ̃s
navrure|na.vʁyʁ
naïadacée|na.se
nervosisme|nɛʁ.zism
nescafé|nø.li.te
netiquette|ne.twa.kɛt
neuraminidase|nø.ʁɔ.daz
neuraminique|nø.ʁɔ.i.nik
neuroblaste|nø.ʁɔ.blast
neuroblastome|nø.ʁɔ.tɔm
neuroplégique|nø.ʁɔ.lɔ.ʒik
neurotensine|nø.ʁɔ.sin
newsmagazine|njuz.ma.ɡa.zin
nictitante|nik.tɑ̃t
niellage|njɛ.jaʒ
nilvariété|nil.va.ʁje.te
niobate|njɔ.bat
niobite|njɔ.bit
niqueuse|nik.køz
nitrifiante|ni.tʁi.fjɑ̃t
nitrocellulose|ni.se.ly.lɔz
nivaquiner|ni.ne
noblaillonne|nɔ.jɔn
nobo|nɔ.bo
nobscuriter|nɔ.te
noethérienne|ʁjɛn
nomenklaturiste|no.ʁist
non-alignée|nɔ̃.ne
non-droit|nɔ̃.dʁwa
noncer|nɔ̃.se
noosphérique|no.sfe.ʁik
normoblaste|nɔʁ.blast
nosophobie|nɔ.zɔ.fɔ.bi
nucléolyse|ny.kle.liz
nummulite|ny.my.lit
nyctaginacée|nik.ta.se
nævocarcinome|kaʁ.si.nom
négrerie|ne.ʁi
némathelminthe|ne.ma.ɛl.mɛ̃t
nématoblaste|ne.ma.blast
nématocère|ne.ma.sɛʁ
néocomienne|ne.ɔ.mjɛn
néolamarckisme|ne.o.kism
néosynéphrine|fʁin
néphritique|ne.tik
néphroangiosclérose|ne.skle.ʁoz
névrodermite|ne.vʁɔ.dɛʁ.mit
oaï|ɔ.a.i
objecteur|ɔb.ʒɛk.tœʁ
obsessivement|ɔp.sɛʁ.mɑ̃
obsolescente|ɔp.sɔ.lɛ.sɑ̃t
obviation|ɔb.za.sjɔ̃
obédiencier|ɔ.be.sje
obélie|ɔ.li
occasionnaliste|ɔ.ka.zjɔ.list
octalogie|ɔk.ta.lɔ.ʒi
octanoïque|ɔ.tɑ̃.ik
octodon|ɔk.tɔ.dɔ̃
odontalgie|ɔ.dɔ̃.tɔ.lɔ.ʒi
odontalgique|ɔ.dɔ̃.tɔ.al.ʒik
odontoblaste|ɔ.dɔ̃.tɔ.blast
ofbizextra|ɛks.tʁa
oiseaux-soleils|wa.zo.withoutA-Z
oldowayenne|jɛn
oligandrine|ɔ.li.dʁin
oligo-galacturonate|ɔ.li.ɡɔ.nat
oligodendrogliome|ɔ.li.ɡɔ.ɡli.joːm
oligogalacturonate|ɔ.li.ɡɔ.nat
oligothérapie|ɔ.li.ɡɔ.te.ʁa.pi
oligozoospermie|ɔ.li.ɡɔ.tɛʁ.mi
olivaison|ɔ.li.zɔ̃
ollas-podridas|ɔ.
oléfiante|ɔ.le.ɑ̃t
oléohydraulique|ɔ.le.i.dʁo.lik
oléopneumatique|ɔ.le.ma.tik
oléosome|ɔ.le.zɔm
oléum|ɔ.le.ɔm
ombrophile|ɔ̃.fil
omnipraticienne|ɔm.ni.pʁa.ti.sjɛn
omnipuissante|ɔm.ni.pɥi.sɑ̃t
omphacite|ɔ̃.fa.sit
oncogenèse|ɔ̃.kɔ.ʒə.nɛz
oniriquement|ɔ.ni.ʁik.mɑ̃
onkotique|tik
oolitique|o.tik
oomycète|o.mi.sɛt
opalisation|ɔ.pa.li.za.sjɔ̃
opisthobranche|ɔ.pis.bʁɑ̃ʃ
opsonique|ɔp.sɔ.nik
opéras-bouffes|ɔ.pe.ʁa.ʃɛf
orbitofrontale|ɔʁ.bi.fʁɔ̃.tal
orchestie|ɔʁ.kɛs.ti
ordovicienne|ɔʁ.dɔ.ti.sjɛn
organisationnellement|ɔʁ.ɡa.ni.za.sjɔ̃.mɑ̃
organomagnésienne|ɔʁ.ɡa.nɔ.sjɛn
org|ɔʁ.ɡa
orientement|ɔ.ʁjɑ̃.mɑ̃
ornithischien|ɔʁ.ni.ʃjɛ̃
ornithogale|ɔʁ.ni.ɡal
orobe|ɔ.fɔb
oropharynx|ɔ.ʁɔ.
orthophonique|ɔʁ.to.fɔ.nik
orthoprothésiste|ɔʁ.to.pʁɔ.te.zist
osmoprotecteur|ɔs.tœʁ
osmotrophe|ɔs.tʁɔf
ossiculoplastie|ɔ.plas.ti
osso-buco|ɔ.ko
ostéichtyen|ɔs.jɛn
ostéocyte|ɔst.sit
ostéogénie|ɔs.ʒe.ni
ostéoplastie|ɔst.plas.ti
ostéopontine|ɔs.tin
ostéotomie|ɔst.tɔ.mi
otospongiose|ɔ.tɔ.oz
ourdisserie|uʁ.di.ʁi
ourleuse|uʁ.løz
ourlienne|uʁ.ljɛn
outilleuse|u.ti.jøz
outrigger|u.ɡe
ouvre-gants|u.
ovariohystérectomie|ɔ.va.tɔ.mi
ovarite|ɔ.va.ʁit
ovigène|ɔ.vi.ʒɛn
oviné|ɔ.vɛ̃.li.te
ovoproduit|ɔ.vɔ.pʁɔ.dɥi
oxazine|ɔk.sa.a.zin
oxycarbonée|ɔk.si.kaʁ.bɔ.ne
oxydimétrie|ɔk.si.me.tʁi
oxydoréductase|ɔk.si.dɔ.taz
oxyologie|ɔk.si.lɔ.ʒi
ozonation|o.zo.za.sjɔ̃
oz|ɔ.
pace-maker|peɪs.kœʁ
pacfung|pa.tuŋ
pagodon|pa.dɔ̃
paidologie|pa.lɔ.ʒi
pailletage|pa.taʒ
paillet|pɑj.jɛ
palabreuse|pa.labʁ.bʁøz
palatinat|pa.la.na
palato-glosse|pa.la.ɡlɔs
palefrenière|pal.njɛʁ
palicinésie|pal.zi
pallasite|la.sit
palmacée|pal.se
palmatiséquée|pal.ma.ke
palpitement|pal.pi.mɑ̃
paléothérium|pa.ʁjɔm
panacher|pa.ʃe
panhypopituitarisme|ta.ʁism
panniculite|pa.lit
panorpe|pa.nɔ.ʁa.kaʁp
pantouflière|pɑ̃.ɛʁ
papaver|pa.pa.pa.ve
papavéracée|pa.pa.se
papillomatose|pa.pi.ma.toz
papillonnement|pa.pi.jɔ.mɑ̃
papoteuse|pa.pɔ.tøz
paqueteuse|pak.tøz
parabiose|pa.ʁa.bjoz
parachronisme|pa.ʁa.nism
parachutale|pa.ʁa.tal
paraguante|pa.ʁa.ɑ̃t
parahydroxybenzoïque|bɛ̃.zɔik
paramédic|pa.ʁa.dik
paraphrénie|pa.ʁa.ni
parasélène|pa.ʁa.lɛn
paraxiale|pa.ʁa.ak.sjal
parcheminerie|paʁk.ʁi
parcheminière|paʁk.mi.njɛʁ
parfondre|paʁ.fɔ̃dʁ
paridigitidée|pa.ʁi.de
parkinsonisme|paʁ.nism
parodontolyse|pa.ʁɔ.dɔ̃.liz
parodontose|pa.ʁɔ.dɔ̃.toz
parotidienne|pa.ti.djɛn
paroxysmale|pa.ʁɔk.al
parqueteuse|paʁ.kə.tøz
partoche|paʁ.tɔʃ
passacaille|pa.kɑj
passavant|pa.a.vɑ̃
passette|pas.sɛt
pataugeage|pa.to.ʒaʒ
pataugement|pa.to.mɑ̃
patentage|pa.taʒ
pathomimie|pa.tɔ.ʃi.mi
pathosystème|pa.tɔ.sis.tɛm
patouillage|pa.jaʒ
patriciale|pat.ʁi.sjal
paulienne|pɔ.ljɛn
pavimenteuse|pa.vi.mɑ̃.tøz
paysannat|pɛ.i.na
peccante|pe.ɑ̃t
peignage|pɛʁ.naʒ
peinturlurage|pɛ̃.ʁaʒ
pelanage|pə.naʒ
pelletisation|pɛl.li.za.sjɔ̃
peléenne|pɛl.le.ɛn
pemmican|e.kɑ̃
pemphigoïde|e.id
pentacrine|pɛ̃.ta.ta.ka.ʁin
pentakidodécaèdre|pɛ̃.ta.de.ka.ɛdʁ
pentamidine|pɛ̃.ta.din
pentapole|pɛ̃.ta.pɔl
pentastomide|pɛ̃.ta.mid
pentaérythritol|pɛ̃.ta.tɔl
pentitol|pɛ̃.tɔl
pentosane|pɛ̃.zan
penty|pɛ̃.ti
perceptionnisme|pɛʁ.sjɔ.nism
percevable|pɛʁ.abl
perchloréthylène|pɛʁ.klɔ.e.ti.lɛn
perforelieuse|pɛʁf.ʁə.ljøz
perlinguale|pɛʁ.lɛ̃.ɡwal
perlitique|pɛʁ.tik
permacirculaire|pɛʁ.ma.kyl.siʁ.ky.lɛʁ
permanencière|pɛʁ.ma.sjɛʁ
permutante|pɛʁ.my.my.tɑ̃t
persulfurée|pɛʁ.syl.y.ʁe
perthite|pɛʁ.tit
pervibrage|pɛʁ.vi.vi.bʁaʒ
pessière|si.sjɛʁ
petit-boutiste|pə.tist
peuton|pɛʁ.tɔ̃
pfaffienne|fjɛn
phallotoxine|fa.lɔ.tɔk.sin
phalloïdine|fa.lɔ.din
phelloderme|fe.dɛʁm
phencyclidine|din
phlébothrombose|fle.bɔ.tʁɔ̃.bɔz
phoma|fi.ma
phonocaptrice|fɔ.no.tʁis
phonolite|fɔ.nɔ.lit
phosphatidylcholine|fɔs.fa.kɔ.lin
phosphatidylsérine|fɔs.fa.se.ʁin
phosphatidyléthanolamine|fɔs.fa.e.ta.nɔl.a.min
phosphorylase|fɔs.fɔ.laz
phosphorémie|fɔs.fɔ.mi
photochromisme|fo.to.mism
photopique|fo.to.pik
photostéréosynthèse|fɔ.tɔ.sɛ̃.tɛz
phot|fi.ʃo
phraseuse|fʁɑz.zøz
phrygane|fʁi.ɡan
phyllite|fi.lit
physiatrie|fi.me.tʁi
phytophthora|fi.tɔ.tɔ.ʁa
ph|pa.
phénacétine|fe.tin
phénocopie|fe.nɔ.pi
phénylbutazone|fe.nil.zon
phéochromocytome|fe.tɔm
phœniciculture|kyl.tyʁ
piaculaire|pja.ky.lɛʁ
piccalilli|pi.ji
picklage|pik.laʒ
pierrage|pjɛ.ʁaʒ
piluler|pi.lyl.le
pimer|pɛ̃.mɛʁ
pincharde|pɛ̃.aʁd
piochage|pjɔʃ.ʃaʒ
pipetage|pi.taʒ
piroguière|pi.ɡjɛʁ
pirole|pi.ʁɔl
piroplasmose|pi.plas
pissement|pis.mɑ̃
pistillée|pis.til.je
pitaude|pi.ta.tɔd
pixellisation|pik.sɛl.li.za.sjɔ̃
pizzaiolo|pid.lo
piétin|pje.tɛ̃
piézorésistive|pje.zɔ.ʁe.zis.tiv
planipenne|plɑ̃.pɛn
planiste|pla.nist
plantaginacée|plɑ̃.se
planétésimale|plɑ̃.mal
plastifieuse|plas.ti.ma.fjøz
platinocyanure|pla.ti.sja.nyʁ
play-list|plɛ.list
plecquer|plɛktʁ.ke
pleurectomie|plœʁ.tɔ.mi
pleuronectiforme|plø.fɔʁm
plissage|pli.saʒ
plumasserie|ply.ma.ʁi
pluridimensionnalité|ply.ʁi.di.li.te
plurisousharmonique|ply.ʁi.nik
plurispécifique|ply.ʁi.spe.si.fik
pneumallergène|pnø.ma.al.lɛʁ.ʒɛn
pneumatothérapie|pnø.ma.te.ʁa.pi
pneumectomie|pnø.mɔ.tɔ.mi
pneumomédiastin|pnø.mɔ.me.djas.tɛ̃
pneumonectomie|pnø.mɔ.tɔ.mi
pneumopéritoine|pnø.mɔ.pe.ʁi.twan
podologique|pɔ.dɔ.lɔ.ʒik
poljé|pus.li.te
polluposteuse|pɔ.tøz
polychlorobenzène|pɔ.li.bɛ̃.zɛn
polyembryonie|pɔ.li.ni
polyglobulie|pɔ.li.li
polyimide|pɔ.li.mid
polyméthylpentène|pɔ.li.me.tɛn
polyoxyméthylène|pɔ.li.me.ti.lɛn
polyploïde|pɔ.li.id
polypnée|pus.ne
polyptyque|pɔ.li.tik
polyradiculonévrite|pɔ.li.ne.vʁit
polythène|pɔ.li.stɛn
polytétrafluoroéthylène|e.ti.lɛn
polyvinylbutyral|pɔ.li.vi.
polyédrale|pɔ.li.dʁal
polémarque|pɔ.le.maʁk
ponantaise|pɔ.nɑ̃.ɛz
pontuseau|pɔ̃.o
porphyra|pɔʁ.fi.ʁa
porpite|pɔʁ.fi.pit
porrection|pɔ.za.sjɔ̃
portlandien|pɔʁ.lɑ̃d.djɛ̃
postformée|pɔst.me
potencée|pɔ.se
poteur|pɔt.tœʁ
potomètre|po.mɛtʁ
poudrin|pu.dʁi.dʁɛ̃
pourchasseuse|puʁ.ʃa.ʃa.søz
poursuiveuse|puʁ.sɥi.vøz
poya|pus.ja
poétisme|pɔe.ti.tism
poïkilocytose|pɔ.i.tɔz
ppq|pa
pp|pa.
praguoise|pʁaɡ.kwaz
praxéologique|pʁak.se.lɔ.ʒik
prima-donna|pʁi.ma.na
primage|pʁi.ma.i.maʒ
primulacée|pʁi.se
principautaire|pʁɛ̃.si.tɛʁ
priorat|pʁi.jɔ.ʁi.ʁa
privatique|pʁi.va.tik
probénécide|pʁɔ.sid
procordé|pʁɔ.de
proctorrhée|pʁɔk.ʁe
productique|pʁɔd.tik
profitante|pʁɔf.tɑ̃t
programmable|pʁɔ.ɡʁa.ma.abl
progénote|pʁɔ.ʒe.nɔt
propagule|pʁɔ.pa.ɡyl
propanal|pʁɔ.pa.nal
propanier|pʁɔ.pa.nje
propanol|pʁɔ.pa.ta.nɔl
propanoïque|pʁɔ.pa.ik
propective|pʁɔ.tiv
propranolol|pʁɔ.lɔl
propylée|pʁɔ.le
propyne|pʁɔ.
prosobranche|pʁɔ.bʁɑ̃ʃ
prosopagnosique|pʁɔ.zik
protamine|pʁɔ.a.min
prothioconazole|pʁɔ.a.zɔl
prothrombine|pʁɔ.tʁɔ̃.bin
protéinogène|pʁɔ.te.ʒɛn
protéinémie|pʁɔ.te.mi
protéoglycane|pʁɔ.te.kan
provection|pʁɔ.za.sjɔ̃
provençalisme|pʁɔ.a.lism
provignement|pʁɔ.vi.mɑ̃
provisorat|pʁɔ.vi.ʁa
prudhommale|pʁy.mal
prâkrit|pʁe.kʁit
préceinte|pʁe.sɛ̃t
précipitable|pʁe.si.pi.tɑbl
prédictrice|pʁe.dik.tʁis
prédiffusée|pʁe.di.ze
prédiviseur|pʁe.di.vi.zœʁ
préfab|pʁe.
prémontrée|pʁe.tʁe
prérégulateur|pʁe.ʁe.tœʁ
présélecteur|pʁe.se.tœʁ
prétensionneur|pʁe.nœʁ
prétentaine|pʁe.tɑ̃.tɛn
préteuse|pʁe.tøz
psammophyte|psal.fit
pseudolangrayen|psø.do.jɛ̃
psilotum|psi.tɔm
psoralène|lɛn
psoriasique|zik
ptoléméenne|ptɔ.me.ɛn
ptyalisme|ptja.a.lism
pudendale|py.dal
pullorose|pyl.ʁɔz
pulmoné|pyl.mɔ.li.te
pulsomètre|pyl.mɛtʁ
puna|py.na
puncheuse|pœntʃ.ʃøz
punkette|pœŋk.kɛt
pupaison|pu.zɔ̃
purgeur|pyʁʒ.ʒœʁ
puvathérapie|te.ʁa.pi
puérilisme|pɥe.lism
px|pa.
pycnotique|pik.tik
pygmalionisme|piɡ.me.nism
pyorrhée|pi.ʁe
pyralène|pi.ʁa.lɛn
pyrocorise|pi.ʁɔ.pʁiz
pyroxylée|pi.ʁɔk.ksi.le
pyroxénite|pi.ʁɔk.nit
pyruvate|pi.vat
pyrétothérapie|pi.ʁe.te.ʁa.pi
pyurie|pi.ʁi
pz|pa.
pédobaptisme|pe.do.ba.tism
pédoflore|pe.do.flɔʁ
pékan|pe.kɑ̃
pélargonium|pe.la.njɔm
pénicillinase|pe.ni.si.naz
pénicillinorésistante|pe.ni.si.ʁe.zis.tɑ̃t
pénitence|pe.ni.tɑ̃s
pénitentiale|pe.ni.sjal
pépiante|pe.ɑ̃t
péquenotte|pek.nɔt
péribole|pe.ʁi.bɔl
péripatétisme|pe.ʁi.tism
pérylène|pe.ʁi.lɛn
pétrarquiste|pe.tʁaʁ.kist
pétrir|pe.tʁiʁ
pétrogenèse|pe.tʁɔ.ʒə.nɛz
pétulante|pe.ɑ̃t
pœcilitique|pe.tik
pœcilogynie|pe.ni
pœcilothermie|pe.tɛʁ.mi
qanat|ka.na
qbit|ka.bit
quadribande|kwad.bɑ̃d
quadrifide|kwad.fid
quadrivecteur|kwa.tœʁ
quaiche|ke.wɛʃ
quartolet|kaʁ.tɔ.lɛ
quaterne|ka.tʁə.vɛ̃.tɛʁn
queuillère|kø.jɛʁ
quillette|kij.jɛt
quilleuse|kij.jøz
quipu|ki.py
quirite|kɛ̃.ʁit
quizalofop|kɛ̃.
rabaissante|ʁa.sɑ̃t
rabibochage|ʁa.ʃaʒ
rabrouement|ʁa.mɑ̃
rabroueuse|ʁa.køz
rabâcheuse|ʁa.bɑ.ʃøz
raccrocheuse|ʁa.kʁɔ.ʁɔ.ʃøz
rachetable|ʁaʃ.tɑbl
racheteuse|ʁaʃ.tøz
rachialgie|ʁa.lɔ.ʒi
racketiciel|ʁa.kɛt.sjɛl
racketteuse|ʁa.kɛt.tøz
radiculalgie|ʁa.lɔ.ʒi
radiculite|ʁad.lit
radiodiffuseur|ʁa.djo.zœʁ
radiolarite|ʁa.ʁit
radionavigante|ʁa.djo.ɑ̃t
radique|ʁad.dik
radjah|ʁad.dʒa
radja|ʁad.dʒa
raffinose|ʁa.fi.noz
rafflésie|ʁa.zi
rag-time|ʁa.tim
rajeunir|ʁa.y.niʁ
rallongement|ʁa.lɔ̃ʒ.mɑ̃
ramander|ʁa.de
rameter|ʁa.te
rangeuse|rɑ̃.ʒøz
rapipoter|ʁa.te
rapiéçage|ʁa.saʒ
rassasiement|ʁa.mɑ̃
ratatinement|ʁa.ta.mɑ̃
rattachisme|ʁa.ʃism
raturage|ʁa.ʁaʒ
rauwolfia|ʁo.fja
ravoirage|ʁa.ʁaʒ
rayonnisme|ʁɛ.jɔ̃.nism
rebmane|ʁə.man
recasquante|ʁə.ɑ̃t
recensable|ʁə.sɑ̃.sabl
reclassification|ʁə.za.sjɔ̃
recognition|ʁə.kɔ̃.za.sjɔ̃
recollement|ʁǝ.kɔ.mɑ̃
reconnexion|ʁə.kɔ.sjɔ̃
recordage|ʁə.kɔʁ.daʒ
recorder|ʁə.kɔʁ.kɔʁ.de
recrudescente|ʁə.kʁy.de.sɑ̃t
rectoscope|ʁɛk.tɔ.kɔp
rectosigmoïdienne|ʁɛk.tɔ.id
rectosigmoïdoscopie|ʁɛk.tɔ.sko.pi
reculement|ʁə.kyl.mɑ̃
recycleuse|ʁə.si.kløz
recâblage|ʁə.blaʒ
redondée|ʁə.dɔ̃.de
redénomination|ʁə.de.za.sjɔ̃
refermement|ʁə.fɛʁ.mɑ̃
refuznik|ʁə.nik
reginglard|ʁə.laʁ
regrèvement|ʁə.mɑ̃
rehaussement|ʁə.os.mɑ̃
rehausseur|ʁə.sœʁ
relampage|ʁə.paʒ
relanceuse|ʁə.lɑ̃s.søz
relaxologie|ʁə.lak.lɔ.ʒi
relevance|ʁə.vɑ̃s
releveuse|ʁlə.vøz
reliage|ʁə.ljaʒ
rembuchement|ʁɑ̃.mɑ̃
remettante|ʁə.tɑ̃t
remisier|ʁə.zje
remmouleur|ʁɛm.lœʁ
renarder|ʁə.de
renardière|ʁə.djɛʁ
renardée|ʁə.de
renforçante|ʁɑ̃.fɔʁ.ɑ̃t
renforçatrice|ʁɑ̃.fɔʁ.tʁis
reniflage|ʁə.flaʒ
rentraiture|ʁɑ̃.tyʁ
repercer|ʁǝ.pɛʁ.se
reperçage|ʁǝ.saʒ
repoussement|ʁə.pu.mɑ̃
reprogrammable|ʁə.pʁɔ.abl
resarcelée|ʁə.sa.le
rescindante|ʁɛ.ɑ̃t
rescription|ʁəs.za.sjɔ̃
respiritualisation|ʁɛs.pi.li.za.sjɔ̃
ressaisissement|ʁə.sɛ.mɑ̃
ressasseuse|ʁə.sa.søz
ressuyer|ʁɛ.je
resuffixation|ʁə.za.sjɔ̃
resurgissement|ʁə.syʁ.mɑ̃
retapage|ʁə.ta.paʒ
retissage|ʁə.ti.saʒ
retondre|ʁə.tɔ̃dʁ
retourneuse|ʁə.tuʁ.nøz
retraitante|ʁə.tɑ̃t
retroussement|ʁə.mɑ̃
reverdissement|ʁə.vɛʁ.mɑ̃
rhabdomyosarcome|ʁab.dɔ.saʁ.kom
rhamnolipide|ʁam.li.pid
rhino-pharyngienne|ʁi.nɔ.ʒjɛ̃n
rhizobium|ʁi.zɔ.bjɔm
rhizocarpée|ʁi.zɔ.pe
rhizoflagellé|ʁi.zɔ.le
rhizophore|ʁi.zɔ.fɔʁ
rhizopode|ʁi.zɔ.pɔd
rhizostome|ʁi.zɔ.tɔm
rhizotomie|ʁi.zɔ.tɔ.mi
rhomboèdre|ʁɔ̃.bɔ.ɛdʁ
rhynchocéphale|ʁɛ̃.se.fal
rhynchote|ʁɛ̃.ʃɔt
rhytidome|ʁi.dɔm
rhéogramme|ʁe.ɔ.ɡʁam
rhéologue|ʁe.ɔ.lɔɡ
rhéotaxie|ʁe.ɔ.tak.si
rhéotrope|ʁe.ɔ.tʁɔp
rhéotropisme|ʁe.ɔ.tʁɔ.pism
rhétoriqueur|ʁe.tɔ.kœʁ
rickettsiose|ʁi.oz
rigolote|ʁi.ɡɔ.lo.lɔt
ringardage|ʁiŋ.daʒ
riveraineté|ʁiv.ʁen.te
rocailleur|ʁɔ.lœʁ
rohart|ʁɔ.aʁ
rolandique|ʁɔ.dik
ronflette|ʁɔ̃.flɛt
rosacée|ʁɔ.se
rotruenge|ʁɔt.taʒ
rottweiller|ʁɔt.je
rotulage|ʁɔ.laʒ
rouennière|ʁu.njɛʁ
roufler|ʁufl.fle
rougaille|ru.ɡaj.ɡaj
rougir|ʁu.ʒiʁ
rouloir|ʁu.lwaʁ
rousselet|ʁus.lɛ
rouverain|ʁu.tʁɛ̃
rouverin|ʁu.ʁɛ̃
rubéoleuse|ʁy.be.ɔl.løz
rudbeckia|ʁy.
rudbeckie|ʁy.ki
rudiste|ʁy.di.dist
rufflette|ʁy.flɛt
ruinure|ʁɥi.nyʁ
runabout|ʁy.a.bu
runiforme|ʁy.fɔʁm
russologue|ʁy.sɔ.lɔɡ
rutacée|ʁy.se
rutilement|ʁyt.mɑ̃
râtelage|ʁɑ.tə.laʒ
réarmable|ʁe.aʁ.abl
récidivisme|ʁe.si.ti.vism
réciteuse|ʁe.si.tøz
récoltable|ʁe.tɑbl
récursoire|ʁe.kyʁ.swaʁ
rédemptoriste|ʁe.ʁist
réductase|ʁe.dyk.taz
réductionniste|ʁe.dyk.sjɔ̃.sjɔ.nist
réenchantement|ʁe.ɑ̃.mɑ̃
réendettement|ʁe.ɑ̃.mɑ̃
réescomptable|ʁe.kɔ̃.tabl
réfaction|ʁe.za.sjɔ̃
réflectomètre|ʁe.flɛk.mɛtʁ
réflexibilité|ʁe.flɛk.bi.li.te
réflexogramme|ʁe.flɛk.sɔ.ɡʁam
réflexogène|ʁe.flɛk.sɔ.ʒɛn
réglante|ʁe.ɑ̃t
réimperméabilisation|ʁe.ɛ̃.li.za.sjɔ̃
réimposition|ʁe.ɛ̃.za.sjɔ̃
réincarnationniste|ʁe.ɛ̃.kaʁ.na.sjɔ̃.sjɔ.nist
réincrudation|ʁe.ɛ̃.za.sjɔ̃
réincruder|ʁe.ɛ̃.de
réindexation|ʁe.ɛ̃.za.sjɔ̃
réjecteur|ʁe.tœʁ
rélargir|ʁe.ʒiʁ
rémouleuse|ʁe.løz
rénitence|ʁe.tɑ̃s
rénovasculaire|ʁe.nɔ.vas.ky.lɛʁ
réoxydation|ʁe.za.sjɔ̃
répartement|ʁe.mɑ̃
répétitorat|ʁe.pe.ti.ʁa
réserpine|ʁe.zɛʁ.pin
résiliable|ʁe.zi.abl
résolvance|ʁe.zɔ.vɑ̃s
résolvante|ʁe.zɔ.ɑ̃t
résonateur|ʁe.tœʁ
résonatrice|ʁe.tʁis
rétamage|ʁe.ta.maʒ
rétractibilité|ʁe.tʁak.bi.li.te
rétractrice|ʁe.tʁak.tʁis
réémission|ʁe.e.mi.sjɔ̃
sabéenne|sa.ɛn
sadd|sa.
sahel|sa.kɛl
saisonnale|sɛ.zɔ.nal
salarisation|sa.la.li.za.sjɔ̃
salicoque|sa.li.kɔk
salignon|sa.li.ɲɔ̃
salissement|sa.li.mɑ̃
salonguer|sa.lɔ̃.ɡe
salpingographie|sal.pɛ̃.ɡʁa.fi
salpêtrage|sal.ʁaʒ
salsolacée|sal.se
saltationnisme|sal.ta.sjɔ̃.sjɔ.nism
salticidé|sal.de
samboïste|sɑ̃.ist
sampot|sɑ̃.po
san-benito|sɑ̃.to
sandalière|sɑ̃.ljɛʁ
sanderling|sɑ̃.liŋ
sapinage|sa.pɛ̃.naʒ
sapindacée|sa.pɛ̃.se
saponacée|sa.pɔ.se
saponase|sa.pɔ.naz
sapropèle|sa.pʁɔ.zi.pɛl
saroual|sa.ʒwal
sassenage|sa.naʒ
satyriasique|sa.ti.zik
saurin|so.ʁɛ̃
savart|sa.vaʁ
sb|
scheik|
schleichera|ʃlø.ʁa
schlittage|taʒ
schlitteur|tœʁ
schnouf|ʃnɔʁ.ʃnuf
scholie|skɔ.li
schorre|
schupo|pus
schwarzienne|zjɛn
scindage|sɛ̃.daʒ
scintillogramme|sɛ̃.ti.ɡʁam
scintillographie|sɛ̃.ti.ɡʁa.fi
scissile|si.sil
sclérifiante|skle.fjɑ̃t
sclérifier|skle.fje
sclérite|skle.ʁit
sclérokératite|skle.ʁɔ.ke.ʁa.tit
sclérotinia|skle.ʁɔ.si.nja
scléterectasie|skle.ɛk.ta.zi
scléterectomie|skle.tɔ.mi
scoriacée|skɔʁ.se
scriban|skʁi.bu.bɑ̃
scyphoméduse|me.dyz
scyphozoaire|ɛʁ
sdcard|kaʁ
sea-line|sə.withoutA-Z
secam|sə.kam
secouante|sə.ku.ɑ̃t
secoueur|sə.ku.œʁ
seigneuriage|ɲœ.ʁjaʒ
seinomarine|sɛ̃.ma.ʁin
semestrialisation|sə.li.za.sjɔ̃
semi-finie|sə.mi.ni
semi-manufacturée|y.ʁe
semi-ouvrée|sə.mi.vʁe
semnopithèque|tɛk
senescence|sə.sɑ̃s
sensitographe|sɑ̃.si.to.ɡʁaf
sensualisme|sɑ̃.sɥa.a.lism
septime|sɛp.tim
serapeum|sɛʁ.
serfouissage|sɛʁ.saʒ
serlienne|sɛʁ.ljɛn
serpentement|sɛʁp.mɑ̃
serpigineuse|sɛʁ.nøz
sertraline|sɛʁ.lin
servocommande|sɛʁ.vo.kɔ.mɑ̃d
servodirection|sɛʁ.vo.za.sjɔ̃
sesquialtère|sɛs.tɛʁ
sevrage|sə.ʁaʒ
shafiisme|ʃa.ism
shlag|laɡ
shrapnell|ʃʁap.
shériff|ʃe.ʁif.ʁif
sialique|sja.lik
sidologie|si.de.lɔ.ʒi
sidérocyte|si.de.ʁɔ.sit
sidéropénie|si.de.ʁɔ.ni
sidéroxylon|si.de.ʁɔ.lɔ̃
sifflotante|si.tɑ̃t
silicagel|sil.ʒɛl
silicomanganèse|si.li.mɑ̃.ɡa.nɛz
siliconose|sil.noz
silicotique|sil.tik
siluriforme|si.fɔʁm
siluroïde|si.id
simaruba|si.mɑ.ba
simonienne|si.mɔ.ni.njɛn
simonisme|si.mɔ.nism
simpliciale|sɛ̃.sjal
sismogenèse|sis.mɔ.ʒə.nɛz
sistership|sis.ʃip
sitone|si.to.tɔn
situationnisme|si.tɥa.sjɔ̃.sjɔ.nism
skarn|skɛt.baʁn
sky-surfing|skaj.fiŋ
slavisante|sla.zɑ̃t
smaragdine|sma.din
smillage|smi.jaʒ
smorrebrod|smɔʁ.
smurfeuse|smœʁf.føz
snowpark|sno.maʁk
sociatrie|sɔk.me.tʁi
soclage|sɔkl.klaʒ
soirer|swaʁ.ʁe
soman|sɔ.ma.mɑ̃
somatopleure|sɔ.ma.plœʁ
somatotrophine|sɔ.ma.fin
sommatrice|sɔ.ma.tʁis
sommeilleuse|sɔ.mɛj.jøz
sondagière|sɔ̃.ʒjɛʁ
sondologie|sɔ̃.lɔ.ʒi
sonotrode|sɔ.tʁɔd
sonrer|sɔ̃.ʁe
sophorose|sɔ.ʁɔz
sophrologique|so.fʁo.lɔ.ʒik
sophronique|sɔ.nik
sotch|sɔ.tʃe
soudière|su.djɛʁ
soufrière|su.ʁjɛʁ
sous-gouverneur|su.nœʁ
sous-occipitale|su.tal
soustracteur|sus.tʁak.tœʁ
souvlaki|su.ki
soviétologue|sɔ.vje.lɔɡ
soûlote|su.lɔt
spammeuse|spa.møz
sparganose|spaʁ.noz
spasmolytique|spas.mɔ.li.tik
spectacularisation|spɛk.li.za.sjɔ̃
spectrogramme|spɛ.ktʁɔ.ɡʁam
spermiducte|spɛʁ.ma.
sphingolipide|sfɛ̃ʒ.li.pid
sphingosine|sfɛ̃ʒ.zin
sphérocytose|sfe.ʁɔ.sit.oz
spiraloïde|spi.id
spiramycine|spi.mi.sin
spirille|spi.ʁi.nɛl
spironolactone|spi.ʁɔ.lak.tɔn
spirorbe|spi.ʁɔ.ɔʁb
spiroïde|spi.ʁɔ.id
splanchnologie|splɑ̃k.lɔ.ʒi
splanchnopleure|splɑ̃k.plœʁ
splénectomie|sple.tɔ.mi
spondaïque|spɔ̃.ik
spondyle|spɔ̃.di.kɔ̃.dil
spondylose|spɔ̃.di.loz
spongiaire|spɔ̃.ɛʁ
spongiculture|spɔ̃.kyl.tyʁ
spongille|spɔ̃.ʒil
sporotriche|spɔ.ʁɔ.tʁiʃ
sporotrichose|spɔ.ʁɔ.ʃoz
sporozoaire|spɔ.ʁɔ.ɛʁ
sporozoïte|spɔ.ʁɔ.it
sprechgesang|sɑ̃
squattage|skwa.taʒ
squirrhe|ski.siʁ
stagnance|staɡ.nɑ̃s
stagnationniste|staɡ.na.sjɔ̃.sjɔ.nist
stanneuse|sta.nøz
staphyline|sta.fi.lin
staphylome|sta.fi.lom
stathoudérat|sta.ʁa
stationnale|sta.sjɔ.nal
statokinésimètre|sta.mɛtʁ
statorique|sta.tɔʁ.tɔ.ʁik
statthalter|sta.te
stayer|sta.je
steinbock|bɔk
stellage|stɛ.jaʒ
stelléride|stɛ.ʁid
sterculiacée|stɛʁ.kɔ.se
sternum|stɛʁ.ny.nɔm
stimugène|sti.my.ʒɛn
stockeuse|stɔ.køz
stockfisch|stɔk.a.ʃiʃ
stolonifère|stɔ.lɔ̃.fɛʁ
stomoxe|stɔ.ma.dɔks
stoûpa|stɔ.pa
strobilurine|stʁɔ.y.ʁin
strobophotographie|stʁɔ.ɡʁa.fi
strongyle|stʁɔ̃ɡl.til
strongylose|stʁɔ̃ɡl.loz
strophante|stʁɔf.ɑ̃t
strophantine|stʁɔf.tin
stylisation|sti.li.za.sjɔ̃
stéarique|ste.a.ʁik
stégosaure|ste.ɡo.sɔʁ
stéréospondyle|ste.ʁe.o.kɔ̃.dil
stûpa|st.pa
subduire|syb.dɥiʁ
subintrante|sy.ɑ̃t
subjacente|syb.ʒɛk.ʒa.sɑ̃t
subventionneuse|syb.vɑ̃.sjɔ̃.nøz
subéreuse|sy.ʁøz
sudarabique|sy.da.a.ʁa.bik
suffète|sy.pʁe.fɛt
suicidalité|sɥi.li.te
suintine|sɥɛ̃.tin
sukkeler|sy.le
sulfadiazine|syl.fa.dja.zin
sulfanilamide|syl.fa.a.mid
sulfhydrate|syl.id.ʁat
sulfhydrisme|syl.ʁism
sulfhémoglobine|syl.e.mɔ.ɡlɔ.bin
sulfinisation|syl.li.za.sjɔ̃
sulfonation|syl.fɔ.za.sjɔ̃
sulfonique|syl.fɔ.nik
sulfonitrique|syl.fɔ.nit.ʁik
sulfonylurée|syl.fɔ.y.ʁe
supercarré|sy.pɛʁ.ʁe
supercavitante|sy.pɛʁ.tɑ̃t
supportérisme|sy.pɔʁ.te.ʁism
supranormale|sy.pʁa.na.nɔʁ.mal
supériorat|sy.pe.ʁa
surlignante|syʁ.li.ɑ̃t
surnageante|syʁ.na.ɑ̃t
surnumérariat|syʁ.ta.ʁja
survirante|syʁ.vi.ɑ̃t
suscrire|sys.ʁiʁ
suspensoïde|sys.pɑ̃.id
sweating-system|stɛm
sycone|sɛ̃.kɔn
sympathicotonie|sɛ̃.pa.ni
symphysaire|sɛ̃.fɔ.ɛʁ
symphyse|sɛ̃.fɔ.fiz
symposion|sɛ̃.sjɔ̃
synapsie|si.zi
synchondrose|sɛ̃.kʁɔ.ʁɔz
syncinésie|sɛ̃.zi
syncrétiste|sɛ̃.kʁe.tist
syncytiale|sɛ̃.sjal
synergique|si.nɛʁ.lɔ.ʒik
synergisme|si.nɛʁ.ʒism
syngamie|sɛ̃.a.miː
syngnathe|sɛ̃.nat
synodique|si.dik
synopsie|si.zi
synpériplanaire|pla.nɛʁ
synthase|sɛ̃.te.az
synthème|sɛ̃.te.tɛm
synthétase|sɛ̃.te.tɑz
synthétiste|sɛ̃.te.tist
syntype|sɛ̃.tip
syrah|si.ʁa
syringomyélie|si.li
sécréteuse|se.kʁe.tøz
sécurine|se.ky.ʁi.y.ʁin
sélacienne|se.la.sjɛn
séleucide|se.lɛk.sid
sélénienne|se.le.njɛn
sémantème|se.mɑ̃.sis.tɛm
sémillon|se.jɔ̃
sémiométrie|se.mjɔ.me.tʁi
sémitisme|se.tism
sénilisme|se.lism
séparase|se.pa.ʁa.ʁaz
séquestrante|se.kɛs.ɑ̃t
sérapéum|se.ʁa.ɔm
séricigraphie|se.ʁi.si.ɡʁa.fi
t'elle|ɛl
t'il|te.il
tabacultrice|ta.ba.tʁis
tabar|ta.ba.baʁ
tabasco|ta.ba.ko
tablar|ta.laʁ
tableautage|tɑbl.taʒ
tachante|ta.ɑ̃t
tachisme|ta.ʃism
tachiste|ta.ʃist
tachistoscope|ta.kɔp
tachistoscopique|ta.pik
tachyphagie|ta.ki.lɔ.ʒi
tachypnée|ta.ki.ne
tachypsychie|ta.ki.ʃi
tagète|taɡ.ʒɛt
taijiquan|ta.ɑ̃
taiji|ta.ʒi
taleth|ta.lɛt
tallée|ta.le
talochage|ta.ʃaʒ
talonnière|ta.lɔ.njɛʁ
talpidé|tal.de
talure|ta.lyʁ
tambourinade|tɑ̃.bu.ʁɛ̃.nad
tamile|ta.majl
tamisière|ta.mi.zjɛʁ
tamponnade|tɑ̃.pɔ.nad
taota|ta.o.ta
tapotage|ta.pɔ.taʒ
tarama|ta.ma
tararage|ta.ʁaʒ
tardillonne|taʁ.jɔn
tarpéienne|taʁ.jɛn
tarsectomie|taʁs.tɔ.mi
tarsienne|taʁ.sjɛn
tartinade|taʁ.nad
tarzan|taʁ.d͡zɑ̃
tassili|ta.li
tautochrone|to.kʁɔn
tautomérie|to.ʁi
taxable|tak.sa.abl
taxodium|tak.djɔm
taylorienne|tɛ.lɔ.ʁjɛn
taël|ta.ɛl
taïchichuan|taj.ɑ̃
taïchi|taj.ki
taôiste|ta.nist
tchadanthrope|tʃa.tʁɔp
tcharchaf|tʃa.
tchatteuse|tʃa.tøz
tchernoziom|
tchitola|tʃi.la
tchérémisse|tʃe.mis
technicolor|tɛk.ni.kɔ.lɔʁ
technopathe|tɛk.no.pat
technétronique|tɛk.no.nik
tecker|tɛk.ke
tellière|te.ljɛʁ
tellureuse|tɛl.ʁøz
tembotrione|tɑ̃.ɔn
tenrecidé|tɑ̃.ʁɛk.de
tensionneur|tɑ̃.sjɔ̃.nœʁ
tenson|tɑ̃.sɔ̃
teocali|tɑ̃.li
teocalli|tɑ̃.li
teppanyaki|tɛp.ki
tergite|tɛʁ.ʒi.ʒit
terminographie|tɛʁ.mi.nɔ.ɡʁa.fi
terpine|tɛʁ.pin
terpinol|tɛʁ.nɔl
terpinéol|tɛʁ.ʃe.ɔl
terpénoïde|tɛʁ.id
terrafungine|tɛ.ʁa.ʒin
terramare|tɛ.mɑʁ
terraplane|tɛ.plan
tertiairisation|tɛʁ.li.za.sjɔ̃
tervueren|tɛʁ.ɑ̃
testable|tɛs.stabl
thanatopraxie|ta.na.pʁak.si
thari|ta.ʁi
thermistance|tɛʁ.mi.stɑ̃s
thermisteur|tɛʁ.mi.tœʁ
thermistor|tɛʁ.mi.tɔʁ
thermodurcissable|tɛʁ.mɔ.sabl
thermoplongeur|tɛʁ.mɔ.ʒœʁ
thesmothète|tɛʁ.mɔ.tɛt
thessalonicienne|ni.sjɛn
thiazine|tja.a.zin
thiocarbonate|kaʁ.bɔ.nat
thiocyanate|sja.nat
thioestérase|ɛs.te.ʁaz
thiosulfate|syl.fat
thiosulfurique|syl.fy.ʁik
thirame|tɛʁ.ʁam
thlaspi|tɛʁ.spi
thridace|tʁɔ̃.das
thriller|tʁɔ̃.je
thuyone|ty.jɔn
thyade|ti.jad
thylakoïde|ti.id
thylle|ti.fil
thyllose|ti.loz
thyratron|ti.tʁɔ̃
thyroglobuline|ti.ʁɔ.ɡlɔ.by.lin
thyrotrophine|ti.ʁɔ.fin
thyroxine|ti.ʁɔ.tɔk.sin
thyréotoxicose|ti.ʁeɔ.tɔk.si.ko.oz
thyréotoxique|ti.ʁeɔ.tɔk.sik
th|te.
théatralisme|te.a.lism
thébaine|te.ba.ɛn
théodosienne|te.ɔ.sjɛn
théorématique|te.ɔ.ma.tik
théralite|te.ʁa.lit
théridion|te.djɔ̃
thériodonte|te.dɔ̃t
théropode|te.pɔd
théropsidé|te.de
thésauriseuse|te.ʁi.zøz
tiercéiste|tjɛʁ.se.ist
tiers-mondisme|tjɛʁ.dism
tigette|tiʒ.ʒɛt
tiliacée|ti.se
tillandsie|ti.zi
tiraillante|ti.ɑ̃t
tistre|ti.mɛtʁ
toarcienne|tɔ.sjɛn
tokai|tɔ.
tokharienne|to.a.ʁjɛn
toluol|ly.
tolu|tɔ.ly
tomawak|tɔ.wak
tommy|tɔ.mi
tonification|tɔ.ni.za.sjɔ̃
tonofibrille|tɔ̃.n‿.fi.bʁil
toquade|tɔ.nad
toquet|tɔ.kɛ
torah|tɔʁ.ʁa
torball|tɔʁ.bol
torchette|tɔʁʃ.ʃɛt
toreutique|tɔʁ.tik
torsorielle|tɔʁ.ɛl
tortricidé|tɔʁ.de
touarègue|tu.lɛɡ
toulonnaise|tu.nɛz
toupilleuse|tu.pi.pi.jøz
touselle|tu.sɛl
toussoteuse|tu.tøz
touvaine|tu.vɛn
toxicodermie|tɔk.si.ko.tɛʁ.mi
toxinique|tɔk.sin.i.nik
toxémique|tɔk.si.mik
trachéole|tʁak.ɔl
tradescantia|tʁɛd.
traitance|tʁɛ.tɑ̃s
tramadol|tʁa.dɔl
tramping|tʁɑ̃p.piŋɡ
tramète|tʁam.ɡa.mɛt
transcriptase|tʁɑ̃s.kʁip.taz
transect|tʁɑ̃s.pɛ
transenne|tʁɑ̃s.sɛn
transférase|tʁɑ̃s.fe.ʁaz
transhumante|tʁɑ̃s.mɑ̃t
transilienne|tʁɑ̃s.bʁe.zi.ljɛn
transpadane|tʁɑ̃s.pa.dan
transvestisme|tʁɑ̃s.tism
trappeuse|tʁap.pøz
trappistine|tʁa.tin
travelling|tʁa.liŋ
tremblotte|tʁɑ̃.lɔt
trench-coat|tʁɑ̃t.fəl.kot
trench|tʁɑ̃t.tʃe
tresseuse|tʁɛs.søz
triallate|tʁial.lat
triamcinolone|tʁi.lɔn
triangulabilité|tʁi.jɑ̃.ɡy.bi.li.te
triangularisation|tʁi.jɑ̃.ɡy.li.za.sjɔ̃
tribart|tʁi.baʁ
triboulet|tʁi.lɛ
tributylphosphate|tʁi.by.fɔs.fat
trichomonase|tʁi.kɔ.naz
trichroïque|tʁi.kʁɔ.ik
trichroïsme|tʁi.ism
tricouni|tʁi.ni
trifouillage|tʁi.fu.jaʒ
trigonale|tʁi.ɡɔ.nal
trigonalisation|tʁi.ɡɔ.li.za.sjɔ̃
trimballement|tʁɛ̃.mɑ̃
trimurti|tʁi.ti
trinervée|tʁin.ve
trinitrobenzène|tʁi.ni.bɛ̃.zɛn
trinquart|tʁɛ̃.kaʁ
triomphaliste|tʁi.jo.list
triongulin|tʁi.jo.lɛ̃
trioxane|tʁi.jo.zan
tripang|tʁi.pɑ̃
triphasique|tʁi.fa.zik
triphénylméthane|tʁi.me.tan
tripodie|tʁi.di
trochet|tʁɔʃ.ʃɛ
trochin|tʁɔ.ʃɛ̃
trompable|tʁɔ̃.abl
tronculaire|tʁɔ̃.ky.lɛʁ
trophomicrobienne|tʁɔ.fɔ.mi.kʁɔ.bjɛn
trottinement|tʁɔ.ti.mɑ̃
truandaille|tʁy.dɑj
truble|tʁy.lybl
trudgeon|tʁy.ʒɔ̃
trullo|tʁy.lo
trypsine|tʁi.sin
trypsinogène|tʁi.ʒɛn
tryptamine|tʁip.a.min
tr|te.te
tréhalase|tʁe.laz
trélingage|tʁe.ɡaʒ
tréphone|tʁe.fɔn
tuberculide|tyb.lid
tuberculoïde|ty.id
tubicole|ty.kɔl
tubipore|ty.pɔʁ
tubuleuse|tybyl.løz
tubulée|tœb.by.le
tularémie|ty.mi
tumorothèque|ty.mɔ.tɛk
turbellarié|tyʁb.ʁje
turbiditique|tyʁ.bi.di.tik
turbith|tyʁ.
turbocompressée|tyʁ.bo.pʁɛ.se
turbomoteur|tyʁ.bo.tœʁ
turnep|tyʁ.
turonienne|tyʁ.njɛn
turquette|tyʁk.kɛt
turritelle|tyʁ.tɛl
tutsie|ty.zi
tuvaluane|man
tuyauteuse|tɥi.jo.tøz
twirling|liŋ
tyndallisation|li.za.sjɔ̃
typhacée|ti.fa.se
typhobacillose|ti.ba.si.loz
typification|ti.za.sjɔ̃
tyrosinase|ti.ʁɔ.naz
télencéphale|te.le.se.fal
télesthésie|te.le.zi
télolécithe|te.le.sit
téléosaure|te.le.sɔʁ
ténébrionidé|te.ne.bʁi.jɔ̃.ni.de
téphra|te.ʁa
térébinthacée|te.ʁe.se
téréphtalate|te.ʁe.fta.lat
téréphtalique|te.ʁe.fta.lik
tétanisme|te.ta.ni.nism
tétanotoxine|te.ta.tɔk.sin
tétonnière|te.tɔ̃.njɛʁ
tétrahydronaphtaline|te.tʁa.naf.ta.lin
tétrahydronaphtalène|te.tʁa.naf.ta.lɛn
tétrakihexaèdre|te.tʁa.eɡ.za.ɛdʁ
tétraméthylsilane|te.tʁa.si.lan
tétraphonie|te.tʁa.ni
tétrarchique|te.tʁa.ʃik
tétrasomie|te.tʁa.tɔ.mi
tûteler|le
tûter|te
ubique|y.bi.tik
ubiquisme|y.bi.kism
ulmacée|yl.tʁa.se
ultravirus|yl.tʁa.vi.ʁys
umbanda|œ̃bo.da
unanimitaire|y.na.ni.tɛʁ
uncinée|ɔ̃.ne
uniformitarisme|y.ni.fɔʁ.ta.ʁism
unisériée|y.ni.ʁje
universiade|y.ni.nad
univoquement|y.ni.vɔk.mɑ̃
unièmement|y.njɛm.mɑ̃
upwelling|liŋ
urobilinogène|y.ʁɔ.ʒɛn
uropygiale|y.ʁɔ.ʒjal
uropygienne|y.ʁɔ.ʒjɛn
urticante|yʁ.ɑ̃t
urticée|yʁ.se
urédospore|y.ʁe.spɔʁ
uréogenèse|y.ʁe.ʒə.nɛz
ustilaginale|ys.tɑ̃.nal
usuellement|y.zɥɛl.mɑ̃
usurairement|y.zyʁ.mɑ̃
uva-ursi|y.si
vacuomètre|va.mɛtʁ
vagolytique|va.ɡɔ.li.tik
valpolicella|val.sɛ.la
valvuloplastie|val.plas.ti
vancomycine|vɑ̃.mi.sin
varheure|vaʁ.œʁ
varicelliforme|va.ʁis.fɔʁm
variolite|va.ʁjɔ.lit
variolée|va.ʁjɔ.le
variqueuse|va.køz
variure|va.jyʁ
vasogénique|va.zo.ʒe.nik
vaudouisme|vo.du.dwism
veinette|vɛn.nɛt
velot|və.lu.lo
velouteuse|və.lu.tøz
velvote|və.vɔt
venante|və.ɑ̃t
ventileuse|vɑ̃.ti.løz
ventosité|vɑ̃.li.te
verbomanie|vɛʁ.bɔ.ma.ni
vergetière|vɛʁ.tjɛʁ
verrucosité|vɛ.ʁy.li.te
verticilliose|vɛʁ.ti.ljoz
vertébrothérapie|vɛʁ.te.te.ʁa.pi
vervelle|vɛʁv.ɛl
verviétoise|vɛʁ.twaz
vespertilion|vɛs.i.ljɔ̃
vespiste|vɛs.pist
vessigon|ve.ɡɔ̃
veuglaire|ɡlɛʁ
veveysanne|zan
victimologue|vik.ti.lɔɡ
vidienne|vi.djɛn
vidoir|vi.dwaʁ
vidrecome|vi.saʁ.kom
vidure|vi.dyʁ
vidéothécaire|vi.de.o.ɛʁ
vielliste|vjɛ.list
vignot|vi.no
vigousse|vi.ɡus
vilayet|vi.lɛ
vilipendage|vi.daʒ
vilipendeuse|vi.døz
villafranchien|vil.la.ʃjɛ̃
villagisation|vil.la.li.za.sjɔ̃
vinblastine|vɛ̃.tin
vinifère|vi.fɛʁ
vinylidénique|vi.ni.nik
viride|vi.ʁi.ʁid
virolier|vi.ʁɔ.lje
virtuosisme|viʁ.zism
viseuse|vi.søz
visonnière|vi.zɔ̃.njɛʁ
vitrectomie|vitʁ.tɔ.mi
vitroplant|vit.plɑ̃
vitropression|vit.sjɔ̃
vitruvienne|vi.ʁy.vjɛn
vivoir|vi.vwaʁ
vogelpik|vɔ.
voilement|vwal.mɑ̃
volailleuse|vɔ.laj.jøz
voluptuaire|vɔ.ɛʁ
vomito|vɔ.to
vomérienne|vɔ.ʁjɛn
vousseau|vu.so
vouvray|vu.vwa.
voïvodat|vɔj.mɔ.da
voïvode|vɔj.ɔd
vreneli|li
vrillante|vʁi.ɑ̃t
vrillement|vʁij.mɑ̃
vuvuzela|vyl.la
vénéfice|ve.ne.tʁis
vérifieuse|ve.ʁi.ma.fjøz
vérétille|ve.tij
vétérance|ve.te.ʁɑ̃s
wai|wa
wallingante|wɔːl.ɑ̃t
wargame|va.ɡam
watergang|wa.ɡaŋ
wateringue|wa.ʁɛ̃ɡ
webmestrie|wɛb.me.tʁi
welwitschia|kja
weyr|wɛb.fiʁ
wiccane|kan
wicca|ka
willémite|wi.mit
windsurf|sœʁf
wolophiser|wɔ.li.ze
wormien|mjɛ̃
wurtzite|vuʁ.tsit
www|
xanthate|ɡzɑ̃.fɔs.fat
xanthogénate|ɡzɑ̃.nat
xanthogénique|ɡzɑ̃.ʒe.nik
xanthélasma|ɡzɑ̃.plas.ma
xiloïdine|din
ximenia|ksi.nja
xingyiquan|
xinyiliuhequan|
xyloglucane|ɡzi.lɔ.ɡly.kan
xylopia|ksi.lɔ.
xénotime|ɡze.no.tim
xénotransplantation|za.sjɔ̃
xénélasie|ɡze.zi
yeomanry|jo.man.ʁi
yersinia|si.nja
yersiniose|oz
ylangs-ylangs|i.tɑ̃
yoyette|jɔ.jɔ.jɛt
yuppie|pi
zakât|za.mɑ̃
zazoue|za.tik
zeitnot|zɛt.no
zemstvo|vo
zidovudine|din
zoanthaire|zo.ɛʁ
zonoèdre|zo.ɛdʁ
zoopsie|zɔ.ɔ.zi
zwinglianisme|nism
zygopetalum|zi.lɔm
zygotique|zi.tik
zûner|ne
µR|
µas|ɑs
Ångström|ɑ̃ɡ
Églantine|tin
Élias|e.ɑs
Éliette|e.li.nɛt
Éline|e.tin
Élyott|e.
Épictète|e.pi.tɛt
Éram|e.
Ésaïe|e.
Étang-Salé|e.le
Étiennette|e.tjɛn.nɛt
Éveline|ev.lin
Ézéchias|ɑs
ásatrú|
ægosome|e.zom
æschnidé|ɛʃn.de
ébouriffage|e.bu.faʒ
éburonne|e.byʁ.ʁɔn
échafaudeuse|e.ʃa.fo.døz
écharneuse|e.nøz
échevèlement|e.mɑ̃
échinocactus|e.ki.nɔ.tys
éclairagisme|e.klɛ.ʒism
éclogite|e.ʒit
écorchage|e.kɔʁ.ʃaʒ
écrivaillée|e.kʁi.je
égalitairement|e.ɡa.li.tɛʁ.mɑ̃
égressive|e.ɡʁə.siv
élasticimétrie|e.las.me.tʁi
élatéridé|e.la.de
élicitine|e.li.tin
élicitrice|e.li.tʁis
élutriateur|e.ly.tœʁ
éminatie|e.mi.kʁa.si
énarquienne|e.kjɛn
énergéticienne|e.nɛʁ.ʒe.ti.sjɛn
énonçable|e.nɔ̃.abl
épaississeur|e.sœʁ
épeirogénique|e.ʒe.nik
éphéméroptère|e.fe.tɛʁ
épichlorhydrine|e.pi.dʁin
épidermomycose|e.pi.mi.kɔz
épidermophytie|e.pi.fi
épidémiologiquement|e.pi.de.mjɔ.lɔ.ʒik.mɑ̃
épipodite|e.pi.pɔ.dit
épirogénique|e.pi.ʒe.nik
épisclérite|e.pis.ʁit
épistasique|e.pis.zik
épithélioïde|e.pi.id
épongement|e.pɔ̃ʒ.mɑ̃
épousable|e.pu.sabl
époxydée|e.pɔk.si.de
équiprojectivité|e.ki.ti.vi.te
équisétale|e.ki.tal
équisétinée|e.ki.ne
équisétophyte|e.ki.fit
éraillement|e.ʁa.mɑ̃
érinye|e.
érotologique|e.ʁɔ.tɔ.lɔ.ʒik
érotologue|e.ʁɔ.tɔ.lɔɡ
érythroblastopénie|e.ʁi.pe.ni
érythrodermie|e.ʁi.tɛʁ.mi
étalonneuse|e.ta.lɔ.nøz
étampeuse|e.tɑ̃p.pøz
étanchéiste|e.tɑ̃.ʃe.ist
éthanoïque|e.ta.ik
éthoxyler|e.tɔ.le
éthyl|e.ti.be.ʁil
étymologue|e.ti.mɔ.lɔɡ
îlotière|i.lo.tjɛʁ
œnotechnie|e.nɔ.ni
œnotechnique|e.nɔ.tɛk.nik
œsophagomalacie|e.zɔ.fa.la.si
œsophagoplastie|e.zɔ.fa.plas.ti
œstradiène|ɛs.djɛn
œstrogénothérapie|œs.te.ʁa.pi
