abicher|a.ʃe
abillot|a.jo
abrupto|a.to
abstracto|ab.to
absurdisme|ap.dism
absurdiste|ap.dist
absurdo|ap.dɔ
acyltransférase|a.ʁaz
adeptat|a.ta
adique|a.tik
ad|a.de
agnosique|a.zik
algale|al.ɡal
ambrienne|ɑ̃.ʁjɛn
aniridie|ɑ̃.di
anéjaculation|za.sjɔ̃
archentéron|aʁʃ.ʁɔ̃
archéozoïque|aʁ.ik
asclépiadacée|a.se
ascochyta|as.ta
aspergès|asp.ɛ
asphaltène|as.tɛn
atellane|a.lan
atrière|a.ʁjɛʁ
atteloire|a.lwaʁ
attristement|a.mɑ̃
auberon|o.ʁɔ̃
aviveuse|a.vøz
axopode|ak.pɔd
baddeleyite|bad.lit
bafoueuse|ba.køz
baguazhang|ba.zɑ̃ɡ
baguiste|ba.ɡist
baha'ie|ba.ʁi
baha'isme|ba.lism
bailecito|baj.to
baloutchi|ba.tʃi
balter|bal.te
balénoptère|bal.tɛʁ
bancheuse|bɑ̃.ʃøz
banqueteuse|bɑ̃k.tøz
bardaf|baʁ.daf
barocline|ba.klin
barogramme|ba.ɡʁam
barrémienne|ba.mjɛn
basochienne|ba.ʃjɛn
batholite|bat.lit
batholithe|bat.lit
battle-dress|ba.stʁɛs
baxter|ba.tɛʁ
baylienne|baj.ljɛn
becquer|bɛ.ke
behaviouriste|be.ʁist
belcanto|bɛl.to
bene|bɛ̃.ne
bennage|bɛ̃.naʒ
benzalkonium|bɛ̃.njɔm
benzonitrile|bɛ̃.tʁil
bergsonisme|bɛʁɡ.nism
beugleuse|bø.ɡløz
bhakti|bu.ti
biangle|bi.ɑ̃ɡl
bicolorié|bi.tje
bien-vivre|bjɛ̃.vivʁ
bignonia|bi.nja
big|biɡ
bigèbre|bi.ʒɛbʁ
bilharziose|bi.oz
bilirubinémie|bi.mi
billbergia|bil.dʒja
biocœnose|bjɔ.noz
biotrophe|bjɔ.tʁɔf
biscottière|bis.tjɛʁ
blaguounette|bla.nɛt
blastopore|blas.pɔʁ
bledarde|blɛ.daʁd
blindicide|blɛ̃.sid
bonifiante|bɔ̃.ɑ̃t
bordeuse|bɔʁ.døz
bordisme|bɔʁ.dism
borough|bɔ.ʁœf
boskoop|bɔs.kɔp
boucholeuse|bu.løz
bouddhologue|bu.lɔɡ
bouffir|bu.fiʁ
bouillage|bu.jaʒ
bouletée|bu.te
bourrellement|bu.mɑ̃
boutante|bu.tɑ̃t
boute-hors|bu.ɔʁ
branlage|bʁɑ̃.laʒ
braseuse|ze.zøz
bravement|bʁav.mɑ̃
briqueteuse|bʁik.tøz
brouilleuse|bʁu.jøz
brownienne|bʁɔ.njɛn
bruineuse|bʁɥi.nøz
brutisme|bʁy.tism
bulb-keel|bylb.kil
buselure|byz.lyʁ
buxacée|by.se
bâtissable|bɑ.sabl
bépo|be.po
bérimbau|be.bo
bêbête|bɛt
bûchage|by.ʃaʒ
cP|se.pe
cSt|se.te
cache-col|kaʃ.kɔl
calcitriol|kal.tʁjɔl
calcosodique|kal.dik
calière|ka.ljɛʁ
camoufleur|kɑ̃.flœʁ
capacitiste|ka.tist
caproïque|ka.ik
capsicum|kap.kɔm
carpettière|kaʁ.tjɛʁ
cartellaire|kaʁ.lɛʁ
carvacrol|ka.ʁɔl
cary|ka.ʁi
casquettière|kas.tjɛʁ
castrer|kas.tʁe
caudine|kaw.din
caveuse|ka.vøz
cd|se.de
cedrela|se.la
cellobiose|se.bjoz
cellophanée|se.ne
celtisme|sɛl.tism
centipoise|sɑ̃.pwaz
centésimale|sɑ̃.mal
chaabi|ʃa.bi
chafiite|ʃa.it
chartes-parties|ʃaʁ.ti
chawer|ʃa.vœʁ
chaîneuse|ʃɛ.nøz
check-list|ʃɛ.list
cheiroptère|ʃɛʁ.tɛʁ
chevau-léger|ʃə.ʒe
chevaucheuse|ʃə.ʃøz
chitosan|ki.sɑ̃
choanocyte|kɔ.sit
choisisseuse|ʃwa.søz
chondrichtyen|kɔ̃.jɛn
chondriosome|kɔ̃.zom
choux-navets|ʃu.vɛ
chutney|ʃyt.nɛ
châtelperronienne|ʁɔ.njɛn
chèrement|ʃɛʁ.mɑ̃
ci-contre|si.kɔ̃tʁ
circ|siʁk
citrus|si.tʁys
cit|sit
cladocère|kla.sɛʁ
clausus|klo.sys
claveleuse|kla.løz
cliveuse|kli.vøz
clomifène|klɔ.fɛn
clomiphène|klɔ.fɛn
clostridiale|klo.djal
cléchée|kle.ʃe
cnidocil|kni.sil
cnidosporidie|kni.di
cochaîne|kɔ.ʃɛn
cocréancière|ko.sjɛʁ
cold-cream|kɔl.42
collenchyme|kɔl.ʃim
colossienne|kɔ.sjɛn
commettante|kɔ.tɑ̃t
commuable|kɔ.abl
comourant|kɔ.mɑ̃
condruzienne|kɔ̃.zjɛn
confisquer|kɔ̃.ke
conobrer|kɔ̃.bʁe
contragestif|kɔ̃.tif
contumax|kɔ̃.maks
coqueleuse|kɔk.løz
cosolvant|kɔs.mɑ̃
court-vêtue|kuʁ.ty
covecteur|kɔ.tœʁ
covelline|kɔ.lin
coûtante|ku.tɑ̃t
criblière|kʁi.ljɛʁ
croisetée|kʁwa.te
cromesquis|kʁɔ.ki
cromoglycate|kʁɔ.kat
croquine|kʁɔ.kin
crwth|kʁe.aʃ
cuisamment|kɥi.mɑ̃
cuiseuse|kɥi.zøz
culex|ky.plɛks
cuon|ky.ɔn
cupressinée|ky.ne
cyclage|si.klaʒ
cyclène|si.lɛn
cymrique|sɛ̃.ʁik
cyprotérone|si.ʁɔn
cytobactériologique|lɔ.ʒik
cœlioscope|se.kɔp
cœlostat|se.ta
cœurse|kœʁ.sə
dB|de.be
dantoniste|dɑ̃.nist
dast|dast
datographe|da.ɡʁaf
dei|dei
denteleuse|dɑ̃t.løz
dentinome|dɑ̃.nɔm
desmodontite|dɛs.tit
dextrorsum|dɛk.sɔm
diazane|dja.zan
diazène|dja.zɛn
dibasique|di.zik
dicentra|di.tʁa
didot|di.dɔt
dinitrile|di.tʁil
diodique|djɔ.dik
dione|djɔ.fɔn
dipneumonée|dip.ne
dismutase|di.staz
disodique|dis.dik
disubstituée|dis.tɥe
diédrale|dje.dʁal
djibser|dʒi.ze
dominotée|mi.te
doucir|du.siʁ
doudouisme|du.dwism
dragline|dʁaɡ.lin
dragéiste|dʁa.ist
droitosphère|dʁwa.sfɛʁ
dry-farming|dʁaj.miŋ
ductus|dyk.tys
dysendocrinie|di.ni
débenzolage|de.laʒ
débrôler|de.le
décrasseur|de.sœʁ
décrypteuse|de.tøz
défens|de.fɑ̃
dépelliculage|de.laʒ
dépendeuse|de.døz
elliptocytose|lip.tɔz
elæis|ɛl.ais
empathe|ɑ̃.pat
encaissante|ɑ̃.sɑ̃t
enceindre|ɑ̃.sɛ̃dʁ
encroûtante|ɑ̃.tɑ̃t
enduiseuse|ɑ̃.zøz
engrumeler|ɑ̃.le
enguichée|ɑ̃.ʃe
enjaveler|ɑ̃.le
enleveuse|ɑ̃.vøz
ensellement|ɑ̃.mɑ̃
ensouillement|ɑ̃.mɑ̃
envoûteuse|ɑ̃.tøz
esquintante|ɛs.tɑ̃t
essencière|ɛ.sjɛʁ
euménide|ø.nid
exfoliante|ɛks.ljɑ̃t
facto|fak.to
fagacée|fa.se
farnésol|faʁ.zɔl
fauchet|fo.ʃɛ
favique|fa.vik
feld-maréchal|fɛld.ʃal
fenwick|fən.wik
fermenteur|fɛʁm.tœʁ
ferriprive|fɛ.ʁiv
fettucine|fɛ.sin
fibrinolyse|fi.liz
fibrinémie|fi.mi
filicophyte|fit
fin'amor|fɛ̃.ɔʁ
finslérienne|fɛ̃.ʁjɛn
fish-eye|fiʃ.aj
flingot|flɛ̃.ɡɔ
flognarde|flɔ.ɲaʁd
fluxomique|fly.mik
fontanili|fɔ̃.li
fordienne|fɔʁ.djɛn
fortiori|fɔ.ʁi
fouder|fu.de
fourgat|fuʁ.ɡa
foutredieu|futʁ.djø
free-shop|fʁi.ʃɔp
frisko|fʁi.ko
frousser|fʁu.se
fr|ɛf.ɛʁ
fuguée|fy.ɡe
fulvique|fyl.vik
fumariacée|fy.se
févier|fe.vje
gadzart|ɡ.aʁ
gaiement|ɡe.mɑ̃
galactane|ɡa.tan
galactosémie|ɡa.mi
galamment|ɡal.mɑ̃
gammiste|ɡa.mist
gamétange|ɡa.ɑ̃ʒ
garalde|ɡa.də
garba|ɡaʁ.ba
gardes-malades|ɡaʁ.nad
gattilier|ɡat.lje
gaufroir|ɡo.fʁwaʁ
gaulthérie|ɡo.ʁi
gayolle|ɡɛ.ʁɔl
gazonnement|ɡɑ.mɑ̃
gentamicine|ʒɑ̃.sin
genépi|ʒə.pi
giardia|ʒja.dja
gibbsite|ʒi.sit
gibbule|ʒi.byl
girouettisme|ʒi.tism
glaisière|ɡlɛ.zjɛʁ
glanage|ɡlɑ̃.naʒ
glauquement|ɡlok.mɑ̃
glockenspiel|ɡlɔ.sjɛl
glossette|ɡlɔ.sɛt
glosso-pharyngienne|ɡlɔ.ʒjɛ̃n
glucanase|ɡly.naz
glucosinolate|ɡly.lat
gneissique|ɡnɛs.sik
gnoll|ɡnɔl
gobeuse|ɡɔ.bøz
gogole|ɡɔ.ɡɔl
gomme-gutte|ɡɔm.tə
gonococcie|ɡɔ.si
goulache|ɡu.aʃ
gourmade|ɡuʁ.meɪd
grafcet|ɡʁa.sɛt
gram|ɡʁam
grands-mamans|ɡʁɑ̃.mɑ̃
grapheuse|ɡʁaf.ʃøz
grassmannienne|ɡʁa.njɛn
gravatière|ɡʁa.tjɛʁ
griffade|ɡʁi.fad
gringolée|ɡʁɛ̃.le
griséofulvine|ɡʁi.vin
grièche|ɡʁi.jɛʃ
gros-boutiste|ɡʁo.tist
groupoïde|ɡʁu.id
grugeuse|ɡʁy.ʒøz
grumier|ɡʁy.mje
gréeuse|ɡʁe.øz
gréver|ɡʁe.vɛʁ
guaïfénésine|ɡwa.saɪn
guernouille|ɡɛʁ.nuj
guerroyeuse|ɡɛ.jøz
guignarde|ɡi.ɲaʁd
guilleri|ɡij.ʁi
gymnarque|ʒim.naʁk
gîtage|ʒi.taʒ
habeas|ha.ɑs
hab|hab
haliotis|a.ti
halkiner|a.ne
hallucinose|a.noz
hand-ball|ɑ̃.bol
happement|ap.mɑ̃
harpe-luth|aʁp.lyt
haschichée|a.ʃe
hasmonéenne|ne.ɛn
hautes-contre|ot.kɔ̃tʁ
haïsseuse|a.søz
hectopièze|ɛk.piɛz
hemigrammus|ɛ.mys
hermesse|ɛʁ.mɛs
hertzienne|ɛʁ.zjɛn
hervienne|ɛʁ.vjɛn
hexitol|ɛʁ.tɔl
hilotisme|i.tism
hobbesienne|bi.sjɛn
hojjat-al-islam|is.lam
hoki|o.ki
hongreuse|ɔ̃ɡʁ.ɡʁøz
horocycle|ɔ.sikl
horosphère|ɔ.sfɛʁ
hot-line|ɔt.withoutA-Z
humagne|y.maɲ
hummock|y.mɔk
husserlienne|y.ljɛn
hyaloclastite|ja.tit
hyaluronidase|ja.daz
hylobatidé|i.de
héloderme|e.dɛʁm
ice-shelf|i.ɡɔlf
identifieur|i.tœʁ
ilotisme|i.tism
initio|in.sjo
intuitu|in.ty
ipso|i.pso
irrotationnelle|sjɔ.nɛl
ivressomètre|i.mɛtʁ
jacée|ʒa.se
jalap|ʒa.klap
jasmonate|ʒas.nat
javer|ʒa.vɛʁ
jeun|ʒøn
jointeuse|ʒwɛ̃.tøz
joncher|ʒɔ̃.ʃe
jugeuse|ʒy.ʒøz
juil|ʒɥil
jurement|ʒy.mɑ̃
jutage|ʒy.taʒ
kafkaïenne|kɑ.jɛn
kala-azar|ka.zaʁ
khalifale|ka.fal
khédiviale|ke.vjal
kissel|ki.sɛl
kleinienne|klɛp.njɛn
kriegspiel|kʁik.sjɛl
krishnaïsme|kʁa.ism
kénose|ke.noz
labium|la.bjɔm
lacanisme|la.nism
lacquemant|lak.mɑ̃
lactocoque|la.kɔk
lagothrix|la.dʁi
lambliase|lɑ̃.sə
lambourde|lɑ̃.buʁd
landammann|lɑ̃.man
landsturm|lɛ̃d.styʁm
laneret|lɑ̃.ʁɛ
langueyage|lɑ̃.jaʒ
lastex|la.tɛks
lasting|la.tiŋ
layetière|lɛ.tjɛʁ
lazzarone|ladzi.ʁɔn
lb|ɛl.be
lectotype|lɛk.tip
lepte|lɛp.kɔ̃t
lessivière|le.vjɛʁ
lestement|lɛst.mɑ̃
letchi|lɛ.tʃi
lignane|li.nan
lignarde|li.ɲaʁd
linalol|li.salɔl
linçoir|lɛ̃.swaʁ
litharge|li.ʃaʁʒ
lithiasique|li.zik
lithine|li.tin
lombostat|lɔ̃.ta
longuéenne|lɔ̃ɡ.ɛn
longévive|lɔ̃.viv
lonotriche|lɔ̃.tʁiʃ
loranthacée|lɔ.se
ludospace|ly.pas
ludwigia|ly.dʒja
lumachellique|ly.lik
lupercale|ly.kal
lutz|lyts
luxembourgophone|lyks.fɔn
lychnide|lik.nid
lycra|li.kʁa
lysergide|li.ʒid
lysosomiale|lis.mjal
lécithine|le.tin
macassar|ma.saʁ
maceron|mak.ʁɔ̃
macroscélide|mak.lid
madréporaire|ma.ʁɛʁ
maestoso|mal.zo
maghzen|ma.zɛn
mailing-list|maj.list
maillure|ma.jyʁ
malletière|ma.tjɛʁ
malmenage|mal.naʒ
maltôte|malt.kot
mandibulate|mɑ̃.lat
manuaire|mɑ̃.ɛʁ
margaille|maʁ.ɡaj
marteleuse|maʁ.løz
maugréante|mo.ɑ̃t
maurandie|mo.di
maïzena|ma.na
medecine-ball|me.bɑl
menthone|mɑ̃.fɔn
menuaille|mɑ̃.lə
metolachlore|mɛ.klɔʁ
meulage|mø.laʒ
mi-jambe|mi.ʒɑ̃b
millas|mi.ɑs
mimesis|mim.zis
minibus|mi.bys
minispace|mi.pas
minnesang|mi.sɑ̃
miquelet|mi.lɛ
mirabilis|miːɐ̯.lis
miracidium|mi.djɔm
missilière|mi.ljɛʁ
mobinaute|mɔb.not
moksha|mɔ.ʃa
monodromique|mɔ.mik
monostiche|mɔ.tiʃ
monoxène|mɔ̃.sɛn
monsignor|mə.nɔʁ
moringa|mɔ.ɡa
mornement|mɔʁn.mɑ̃
mouchetage|muʃ.taʒ
mouna|mu.na
moussage|mu.saʒ
moviola|mɔ.la
moyennable|mwa.nabl
muriate|my.ʁjat
museuse|myz.søz
myocyte|mjɔ.sit
myofasciite|mjɔ.it
myogramme|mjɔ.ɡʁam
myosis|mjɔ.zis
myrtaie|miʁ.tɛ
méandrine|me.dʁin
méjanage|me.naʒ
mélampyre|mel.piʁ
méligèthe|me.lit
mélioïdose|me.doz
mélongine|mel.ʒin
ménapienne|me.pjɛn
méphitisme|me.tism
mésadaptée|me.te
méthémoglobinémie|me.mi
mézail|me.aj
nahua|na.wa
nandrolone|nɑ̃.lɔn
nanite|na.nit
nargueuse|naʁ.ɡøz
nauplius|nɔ.ys
navrure|na.vʁyʁ
nervosisme|nɛʁ.zism
netiquette|nɛt.kɛt
nictitante|nik.tɑ̃t
niobate|njɔ.bat
niobite|njɔ.bit
niqueuse|ni.køz
noblaillonne|nɔ.jɔn
nobscuriter|nɔ.te
nominalement|nɔ̃.mɑ̃
non-droit|nɔ̃.dʁwa
noncer|nɔ̃.se
normoblaste|nɔʁ.blast
nunc|nynk
négrerie|ne.ʁi
nûment|ny.mɑ̃
obélie|ɔ.li
ofbizextra|ɛks.tʁa
ombrophile|ɔ̃.fil
oolitique|o.tik
orobe|ɔ.fɔb
osmotrophe|ɔs.tʁɔf
osso-buco|ɔ.ko
ostéichtyen|ɔs.jɛn
ostéocyte|ɔst.sit
ostéopontine|ɔs.tin
ourleuse|uʁ.løz
ourlienne|uʁ.ljɛn
outrigger|u.ɡe
ouvre-gants|uvʁə.ɡɑ̃
pace-maker|peɪs.kœʁ
pacfung|pa.tuŋ
pagodon|pa.dɔ̃
pailletage|pa.taʒ
paillet|pɑ.jɛ
palefrenière|pal.njɛʁ
panhypopituitarisme|ta.ʁism
panniculite|pa.lit
pantouflière|pɑ̃.ɛʁ
papaver|pa.ve
paqueteuse|pak.tøz
parabiose|paʁ.bjoz
parachutale|pa.tal
paramédic|pa.dik
parasélène|paʁ.lɛn
parfondre|paʁ.fɔ̃dʁ
parkinsonisme|paʁ.nism
parme|paʁ.fɔʁm
partoche|paʁ.tɔʃ
passacaille|pa.kɑj
passette|pa.sɛt
pataugeage|pat.ʒaʒ
pataugement|pat.mɑ̃
patentage|pa.taʒ
patres|pa.tʁɛs
paulienne|pɔ.ljɛn
peignures|pɛ.ɲyʁ
peinturlurage|pɛ̃.ʁaʒ
pemmican|e.kɑ̃
pemphigoïde|e.id
pentitol|pɛ̃.tɔl
pentosane|pɛ̃.zan
penty|pɛ̃.ti
perthite|pɛʁ.tit
pessière|si.sjɛʁ
pfft|pft
pfut|pfyt
phelloderme|fe.dɛʁm
photochromisme|fɔ.mism
phraseuse|fʁɑ.zøz
phrygane|fʁi.ɡan
phyllite|fi.lit
ph|p.aʃ
phénacétine|fe.tin
phéochromocytome|fe.tɔm
piccalilli|pi.ji
picklage|pi.laʒ
picris|pi.ʁi
pied-fort|pje.fɔʁ
pied-à-terre|pje.tɛʁ
pierrage|pjɛ.ʁaʒ
pimer|pɛ̃.mɛʁ
piochage|pjɔ.ʃaʒ
pipetage|pi.taʒ
piroguière|pi.ɡjɛʁ
pirole|pi.ʁɔl
piroplasmose|pi.plas
pissement|pis.mɑ̃
pizzaiolo|pid.lo
piétin|pje.tɛ̃
planipenne|plɑ̃.pɛn
planiste|pla.nist
planétésimale|plɑ̃.mal
play-list|plɛ.list
plecquer|plɛktʁ.ke
plissage|pli.saʒ
polluposteuse|pɔ.tøz
polyglobulie|pɔ.li
polypnée|pus.ne
porrection|pɔ.sjɔ̃
porte-barges|pɔʁt.baʁʒ
posément|pɔst.mɑ̃
potencée|pɔ.se
poteur|pɔ.tœʁ
potomètre|po.mɛtʁ
poya|pɔ.ja
praguoise|pʁaɡ.kwaz
priori|pʁi.ʁi
probénécide|pʁɔ.sid
procordé|pʁɔ.de
prodigalement|pʁɔ.mɑ̃
productique|pʁɔd.tik
profitante|pʁɔf.tɑ̃t
profundis|pʁɔ.di
propective|pʁɔ.tiv
propranolol|pʁɔ.lɔl
propylée|pʁɔ.le
propyne|pʁɔ.ʒin
prosobranche|pʁɔ.bʁɑ̃ʃ
prosopagnosique|pʁɔ.zik
provection|pʁɔ.sjɔ̃
prudhommale|pʁy.mal
prâkrit|pʁe.kʁit
préceinte|pʁe.sɛ̃t
préfab|pʁe.av
prémontrée|pʁe.tʁe
prétensionneur|pʁe.nœʁ
préteuse|pʁe.tøz
psammophyte|psal.fit
psilotum|psi.tɔm
psoralène|psɔ.lɛn
psoriasique|psɔ.zik
pudendale|py.dal
pullorose|pyl.ʁɔz
pulsomètre|pyl.mɛtʁ
puna|py.na
punkette|pœŋ.kɛt
pupaison|pu.zɔ̃
purgeur|pyʁ.ʒœʁ
push-pull|pyl
puérilisme|pɥe.lism
pyorrhée|pi.ʁe
pyothorax|tɔ.ʁaks
pyruvate|pi.vat
pyurie|pi.ʁi
pékan|pe.kɑ̃
péquenotte|pek.nɔt
pétrir|pe.tʁiʁ
qanat|ka.na
qbit|ky.bit
quadribande|kwad.bɑ̃d
quadrifide|kwad.fid
quadrivecteur|kwa.tœʁ
quaiche|ke.wɛʃ
quaterne|kwa.tɛʁn
quatre-mâts|katʁ.ma
queuillère|kø.jɛʁ
quillette|ki.jɛt
quilleuse|ki.jøz
quirite|ki.ʁit
rabibochage|ʁa.ʃaʒ
rabrouement|ʁa.mɑ̃
rabroueuse|ʁa.køz
racheteuse|ʁaʃ.tøz
radiculite|ʁad.lit
radiolarite|ʁa.ʁit
radique|ʁa.dik
radjah|ʁa.dʒa
radja|ʁa.dʒa
rafflésie|ʁa.zi
rag-time|ʁa.tim
raidement|ʁɛd.mɑ̃
rameter|ʁa.te
rangeuse|rɑ̃.ʒøz
rapiéçage|ʁa.saʒ
rassasiement|ʁa.mɑ̃
rattachisme|ʁa.ʃism
rauwolfia|ʁo.fja
rebmane|ʁə.man
recâblage|ʁə.blaʒ
refuznik|ʁə.nik
reginglard|ʁə.laʁ
regrèvement|ʁə.mɑ̃
rehausseur|ʁə.sœʁ
relampage|ʁə.paʒ
relevance|ʁəl.vɑ̃s
releveuse|ʁlə.vøz
reliage|ʁə.ljaʒ
rembuchement|ʁɑ̃.mɑ̃
remettante|ʁə.tɑ̃t
remisier|ʁə.zje
remmouleur|ʁɛm.lœʁ
renardière|ʁə.djɛʁ
renardée|ʁə.de
reniflage|ʁə.flaʒ
ressuyer|ʁɛ.je
retondre|ʁə.tɔ̃dʁ
revenant-bon|ʁə.bɔ̃
rhynchote|ʁɛ̃.ʃɔt
rhytidome|ʁi.dɔm
rickettsiose|ʁi.oz
ringardage|ʁiŋ.daʒ
risorius|ʁi.ys
rohart|ʁɔ.aʁ
rolandique|ʁɔ.dik
ronflette|ʁɔ̃.flɛt
rotruenge|ʁɔ.taʒ
rottweiller|ʁɔt.je
rotulage|ʁɔ.laʒ
rouennière|ʁu.njɛʁ
roufler|ʁufl.fle
rougaille|ru.ɡaj
rougir|ʁu.ʒiʁ
rouloir|ʁu.lwaʁ
rousselet|ʁus.lɛ
rouverain|ʁu.tʁɛ̃
rouverin|ʁu.ʁɛ̃
rufflette|ʁy.flɛt
ruinure|ʁɥi.nyʁ
runiforme|ʁy.fɔʁm
rutilement|ʁyt.mɑ̃
râtelage|ʁɑ.laʒ
rédemptoriste|ʁe.ʁist
réjecteur|ʁe.tœʁ
rélargir|ʁe.ʒiʁ
rémouleuse|ʁe.løz
rénitence|ʁe.tɑ̃s
sabéenne|sa.ɛn
sacredieu|sakʁ.djø
sahel|sa.kɛl
saisonnale|sɛ̃.nal
samboïste|sɑ̃.ist
sampot|sɑ̃.po
san-benito|sɑ̃.to
sandalière|sɑ̃.ljɛʁ
sanderling|sɑ̃.liŋ
saroual|sa.ʒwal
sassenage|sa.naʒ
saurin|so.ʁɛ̃
savart|sa.vaʁ
scheik|ʃɛk
schleichera|ʃlø.ʁa
schlittage|ʃli.taʒ
schlitteur|ʃli.tœʁ
schnouf|ʃnuf
scholie|skɔ.li
schorre|ʃɔʁ
schupo|ʃus.pus
schwarzienne|ʃwaʁ.zjɛn
scindage|sɛ̃.daʒ
scissile|sil
sclérifiante|skle.ɑ̃t
scoriacée|skɔʁ.se
scots|ɔʁ.kɔt
sea-line|sə.withoutA-Z
seigneuriage|ɲœ.ʁjaʒ
senescence|sə.sɑ̃s
septime|sɛp.tim
serlienne|sɛʁ.ljɛn
serpentement|sɛʁp.mɑ̃
sertraline|sɛʁ.lin
sesquialtère|sɛs.tɛʁ
shafiisme|ʃa.ism
shrapnell|ʃʁap.nɛl
shériff|ʃe.ʁif
sialique|sja.lik
sifflotante|si.tɑ̃t
silicagel|sil.ʒɛl
siliconose|sil.noz
simpliciale|sɛ̃.sjal
skarn|skɛt.baʁn
skons|skɔ̃s
slavisante|sla.zɑ̃t
smaragdine|sma.din
smilax|smi.laks
smillage|smi.jaʒ
smorrebrod|smɔʁ.bʁɔd
smurfeuse|smœʁ.føz
snowpark|sno.maʁk
soclage|sɔkl.klaʒ
soirer|swa.ʁe
sondagière|sɔ̃.ʒjɛʁ
sonotrode|sɔ.tʁɔd
sonrer|sɔ̃.ʁe
sophorose|sɔ.ʁɔz
sotch|sɔ.tʃe
soudière|su.djɛʁ
soufrière|su.ʁjɛʁ
sous-gouverneur|su.nœʁ
souvlaki|su.ki
soûlote|su.lɔt
spammeuse|spa.møz
sparganose|spaʁ.noz
spetsnaz|spɛts.naz
sphingosine|sfɛ̃ʒ.saɪn
spitz|spitz
splanchnopleure|splɑ̃k.plœʁ
spongille|spɔ̃.ʒil
squattage|skwa.taʒ
squirrhe|ski.siʁ
stagnance|staɡ.nɑ̃s
stanneuse|sta.nøz
stathoudérat|sta.ʁa
statokinésimètre|sta.mɛtʁ
statu|sta.ty
stayer|sta.je
steinbock|stɛʁ.bɔk
stelléride|stɛ.ʁid
stockeuse|stɔ.køz
stoûpa|stɔ.pa
stricto|stʁik.to
strongyle|stʁɔ̃ɡl.til
strongylose|stʁɔ̃ɡ.loz
stûpa|st.pa
subduire|syb.dɥiʁ
subéreuse|sy.ʁøz
suintine|sɥɛ̃.tin
sukkeler|sy.le
sulfhydrisme|syl.ʁism
sycone|sɛ̃.kɔn
sycosis|sɛ̃.zis
syncytiale|sɛ̃.sjal
syngnathe|sɛ̃.nat
synodique|si.dik
syntype|sɛ̃.tip
syrah|si.ʁa
syringomyélie|si.li
sèchement|sɛʃ.mɑ̃
sémitisme|se.tism
sénilisme|se.lism
t'il|til
tabar|ta.baʁ
tablar|ta.laʁ
tableautage|tɑbl.taʒ
tachisme|ta.ʃism
tachiste|ta.ʃist
tachistoscope|ta.kɔp
tagète|taɡ.ʒɛt
taijiquan|ta.ɑ̃
taiji|ta.ʒi
taleth|ta.lɛt
tallée|ta.le
talochage|ta.ʃaʒ
talure|ta.lyʁ
tamile|ta.majl
tararage|ta.ʁaʒ
tardillonne|taʁ.jɔn
tarpéienne|taʁ.jɛn
tarsienne|taʁ.sjɛn
tartinade|taʁ.nad
tarzan|taʁ.d͡zɑ̃
tassili|tɑ.li
tautochrone|to.kʁɔn
taxodium|tak.djɔm
taël|ta.ɛl
taïchichuan|taj.ɑ̃
taïchi|taj.ki
taôiste|ta.nist
tchadanthrope|tʃa.tʁɔp
tcharchaf|tʃaʁ.ʃaf
tchatteuse|tʃa.tøz
tchitola|tʃa.la
tchérémisse|tʃe.mis
tecker|tɛ.ke
tellière|te.ljɛʁ
tellureuse|tɛl.ʁøz
tembotrione|tɑ̃.ɔn
tempera|tɑ̃p.ʁa
tenson|tɑ̃.sɔ̃
teocali|tə.li
teocalli|tə.li
teppanyaki|tɛp.ki
tergite|tɛʁ.ʒit
terpine|tɛʁ.pin
terpinol|tɛʁ.nɔl
terraplane|tɛ.plan
tervueren|tɛʁ.ɑ̃
testable|tɛ.stabl
thalamus|ta.la
thari|ta.ʁi
thiocyanate|sja.nat
thirame|tɛ.ʁam
thlaspi|tɛʁ.spi
tholoi|to.lwa
thridace|tʁips.das
thriller|tʁips.je
thuyone|ty.jɔn
thyade|ti.jad
thylakoïde|t.id
thylle|ti.fil
thyllose|ti.loz
thyratron|ti.tʁɔ̃
th|te.aʃ
théridion|te.djɔ̃
thériodonte|te.dɔ̃t
théropode|te.pɔd
théropsidé|te.de
tiers-mondisme|tjɛʁ.dism
tigette|ti.ʒɛt
tillandsie|ti.zi
tistre|ti.mɛtʁ
toarcienne|tɔ.sjɛn
tokai|tɔ.kaj
tolu|tɔ.ly
tomawak|tɔ.wak
tommy|tɔ.mi
toquade|tɔ.nad
torah|tɔ.ʁa
torball|tɔʁ.bol
torchette|tɔʁ.ʃɛt
toreutique|tɔʁ.tik
tortis|tɔʁ.ti
tortricidé|tɔʁ.de
touarègue|tu.lɛɡ
toulonnaise|tu.nɛz
touselle|tu.sɛl
toussoteuse|tu.tøz
touvaine|tu.vɛn
trachéole|tʁak.ɔl
tractus|tʁak.tys
tradescantia|tʁa.sja
trad|tʁad
traitance|tʁɛ.tɑ̃s
tramadol|tʁa.dɔl
tramping|tʁɑ̃.piŋɡ
transect|tʁɑ̃s.pɛ
transenne|tʁɑ̃.sɛn
transhumante|tʁɑ̃s.mɑ̃t
transvestisme|tʁɑ̃s.tism
trappeuse|tʁa.pøz
trappistine|tʁa.tin
travelling|tʁa.liŋ
tremblotte|tʁɑ̃.lɔt
tremens|tʁɑ̃.mɛ̃s
trench|tʁɑ̃t.fʁɛntʃ
tresseuse|tʁɛ.søz
triallate|tʁia.lat
triamcinolone|tʁi.lɔn
tribart|tʁi.baʁ
triboulet|tʁi.lɛ
trichroïsme|tʁ.ism
tricouni|tʁi.ni
trimballement|tʁɛ̃.mɑ̃
trimurti|tʁi.ti
trinervée|tʁin.ve
trinquart|tʁɛ̃.kaʁ
tripang|tʁi.pɑ̃
tripodie|tʁi.di
trochet|tʁɔ.ʃɛ
trochin|tʁɔ.ʃɛ̃
truandaille|tʁy.dɑj
truble|tʁy.lybl
trudgeon|tʁy.ʒɔ̃
trullo|tʁy.lo
trypsine|tʁi.saɪn
tréhalase|tʁe.laz
trélingage|tʁe.ɡaʒ
tuberculide|tyb.lid
tubicole|ty.kɔl
tubipore|ty.pɔʁ
tubuleuse|tyby.løz
tularémie|ty.mi
tupinambis|tu.bi
turbellarié|tyʁb.tje
turbith|tyʁ.aʃ
turnep|tœʁ.nɛp
turonienne|tyʁ.njɛn
turquette|tyʁ.kɛt
turritelle|tyʁ.tɛl
tutsie|ty.tsi
tutti|ty.ti
télolécithe|te.sit
télécoms|tele.kom
téphra|te.ʁa
tûter|ty.te
umbanda|œ̃bo.da
uva-ursi|y.si
vacuomètre|va.mɛtʁ
vaguement|vaɡ.mɑ̃
valgus|val.ɡys
varheure|vaʁ.œʁ
variqueuse|va.køz
variure|va.jyʁ
varus|va.ʁys
veinette|vɛ.nɛt
velvote|və.vɔt
vergetière|vɛʁ.tjɛʁ
verviétoise|vɛʁ.twaz
vespiste|vɛs.pist
vessigon|ve.ɡɔ̃
veuglaire|vœ.ɡleʁ
vide-bouteilles|vid.tɛj
vidoir|vi.dwaʁ
vidure|vi.dyʁ
vielliste|vjɛ.list
vignot|vi.no
vigousse|vi.ɡus
vilement|vil.mɑ̃
vilipendage|vi.daʒ
vilipendeuse|vi.døz
vinblastine|vɛ̃.tin
viride|vi.ʁid
virtuosisme|viʁ.zism
viseuse|vi.søz
vitam|vi.tam
vivement|viv.mɑ̃
vivendi|viv.di
vivoir|vi.vwaʁ
vogelpik|vɔ.pik
voilement|vwal.mɑ̃
vomito|vɔ.to
vomérienne|vɔ.ʁjɛn
vousseau|vu.so
vouvray|vu.vʁɛ
vox|vɔks
voïvode|vɔj.ɔd
vrillement|vʁij.mɑ̃
vuvuzela|vy.la
vécés|ve.se
vérétille|ve.tij
wargame|va.ɡam
watergang|wa.ɡaŋ
wateringue|wa.ʁɛ̃ɡ
weyr|wɛiʁ
willémite|wi.mit
wurtzite|vuʁ.tsit
xanthogénate|ɡzɑ̃.nat
ximenia|ksi.nja
xiphias|ksi.ɑs
xénotransplantation|ta.sjɔ̃
ylangs-ylangs|i.tɑ̃
yoyette|jɔ.jɛt
yuppie|jy.pi
zakât|za.mɑ̃
zazoue|za.zou
zeitnot|zɛt.not
zoanthaire|zo.ɛʁ
zonoèdre|zo.ɛdʁ
zygopetalum|zi.lɔm
zûner|zy.ne
écharneuse|e.nøz
échevèlement|e.mɑ̃
éclogite|e.ʒit
énarquienne|e.kjɛn
épaississeur|e.sœʁ
